[0.020s] Invoking command in '/home/qiu/Desktop/ros2_stm32_ws/build/sllidar_ros2': /usr/bin/cmake --build /home/qiu/Desktop/ros2_stm32_ws/build/sllidar_ros2 -- -j16 -l16
[0.063s] [35m[1mConsolidate compiler generated dependencies of target sllidar_client[0m
[0.067s] [35m[1mConsolidate compiler generated dependencies of target sllidar_node[0m
[0.089s] [ 10%] Built target sllidar_client
[0.105s] [100%] Built target sllidar_node
[0.193s] Invoked command in '/home/qiu/Desktop/ros2_stm32_ws/build/sllidar_ros2' returned '0': /usr/bin/cmake --build /home/qiu/Desktop/ros2_stm32_ws/build/sllidar_ros2 -- -j16 -l16
[0.203s] Invoking command in '/home/qiu/Desktop/ros2_stm32_ws/build/sllidar_ros2': /usr/bin/cmake --install /home/qiu/Desktop/ros2_stm32_ws/build/sllidar_ros2
[0.209s] -- Install configuration: ""
[0.210s] -- Up-to-date: /home/qiu/Desktop/ros2_stm32_ws/install/sllidar_ros2/share/sllidar_ros2/launch
[0.213s] -- Up-to-date: /home/qiu/Desktop/ros2_stm32_ws/install/sllidar_ros2/share/sllidar_ros2/launch/sllidar_s2_launch.py
[0.213s] -- Up-to-date: /home/qiu/Desktop/ros2_stm32_ws/install/sllidar_ros2/share/sllidar_ros2/launch/view_sllidar_s2_launch.py
[0.214s] -- Up-to-date: /home/qiu/Desktop/ros2_stm32_ws/install/sllidar_ros2/share/sllidar_ros2/rviz
[0.214s] -- Up-to-date: /home/qiu/Desktop/ros2_stm32_ws/install/sllidar_ros2/share/sllidar_ros2/rviz/sllidar_ros2.rviz
[0.214s] -- Up-to-date: /home/qiu/Desktop/ros2_stm32_ws/install/sllidar_ros2/lib/sllidar_ros2/sllidar_node
[0.214s] -- Up-to-date: /home/qiu/Desktop/ros2_stm32_ws/install/sllidar_ros2/lib/sllidar_ros2/sllidar_client
[0.215s] -- Up-to-date: /home/qiu/Desktop/ros2_stm32_ws/install/sllidar_ros2/share/ament_index/resource_index/package_run_dependencies/sllidar_ros2
[0.215s] -- Up-to-date: /home/qiu/Desktop/ros2_stm32_ws/install/sllidar_ros2/share/ament_index/resource_index/parent_prefix_path/sllidar_ros2
[0.215s] -- Up-to-date: /home/qiu/Desktop/ros2_stm32_ws/install/sllidar_ros2/share/sllidar_ros2/environment/ament_prefix_path.sh
[0.215s] -- Up-to-date: /home/qiu/Desktop/ros2_stm32_ws/install/sllidar_ros2/share/sllidar_ros2/environment/ament_prefix_path.dsv
[0.215s] -- Up-to-date: /home/qiu/Desktop/ros2_stm32_ws/install/sllidar_ros2/share/sllidar_ros2/environment/path.sh
[0.215s] -- Up-to-date: /home/qiu/Desktop/ros2_stm32_ws/install/sllidar_ros2/share/sllidar_ros2/environment/path.dsv
[0.215s] -- Up-to-date: /home/qiu/Desktop/ros2_stm32_ws/install/sllidar_ros2/share/sllidar_ros2/local_setup.bash
[0.215s] -- Up-to-date: /home/qiu/Desktop/ros2_stm32_ws/install/sllidar_ros2/share/sllidar_ros2/local_setup.sh
[0.215s] -- Up-to-date: /home/qiu/Desktop/ros2_stm32_ws/install/sllidar_ros2/share/sllidar_ros2/local_setup.zsh
[0.216s] -- Up-to-date: /home/qiu/Desktop/ros2_stm32_ws/install/sllidar_ros2/share/sllidar_ros2/local_setup.dsv
[0.216s] -- Installing: /home/qiu/Desktop/ros2_stm32_ws/install/sllidar_ros2/share/sllidar_ros2/package.dsv
[0.216s] -- Up-to-date: /home/qiu/Desktop/ros2_stm32_ws/install/sllidar_ros2/share/ament_index/resource_index/packages/sllidar_ros2
[0.216s] -- Up-to-date: /home/qiu/Desktop/ros2_stm32_ws/install/sllidar_ros2/share/sllidar_ros2/cmake/ament_cmake_export_dependencies-extras.cmake
[0.216s] -- Up-to-date: /home/qiu/Desktop/ros2_stm32_ws/install/sllidar_ros2/share/sllidar_ros2/cmake/ament_cmake_export_include_directories-extras.cmake
[0.216s] -- Up-to-date: /home/qiu/Desktop/ros2_stm32_ws/install/sllidar_ros2/share/sllidar_ros2/cmake/sllidar_ros2Config.cmake
[0.216s] -- Up-to-date: /home/qiu/Desktop/ros2_stm32_ws/install/sllidar_ros2/share/sllidar_ros2/cmake/sllidar_ros2Config-version.cmake
[0.217s] -- Up-to-date: /home/qiu/Desktop/ros2_stm32_ws/install/sllidar_ros2/share/sllidar_ros2/package.xml
[0.219s] Invoked command in '/home/qiu/Desktop/ros2_stm32_ws/build/sllidar_ros2' returned '0': /usr/bin/cmake --install /home/qiu/Desktop/ros2_stm32_ws/build/sllidar_ros2
