[0.392s] Invoking command in '/home/qiu/Desktop/ros2_stm32_ws/build/asr_bridge': PYTHONPATH=/home/qiu/Desktop/ros2_stm32_ws/build/asr_bridge/prefix_override:/usr/lib/python3/dist-packages/colcon_core/task/python/colcon_distutils_commands:/home/qiu/Desktop/ros2_stm32_ws/install/asr_bridge/lib/python3.10/site-packages:${PYTHONPATH} /usr/bin/python3 -W ignore:setup.py install is deprecated -W ignore:easy_install command is deprecated setup.py develop --editable --build-directory /home/qiu/Desktop/ros2_stm32_ws/build/asr_bridge/build --no-deps symlink_data
[0.525s] running develop
[0.598s] running egg_info
[0.598s] creating asr_bridge.egg-info
[0.598s] writing asr_bridge.egg-info/PKG-INFO
[0.598s] writing dependency_links to asr_bridge.egg-info/dependency_links.txt
[0.598s] writing entry points to asr_bridge.egg-info/entry_points.txt
[0.598s] writing requirements to asr_bridge.egg-info/requires.txt
[0.598s] writing top-level names to asr_bridge.egg-info/top_level.txt
[0.599s] writing manifest file 'asr_bridge.egg-info/SOURCES.txt'
[0.599s] reading manifest file 'asr_bridge.egg-info/SOURCES.txt'
[0.599s] writing manifest file 'asr_bridge.egg-info/SOURCES.txt'
[0.600s] running build_ext
[0.600s] Creating /home/qiu/Desktop/ros2_stm32_ws/install/asr_bridge/lib/python3.10/site-packages/asr-bridge.egg-link (link to .)
[0.601s] Installing asr_bridge script to /home/qiu/Desktop/ros2_stm32_ws/install/asr_bridge/lib/asr_bridge
[0.601s] 
[0.601s] Installed /home/qiu/Desktop/ros2_stm32_ws/build/asr_bridge
[0.601s] running symlink_data
[0.601s] creating /home/qiu/Desktop/ros2_stm32_ws/install/asr_bridge/share/ament_index
[0.601s] creating /home/qiu/Desktop/ros2_stm32_ws/install/asr_bridge/share/ament_index/resource_index
[0.601s] creating /home/qiu/Desktop/ros2_stm32_ws/install/asr_bridge/share/ament_index/resource_index/packages
[0.601s] symbolically linking /home/qiu/Desktop/ros2_stm32_ws/build/asr_bridge/resource/asr_bridge -> /home/qiu/Desktop/ros2_stm32_ws/install/asr_bridge/share/ament_index/resource_index/packages
[0.601s] symbolically linking /home/qiu/Desktop/ros2_stm32_ws/build/asr_bridge/package.xml -> /home/qiu/Desktop/ros2_stm32_ws/install/asr_bridge/share/asr_bridge
[0.601s] creating /home/qiu/Desktop/ros2_stm32_ws/install/asr_bridge/share/asr_bridge/config
[0.601s] symbolically linking /home/qiu/Desktop/ros2_stm32_ws/build/asr_bridge/config/commands.yaml -> /home/qiu/Desktop/ros2_stm32_ws/install/asr_bridge/share/asr_bridge/config
[0.601s] creating /home/qiu/Desktop/ros2_stm32_ws/install/asr_bridge/share/asr_bridge/launch
[0.601s] symbolically linking /home/qiu/Desktop/ros2_stm32_ws/build/asr_bridge/launch/asr_bridge.launch.py -> /home/qiu/Desktop/ros2_stm32_ws/install/asr_bridge/share/asr_bridge/launch
[0.620s] Invoked command in '/home/qiu/Desktop/ros2_stm32_ws/build/asr_bridge' returned '0': PYTHONPATH=/home/qiu/Desktop/ros2_stm32_ws/build/asr_bridge/prefix_override:/usr/lib/python3/dist-packages/colcon_core/task/python/colcon_distutils_commands:/home/qiu/Desktop/ros2_stm32_ws/install/asr_bridge/lib/python3.10/site-packages:${PYTHONPATH} /usr/bin/python3 -W ignore:setup.py install is deprecated -W ignore:easy_install command is deprecated setup.py develop --editable --build-directory /home/qiu/Desktop/ros2_stm32_ws/build/asr_bridge/build --no-deps symlink_data
