[0.084s] DEBUG:colcon:Command line arguments: ['/usr/bin/colcon', 'build']
[0.084s] DEBUG:colcon:Parsed command line arguments: Namespace(log_base=None, log_level=None, verb_name='build', build_base='build', install_base='install', merge_install=False, symlink_install=False, test_result_base=None, continue_on_error=False, executor='parallel', parallel_workers=16, event_handlers=None, ignore_user_meta=False, metas=['./colcon.meta'], base_paths=['.'], packages_ignore=None, packages_ignore_regex=None, paths=None, packages_up_to=None, packages_up_to_regex=None, packages_above=None, packages_above_and_dependencies=None, packages_above_depth=None, packages_select_by_dep=None, packages_skip_by_dep=None, packages_skip_up_to=None, packages_select_build_failed=False, packages_skip_build_finished=False, packages_select_test_failures=False, packages_skip_test_passed=False, packages_select=None, packages_skip=None, packages_select_regex=None, packages_skip_regex=None, packages_start=None, packages_end=None, allow_overriding=[], cmake_args=None, cmake_target=None, cmake_target_skip_unavailable=False, cmake_clean_cache=False, cmake_clean_first=False, cmake_force_configure=False, ament_cmake_args=None, catkin_cmake_args=None, catkin_skip_building_tests=False, verb_parser=<colcon_defaults.argument_parser.defaults.DefaultArgumentsDecorator object at 0x71ab32958250>, verb_extension=<colcon_core.verb.build.BuildVerb object at 0x71ab329233d0>, main=<bound method BuildVerb.main of <colcon_core.verb.build.BuildVerb object at 0x71ab329233d0>>)
[0.221s] Level 1:colcon.colcon_core.package_discovery:discover_packages(colcon_meta) check parameters
[0.221s] Level 1:colcon.colcon_core.package_discovery:discover_packages(recursive) check parameters
[0.221s] Level 1:colcon.colcon_core.package_discovery:discover_packages(ignore) check parameters
[0.221s] Level 1:colcon.colcon_core.package_discovery:discover_packages(path) check parameters
[0.221s] Level 1:colcon.colcon_core.package_discovery:discover_packages(colcon_meta) discover
[0.221s] Level 1:colcon.colcon_core.package_discovery:discover_packages(recursive) discover
[0.221s] INFO:colcon.colcon_core.package_discovery:Crawling recursively for packages in '/home/qiu/Desktop/ros2_stm32_ws'
[0.221s] Level 1:colcon.colcon_core.package_identification:_identify(.) by extensions ['ignore', 'ignore_ament_install']
[0.221s] Level 1:colcon.colcon_core.package_identification:_identify(.) by extension 'ignore'
[0.221s] Level 1:colcon.colcon_core.package_identification:_identify(.) by extension 'ignore_ament_install'
[0.221s] Level 1:colcon.colcon_core.package_identification:_identify(.) by extensions ['colcon_pkg']
[0.221s] Level 1:colcon.colcon_core.package_identification:_identify(.) by extension 'colcon_pkg'
[0.221s] Level 1:colcon.colcon_core.package_identification:_identify(.) by extensions ['colcon_meta']
[0.221s] Level 1:colcon.colcon_core.package_identification:_identify(.) by extension 'colcon_meta'
[0.221s] Level 1:colcon.colcon_core.package_identification:_identify(.) by extensions ['ros']
[0.221s] Level 1:colcon.colcon_core.package_identification:_identify(.) by extension 'ros'
[0.250s] Level 1:colcon.colcon_core.package_identification:_identify(.) by extensions ['cmake', 'python']
[0.250s] Level 1:colcon.colcon_core.package_identification:_identify(.) by extension 'cmake'
[0.251s] Level 1:colcon.colcon_core.package_identification:_identify(.) by extension 'python'
[0.251s] Level 1:colcon.colcon_core.package_identification:_identify(.) by extensions ['python_setup_py']
[0.251s] Level 1:colcon.colcon_core.package_identification:_identify(.) by extension 'python_setup_py'
[0.251s] Level 1:colcon.colcon_core.package_identification:_identify(build) by extensions ['ignore', 'ignore_ament_install']
[0.251s] Level 1:colcon.colcon_core.package_identification:_identify(build) by extension 'ignore'
[0.251s] Level 1:colcon.colcon_core.package_identification:_identify(build) ignored
[0.251s] Level 1:colcon.colcon_core.package_identification:_identify(install) by extensions ['ignore', 'ignore_ament_install']
[0.251s] Level 1:colcon.colcon_core.package_identification:_identify(install) by extension 'ignore'
[0.251s] Level 1:colcon.colcon_core.package_identification:_identify(install) ignored
[0.251s] Level 1:colcon.colcon_core.package_identification:_identify(log) by extensions ['ignore', 'ignore_ament_install']
[0.251s] Level 1:colcon.colcon_core.package_identification:_identify(log) by extension 'ignore'
[0.251s] Level 1:colcon.colcon_core.package_identification:_identify(log) ignored
[0.251s] Level 1:colcon.colcon_core.package_identification:_identify(src) by extensions ['ignore', 'ignore_ament_install']
[0.251s] Level 1:colcon.colcon_core.package_identification:_identify(src) by extension 'ignore'
[0.251s] Level 1:colcon.colcon_core.package_identification:_identify(src) by extension 'ignore_ament_install'
[0.251s] Level 1:colcon.colcon_core.package_identification:_identify(src) by extensions ['colcon_pkg']
[0.251s] Level 1:colcon.colcon_core.package_identification:_identify(src) by extension 'colcon_pkg'
[0.251s] Level 1:colcon.colcon_core.package_identification:_identify(src) by extensions ['colcon_meta']
[0.251s] Level 1:colcon.colcon_core.package_identification:_identify(src) by extension 'colcon_meta'
[0.251s] Level 1:colcon.colcon_core.package_identification:_identify(src) by extensions ['ros']
[0.251s] Level 1:colcon.colcon_core.package_identification:_identify(src) by extension 'ros'
[0.251s] Level 1:colcon.colcon_core.package_identification:_identify(src) by extensions ['cmake', 'python']
[0.251s] Level 1:colcon.colcon_core.package_identification:_identify(src) by extension 'cmake'
[0.251s] Level 1:colcon.colcon_core.package_identification:_identify(src) by extension 'python'
[0.252s] Level 1:colcon.colcon_core.package_identification:_identify(src) by extensions ['python_setup_py']
[0.252s] Level 1:colcon.colcon_core.package_identification:_identify(src) by extension 'python_setup_py'
[0.252s] Level 1:colcon.colcon_core.package_identification:_identify(src/build) by extensions ['ignore', 'ignore_ament_install']
[0.252s] Level 1:colcon.colcon_core.package_identification:_identify(src/build) by extension 'ignore'
[0.252s] Level 1:colcon.colcon_core.package_identification:_identify(src/build) ignored
[0.252s] Level 1:colcon.colcon_core.package_identification:_identify(src/imu_tf_broadcaster) by extensions ['ignore', 'ignore_ament_install']
[0.252s] Level 1:colcon.colcon_core.package_identification:_identify(src/imu_tf_broadcaster) by extension 'ignore'
[0.252s] Level 1:colcon.colcon_core.package_identification:_identify(src/imu_tf_broadcaster) by extension 'ignore_ament_install'
[0.252s] Level 1:colcon.colcon_core.package_identification:_identify(src/imu_tf_broadcaster) by extensions ['colcon_pkg']
[0.252s] Level 1:colcon.colcon_core.package_identification:_identify(src/imu_tf_broadcaster) by extension 'colcon_pkg'
[0.252s] Level 1:colcon.colcon_core.package_identification:_identify(src/imu_tf_broadcaster) by extensions ['colcon_meta']
[0.252s] Level 1:colcon.colcon_core.package_identification:_identify(src/imu_tf_broadcaster) by extension 'colcon_meta'
[0.252s] Level 1:colcon.colcon_core.package_identification:_identify(src/imu_tf_broadcaster) by extensions ['ros']
[0.252s] Level 1:colcon.colcon_core.package_identification:_identify(src/imu_tf_broadcaster) by extension 'ros'
[0.254s] DEBUG:colcon.colcon_core.package_identification:Package 'src/imu_tf_broadcaster' with type 'ros.ament_python' and name 'imu_tf_broadcaster'
[0.254s] Level 1:colcon.colcon_core.package_identification:_identify(src/install) by extensions ['ignore', 'ignore_ament_install']
[0.254s] Level 1:colcon.colcon_core.package_identification:_identify(src/install) by extension 'ignore'
[0.254s] Level 1:colcon.colcon_core.package_identification:_identify(src/install) ignored
[0.254s] Level 1:colcon.colcon_core.package_identification:_identify(src/log) by extensions ['ignore', 'ignore_ament_install']
[0.254s] Level 1:colcon.colcon_core.package_identification:_identify(src/log) by extension 'ignore'
[0.254s] Level 1:colcon.colcon_core.package_identification:_identify(src/log) ignored
[0.254s] Level 1:colcon.colcon_core.package_identification:_identify(src/serial_ros2) by extensions ['ignore', 'ignore_ament_install']
[0.254s] Level 1:colcon.colcon_core.package_identification:_identify(src/serial_ros2) by extension 'ignore'
[0.254s] Level 1:colcon.colcon_core.package_identification:_identify(src/serial_ros2) by extension 'ignore_ament_install'
[0.254s] Level 1:colcon.colcon_core.package_identification:_identify(src/serial_ros2) by extensions ['colcon_pkg']
[0.254s] Level 1:colcon.colcon_core.package_identification:_identify(src/serial_ros2) by extension 'colcon_pkg'
[0.254s] Level 1:colcon.colcon_core.package_identification:_identify(src/serial_ros2) by extensions ['colcon_meta']
[0.254s] Level 1:colcon.colcon_core.package_identification:_identify(src/serial_ros2) by extension 'colcon_meta'
[0.254s] Level 1:colcon.colcon_core.package_identification:_identify(src/serial_ros2) by extensions ['ros']
[0.254s] Level 1:colcon.colcon_core.package_identification:_identify(src/serial_ros2) by extension 'ros'
[0.255s] DEBUG:colcon.colcon_core.package_identification:Package 'src/serial_ros2' with type 'ros.ament_cmake' and name 'serial'
[0.255s] Level 1:colcon.colcon_core.package_identification:_identify(src/sllidar_ros2) by extensions ['ignore', 'ignore_ament_install']
[0.255s] Level 1:colcon.colcon_core.package_identification:_identify(src/sllidar_ros2) by extension 'ignore'
[0.255s] Level 1:colcon.colcon_core.package_identification:_identify(src/sllidar_ros2) by extension 'ignore_ament_install'
[0.255s] Level 1:colcon.colcon_core.package_identification:_identify(src/sllidar_ros2) by extensions ['colcon_pkg']
[0.255s] Level 1:colcon.colcon_core.package_identification:_identify(src/sllidar_ros2) by extension 'colcon_pkg'
[0.255s] Level 1:colcon.colcon_core.package_identification:_identify(src/sllidar_ros2) by extensions ['colcon_meta']
[0.255s] Level 1:colcon.colcon_core.package_identification:_identify(src/sllidar_ros2) by extension 'colcon_meta'
[0.255s] Level 1:colcon.colcon_core.package_identification:_identify(src/sllidar_ros2) by extensions ['ros']
[0.255s] Level 1:colcon.colcon_core.package_identification:_identify(src/sllidar_ros2) by extension 'ros'
[0.256s] DEBUG:colcon.colcon_core.package_identification:Package 'src/sllidar_ros2' with type 'ros.ament_cmake' and name 'sllidar_ros2'
[0.256s] Level 1:colcon.colcon_core.package_identification:_identify(src/stm32_nav_bringup) by extensions ['ignore', 'ignore_ament_install']
[0.256s] Level 1:colcon.colcon_core.package_identification:_identify(src/stm32_nav_bringup) by extension 'ignore'
[0.256s] Level 1:colcon.colcon_core.package_identification:_identify(src/stm32_nav_bringup) by extension 'ignore_ament_install'
[0.256s] Level 1:colcon.colcon_core.package_identification:_identify(src/stm32_nav_bringup) by extensions ['colcon_pkg']
[0.256s] Level 1:colcon.colcon_core.package_identification:_identify(src/stm32_nav_bringup) by extension 'colcon_pkg'
[0.256s] Level 1:colcon.colcon_core.package_identification:_identify(src/stm32_nav_bringup) by extensions ['colcon_meta']
[0.256s] Level 1:colcon.colcon_core.package_identification:_identify(src/stm32_nav_bringup) by extension 'colcon_meta'
[0.256s] Level 1:colcon.colcon_core.package_identification:_identify(src/stm32_nav_bringup) by extensions ['ros']
[0.256s] Level 1:colcon.colcon_core.package_identification:_identify(src/stm32_nav_bringup) by extension 'ros'
[0.256s] DEBUG:colcon.colcon_core.package_identification:Package 'src/stm32_nav_bringup' with type 'ros.ament_cmake' and name 'stm32_nav_bringup'
[0.256s] Level 1:colcon.colcon_core.package_identification:_identify(src/stm32_nav_comm) by extensions ['ignore', 'ignore_ament_install']
[0.256s] Level 1:colcon.colcon_core.package_identification:_identify(src/stm32_nav_comm) by extension 'ignore'
[0.256s] Level 1:colcon.colcon_core.package_identification:_identify(src/stm32_nav_comm) by extension 'ignore_ament_install'
[0.256s] Level 1:colcon.colcon_core.package_identification:_identify(src/stm32_nav_comm) by extensions ['colcon_pkg']
[0.256s] Level 1:colcon.colcon_core.package_identification:_identify(src/stm32_nav_comm) by extension 'colcon_pkg'
[0.256s] Level 1:colcon.colcon_core.package_identification:_identify(src/stm32_nav_comm) by extensions ['colcon_meta']
[0.256s] Level 1:colcon.colcon_core.package_identification:_identify(src/stm32_nav_comm) by extension 'colcon_meta'
[0.256s] Level 1:colcon.colcon_core.package_identification:_identify(src/stm32_nav_comm) by extensions ['ros']
[0.257s] Level 1:colcon.colcon_core.package_identification:_identify(src/stm32_nav_comm) by extension 'ros'
[0.257s] DEBUG:colcon.colcon_core.package_identification:Package 'src/stm32_nav_comm' with type 'ros.ament_cmake' and name 'stm32_nav_comm'
[0.257s] Level 1:colcon.colcon_core.package_identification:_identify(src/yesense_ros2) by extensions ['ignore', 'ignore_ament_install']
[0.257s] Level 1:colcon.colcon_core.package_identification:_identify(src/yesense_ros2) by extension 'ignore'
[0.257s] Level 1:colcon.colcon_core.package_identification:_identify(src/yesense_ros2) by extension 'ignore_ament_install'
[0.257s] Level 1:colcon.colcon_core.package_identification:_identify(src/yesense_ros2) by extensions ['colcon_pkg']
[0.257s] Level 1:colcon.colcon_core.package_identification:_identify(src/yesense_ros2) by extension 'colcon_pkg'
[0.257s] Level 1:colcon.colcon_core.package_identification:_identify(src/yesense_ros2) by extensions ['colcon_meta']
[0.257s] Level 1:colcon.colcon_core.package_identification:_identify(src/yesense_ros2) by extension 'colcon_meta'
[0.257s] Level 1:colcon.colcon_core.package_identification:_identify(src/yesense_ros2) by extensions ['ros']
[0.257s] Level 1:colcon.colcon_core.package_identification:_identify(src/yesense_ros2) by extension 'ros'
[0.257s] Level 1:colcon.colcon_core.package_identification:_identify(src/yesense_ros2) by extensions ['cmake', 'python']
[0.257s] Level 1:colcon.colcon_core.package_identification:_identify(src/yesense_ros2) by extension 'cmake'
[0.257s] Level 1:colcon.colcon_core.package_identification:_identify(src/yesense_ros2) by extension 'python'
[0.257s] Level 1:colcon.colcon_core.package_identification:_identify(src/yesense_ros2) by extensions ['python_setup_py']
[0.257s] Level 1:colcon.colcon_core.package_identification:_identify(src/yesense_ros2) by extension 'python_setup_py'
[0.258s] Level 1:colcon.colcon_core.package_identification:_identify(src/yesense_ros2/yesense_interface) by extensions ['ignore', 'ignore_ament_install']
[0.258s] Level 1:colcon.colcon_core.package_identification:_identify(src/yesense_ros2/yesense_interface) by extension 'ignore'
[0.258s] Level 1:colcon.colcon_core.package_identification:_identify(src/yesense_ros2/yesense_interface) by extension 'ignore_ament_install'
[0.258s] Level 1:colcon.colcon_core.package_identification:_identify(src/yesense_ros2/yesense_interface) by extensions ['colcon_pkg']
[0.258s] Level 1:colcon.colcon_core.package_identification:_identify(src/yesense_ros2/yesense_interface) by extension 'colcon_pkg'
[0.258s] Level 1:colcon.colcon_core.package_identification:_identify(src/yesense_ros2/yesense_interface) by extensions ['colcon_meta']
[0.258s] Level 1:colcon.colcon_core.package_identification:_identify(src/yesense_ros2/yesense_interface) by extension 'colcon_meta'
[0.258s] Level 1:colcon.colcon_core.package_identification:_identify(src/yesense_ros2/yesense_interface) by extensions ['ros']
[0.258s] Level 1:colcon.colcon_core.package_identification:_identify(src/yesense_ros2/yesense_interface) by extension 'ros'
[0.258s] DEBUG:colcon.colcon_core.package_identification:Package 'src/yesense_ros2/yesense_interface' with type 'ros.ament_cmake' and name 'yesense_interface'
[0.258s] Level 1:colcon.colcon_core.package_identification:_identify(src/yesense_ros2/yesense_std_ros2) by extensions ['ignore', 'ignore_ament_install']
[0.258s] Level 1:colcon.colcon_core.package_identification:_identify(src/yesense_ros2/yesense_std_ros2) by extension 'ignore'
[0.258s] Level 1:colcon.colcon_core.package_identification:_identify(src/yesense_ros2/yesense_std_ros2) by extension 'ignore_ament_install'
[0.258s] Level 1:colcon.colcon_core.package_identification:_identify(src/yesense_ros2/yesense_std_ros2) by extensions ['colcon_pkg']
[0.258s] Level 1:colcon.colcon_core.package_identification:_identify(src/yesense_ros2/yesense_std_ros2) by extension 'colcon_pkg'
[0.258s] Level 1:colcon.colcon_core.package_identification:_identify(src/yesense_ros2/yesense_std_ros2) by extensions ['colcon_meta']
[0.258s] Level 1:colcon.colcon_core.package_identification:_identify(src/yesense_ros2/yesense_std_ros2) by extension 'colcon_meta'
[0.258s] Level 1:colcon.colcon_core.package_identification:_identify(src/yesense_ros2/yesense_std_ros2) by extensions ['ros']
[0.258s] Level 1:colcon.colcon_core.package_identification:_identify(src/yesense_ros2/yesense_std_ros2) by extension 'ros'
[0.259s] DEBUG:colcon.colcon_core.package_identification:Package 'src/yesense_ros2/yesense_std_ros2' with type 'ros.ament_cmake' and name 'yesense_std_ros2'
[0.259s] Level 1:colcon.colcon_core.package_discovery:discover_packages(recursive) using defaults
[0.259s] Level 1:colcon.colcon_core.package_discovery:discover_packages(ignore) discover
[0.259s] Level 1:colcon.colcon_core.package_discovery:discover_packages(ignore) using defaults
[0.259s] Level 1:colcon.colcon_core.package_discovery:discover_packages(path) discover
[0.259s] Level 1:colcon.colcon_core.package_discovery:discover_packages(path) using defaults
[0.276s] Level 1:colcon.colcon_core.package_discovery:discover_packages(prefix_path) check parameters
[0.276s] Level 1:colcon.colcon_core.package_discovery:discover_packages(prefix_path) discover
[0.278s] DEBUG:colcon.colcon_installed_package_information.package_discovery:Found 387 installed packages in /opt/ros/humble
[0.280s] Level 1:colcon.colcon_core.package_discovery:discover_packages(prefix_path) using defaults
[0.304s] Level 5:colcon.colcon_core.verb:set package 'imu_tf_broadcaster' build argument 'cmake_args' from command line to 'None'
[0.304s] Level 5:colcon.colcon_core.verb:set package 'imu_tf_broadcaster' build argument 'cmake_target' from command line to 'None'
[0.304s] Level 5:colcon.colcon_core.verb:set package 'imu_tf_broadcaster' build argument 'cmake_target_skip_unavailable' from command line to 'False'
[0.304s] Level 5:colcon.colcon_core.verb:set package 'imu_tf_broadcaster' build argument 'cmake_clean_cache' from command line to 'False'
[0.304s] Level 5:colcon.colcon_core.verb:set package 'imu_tf_broadcaster' build argument 'cmake_clean_first' from command line to 'False'
[0.304s] Level 5:colcon.colcon_core.verb:set package 'imu_tf_broadcaster' build argument 'cmake_force_configure' from command line to 'False'
[0.304s] Level 5:colcon.colcon_core.verb:set package 'imu_tf_broadcaster' build argument 'ament_cmake_args' from command line to 'None'
[0.304s] Level 5:colcon.colcon_core.verb:set package 'imu_tf_broadcaster' build argument 'catkin_cmake_args' from command line to 'None'
[0.304s] Level 5:colcon.colcon_core.verb:set package 'imu_tf_broadcaster' build argument 'catkin_skip_building_tests' from command line to 'False'
[0.304s] DEBUG:colcon.colcon_core.verb:Building package 'imu_tf_broadcaster' with the following arguments: {'ament_cmake_args': None, 'build_base': '/home/qiu/Desktop/ros2_stm32_ws/build/imu_tf_broadcaster', 'catkin_cmake_args': None, 'catkin_skip_building_tests': False, 'cmake_args': None, 'cmake_clean_cache': False, 'cmake_clean_first': False, 'cmake_force_configure': False, 'cmake_target': None, 'cmake_target_skip_unavailable': False, 'install_base': '/home/qiu/Desktop/ros2_stm32_ws/install/imu_tf_broadcaster', 'merge_install': False, 'path': '/home/qiu/Desktop/ros2_stm32_ws/src/imu_tf_broadcaster', 'symlink_install': False, 'test_result_base': None}
[0.304s] Level 5:colcon.colcon_core.verb:set package 'serial' build argument 'cmake_args' from command line to 'None'
[0.304s] Level 5:colcon.colcon_core.verb:set package 'serial' build argument 'cmake_target' from command line to 'None'
[0.304s] Level 5:colcon.colcon_core.verb:set package 'serial' build argument 'cmake_target_skip_unavailable' from command line to 'False'
[0.304s] Level 5:colcon.colcon_core.verb:set package 'serial' build argument 'cmake_clean_cache' from command line to 'False'
[0.304s] Level 5:colcon.colcon_core.verb:set package 'serial' build argument 'cmake_clean_first' from command line to 'False'
[0.304s] Level 5:colcon.colcon_core.verb:set package 'serial' build argument 'cmake_force_configure' from command line to 'False'
[0.304s] Level 5:colcon.colcon_core.verb:set package 'serial' build argument 'ament_cmake_args' from command line to 'None'
[0.304s] Level 5:colcon.colcon_core.verb:set package 'serial' build argument 'catkin_cmake_args' from command line to 'None'
[0.304s] Level 5:colcon.colcon_core.verb:set package 'serial' build argument 'catkin_skip_building_tests' from command line to 'False'
[0.304s] DEBUG:colcon.colcon_core.verb:Building package 'serial' with the following arguments: {'ament_cmake_args': None, 'build_base': '/home/qiu/Desktop/ros2_stm32_ws/build/serial', 'catkin_cmake_args': None, 'catkin_skip_building_tests': False, 'cmake_args': None, 'cmake_clean_cache': False, 'cmake_clean_first': False, 'cmake_force_configure': False, 'cmake_target': None, 'cmake_target_skip_unavailable': False, 'install_base': '/home/qiu/Desktop/ros2_stm32_ws/install/serial', 'merge_install': False, 'path': '/home/qiu/Desktop/ros2_stm32_ws/src/serial_ros2', 'symlink_install': False, 'test_result_base': None}
[0.305s] Level 5:colcon.colcon_core.verb:set package 'sllidar_ros2' build argument 'cmake_args' from command line to 'None'
[0.305s] Level 5:colcon.colcon_core.verb:set package 'sllidar_ros2' build argument 'cmake_target' from command line to 'None'
[0.305s] Level 5:colcon.colcon_core.verb:set package 'sllidar_ros2' build argument 'cmake_target_skip_unavailable' from command line to 'False'
[0.305s] Level 5:colcon.colcon_core.verb:set package 'sllidar_ros2' build argument 'cmake_clean_cache' from command line to 'False'
[0.305s] Level 5:colcon.colcon_core.verb:set package 'sllidar_ros2' build argument 'cmake_clean_first' from command line to 'False'
[0.305s] Level 5:colcon.colcon_core.verb:set package 'sllidar_ros2' build argument 'cmake_force_configure' from command line to 'False'
[0.305s] Level 5:colcon.colcon_core.verb:set package 'sllidar_ros2' build argument 'ament_cmake_args' from command line to 'None'
[0.305s] Level 5:colcon.colcon_core.verb:set package 'sllidar_ros2' build argument 'catkin_cmake_args' from command line to 'None'
[0.305s] Level 5:colcon.colcon_core.verb:set package 'sllidar_ros2' build argument 'catkin_skip_building_tests' from command line to 'False'
[0.305s] DEBUG:colcon.colcon_core.verb:Building package 'sllidar_ros2' with the following arguments: {'ament_cmake_args': None, 'build_base': '/home/qiu/Desktop/ros2_stm32_ws/build/sllidar_ros2', 'catkin_cmake_args': None, 'catkin_skip_building_tests': False, 'cmake_args': None, 'cmake_clean_cache': False, 'cmake_clean_first': False, 'cmake_force_configure': False, 'cmake_target': None, 'cmake_target_skip_unavailable': False, 'install_base': '/home/qiu/Desktop/ros2_stm32_ws/install/sllidar_ros2', 'merge_install': False, 'path': '/home/qiu/Desktop/ros2_stm32_ws/src/sllidar_ros2', 'symlink_install': False, 'test_result_base': None}
[0.305s] Level 5:colcon.colcon_core.verb:set package 'yesense_interface' build argument 'cmake_args' from command line to 'None'
[0.305s] Level 5:colcon.colcon_core.verb:set package 'yesense_interface' build argument 'cmake_target' from command line to 'None'
[0.305s] Level 5:colcon.colcon_core.verb:set package 'yesense_interface' build argument 'cmake_target_skip_unavailable' from command line to 'False'
[0.305s] Level 5:colcon.colcon_core.verb:set package 'yesense_interface' build argument 'cmake_clean_cache' from command line to 'False'
[0.305s] Level 5:colcon.colcon_core.verb:set package 'yesense_interface' build argument 'cmake_clean_first' from command line to 'False'
[0.305s] Level 5:colcon.colcon_core.verb:set package 'yesense_interface' build argument 'cmake_force_configure' from command line to 'False'
[0.305s] Level 5:colcon.colcon_core.verb:set package 'yesense_interface' build argument 'ament_cmake_args' from command line to 'None'
[0.305s] Level 5:colcon.colcon_core.verb:set package 'yesense_interface' build argument 'catkin_cmake_args' from command line to 'None'
[0.305s] Level 5:colcon.colcon_core.verb:set package 'yesense_interface' build argument 'catkin_skip_building_tests' from command line to 'False'
[0.305s] DEBUG:colcon.colcon_core.verb:Building package 'yesense_interface' with the following arguments: {'ament_cmake_args': None, 'build_base': '/home/qiu/Desktop/ros2_stm32_ws/build/yesense_interface', 'catkin_cmake_args': None, 'catkin_skip_building_tests': False, 'cmake_args': None, 'cmake_clean_cache': False, 'cmake_clean_first': False, 'cmake_force_configure': False, 'cmake_target': None, 'cmake_target_skip_unavailable': False, 'install_base': '/home/qiu/Desktop/ros2_stm32_ws/install/yesense_interface', 'merge_install': False, 'path': '/home/qiu/Desktop/ros2_stm32_ws/src/yesense_ros2/yesense_interface', 'symlink_install': False, 'test_result_base': None}
[0.305s] Level 5:colcon.colcon_core.verb:set package 'stm32_nav_comm' build argument 'cmake_args' from command line to 'None'
[0.305s] Level 5:colcon.colcon_core.verb:set package 'stm32_nav_comm' build argument 'cmake_target' from command line to 'None'
[0.305s] Level 5:colcon.colcon_core.verb:set package 'stm32_nav_comm' build argument 'cmake_target_skip_unavailable' from command line to 'False'
[0.305s] Level 5:colcon.colcon_core.verb:set package 'stm32_nav_comm' build argument 'cmake_clean_cache' from command line to 'False'
[0.305s] Level 5:colcon.colcon_core.verb:set package 'stm32_nav_comm' build argument 'cmake_clean_first' from command line to 'False'
[0.305s] Level 5:colcon.colcon_core.verb:set package 'stm32_nav_comm' build argument 'cmake_force_configure' from command line to 'False'
[0.305s] Level 5:colcon.colcon_core.verb:set package 'stm32_nav_comm' build argument 'ament_cmake_args' from command line to 'None'
[0.305s] Level 5:colcon.colcon_core.verb:set package 'stm32_nav_comm' build argument 'catkin_cmake_args' from command line to 'None'
[0.306s] Level 5:colcon.colcon_core.verb:set package 'stm32_nav_comm' build argument 'catkin_skip_building_tests' from command line to 'False'
[0.306s] DEBUG:colcon.colcon_core.verb:Building package 'stm32_nav_comm' with the following arguments: {'ament_cmake_args': None, 'build_base': '/home/qiu/Desktop/ros2_stm32_ws/build/stm32_nav_comm', 'catkin_cmake_args': None, 'catkin_skip_building_tests': False, 'cmake_args': None, 'cmake_clean_cache': False, 'cmake_clean_first': False, 'cmake_force_configure': False, 'cmake_target': None, 'cmake_target_skip_unavailable': False, 'install_base': '/home/qiu/Desktop/ros2_stm32_ws/install/stm32_nav_comm', 'merge_install': False, 'path': '/home/qiu/Desktop/ros2_stm32_ws/src/stm32_nav_comm', 'symlink_install': False, 'test_result_base': None}
[0.306s] Level 5:colcon.colcon_core.verb:set package 'yesense_std_ros2' build argument 'cmake_args' from command line to 'None'
[0.306s] Level 5:colcon.colcon_core.verb:set package 'yesense_std_ros2' build argument 'cmake_target' from command line to 'None'
[0.306s] Level 5:colcon.colcon_core.verb:set package 'yesense_std_ros2' build argument 'cmake_target_skip_unavailable' from command line to 'False'
[0.306s] Level 5:colcon.colcon_core.verb:set package 'yesense_std_ros2' build argument 'cmake_clean_cache' from command line to 'False'
[0.306s] Level 5:colcon.colcon_core.verb:set package 'yesense_std_ros2' build argument 'cmake_clean_first' from command line to 'False'
[0.306s] Level 5:colcon.colcon_core.verb:set package 'yesense_std_ros2' build argument 'cmake_force_configure' from command line to 'False'
[0.306s] Level 5:colcon.colcon_core.verb:set package 'yesense_std_ros2' build argument 'ament_cmake_args' from command line to 'None'
[0.306s] Level 5:colcon.colcon_core.verb:set package 'yesense_std_ros2' build argument 'catkin_cmake_args' from command line to 'None'
[0.306s] Level 5:colcon.colcon_core.verb:set package 'yesense_std_ros2' build argument 'catkin_skip_building_tests' from command line to 'False'
[0.306s] DEBUG:colcon.colcon_core.verb:Building package 'yesense_std_ros2' with the following arguments: {'ament_cmake_args': None, 'build_base': '/home/qiu/Desktop/ros2_stm32_ws/build/yesense_std_ros2', 'catkin_cmake_args': None, 'catkin_skip_building_tests': False, 'cmake_args': None, 'cmake_clean_cache': False, 'cmake_clean_first': False, 'cmake_force_configure': False, 'cmake_target': None, 'cmake_target_skip_unavailable': False, 'install_base': '/home/qiu/Desktop/ros2_stm32_ws/install/yesense_std_ros2', 'merge_install': False, 'path': '/home/qiu/Desktop/ros2_stm32_ws/src/yesense_ros2/yesense_std_ros2', 'symlink_install': False, 'test_result_base': None}
[0.306s] Level 5:colcon.colcon_core.verb:set package 'stm32_nav_bringup' build argument 'cmake_args' from command line to 'None'
[0.306s] Level 5:colcon.colcon_core.verb:set package 'stm32_nav_bringup' build argument 'cmake_target' from command line to 'None'
[0.306s] Level 5:colcon.colcon_core.verb:set package 'stm32_nav_bringup' build argument 'cmake_target_skip_unavailable' from command line to 'False'
[0.306s] Level 5:colcon.colcon_core.verb:set package 'stm32_nav_bringup' build argument 'cmake_clean_cache' from command line to 'False'
[0.306s] Level 5:colcon.colcon_core.verb:set package 'stm32_nav_bringup' build argument 'cmake_clean_first' from command line to 'False'
[0.306s] Level 5:colcon.colcon_core.verb:set package 'stm32_nav_bringup' build argument 'cmake_force_configure' from command line to 'False'
[0.306s] Level 5:colcon.colcon_core.verb:set package 'stm32_nav_bringup' build argument 'ament_cmake_args' from command line to 'None'
[0.306s] Level 5:colcon.colcon_core.verb:set package 'stm32_nav_bringup' build argument 'catkin_cmake_args' from command line to 'None'
[0.306s] Level 5:colcon.colcon_core.verb:set package 'stm32_nav_bringup' build argument 'catkin_skip_building_tests' from command line to 'False'
[0.306s] DEBUG:colcon.colcon_core.verb:Building package 'stm32_nav_bringup' with the following arguments: {'ament_cmake_args': None, 'build_base': '/home/qiu/Desktop/ros2_stm32_ws/build/stm32_nav_bringup', 'catkin_cmake_args': None, 'catkin_skip_building_tests': False, 'cmake_args': None, 'cmake_clean_cache': False, 'cmake_clean_first': False, 'cmake_force_configure': False, 'cmake_target': None, 'cmake_target_skip_unavailable': False, 'install_base': '/home/qiu/Desktop/ros2_stm32_ws/install/stm32_nav_bringup', 'merge_install': False, 'path': '/home/qiu/Desktop/ros2_stm32_ws/src/stm32_nav_bringup', 'symlink_install': False, 'test_result_base': None}
[0.306s] INFO:colcon.colcon_core.executor:Executing jobs using 'parallel' executor
[0.307s] DEBUG:colcon.colcon_parallel_executor.executor.parallel:run_until_complete
[0.307s] INFO:colcon.colcon_ros.task.ament_cmake.build:Building ROS package in '/home/qiu/Desktop/ros2_stm32_ws/src/serial_ros2' with build type 'ament_cmake'
[0.307s] INFO:colcon.colcon_cmake.task.cmake.build:Building CMake package in '/home/qiu/Desktop/ros2_stm32_ws/src/serial_ros2'
[0.310s] INFO:colcon.colcon_core.plugin_system:Skipping extension 'colcon_core.shell.bat': Not used on non-Windows systems
[0.310s] INFO:colcon.colcon_core.shell:Skip shell extension 'powershell' for command environment: Not usable outside of PowerShell
[0.310s] DEBUG:colcon.colcon_core.shell:Skip shell extension 'dsv' for command environment
[0.312s] INFO:colcon.colcon_ros.task.ament_cmake.build:Building ROS package in '/home/qiu/Desktop/ros2_stm32_ws/src/yesense_ros2/yesense_interface' with build type 'ament_cmake'
[0.312s] INFO:colcon.colcon_cmake.task.cmake.build:Building CMake package in '/home/qiu/Desktop/ros2_stm32_ws/src/yesense_ros2/yesense_interface'
[0.313s] INFO:colcon.colcon_core.shell:Skip shell extension 'powershell' for command environment: Not usable outside of PowerShell
[0.313s] DEBUG:colcon.colcon_core.shell:Skip shell extension 'dsv' for command environment
[0.315s] INFO:colcon.colcon_ros.task.ament_cmake.build:Building ROS package in '/home/qiu/Desktop/ros2_stm32_ws/src/sllidar_ros2' with build type 'ament_cmake'
[0.315s] INFO:colcon.colcon_cmake.task.cmake.build:Building CMake package in '/home/qiu/Desktop/ros2_stm32_ws/src/sllidar_ros2'
[0.316s] INFO:colcon.colcon_core.shell:Skip shell extension 'powershell' for command environment: Not usable outside of PowerShell
[0.316s] DEBUG:colcon.colcon_core.shell:Skip shell extension 'dsv' for command environment
[0.318s] INFO:colcon.colcon_ros.task.ament_python.build:Building ROS package in '/home/qiu/Desktop/ros2_stm32_ws/src/imu_tf_broadcaster' with build type 'ament_python'
[0.318s] Level 1:colcon.colcon_core.shell:create_environment_hook('imu_tf_broadcaster', 'ament_prefix_path')
[0.319s] INFO:colcon.colcon_core.shell:Creating environment hook '/home/qiu/Desktop/ros2_stm32_ws/install/imu_tf_broadcaster/share/imu_tf_broadcaster/hook/ament_prefix_path.ps1'
[0.320s] INFO:colcon.colcon_core.shell:Creating environment descriptor '/home/qiu/Desktop/ros2_stm32_ws/install/imu_tf_broadcaster/share/imu_tf_broadcaster/hook/ament_prefix_path.dsv'
[0.321s] INFO:colcon.colcon_core.shell:Creating environment hook '/home/qiu/Desktop/ros2_stm32_ws/install/imu_tf_broadcaster/share/imu_tf_broadcaster/hook/ament_prefix_path.sh'
[0.322s] INFO:colcon.colcon_core.shell:Skip shell extension 'powershell' for command environment: Not usable outside of PowerShell
[0.322s] DEBUG:colcon.colcon_core.shell:Skip shell extension 'dsv' for command environment
[0.328s] DEBUG:colcon.colcon_core.event_handler.log_command:Invoking command in '/home/qiu/Desktop/ros2_stm32_ws/build/serial': /usr/bin/cmake --build /home/qiu/Desktop/ros2_stm32_ws/build/serial -- -j16 -l16
[0.330s] DEBUG:colcon.colcon_core.event_handler.log_command:Invoking command in '/home/qiu/Desktop/ros2_stm32_ws/build/yesense_interface': /usr/bin/cmake --build /home/qiu/Desktop/ros2_stm32_ws/build/yesense_interface -- -j16 -l16
[0.336s] DEBUG:colcon.colcon_core.event_handler.log_command:Invoking command in '/home/qiu/Desktop/ros2_stm32_ws/build/sllidar_ros2': /usr/bin/cmake --build /home/qiu/Desktop/ros2_stm32_ws/build/sllidar_ros2 -- -j16 -l16
[0.505s] INFO:colcon.colcon_core.task.python.build:Building Python package in '/home/qiu/Desktop/ros2_stm32_ws/src/imu_tf_broadcaster'
[0.505s] INFO:colcon.colcon_core.shell:Skip shell extension 'powershell' for command environment: Not usable outside of PowerShell
[0.505s] DEBUG:colcon.colcon_core.shell:Skip shell extension 'dsv' for command environment
[0.509s] DEBUG:colcon.colcon_core.event_handler.log_command:Invoked command in '/home/qiu/Desktop/ros2_stm32_ws/build/sllidar_ros2' returned '0': /usr/bin/cmake --build /home/qiu/Desktop/ros2_stm32_ws/build/sllidar_ros2 -- -j16 -l16
[0.518s] DEBUG:colcon.colcon_core.event_handler.log_command:Invoking command in '/home/qiu/Desktop/ros2_stm32_ws/build/sllidar_ros2': /usr/bin/cmake --install /home/qiu/Desktop/ros2_stm32_ws/build/sllidar_ros2
[0.518s] DEBUG:colcon.colcon_core.event_handler.log_command:Invoked command in '/home/qiu/Desktop/ros2_stm32_ws/build/serial' returned '0': /usr/bin/cmake --build /home/qiu/Desktop/ros2_stm32_ws/build/serial -- -j16 -l16
[0.519s] DEBUG:colcon.colcon_core.event_handler.log_command:Invoking command in '/home/qiu/Desktop/ros2_stm32_ws/build/serial': /usr/bin/cmake --install /home/qiu/Desktop/ros2_stm32_ws/build/serial
[0.529s] Level 1:colcon.colcon_core.environment:create_environment_scripts_only(sllidar_ros2)
[0.533s] Level 1:colcon.colcon_core.environment:checking '/home/qiu/Desktop/ros2_stm32_ws/install/sllidar_ros2' for CMake module files
[0.534s] DEBUG:colcon.colcon_core.event_handler.log_command:Invoked command in '/home/qiu/Desktop/ros2_stm32_ws/build/sllidar_ros2' returned '0': /usr/bin/cmake --install /home/qiu/Desktop/ros2_stm32_ws/build/sllidar_ros2
[0.534s] Level 1:colcon.colcon_core.environment:checking '/home/qiu/Desktop/ros2_stm32_ws/install/sllidar_ros2' for CMake config files
[0.535s] Level 1:colcon.colcon_core.shell:create_environment_hook('sllidar_ros2', 'cmake_prefix_path')
[0.535s] INFO:colcon.colcon_core.shell:Creating environment hook '/home/qiu/Desktop/ros2_stm32_ws/install/sllidar_ros2/share/sllidar_ros2/hook/cmake_prefix_path.ps1'
[0.535s] INFO:colcon.colcon_core.shell:Creating environment descriptor '/home/qiu/Desktop/ros2_stm32_ws/install/sllidar_ros2/share/sllidar_ros2/hook/cmake_prefix_path.dsv'
[0.535s] INFO:colcon.colcon_core.shell:Creating environment hook '/home/qiu/Desktop/ros2_stm32_ws/install/sllidar_ros2/share/sllidar_ros2/hook/cmake_prefix_path.sh'
[0.536s] Level 1:colcon.colcon_core.environment:checking '/home/qiu/Desktop/ros2_stm32_ws/install/sllidar_ros2/lib'
[0.536s] Level 1:colcon.colcon_core.environment:checking '/home/qiu/Desktop/ros2_stm32_ws/install/sllidar_ros2/bin'
[0.536s] Level 1:colcon.colcon_core.environment:checking '/home/qiu/Desktop/ros2_stm32_ws/install/sllidar_ros2/lib/pkgconfig/sllidar_ros2.pc'
[0.536s] Level 1:colcon.colcon_core.environment:checking '/home/qiu/Desktop/ros2_stm32_ws/install/sllidar_ros2/lib/python3.10/site-packages'
[0.536s] Level 1:colcon.colcon_core.environment:checking '/home/qiu/Desktop/ros2_stm32_ws/install/sllidar_ros2/bin'
[0.536s] INFO:colcon.colcon_core.shell:Creating package script '/home/qiu/Desktop/ros2_stm32_ws/install/sllidar_ros2/share/sllidar_ros2/package.ps1'
[0.537s] INFO:colcon.colcon_core.shell:Creating package descriptor '/home/qiu/Desktop/ros2_stm32_ws/install/sllidar_ros2/share/sllidar_ros2/package.dsv'
[0.538s] INFO:colcon.colcon_core.shell:Creating package script '/home/qiu/Desktop/ros2_stm32_ws/install/sllidar_ros2/share/sllidar_ros2/package.sh'
[0.538s] INFO:colcon.colcon_core.shell:Creating package script '/home/qiu/Desktop/ros2_stm32_ws/install/sllidar_ros2/share/sllidar_ros2/package.bash'
[0.539s] INFO:colcon.colcon_core.shell:Creating package script '/home/qiu/Desktop/ros2_stm32_ws/install/sllidar_ros2/share/sllidar_ros2/package.zsh'
[0.539s] Level 1:colcon.colcon_core.environment:create_file_with_runtime_dependencies(/home/qiu/Desktop/ros2_stm32_ws/install/sllidar_ros2/share/colcon-core/packages/sllidar_ros2)
[0.540s] Level 1:colcon.colcon_core.environment:create_environment_scripts_only(sllidar_ros2)
[0.540s] Level 1:colcon.colcon_core.environment:checking '/home/qiu/Desktop/ros2_stm32_ws/install/sllidar_ros2' for CMake module files
[0.540s] Level 1:colcon.colcon_core.environment:checking '/home/qiu/Desktop/ros2_stm32_ws/install/sllidar_ros2' for CMake config files
[0.540s] Level 1:colcon.colcon_core.shell:create_environment_hook('sllidar_ros2', 'cmake_prefix_path')
[0.540s] INFO:colcon.colcon_core.shell:Creating environment hook '/home/qiu/Desktop/ros2_stm32_ws/install/sllidar_ros2/share/sllidar_ros2/hook/cmake_prefix_path.ps1'
[0.540s] INFO:colcon.colcon_core.shell:Creating environment descriptor '/home/qiu/Desktop/ros2_stm32_ws/install/sllidar_ros2/share/sllidar_ros2/hook/cmake_prefix_path.dsv'
[0.541s] INFO:colcon.colcon_core.shell:Creating environment hook '/home/qiu/Desktop/ros2_stm32_ws/install/sllidar_ros2/share/sllidar_ros2/hook/cmake_prefix_path.sh'
[0.541s] Level 1:colcon.colcon_core.environment:checking '/home/qiu/Desktop/ros2_stm32_ws/install/sllidar_ros2/lib'
[0.541s] Level 1:colcon.colcon_core.environment:checking '/home/qiu/Desktop/ros2_stm32_ws/install/sllidar_ros2/bin'
[0.541s] Level 1:colcon.colcon_core.environment:checking '/home/qiu/Desktop/ros2_stm32_ws/install/sllidar_ros2/lib/pkgconfig/sllidar_ros2.pc'
[0.541s] Level 1:colcon.colcon_core.environment:checking '/home/qiu/Desktop/ros2_stm32_ws/install/sllidar_ros2/lib/python3.10/site-packages'
[0.541s] Level 1:colcon.colcon_core.environment:checking '/home/qiu/Desktop/ros2_stm32_ws/install/sllidar_ros2/bin'
[0.542s] INFO:colcon.colcon_core.shell:Creating package script '/home/qiu/Desktop/ros2_stm32_ws/install/sllidar_ros2/share/sllidar_ros2/package.ps1'
[0.542s] INFO:colcon.colcon_core.shell:Creating package descriptor '/home/qiu/Desktop/ros2_stm32_ws/install/sllidar_ros2/share/sllidar_ros2/package.dsv'
[0.542s] INFO:colcon.colcon_core.shell:Creating package script '/home/qiu/Desktop/ros2_stm32_ws/install/sllidar_ros2/share/sllidar_ros2/package.sh'
[0.542s] INFO:colcon.colcon_core.shell:Creating package script '/home/qiu/Desktop/ros2_stm32_ws/install/sllidar_ros2/share/sllidar_ros2/package.bash'
[0.543s] INFO:colcon.colcon_core.shell:Creating package script '/home/qiu/Desktop/ros2_stm32_ws/install/sllidar_ros2/share/sllidar_ros2/package.zsh'
[0.543s] Level 1:colcon.colcon_core.environment:create_file_with_runtime_dependencies(/home/qiu/Desktop/ros2_stm32_ws/install/sllidar_ros2/share/colcon-core/packages/sllidar_ros2)
[0.543s] Level 1:colcon.colcon_core.environment:create_environment_scripts_only(serial)
[0.543s] Level 1:colcon.colcon_core.environment:checking '/home/qiu/Desktop/ros2_stm32_ws/install/serial' for CMake module files
[0.544s] DEBUG:colcon.colcon_core.event_handler.log_command:Invoked command in '/home/qiu/Desktop/ros2_stm32_ws/build/serial' returned '0': /usr/bin/cmake --install /home/qiu/Desktop/ros2_stm32_ws/build/serial
[0.544s] Level 1:colcon.colcon_core.environment:checking '/home/qiu/Desktop/ros2_stm32_ws/install/serial' for CMake config files
[0.544s] Level 1:colcon.colcon_core.shell:create_environment_hook('serial', 'cmake_prefix_path')
[0.545s] INFO:colcon.colcon_core.shell:Creating environment hook '/home/qiu/Desktop/ros2_stm32_ws/install/serial/share/serial/hook/cmake_prefix_path.ps1'
[0.545s] INFO:colcon.colcon_core.shell:Creating environment descriptor '/home/qiu/Desktop/ros2_stm32_ws/install/serial/share/serial/hook/cmake_prefix_path.dsv'
[0.545s] INFO:colcon.colcon_core.shell:Creating environment hook '/home/qiu/Desktop/ros2_stm32_ws/install/serial/share/serial/hook/cmake_prefix_path.sh'
[0.545s] Level 1:colcon.colcon_core.environment:checking '/home/qiu/Desktop/ros2_stm32_ws/install/serial/lib'
[0.545s] Level 1:colcon.colcon_core.environment:checking '/home/qiu/Desktop/ros2_stm32_ws/install/serial/bin'
[0.546s] Level 1:colcon.colcon_core.environment:checking '/home/qiu/Desktop/ros2_stm32_ws/install/serial/lib/pkgconfig/serial.pc'
[0.546s] Level 1:colcon.colcon_core.environment:checking '/home/qiu/Desktop/ros2_stm32_ws/install/serial/lib/python3.10/site-packages'
[0.546s] Level 1:colcon.colcon_core.environment:checking '/home/qiu/Desktop/ros2_stm32_ws/install/serial/bin'
[0.546s] INFO:colcon.colcon_core.shell:Creating package script '/home/qiu/Desktop/ros2_stm32_ws/install/serial/share/serial/package.ps1'
[0.546s] INFO:colcon.colcon_core.shell:Creating package descriptor '/home/qiu/Desktop/ros2_stm32_ws/install/serial/share/serial/package.dsv'
[0.547s] INFO:colcon.colcon_core.shell:Creating package script '/home/qiu/Desktop/ros2_stm32_ws/install/serial/share/serial/package.sh'
[0.547s] INFO:colcon.colcon_core.shell:Creating package script '/home/qiu/Desktop/ros2_stm32_ws/install/serial/share/serial/package.bash'
[0.547s] INFO:colcon.colcon_core.shell:Creating package script '/home/qiu/Desktop/ros2_stm32_ws/install/serial/share/serial/package.zsh'
[0.548s] Level 1:colcon.colcon_core.environment:create_file_with_runtime_dependencies(/home/qiu/Desktop/ros2_stm32_ws/install/serial/share/colcon-core/packages/serial)
[0.548s] Level 1:colcon.colcon_core.environment:create_environment_scripts_only(serial)
[0.548s] Level 1:colcon.colcon_core.environment:checking '/home/qiu/Desktop/ros2_stm32_ws/install/serial' for CMake module files
[0.548s] Level 1:colcon.colcon_core.environment:checking '/home/qiu/Desktop/ros2_stm32_ws/install/serial' for CMake config files
[0.549s] Level 1:colcon.colcon_core.shell:create_environment_hook('serial', 'cmake_prefix_path')
[0.549s] INFO:colcon.colcon_core.shell:Creating environment hook '/home/qiu/Desktop/ros2_stm32_ws/install/serial/share/serial/hook/cmake_prefix_path.ps1'
[0.549s] INFO:colcon.colcon_core.shell:Creating environment descriptor '/home/qiu/Desktop/ros2_stm32_ws/install/serial/share/serial/hook/cmake_prefix_path.dsv'
[0.549s] INFO:colcon.colcon_core.shell:Creating environment hook '/home/qiu/Desktop/ros2_stm32_ws/install/serial/share/serial/hook/cmake_prefix_path.sh'
[0.550s] Level 1:colcon.colcon_core.environment:checking '/home/qiu/Desktop/ros2_stm32_ws/install/serial/lib'
[0.550s] Level 1:colcon.colcon_core.environment:checking '/home/qiu/Desktop/ros2_stm32_ws/install/serial/bin'
[0.550s] Level 1:colcon.colcon_core.environment:checking '/home/qiu/Desktop/ros2_stm32_ws/install/serial/lib/pkgconfig/serial.pc'
[0.550s] Level 1:colcon.colcon_core.environment:checking '/home/qiu/Desktop/ros2_stm32_ws/install/serial/lib/python3.10/site-packages'
[0.550s] Level 1:colcon.colcon_core.environment:checking '/home/qiu/Desktop/ros2_stm32_ws/install/serial/bin'
[0.550s] INFO:colcon.colcon_core.shell:Creating package script '/home/qiu/Desktop/ros2_stm32_ws/install/serial/share/serial/package.ps1'
[0.551s] INFO:colcon.colcon_core.shell:Creating package descriptor '/home/qiu/Desktop/ros2_stm32_ws/install/serial/share/serial/package.dsv'
[0.551s] INFO:colcon.colcon_core.shell:Creating package script '/home/qiu/Desktop/ros2_stm32_ws/install/serial/share/serial/package.sh'
[0.551s] INFO:colcon.colcon_core.shell:Creating package script '/home/qiu/Desktop/ros2_stm32_ws/install/serial/share/serial/package.bash'
[0.552s] INFO:colcon.colcon_core.shell:Creating package script '/home/qiu/Desktop/ros2_stm32_ws/install/serial/share/serial/package.zsh'
[0.552s] Level 1:colcon.colcon_core.environment:create_file_with_runtime_dependencies(/home/qiu/Desktop/ros2_stm32_ws/install/serial/share/colcon-core/packages/serial)
[0.552s] INFO:colcon.colcon_ros.task.ament_cmake.build:Building ROS package in '/home/qiu/Desktop/ros2_stm32_ws/src/stm32_nav_comm' with build type 'ament_cmake'
[0.552s] INFO:colcon.colcon_cmake.task.cmake.build:Building CMake package in '/home/qiu/Desktop/ros2_stm32_ws/src/stm32_nav_comm'
[0.553s] INFO:colcon.colcon_core.shell:Skip shell extension 'powershell' for command environment: Not usable outside of PowerShell
[0.553s] DEBUG:colcon.colcon_core.shell:Skip shell extension 'dsv' for command environment
[0.562s] DEBUG:colcon.colcon_core.event_handler.log_command:Invoking command in '/home/qiu/Desktop/ros2_stm32_ws/build/stm32_nav_comm': AMENT_PREFIX_PATH=/home/qiu/Desktop/ros2_stm32_ws/install/serial:${AMENT_PREFIX_PATH} CMAKE_PREFIX_PATH=/home/qiu/Desktop/ros2_stm32_ws/install/serial:${CMAKE_PREFIX_PATH} LD_LIBRARY_PATH=/home/qiu/Desktop/ros2_stm32_ws/install/serial/lib:${LD_LIBRARY_PATH} /usr/bin/cmake --build /home/qiu/Desktop/ros2_stm32_ws/build/stm32_nav_comm -- -j16 -l16
[0.600s] DEBUG:colcon.colcon_core.event_handler.log_command:Invoked command in '/home/qiu/Desktop/ros2_stm32_ws/build/yesense_interface' returned '0': /usr/bin/cmake --build /home/qiu/Desktop/ros2_stm32_ws/build/yesense_interface -- -j16 -l16
[0.601s] DEBUG:colcon.colcon_core.event_handler.log_command:Invoking command in '/home/qiu/Desktop/ros2_stm32_ws/build/yesense_interface': /usr/bin/cmake --install /home/qiu/Desktop/ros2_stm32_ws/build/yesense_interface
[0.664s] Level 1:colcon.colcon_core.environment:create_environment_scripts_only(yesense_interface)
[0.665s] Level 1:colcon.colcon_core.environment:checking '/home/qiu/Desktop/ros2_stm32_ws/install/yesense_interface' for CMake module files
[0.665s] DEBUG:colcon.colcon_core.event_handler.log_command:Invoked command in '/home/qiu/Desktop/ros2_stm32_ws/build/yesense_interface' returned '0': /usr/bin/cmake --install /home/qiu/Desktop/ros2_stm32_ws/build/yesense_interface
[0.666s] Level 1:colcon.colcon_core.environment:checking '/home/qiu/Desktop/ros2_stm32_ws/install/yesense_interface' for CMake config files
[0.666s] Level 1:colcon.colcon_core.shell:create_environment_hook('yesense_interface', 'cmake_prefix_path')
[0.666s] INFO:colcon.colcon_core.shell:Creating environment hook '/home/qiu/Desktop/ros2_stm32_ws/install/yesense_interface/share/yesense_interface/hook/cmake_prefix_path.ps1'
[0.667s] INFO:colcon.colcon_core.shell:Creating environment descriptor '/home/qiu/Desktop/ros2_stm32_ws/install/yesense_interface/share/yesense_interface/hook/cmake_prefix_path.dsv'
[0.667s] INFO:colcon.colcon_core.shell:Creating environment hook '/home/qiu/Desktop/ros2_stm32_ws/install/yesense_interface/share/yesense_interface/hook/cmake_prefix_path.sh'
[0.668s] Level 1:colcon.colcon_core.environment:checking '/home/qiu/Desktop/ros2_stm32_ws/install/yesense_interface/lib'
[0.668s] Level 1:colcon.colcon_core.shell:create_environment_hook('yesense_interface', 'ld_library_path_lib')
[0.668s] INFO:colcon.colcon_core.shell:Creating environment hook '/home/qiu/Desktop/ros2_stm32_ws/install/yesense_interface/share/yesense_interface/hook/ld_library_path_lib.ps1'
[0.668s] INFO:colcon.colcon_core.shell:Creating environment descriptor '/home/qiu/Desktop/ros2_stm32_ws/install/yesense_interface/share/yesense_interface/hook/ld_library_path_lib.dsv'
[0.669s] INFO:colcon.colcon_core.shell:Creating environment hook '/home/qiu/Desktop/ros2_stm32_ws/install/yesense_interface/share/yesense_interface/hook/ld_library_path_lib.sh'
[0.669s] Level 1:colcon.colcon_core.environment:checking '/home/qiu/Desktop/ros2_stm32_ws/install/yesense_interface/bin'
[0.669s] Level 1:colcon.colcon_core.environment:checking '/home/qiu/Desktop/ros2_stm32_ws/install/yesense_interface/lib/pkgconfig/yesense_interface.pc'
[0.669s] Level 1:colcon.colcon_core.environment:checking '/home/qiu/Desktop/ros2_stm32_ws/install/yesense_interface/lib/python3.10/site-packages'
[0.669s] Level 1:colcon.colcon_core.environment:checking '/home/qiu/Desktop/ros2_stm32_ws/install/yesense_interface/bin'
[0.670s] INFO:colcon.colcon_core.shell:Creating package script '/home/qiu/Desktop/ros2_stm32_ws/install/yesense_interface/share/yesense_interface/package.ps1'
[0.670s] INFO:colcon.colcon_core.shell:Creating package descriptor '/home/qiu/Desktop/ros2_stm32_ws/install/yesense_interface/share/yesense_interface/package.dsv'
[0.670s] INFO:colcon.colcon_core.shell:Creating package script '/home/qiu/Desktop/ros2_stm32_ws/install/yesense_interface/share/yesense_interface/package.sh'
[0.671s] INFO:colcon.colcon_core.shell:Creating package script '/home/qiu/Desktop/ros2_stm32_ws/install/yesense_interface/share/yesense_interface/package.bash'
[0.671s] INFO:colcon.colcon_core.shell:Creating package script '/home/qiu/Desktop/ros2_stm32_ws/install/yesense_interface/share/yesense_interface/package.zsh'
[0.671s] Level 1:colcon.colcon_core.environment:create_file_with_runtime_dependencies(/home/qiu/Desktop/ros2_stm32_ws/install/yesense_interface/share/colcon-core/packages/yesense_interface)
[0.672s] Level 1:colcon.colcon_core.environment:create_environment_scripts_only(yesense_interface)
[0.672s] Level 1:colcon.colcon_core.environment:checking '/home/qiu/Desktop/ros2_stm32_ws/install/yesense_interface' for CMake module files
[0.672s] Level 1:colcon.colcon_core.environment:checking '/home/qiu/Desktop/ros2_stm32_ws/install/yesense_interface' for CMake config files
[0.673s] Level 1:colcon.colcon_core.shell:create_environment_hook('yesense_interface', 'cmake_prefix_path')
[0.673s] INFO:colcon.colcon_core.shell:Creating environment hook '/home/qiu/Desktop/ros2_stm32_ws/install/yesense_interface/share/yesense_interface/hook/cmake_prefix_path.ps1'
[0.673s] INFO:colcon.colcon_core.shell:Creating environment descriptor '/home/qiu/Desktop/ros2_stm32_ws/install/yesense_interface/share/yesense_interface/hook/cmake_prefix_path.dsv'
[0.673s] INFO:colcon.colcon_core.shell:Creating environment hook '/home/qiu/Desktop/ros2_stm32_ws/install/yesense_interface/share/yesense_interface/hook/cmake_prefix_path.sh'
[0.674s] Level 1:colcon.colcon_core.environment:checking '/home/qiu/Desktop/ros2_stm32_ws/install/yesense_interface/lib'
[0.674s] Level 1:colcon.colcon_core.shell:create_environment_hook('yesense_interface', 'ld_library_path_lib')
[0.674s] INFO:colcon.colcon_core.shell:Creating environment hook '/home/qiu/Desktop/ros2_stm32_ws/install/yesense_interface/share/yesense_interface/hook/ld_library_path_lib.ps1'
[0.674s] INFO:colcon.colcon_core.shell:Creating environment descriptor '/home/qiu/Desktop/ros2_stm32_ws/install/yesense_interface/share/yesense_interface/hook/ld_library_path_lib.dsv'
[0.675s] INFO:colcon.colcon_core.shell:Creating environment hook '/home/qiu/Desktop/ros2_stm32_ws/install/yesense_interface/share/yesense_interface/hook/ld_library_path_lib.sh'
[0.675s] Level 1:colcon.colcon_core.environment:checking '/home/qiu/Desktop/ros2_stm32_ws/install/yesense_interface/bin'
[0.675s] Level 1:colcon.colcon_core.environment:checking '/home/qiu/Desktop/ros2_stm32_ws/install/yesense_interface/lib/pkgconfig/yesense_interface.pc'
[0.675s] Level 1:colcon.colcon_core.environment:checking '/home/qiu/Desktop/ros2_stm32_ws/install/yesense_interface/lib/python3.10/site-packages'
[0.675s] Level 1:colcon.colcon_core.environment:checking '/home/qiu/Desktop/ros2_stm32_ws/install/yesense_interface/bin'
[0.676s] INFO:colcon.colcon_core.shell:Creating package script '/home/qiu/Desktop/ros2_stm32_ws/install/yesense_interface/share/yesense_interface/package.ps1'
[0.676s] INFO:colcon.colcon_core.shell:Creating package descriptor '/home/qiu/Desktop/ros2_stm32_ws/install/yesense_interface/share/yesense_interface/package.dsv'
[0.677s] INFO:colcon.colcon_core.shell:Creating package script '/home/qiu/Desktop/ros2_stm32_ws/install/yesense_interface/share/yesense_interface/package.sh'
[0.677s] INFO:colcon.colcon_core.shell:Creating package script '/home/qiu/Desktop/ros2_stm32_ws/install/yesense_interface/share/yesense_interface/package.bash'
[0.677s] INFO:colcon.colcon_core.shell:Creating package script '/home/qiu/Desktop/ros2_stm32_ws/install/yesense_interface/share/yesense_interface/package.zsh'
[0.678s] Level 1:colcon.colcon_core.environment:create_file_with_runtime_dependencies(/home/qiu/Desktop/ros2_stm32_ws/install/yesense_interface/share/colcon-core/packages/yesense_interface)
[0.678s] INFO:colcon.colcon_ros.task.ament_cmake.build:Building ROS package in '/home/qiu/Desktop/ros2_stm32_ws/src/yesense_ros2/yesense_std_ros2' with build type 'ament_cmake'
[0.678s] INFO:colcon.colcon_cmake.task.cmake.build:Building CMake package in '/home/qiu/Desktop/ros2_stm32_ws/src/yesense_ros2/yesense_std_ros2'
[0.678s] INFO:colcon.colcon_core.shell:Skip shell extension 'powershell' for command environment: Not usable outside of PowerShell
[0.678s] DEBUG:colcon.colcon_core.shell:Skip shell extension 'dsv' for command environment
[0.690s] DEBUG:colcon.colcon_core.event_handler.log_command:Invoking command in '/home/qiu/Desktop/ros2_stm32_ws/build/yesense_std_ros2': AMENT_PREFIX_PATH=/home/qiu/Desktop/ros2_stm32_ws/install/yesense_interface:/home/qiu/Desktop/ros2_stm32_ws/install/serial:${AMENT_PREFIX_PATH} CMAKE_PREFIX_PATH=/home/qiu/Desktop/ros2_stm32_ws/install/yesense_interface:/home/qiu/Desktop/ros2_stm32_ws/install/serial:${CMAKE_PREFIX_PATH} LD_LIBRARY_PATH=/home/qiu/Desktop/ros2_stm32_ws/install/yesense_interface/lib:/home/qiu/Desktop/ros2_stm32_ws/install/serial/lib:${LD_LIBRARY_PATH} PYTHONPATH=/home/qiu/Desktop/ros2_stm32_ws/install/yesense_interface/local/lib/python3.10/dist-packages:${PYTHONPATH} /usr/bin/cmake --build /home/qiu/Desktop/ros2_stm32_ws/build/yesense_std_ros2 -- -j16 -l16
[0.766s] DEBUG:colcon.colcon_core.event_handler.log_command:Invoked command in '/home/qiu/Desktop/ros2_stm32_ws/build/yesense_std_ros2' returned '0': AMENT_PREFIX_PATH=/home/qiu/Desktop/ros2_stm32_ws/install/yesense_interface:/home/qiu/Desktop/ros2_stm32_ws/install/serial:${AMENT_PREFIX_PATH} CMAKE_PREFIX_PATH=/home/qiu/Desktop/ros2_stm32_ws/install/yesense_interface:/home/qiu/Desktop/ros2_stm32_ws/install/serial:${CMAKE_PREFIX_PATH} LD_LIBRARY_PATH=/home/qiu/Desktop/ros2_stm32_ws/install/yesense_interface/lib:/home/qiu/Desktop/ros2_stm32_ws/install/serial/lib:${LD_LIBRARY_PATH} PYTHONPATH=/home/qiu/Desktop/ros2_stm32_ws/install/yesense_interface/local/lib/python3.10/dist-packages:${PYTHONPATH} /usr/bin/cmake --build /home/qiu/Desktop/ros2_stm32_ws/build/yesense_std_ros2 -- -j16 -l16
[0.766s] DEBUG:colcon.colcon_core.event_handler.log_command:Invoking command in '/home/qiu/Desktop/ros2_stm32_ws/build/yesense_std_ros2': AMENT_PREFIX_PATH=/home/qiu/Desktop/ros2_stm32_ws/install/yesense_interface:/home/qiu/Desktop/ros2_stm32_ws/install/serial:${AMENT_PREFIX_PATH} CMAKE_PREFIX_PATH=/home/qiu/Desktop/ros2_stm32_ws/install/yesense_interface:/home/qiu/Desktop/ros2_stm32_ws/install/serial:${CMAKE_PREFIX_PATH} LD_LIBRARY_PATH=/home/qiu/Desktop/ros2_stm32_ws/install/yesense_interface/lib:/home/qiu/Desktop/ros2_stm32_ws/install/serial/lib:${LD_LIBRARY_PATH} PYTHONPATH=/home/qiu/Desktop/ros2_stm32_ws/install/yesense_interface/local/lib/python3.10/dist-packages:${PYTHONPATH} /usr/bin/cmake --install /home/qiu/Desktop/ros2_stm32_ws/build/yesense_std_ros2
[0.774s] Level 1:colcon.colcon_core.environment:create_environment_scripts_only(yesense_std_ros2)
[0.774s] Level 1:colcon.colcon_core.environment:checking '/home/qiu/Desktop/ros2_stm32_ws/install/yesense_std_ros2' for CMake module files
[0.775s] DEBUG:colcon.colcon_core.event_handler.log_command:Invoked command in '/home/qiu/Desktop/ros2_stm32_ws/build/yesense_std_ros2' returned '0': AMENT_PREFIX_PATH=/home/qiu/Desktop/ros2_stm32_ws/install/yesense_interface:/home/qiu/Desktop/ros2_stm32_ws/install/serial:${AMENT_PREFIX_PATH} CMAKE_PREFIX_PATH=/home/qiu/Desktop/ros2_stm32_ws/install/yesense_interface:/home/qiu/Desktop/ros2_stm32_ws/install/serial:${CMAKE_PREFIX_PATH} LD_LIBRARY_PATH=/home/qiu/Desktop/ros2_stm32_ws/install/yesense_interface/lib:/home/qiu/Desktop/ros2_stm32_ws/install/serial/lib:${LD_LIBRARY_PATH} PYTHONPATH=/home/qiu/Desktop/ros2_stm32_ws/install/yesense_interface/local/lib/python3.10/dist-packages:${PYTHONPATH} /usr/bin/cmake --install /home/qiu/Desktop/ros2_stm32_ws/build/yesense_std_ros2
[0.775s] Level 1:colcon.colcon_core.environment:checking '/home/qiu/Desktop/ros2_stm32_ws/install/yesense_std_ros2' for CMake config files
[0.775s] Level 1:colcon.colcon_core.shell:create_environment_hook('yesense_std_ros2', 'cmake_prefix_path')
[0.776s] INFO:colcon.colcon_core.shell:Creating environment hook '/home/qiu/Desktop/ros2_stm32_ws/install/yesense_std_ros2/share/yesense_std_ros2/hook/cmake_prefix_path.ps1'
[0.776s] INFO:colcon.colcon_core.shell:Creating environment descriptor '/home/qiu/Desktop/ros2_stm32_ws/install/yesense_std_ros2/share/yesense_std_ros2/hook/cmake_prefix_path.dsv'
[0.776s] INFO:colcon.colcon_core.shell:Creating environment hook '/home/qiu/Desktop/ros2_stm32_ws/install/yesense_std_ros2/share/yesense_std_ros2/hook/cmake_prefix_path.sh'
[0.777s] Level 1:colcon.colcon_core.environment:checking '/home/qiu/Desktop/ros2_stm32_ws/install/yesense_std_ros2/lib'
[0.777s] Level 1:colcon.colcon_core.environment:checking '/home/qiu/Desktop/ros2_stm32_ws/install/yesense_std_ros2/bin'
[0.777s] Level 1:colcon.colcon_core.environment:checking '/home/qiu/Desktop/ros2_stm32_ws/install/yesense_std_ros2/lib/pkgconfig/yesense_std_ros2.pc'
[0.777s] Level 1:colcon.colcon_core.environment:checking '/home/qiu/Desktop/ros2_stm32_ws/install/yesense_std_ros2/lib/python3.10/site-packages'
[0.777s] Level 1:colcon.colcon_core.environment:checking '/home/qiu/Desktop/ros2_stm32_ws/install/yesense_std_ros2/bin'
[0.777s] INFO:colcon.colcon_core.shell:Creating package script '/home/qiu/Desktop/ros2_stm32_ws/install/yesense_std_ros2/share/yesense_std_ros2/package.ps1'
[0.778s] INFO:colcon.colcon_core.shell:Creating package descriptor '/home/qiu/Desktop/ros2_stm32_ws/install/yesense_std_ros2/share/yesense_std_ros2/package.dsv'
[0.778s] INFO:colcon.colcon_core.shell:Creating package script '/home/qiu/Desktop/ros2_stm32_ws/install/yesense_std_ros2/share/yesense_std_ros2/package.sh'
[0.778s] INFO:colcon.colcon_core.shell:Creating package script '/home/qiu/Desktop/ros2_stm32_ws/install/yesense_std_ros2/share/yesense_std_ros2/package.bash'
[0.779s] INFO:colcon.colcon_core.shell:Creating package script '/home/qiu/Desktop/ros2_stm32_ws/install/yesense_std_ros2/share/yesense_std_ros2/package.zsh'
[0.779s] Level 1:colcon.colcon_core.environment:create_file_with_runtime_dependencies(/home/qiu/Desktop/ros2_stm32_ws/install/yesense_std_ros2/share/colcon-core/packages/yesense_std_ros2)
[0.779s] Level 1:colcon.colcon_core.environment:create_environment_scripts_only(yesense_std_ros2)
[0.780s] Level 1:colcon.colcon_core.environment:checking '/home/qiu/Desktop/ros2_stm32_ws/install/yesense_std_ros2' for CMake module files
[0.780s] Level 1:colcon.colcon_core.environment:checking '/home/qiu/Desktop/ros2_stm32_ws/install/yesense_std_ros2' for CMake config files
[0.780s] Level 1:colcon.colcon_core.shell:create_environment_hook('yesense_std_ros2', 'cmake_prefix_path')
[0.780s] INFO:colcon.colcon_core.shell:Creating environment hook '/home/qiu/Desktop/ros2_stm32_ws/install/yesense_std_ros2/share/yesense_std_ros2/hook/cmake_prefix_path.ps1'
[0.781s] INFO:colcon.colcon_core.shell:Creating environment descriptor '/home/qiu/Desktop/ros2_stm32_ws/install/yesense_std_ros2/share/yesense_std_ros2/hook/cmake_prefix_path.dsv'
[0.781s] INFO:colcon.colcon_core.shell:Creating environment hook '/home/qiu/Desktop/ros2_stm32_ws/install/yesense_std_ros2/share/yesense_std_ros2/hook/cmake_prefix_path.sh'
[0.782s] Level 1:colcon.colcon_core.environment:checking '/home/qiu/Desktop/ros2_stm32_ws/install/yesense_std_ros2/lib'
[0.782s] Level 1:colcon.colcon_core.environment:checking '/home/qiu/Desktop/ros2_stm32_ws/install/yesense_std_ros2/bin'
[0.782s] Level 1:colcon.colcon_core.environment:checking '/home/qiu/Desktop/ros2_stm32_ws/install/yesense_std_ros2/lib/pkgconfig/yesense_std_ros2.pc'
[0.782s] Level 1:colcon.colcon_core.environment:checking '/home/qiu/Desktop/ros2_stm32_ws/install/yesense_std_ros2/lib/python3.10/site-packages'
[0.782s] Level 1:colcon.colcon_core.environment:checking '/home/qiu/Desktop/ros2_stm32_ws/install/yesense_std_ros2/bin'
[0.783s] INFO:colcon.colcon_core.shell:Creating package script '/home/qiu/Desktop/ros2_stm32_ws/install/yesense_std_ros2/share/yesense_std_ros2/package.ps1'
[0.783s] INFO:colcon.colcon_core.shell:Creating package descriptor '/home/qiu/Desktop/ros2_stm32_ws/install/yesense_std_ros2/share/yesense_std_ros2/package.dsv'
[0.783s] INFO:colcon.colcon_core.shell:Creating package script '/home/qiu/Desktop/ros2_stm32_ws/install/yesense_std_ros2/share/yesense_std_ros2/package.sh'
[0.784s] INFO:colcon.colcon_core.shell:Creating package script '/home/qiu/Desktop/ros2_stm32_ws/install/yesense_std_ros2/share/yesense_std_ros2/package.bash'
[0.784s] INFO:colcon.colcon_core.shell:Creating package script '/home/qiu/Desktop/ros2_stm32_ws/install/yesense_std_ros2/share/yesense_std_ros2/package.zsh'
[0.785s] Level 1:colcon.colcon_core.environment:create_file_with_runtime_dependencies(/home/qiu/Desktop/ros2_stm32_ws/install/yesense_std_ros2/share/colcon-core/packages/yesense_std_ros2)
[0.829s] DEBUG:colcon.colcon_core.event_handler.log_command:Invoking command in '/home/qiu/Desktop/ros2_stm32_ws/src/imu_tf_broadcaster': PYTHONPATH=/home/qiu/Desktop/ros2_stm32_ws/build/imu_tf_broadcaster/prefix_override:/usr/lib/python3/dist-packages/colcon_core/task/python/colcon_distutils_commands:/home/qiu/Desktop/ros2_stm32_ws/install/imu_tf_broadcaster/lib/python3.10/site-packages:${PYTHONPATH} /usr/bin/python3 -W ignore:setup.py install is deprecated -W ignore:easy_install command is deprecated setup.py egg_info --egg-base ../../build/imu_tf_broadcaster build --build-base /home/qiu/Desktop/ros2_stm32_ws/build/imu_tf_broadcaster/build install --record /home/qiu/Desktop/ros2_stm32_ws/build/imu_tf_broadcaster/install.log --single-version-externally-managed install_data
[1.006s] Level 1:colcon.colcon_core.environment:checking '/home/qiu/Desktop/ros2_stm32_ws/install/imu_tf_broadcaster' for CMake module files
[1.007s] DEBUG:colcon.colcon_core.event_handler.log_command:Invoked command in '/home/qiu/Desktop/ros2_stm32_ws/src/imu_tf_broadcaster' returned '0': PYTHONPATH=/home/qiu/Desktop/ros2_stm32_ws/build/imu_tf_broadcaster/prefix_override:/usr/lib/python3/dist-packages/colcon_core/task/python/colcon_distutils_commands:/home/qiu/Desktop/ros2_stm32_ws/install/imu_tf_broadcaster/lib/python3.10/site-packages:${PYTHONPATH} /usr/bin/python3 -W ignore:setup.py install is deprecated -W ignore:easy_install command is deprecated setup.py egg_info --egg-base ../../build/imu_tf_broadcaster build --build-base /home/qiu/Desktop/ros2_stm32_ws/build/imu_tf_broadcaster/build install --record /home/qiu/Desktop/ros2_stm32_ws/build/imu_tf_broadcaster/install.log --single-version-externally-managed install_data
[1.007s] Level 1:colcon.colcon_core.environment:checking '/home/qiu/Desktop/ros2_stm32_ws/install/imu_tf_broadcaster' for CMake config files
[1.007s] Level 1:colcon.colcon_core.environment:checking '/home/qiu/Desktop/ros2_stm32_ws/install/imu_tf_broadcaster/lib'
[1.008s] Level 1:colcon.colcon_core.environment:checking '/home/qiu/Desktop/ros2_stm32_ws/install/imu_tf_broadcaster/bin'
[1.008s] Level 1:colcon.colcon_core.environment:checking '/home/qiu/Desktop/ros2_stm32_ws/install/imu_tf_broadcaster/lib/pkgconfig/imu_tf_broadcaster.pc'
[1.008s] Level 1:colcon.colcon_core.environment:checking '/home/qiu/Desktop/ros2_stm32_ws/install/imu_tf_broadcaster/lib/python3.10/site-packages'
[1.008s] Level 1:colcon.colcon_core.shell:create_environment_hook('imu_tf_broadcaster', 'pythonpath')
[1.008s] INFO:colcon.colcon_core.shell:Creating environment hook '/home/qiu/Desktop/ros2_stm32_ws/install/imu_tf_broadcaster/share/imu_tf_broadcaster/hook/pythonpath.ps1'
[1.008s] INFO:colcon.colcon_core.shell:Creating environment descriptor '/home/qiu/Desktop/ros2_stm32_ws/install/imu_tf_broadcaster/share/imu_tf_broadcaster/hook/pythonpath.dsv'
[1.008s] INFO:colcon.colcon_core.shell:Creating environment hook '/home/qiu/Desktop/ros2_stm32_ws/install/imu_tf_broadcaster/share/imu_tf_broadcaster/hook/pythonpath.sh'
[1.009s] Level 1:colcon.colcon_core.environment:checking '/home/qiu/Desktop/ros2_stm32_ws/install/imu_tf_broadcaster/bin'
[1.009s] Level 1:colcon.colcon_core.environment:create_environment_scripts_only(imu_tf_broadcaster)
[1.009s] INFO:colcon.colcon_core.shell:Creating package script '/home/qiu/Desktop/ros2_stm32_ws/install/imu_tf_broadcaster/share/imu_tf_broadcaster/package.ps1'
[1.009s] INFO:colcon.colcon_core.shell:Creating package descriptor '/home/qiu/Desktop/ros2_stm32_ws/install/imu_tf_broadcaster/share/imu_tf_broadcaster/package.dsv'
[1.010s] INFO:colcon.colcon_core.shell:Creating package script '/home/qiu/Desktop/ros2_stm32_ws/install/imu_tf_broadcaster/share/imu_tf_broadcaster/package.sh'
[1.010s] INFO:colcon.colcon_core.shell:Creating package script '/home/qiu/Desktop/ros2_stm32_ws/install/imu_tf_broadcaster/share/imu_tf_broadcaster/package.bash'
[1.010s] INFO:colcon.colcon_core.shell:Creating package script '/home/qiu/Desktop/ros2_stm32_ws/install/imu_tf_broadcaster/share/imu_tf_broadcaster/package.zsh'
[1.010s] Level 1:colcon.colcon_core.environment:create_file_with_runtime_dependencies(/home/qiu/Desktop/ros2_stm32_ws/install/imu_tf_broadcaster/share/colcon-core/packages/imu_tf_broadcaster)
[7.137s] DEBUG:colcon.colcon_core.event_handler.log_command:Invoked command in '/home/qiu/Desktop/ros2_stm32_ws/build/stm32_nav_comm' returned '0': AMENT_PREFIX_PATH=/home/qiu/Desktop/ros2_stm32_ws/install/serial:${AMENT_PREFIX_PATH} CMAKE_PREFIX_PATH=/home/qiu/Desktop/ros2_stm32_ws/install/serial:${CMAKE_PREFIX_PATH} LD_LIBRARY_PATH=/home/qiu/Desktop/ros2_stm32_ws/install/serial/lib:${LD_LIBRARY_PATH} /usr/bin/cmake --build /home/qiu/Desktop/ros2_stm32_ws/build/stm32_nav_comm -- -j16 -l16
[7.139s] DEBUG:colcon.colcon_core.event_handler.log_command:Invoking command in '/home/qiu/Desktop/ros2_stm32_ws/build/stm32_nav_comm': AMENT_PREFIX_PATH=/home/qiu/Desktop/ros2_stm32_ws/install/serial:${AMENT_PREFIX_PATH} CMAKE_PREFIX_PATH=/home/qiu/Desktop/ros2_stm32_ws/install/serial:${CMAKE_PREFIX_PATH} LD_LIBRARY_PATH=/home/qiu/Desktop/ros2_stm32_ws/install/serial/lib:${LD_LIBRARY_PATH} /usr/bin/cmake --install /home/qiu/Desktop/ros2_stm32_ws/build/stm32_nav_comm
[7.154s] Level 1:colcon.colcon_core.environment:create_environment_scripts_only(stm32_nav_comm)
[7.154s] Level 1:colcon.colcon_core.environment:checking '/home/qiu/Desktop/ros2_stm32_ws/install/stm32_nav_comm' for CMake module files
[7.155s] DEBUG:colcon.colcon_core.event_handler.log_command:Invoked command in '/home/qiu/Desktop/ros2_stm32_ws/build/stm32_nav_comm' returned '0': AMENT_PREFIX_PATH=/home/qiu/Desktop/ros2_stm32_ws/install/serial:${AMENT_PREFIX_PATH} CMAKE_PREFIX_PATH=/home/qiu/Desktop/ros2_stm32_ws/install/serial:${CMAKE_PREFIX_PATH} LD_LIBRARY_PATH=/home/qiu/Desktop/ros2_stm32_ws/install/serial/lib:${LD_LIBRARY_PATH} /usr/bin/cmake --install /home/qiu/Desktop/ros2_stm32_ws/build/stm32_nav_comm
[7.155s] Level 1:colcon.colcon_core.environment:checking '/home/qiu/Desktop/ros2_stm32_ws/install/stm32_nav_comm' for CMake config files
[7.155s] Level 1:colcon.colcon_core.shell:create_environment_hook('stm32_nav_comm', 'cmake_prefix_path')
[7.155s] INFO:colcon.colcon_core.shell:Creating environment hook '/home/qiu/Desktop/ros2_stm32_ws/install/stm32_nav_comm/share/stm32_nav_comm/hook/cmake_prefix_path.ps1'
[7.155s] INFO:colcon.colcon_core.shell:Creating environment descriptor '/home/qiu/Desktop/ros2_stm32_ws/install/stm32_nav_comm/share/stm32_nav_comm/hook/cmake_prefix_path.dsv'
[7.156s] INFO:colcon.colcon_core.shell:Creating environment hook '/home/qiu/Desktop/ros2_stm32_ws/install/stm32_nav_comm/share/stm32_nav_comm/hook/cmake_prefix_path.sh'
[7.156s] Level 1:colcon.colcon_core.environment:checking '/home/qiu/Desktop/ros2_stm32_ws/install/stm32_nav_comm/lib'
[7.156s] Level 1:colcon.colcon_core.environment:checking '/home/qiu/Desktop/ros2_stm32_ws/install/stm32_nav_comm/bin'
[7.156s] Level 1:colcon.colcon_core.environment:checking '/home/qiu/Desktop/ros2_stm32_ws/install/stm32_nav_comm/lib/pkgconfig/stm32_nav_comm.pc'
[7.156s] Level 1:colcon.colcon_core.environment:checking '/home/qiu/Desktop/ros2_stm32_ws/install/stm32_nav_comm/lib/python3.10/site-packages'
[7.156s] Level 1:colcon.colcon_core.environment:checking '/home/qiu/Desktop/ros2_stm32_ws/install/stm32_nav_comm/bin'
[7.157s] INFO:colcon.colcon_core.shell:Creating package script '/home/qiu/Desktop/ros2_stm32_ws/install/stm32_nav_comm/share/stm32_nav_comm/package.ps1'
[7.157s] INFO:colcon.colcon_core.shell:Creating package descriptor '/home/qiu/Desktop/ros2_stm32_ws/install/stm32_nav_comm/share/stm32_nav_comm/package.dsv'
[7.157s] INFO:colcon.colcon_core.shell:Creating package script '/home/qiu/Desktop/ros2_stm32_ws/install/stm32_nav_comm/share/stm32_nav_comm/package.sh'
[7.157s] INFO:colcon.colcon_core.shell:Creating package script '/home/qiu/Desktop/ros2_stm32_ws/install/stm32_nav_comm/share/stm32_nav_comm/package.bash'
[7.158s] INFO:colcon.colcon_core.shell:Creating package script '/home/qiu/Desktop/ros2_stm32_ws/install/stm32_nav_comm/share/stm32_nav_comm/package.zsh'
[7.158s] Level 1:colcon.colcon_core.environment:create_file_with_runtime_dependencies(/home/qiu/Desktop/ros2_stm32_ws/install/stm32_nav_comm/share/colcon-core/packages/stm32_nav_comm)
[7.158s] Level 1:colcon.colcon_core.environment:create_environment_scripts_only(stm32_nav_comm)
[7.158s] Level 1:colcon.colcon_core.environment:checking '/home/qiu/Desktop/ros2_stm32_ws/install/stm32_nav_comm' for CMake module files
[7.159s] Level 1:colcon.colcon_core.environment:checking '/home/qiu/Desktop/ros2_stm32_ws/install/stm32_nav_comm' for CMake config files
[7.159s] Level 1:colcon.colcon_core.shell:create_environment_hook('stm32_nav_comm', 'cmake_prefix_path')
[7.159s] INFO:colcon.colcon_core.shell:Creating environment hook '/home/qiu/Desktop/ros2_stm32_ws/install/stm32_nav_comm/share/stm32_nav_comm/hook/cmake_prefix_path.ps1'
[7.159s] INFO:colcon.colcon_core.shell:Creating environment descriptor '/home/qiu/Desktop/ros2_stm32_ws/install/stm32_nav_comm/share/stm32_nav_comm/hook/cmake_prefix_path.dsv'
[7.159s] INFO:colcon.colcon_core.shell:Creating environment hook '/home/qiu/Desktop/ros2_stm32_ws/install/stm32_nav_comm/share/stm32_nav_comm/hook/cmake_prefix_path.sh'
[7.160s] Level 1:colcon.colcon_core.environment:checking '/home/qiu/Desktop/ros2_stm32_ws/install/stm32_nav_comm/lib'
[7.160s] Level 1:colcon.colcon_core.environment:checking '/home/qiu/Desktop/ros2_stm32_ws/install/stm32_nav_comm/bin'
[7.160s] Level 1:colcon.colcon_core.environment:checking '/home/qiu/Desktop/ros2_stm32_ws/install/stm32_nav_comm/lib/pkgconfig/stm32_nav_comm.pc'
[7.160s] Level 1:colcon.colcon_core.environment:checking '/home/qiu/Desktop/ros2_stm32_ws/install/stm32_nav_comm/lib/python3.10/site-packages'
[7.160s] Level 1:colcon.colcon_core.environment:checking '/home/qiu/Desktop/ros2_stm32_ws/install/stm32_nav_comm/bin'
[7.160s] INFO:colcon.colcon_core.shell:Creating package script '/home/qiu/Desktop/ros2_stm32_ws/install/stm32_nav_comm/share/stm32_nav_comm/package.ps1'
[7.161s] INFO:colcon.colcon_core.shell:Creating package descriptor '/home/qiu/Desktop/ros2_stm32_ws/install/stm32_nav_comm/share/stm32_nav_comm/package.dsv'
[7.161s] INFO:colcon.colcon_core.shell:Creating package script '/home/qiu/Desktop/ros2_stm32_ws/install/stm32_nav_comm/share/stm32_nav_comm/package.sh'
[7.161s] INFO:colcon.colcon_core.shell:Creating package script '/home/qiu/Desktop/ros2_stm32_ws/install/stm32_nav_comm/share/stm32_nav_comm/package.bash'
[7.161s] INFO:colcon.colcon_core.shell:Creating package script '/home/qiu/Desktop/ros2_stm32_ws/install/stm32_nav_comm/share/stm32_nav_comm/package.zsh'
[7.162s] Level 1:colcon.colcon_core.environment:create_file_with_runtime_dependencies(/home/qiu/Desktop/ros2_stm32_ws/install/stm32_nav_comm/share/colcon-core/packages/stm32_nav_comm)
[7.162s] INFO:colcon.colcon_ros.task.ament_cmake.build:Building ROS package in '/home/qiu/Desktop/ros2_stm32_ws/src/stm32_nav_bringup' with build type 'ament_cmake'
[7.162s] INFO:colcon.colcon_cmake.task.cmake.build:Building CMake package in '/home/qiu/Desktop/ros2_stm32_ws/src/stm32_nav_bringup'
[7.162s] INFO:colcon.colcon_core.shell:Skip shell extension 'powershell' for command environment: Not usable outside of PowerShell
[7.162s] DEBUG:colcon.colcon_core.shell:Skip shell extension 'dsv' for command environment
[7.177s] DEBUG:colcon.colcon_core.event_handler.log_command:Invoking command in '/home/qiu/Desktop/ros2_stm32_ws/build/stm32_nav_bringup': AMENT_PREFIX_PATH=/home/qiu/Desktop/ros2_stm32_ws/install/yesense_std_ros2:/home/qiu/Desktop/ros2_stm32_ws/install/stm32_nav_comm:/home/qiu/Desktop/ros2_stm32_ws/install/yesense_interface:/home/qiu/Desktop/ros2_stm32_ws/install/sllidar_ros2:/home/qiu/Desktop/ros2_stm32_ws/install/serial:${AMENT_PREFIX_PATH} CMAKE_PREFIX_PATH=/home/qiu/Desktop/ros2_stm32_ws/install/yesense_std_ros2:/home/qiu/Desktop/ros2_stm32_ws/install/stm32_nav_comm:/home/qiu/Desktop/ros2_stm32_ws/install/yesense_interface:/home/qiu/Desktop/ros2_stm32_ws/install/sllidar_ros2:/home/qiu/Desktop/ros2_stm32_ws/install/serial:${CMAKE_PREFIX_PATH} LD_LIBRARY_PATH=/home/qiu/Desktop/ros2_stm32_ws/install/yesense_interface/lib:/home/qiu/Desktop/ros2_stm32_ws/install/serial/lib:${LD_LIBRARY_PATH} PYTHONPATH=/home/qiu/Desktop/ros2_stm32_ws/install/yesense_interface/local/lib/python3.10/dist-packages:${PYTHONPATH} /usr/bin/cmake --build /home/qiu/Desktop/ros2_stm32_ws/build/stm32_nav_bringup -- -j16 -l16
[7.212s] DEBUG:colcon.colcon_core.event_handler.log_command:Invoked command in '/home/qiu/Desktop/ros2_stm32_ws/build/stm32_nav_bringup' returned '0': AMENT_PREFIX_PATH=/home/qiu/Desktop/ros2_stm32_ws/install/yesense_std_ros2:/home/qiu/Desktop/ros2_stm32_ws/install/stm32_nav_comm:/home/qiu/Desktop/ros2_stm32_ws/install/yesense_interface:/home/qiu/Desktop/ros2_stm32_ws/install/sllidar_ros2:/home/qiu/Desktop/ros2_stm32_ws/install/serial:${AMENT_PREFIX_PATH} CMAKE_PREFIX_PATH=/home/qiu/Desktop/ros2_stm32_ws/install/yesense_std_ros2:/home/qiu/Desktop/ros2_stm32_ws/install/stm32_nav_comm:/home/qiu/Desktop/ros2_stm32_ws/install/yesense_interface:/home/qiu/Desktop/ros2_stm32_ws/install/sllidar_ros2:/home/qiu/Desktop/ros2_stm32_ws/install/serial:${CMAKE_PREFIX_PATH} LD_LIBRARY_PATH=/home/qiu/Desktop/ros2_stm32_ws/install/yesense_interface/lib:/home/qiu/Desktop/ros2_stm32_ws/install/serial/lib:${LD_LIBRARY_PATH} PYTHONPATH=/home/qiu/Desktop/ros2_stm32_ws/install/yesense_interface/local/lib/python3.10/dist-packages:${PYTHONPATH} /usr/bin/cmake --build /home/qiu/Desktop/ros2_stm32_ws/build/stm32_nav_bringup -- -j16 -l16
[7.214s] DEBUG:colcon.colcon_core.event_handler.log_command:Invoking command in '/home/qiu/Desktop/ros2_stm32_ws/build/stm32_nav_bringup': AMENT_PREFIX_PATH=/home/qiu/Desktop/ros2_stm32_ws/install/yesense_std_ros2:/home/qiu/Desktop/ros2_stm32_ws/install/stm32_nav_comm:/home/qiu/Desktop/ros2_stm32_ws/install/yesense_interface:/home/qiu/Desktop/ros2_stm32_ws/install/sllidar_ros2:/home/qiu/Desktop/ros2_stm32_ws/install/serial:${AMENT_PREFIX_PATH} CMAKE_PREFIX_PATH=/home/qiu/Desktop/ros2_stm32_ws/install/yesense_std_ros2:/home/qiu/Desktop/ros2_stm32_ws/install/stm32_nav_comm:/home/qiu/Desktop/ros2_stm32_ws/install/yesense_interface:/home/qiu/Desktop/ros2_stm32_ws/install/sllidar_ros2:/home/qiu/Desktop/ros2_stm32_ws/install/serial:${CMAKE_PREFIX_PATH} LD_LIBRARY_PATH=/home/qiu/Desktop/ros2_stm32_ws/install/yesense_interface/lib:/home/qiu/Desktop/ros2_stm32_ws/install/serial/lib:${LD_LIBRARY_PATH} PYTHONPATH=/home/qiu/Desktop/ros2_stm32_ws/install/yesense_interface/local/lib/python3.10/dist-packages:${PYTHONPATH} /usr/bin/cmake --install /home/qiu/Desktop/ros2_stm32_ws/build/stm32_nav_bringup
[7.223s] Level 1:colcon.colcon_core.environment:create_environment_scripts_only(stm32_nav_bringup)
[7.224s] Level 1:colcon.colcon_core.environment:checking '/home/qiu/Desktop/ros2_stm32_ws/install/stm32_nav_bringup' for CMake module files
[7.224s] DEBUG:colcon.colcon_core.event_handler.log_command:Invoked command in '/home/qiu/Desktop/ros2_stm32_ws/build/stm32_nav_bringup' returned '0': AMENT_PREFIX_PATH=/home/qiu/Desktop/ros2_stm32_ws/install/yesense_std_ros2:/home/qiu/Desktop/ros2_stm32_ws/install/stm32_nav_comm:/home/qiu/Desktop/ros2_stm32_ws/install/yesense_interface:/home/qiu/Desktop/ros2_stm32_ws/install/sllidar_ros2:/home/qiu/Desktop/ros2_stm32_ws/install/serial:${AMENT_PREFIX_PATH} CMAKE_PREFIX_PATH=/home/qiu/Desktop/ros2_stm32_ws/install/yesense_std_ros2:/home/qiu/Desktop/ros2_stm32_ws/install/stm32_nav_comm:/home/qiu/Desktop/ros2_stm32_ws/install/yesense_interface:/home/qiu/Desktop/ros2_stm32_ws/install/sllidar_ros2:/home/qiu/Desktop/ros2_stm32_ws/install/serial:${CMAKE_PREFIX_PATH} LD_LIBRARY_PATH=/home/qiu/Desktop/ros2_stm32_ws/install/yesense_interface/lib:/home/qiu/Desktop/ros2_stm32_ws/install/serial/lib:${LD_LIBRARY_PATH} PYTHONPATH=/home/qiu/Desktop/ros2_stm32_ws/install/yesense_interface/local/lib/python3.10/dist-packages:${PYTHONPATH} /usr/bin/cmake --install /home/qiu/Desktop/ros2_stm32_ws/build/stm32_nav_bringup
[7.225s] Level 1:colcon.colcon_core.environment:checking '/home/qiu/Desktop/ros2_stm32_ws/install/stm32_nav_bringup' for CMake config files
[7.225s] Level 1:colcon.colcon_core.shell:create_environment_hook('stm32_nav_bringup', 'cmake_prefix_path')
[7.225s] INFO:colcon.colcon_core.shell:Creating environment hook '/home/qiu/Desktop/ros2_stm32_ws/install/stm32_nav_bringup/share/stm32_nav_bringup/hook/cmake_prefix_path.ps1'
[7.225s] INFO:colcon.colcon_core.shell:Creating environment descriptor '/home/qiu/Desktop/ros2_stm32_ws/install/stm32_nav_bringup/share/stm32_nav_bringup/hook/cmake_prefix_path.dsv'
[7.226s] INFO:colcon.colcon_core.shell:Creating environment hook '/home/qiu/Desktop/ros2_stm32_ws/install/stm32_nav_bringup/share/stm32_nav_bringup/hook/cmake_prefix_path.sh'
[7.226s] Level 1:colcon.colcon_core.environment:checking '/home/qiu/Desktop/ros2_stm32_ws/install/stm32_nav_bringup/bin'
[7.226s] Level 1:colcon.colcon_core.environment:checking '/home/qiu/Desktop/ros2_stm32_ws/install/stm32_nav_bringup/lib/pkgconfig/stm32_nav_bringup.pc'
[7.227s] Level 1:colcon.colcon_core.environment:checking '/home/qiu/Desktop/ros2_stm32_ws/install/stm32_nav_bringup/lib/python3.10/site-packages'
[7.227s] Level 1:colcon.colcon_core.environment:checking '/home/qiu/Desktop/ros2_stm32_ws/install/stm32_nav_bringup/bin'
[7.227s] INFO:colcon.colcon_core.shell:Creating package script '/home/qiu/Desktop/ros2_stm32_ws/install/stm32_nav_bringup/share/stm32_nav_bringup/package.ps1'
[7.227s] INFO:colcon.colcon_core.shell:Creating package descriptor '/home/qiu/Desktop/ros2_stm32_ws/install/stm32_nav_bringup/share/stm32_nav_bringup/package.dsv'
[7.228s] INFO:colcon.colcon_core.shell:Creating package script '/home/qiu/Desktop/ros2_stm32_ws/install/stm32_nav_bringup/share/stm32_nav_bringup/package.sh'
[7.228s] INFO:colcon.colcon_core.shell:Creating package script '/home/qiu/Desktop/ros2_stm32_ws/install/stm32_nav_bringup/share/stm32_nav_bringup/package.bash'
[7.228s] INFO:colcon.colcon_core.shell:Creating package script '/home/qiu/Desktop/ros2_stm32_ws/install/stm32_nav_bringup/share/stm32_nav_bringup/package.zsh'
[7.228s] Level 1:colcon.colcon_core.environment:create_file_with_runtime_dependencies(/home/qiu/Desktop/ros2_stm32_ws/install/stm32_nav_bringup/share/colcon-core/packages/stm32_nav_bringup)
[7.229s] Level 1:colcon.colcon_core.environment:create_environment_scripts_only(stm32_nav_bringup)
[7.229s] Level 1:colcon.colcon_core.environment:checking '/home/qiu/Desktop/ros2_stm32_ws/install/stm32_nav_bringup' for CMake module files
[7.229s] Level 1:colcon.colcon_core.environment:checking '/home/qiu/Desktop/ros2_stm32_ws/install/stm32_nav_bringup' for CMake config files
[7.230s] Level 1:colcon.colcon_core.shell:create_environment_hook('stm32_nav_bringup', 'cmake_prefix_path')
[7.230s] INFO:colcon.colcon_core.shell:Creating environment hook '/home/qiu/Desktop/ros2_stm32_ws/install/stm32_nav_bringup/share/stm32_nav_bringup/hook/cmake_prefix_path.ps1'
[7.230s] INFO:colcon.colcon_core.shell:Creating environment descriptor '/home/qiu/Desktop/ros2_stm32_ws/install/stm32_nav_bringup/share/stm32_nav_bringup/hook/cmake_prefix_path.dsv'
[7.230s] INFO:colcon.colcon_core.shell:Creating environment hook '/home/qiu/Desktop/ros2_stm32_ws/install/stm32_nav_bringup/share/stm32_nav_bringup/hook/cmake_prefix_path.sh'
[7.231s] Level 1:colcon.colcon_core.environment:checking '/home/qiu/Desktop/ros2_stm32_ws/install/stm32_nav_bringup/bin'
[7.231s] Level 1:colcon.colcon_core.environment:checking '/home/qiu/Desktop/ros2_stm32_ws/install/stm32_nav_bringup/lib/pkgconfig/stm32_nav_bringup.pc'
[7.231s] Level 1:colcon.colcon_core.environment:checking '/home/qiu/Desktop/ros2_stm32_ws/install/stm32_nav_bringup/lib/python3.10/site-packages'
[7.231s] Level 1:colcon.colcon_core.environment:checking '/home/qiu/Desktop/ros2_stm32_ws/install/stm32_nav_bringup/bin'
[7.231s] INFO:colcon.colcon_core.shell:Creating package script '/home/qiu/Desktop/ros2_stm32_ws/install/stm32_nav_bringup/share/stm32_nav_bringup/package.ps1'
[7.232s] INFO:colcon.colcon_core.shell:Creating package descriptor '/home/qiu/Desktop/ros2_stm32_ws/install/stm32_nav_bringup/share/stm32_nav_bringup/package.dsv'
[7.232s] INFO:colcon.colcon_core.shell:Creating package script '/home/qiu/Desktop/ros2_stm32_ws/install/stm32_nav_bringup/share/stm32_nav_bringup/package.sh'
[7.232s] INFO:colcon.colcon_core.shell:Creating package script '/home/qiu/Desktop/ros2_stm32_ws/install/stm32_nav_bringup/share/stm32_nav_bringup/package.bash'
[7.232s] INFO:colcon.colcon_core.shell:Creating package script '/home/qiu/Desktop/ros2_stm32_ws/install/stm32_nav_bringup/share/stm32_nav_bringup/package.zsh'
[7.233s] Level 1:colcon.colcon_core.environment:create_file_with_runtime_dependencies(/home/qiu/Desktop/ros2_stm32_ws/install/stm32_nav_bringup/share/colcon-core/packages/stm32_nav_bringup)
[7.233s] DEBUG:colcon.colcon_parallel_executor.executor.parallel:closing loop
[7.233s] DEBUG:colcon.colcon_parallel_executor.executor.parallel:loop closed
[7.233s] DEBUG:colcon.colcon_parallel_executor.executor.parallel:run_until_complete finished with '0'
[7.233s] DEBUG:colcon.colcon_core.event_reactor:joining thread
[7.239s] INFO:colcon.colcon_core.plugin_system:Skipping extension 'colcon_notification.desktop_notification.terminal_notifier': Not used on non-Darwin systems
[7.239s] INFO:colcon.colcon_core.plugin_system:Skipping extension 'colcon_notification.desktop_notification.win32': Not used on non-Windows systems
[7.239s] INFO:colcon.colcon_notification.desktop_notification:Sending desktop notification using 'notify2'
[7.250s] DEBUG:colcon.colcon_core.event_reactor:joined thread
[7.250s] INFO:colcon.colcon_core.shell:Creating prefix script '/home/qiu/Desktop/ros2_stm32_ws/install/local_setup.ps1'
[7.251s] INFO:colcon.colcon_core.shell:Creating prefix util module '/home/qiu/Desktop/ros2_stm32_ws/install/_local_setup_util_ps1.py'
[7.252s] INFO:colcon.colcon_core.shell:Creating prefix chain script '/home/qiu/Desktop/ros2_stm32_ws/install/setup.ps1'
[7.254s] INFO:colcon.colcon_core.shell:Creating prefix script '/home/qiu/Desktop/ros2_stm32_ws/install/local_setup.sh'
[7.254s] INFO:colcon.colcon_core.shell:Creating prefix util module '/home/qiu/Desktop/ros2_stm32_ws/install/_local_setup_util_sh.py'
[7.255s] INFO:colcon.colcon_core.shell:Creating prefix chain script '/home/qiu/Desktop/ros2_stm32_ws/install/setup.sh'
[7.255s] INFO:colcon.colcon_core.shell:Creating prefix script '/home/qiu/Desktop/ros2_stm32_ws/install/local_setup.bash'
[7.256s] INFO:colcon.colcon_core.shell:Creating prefix chain script '/home/qiu/Desktop/ros2_stm32_ws/install/setup.bash'
[7.257s] INFO:colcon.colcon_core.shell:Creating prefix script '/home/qiu/Desktop/ros2_stm32_ws/install/local_setup.zsh'
[7.257s] INFO:colcon.colcon_core.shell:Creating prefix chain script '/home/qiu/Desktop/ros2_stm32_ws/install/setup.zsh'
