[0.320s] DEBUG:colcon:Command line arguments: ['/usr/bin/colcon', 'build', '--packages-select', 'sllidar_ros2']
[0.321s] DEBUG:colcon:Parsed command line arguments: Namespace(log_base=None, log_level=None, verb_name='build', build_base='build', install_base='install', merge_install=False, symlink_install=False, test_result_base=None, continue_on_error=False, executor='parallel', parallel_workers=4, event_handlers=None, ignore_user_meta=False, metas=['./colcon.meta'], base_paths=['.'], packages_ignore=None, packages_ignore_regex=None, paths=None, packages_up_to=None, packages_up_to_regex=None, packages_above=None, packages_above_and_dependencies=None, packages_above_depth=None, packages_select_by_dep=None, packages_skip_by_dep=None, packages_skip_up_to=None, packages_select_build_failed=False, packages_skip_build_finished=False, packages_select_test_failures=False, packages_skip_test_passed=False, packages_select=['sllidar_ros2'], packages_skip=None, packages_select_regex=None, packages_skip_regex=None, packages_start=None, packages_end=None, allow_overriding=[], cmake_args=None, cmake_target=None, cmake_target_skip_unavailable=False, cmake_clean_cache=False, cmake_clean_first=False, cmake_force_configure=False, ament_cmake_args=None, catkin_cmake_args=None, catkin_skip_building_tests=False, verb_parser=<colcon_defaults.argument_parser.defaults.DefaultArgumentsDecorator object at 0x7ba9bb3eb640>, verb_extension=<colcon_core.verb.build.BuildVerb object at 0x7ba9bb530a60>, main=<bound method BuildVerb.main of <colcon_core.verb.build.BuildVerb object at 0x7ba9bb530a60>>)
[0.948s] Level 1:colcon.colcon_core.package_discovery:discover_packages(colcon_meta) check parameters
[0.948s] Level 1:colcon.colcon_core.package_discovery:discover_packages(recursive) check parameters
[0.949s] Level 1:colcon.colcon_core.package_discovery:discover_packages(ignore) check parameters
[0.949s] Level 1:colcon.colcon_core.package_discovery:discover_packages(path) check parameters
[0.949s] Level 1:colcon.colcon_core.package_discovery:discover_packages(colcon_meta) discover
[0.949s] Level 1:colcon.colcon_core.package_discovery:discover_packages(recursive) discover
[0.949s] INFO:colcon.colcon_core.package_discovery:Crawling recursively for packages in '/home/ros/ros2_stm32_ws/src'
[0.949s] Level 1:colcon.colcon_core.package_identification:_identify(.) by extensions ['ignore', 'ignore_ament_install']
[0.949s] Level 1:colcon.colcon_core.package_identification:_identify(.) by extension 'ignore'
[0.949s] Level 1:colcon.colcon_core.package_identification:_identify(.) by extension 'ignore_ament_install'
[0.950s] Level 1:colcon.colcon_core.package_identification:_identify(.) by extensions ['colcon_pkg']
[0.950s] Level 1:colcon.colcon_core.package_identification:_identify(.) by extension 'colcon_pkg'
[0.950s] Level 1:colcon.colcon_core.package_identification:_identify(.) by extensions ['colcon_meta']
[0.950s] Level 1:colcon.colcon_core.package_identification:_identify(.) by extension 'colcon_meta'
[0.950s] Level 1:colcon.colcon_core.package_identification:_identify(.) by extensions ['ros']
[0.950s] Level 1:colcon.colcon_core.package_identification:_identify(.) by extension 'ros'
[0.985s] Level 1:colcon.colcon_core.package_identification:_identify(.) by extensions ['cmake', 'python']
[0.985s] Level 1:colcon.colcon_core.package_identification:_identify(.) by extension 'cmake'
[0.985s] Level 1:colcon.colcon_core.package_identification:_identify(.) by extension 'python'
[0.985s] Level 1:colcon.colcon_core.package_identification:_identify(.) by extensions ['python_setup_py']
[0.985s] Level 1:colcon.colcon_core.package_identification:_identify(.) by extension 'python_setup_py'
[0.985s] Level 1:colcon.colcon_core.package_identification:_identify(build) by extensions ['ignore', 'ignore_ament_install']
[0.986s] Level 1:colcon.colcon_core.package_identification:_identify(build) by extension 'ignore'
[0.986s] Level 1:colcon.colcon_core.package_identification:_identify(build) ignored
[0.986s] Level 1:colcon.colcon_core.package_identification:_identify(imu_tf_broadcaster) by extensions ['ignore', 'ignore_ament_install']
[0.986s] Level 1:colcon.colcon_core.package_identification:_identify(imu_tf_broadcaster) by extension 'ignore'
[0.987s] Level 1:colcon.colcon_core.package_identification:_identify(imu_tf_broadcaster) by extension 'ignore_ament_install'
[0.987s] Level 1:colcon.colcon_core.package_identification:_identify(imu_tf_broadcaster) by extensions ['colcon_pkg']
[0.987s] Level 1:colcon.colcon_core.package_identification:_identify(imu_tf_broadcaster) by extension 'colcon_pkg'
[0.987s] Level 1:colcon.colcon_core.package_identification:_identify(imu_tf_broadcaster) by extensions ['colcon_meta']
[0.987s] Level 1:colcon.colcon_core.package_identification:_identify(imu_tf_broadcaster) by extension 'colcon_meta'
[0.987s] Level 1:colcon.colcon_core.package_identification:_identify(imu_tf_broadcaster) by extensions ['ros']
[0.987s] Level 1:colcon.colcon_core.package_identification:_identify(imu_tf_broadcaster) by extension 'ros'
[0.995s] DEBUG:colcon.colcon_core.package_identification:Package 'imu_tf_broadcaster' with type 'ros.ament_python' and name 'imu_tf_broadcaster'
[0.996s] Level 1:colcon.colcon_core.package_identification:_identify(install) by extensions ['ignore', 'ignore_ament_install']
[0.996s] Level 1:colcon.colcon_core.package_identification:_identify(install) by extension 'ignore'
[0.996s] Level 1:colcon.colcon_core.package_identification:_identify(install) ignored
[0.996s] Level 1:colcon.colcon_core.package_identification:_identify(log) by extensions ['ignore', 'ignore_ament_install']
[0.996s] Level 1:colcon.colcon_core.package_identification:_identify(log) by extension 'ignore'
[0.997s] Level 1:colcon.colcon_core.package_identification:_identify(log) ignored
[0.997s] Level 1:colcon.colcon_core.package_identification:_identify(serial_ros2) by extensions ['ignore', 'ignore_ament_install']
[0.997s] Level 1:colcon.colcon_core.package_identification:_identify(serial_ros2) by extension 'ignore'
[0.997s] Level 1:colcon.colcon_core.package_identification:_identify(serial_ros2) by extension 'ignore_ament_install'
[0.997s] Level 1:colcon.colcon_core.package_identification:_identify(serial_ros2) by extensions ['colcon_pkg']
[0.997s] Level 1:colcon.colcon_core.package_identification:_identify(serial_ros2) by extension 'colcon_pkg'
[0.998s] Level 1:colcon.colcon_core.package_identification:_identify(serial_ros2) by extensions ['colcon_meta']
[0.998s] Level 1:colcon.colcon_core.package_identification:_identify(serial_ros2) by extension 'colcon_meta'
[0.998s] Level 1:colcon.colcon_core.package_identification:_identify(serial_ros2) by extensions ['ros']
[0.998s] Level 1:colcon.colcon_core.package_identification:_identify(serial_ros2) by extension 'ros'
[1.000s] DEBUG:colcon.colcon_core.package_identification:Package 'serial_ros2' with type 'ros.ament_cmake' and name 'serial'
[1.000s] Level 1:colcon.colcon_core.package_identification:_identify(sllidar_ros2) by extensions ['ignore', 'ignore_ament_install']
[1.000s] Level 1:colcon.colcon_core.package_identification:_identify(sllidar_ros2) by extension 'ignore'
[1.000s] Level 1:colcon.colcon_core.package_identification:_identify(sllidar_ros2) by extension 'ignore_ament_install'
[1.001s] Level 1:colcon.colcon_core.package_identification:_identify(sllidar_ros2) by extensions ['colcon_pkg']
[1.001s] Level 1:colcon.colcon_core.package_identification:_identify(sllidar_ros2) by extension 'colcon_pkg'
[1.001s] Level 1:colcon.colcon_core.package_identification:_identify(sllidar_ros2) by extensions ['colcon_meta']
[1.001s] Level 1:colcon.colcon_core.package_identification:_identify(sllidar_ros2) by extension 'colcon_meta'
[1.001s] Level 1:colcon.colcon_core.package_identification:_identify(sllidar_ros2) by extensions ['ros']
[1.001s] Level 1:colcon.colcon_core.package_identification:_identify(sllidar_ros2) by extension 'ros'
[1.003s] DEBUG:colcon.colcon_core.package_identification:Package 'sllidar_ros2' with type 'ros.ament_cmake' and name 'sllidar_ros2'
[1.003s] Level 1:colcon.colcon_core.package_identification:_identify(stm32_nav_bringup成功版) by extensions ['ignore', 'ignore_ament_install']
[1.004s] Level 1:colcon.colcon_core.package_identification:_identify(stm32_nav_bringup成功版) by extension 'ignore'
[1.004s] Level 1:colcon.colcon_core.package_identification:_identify(stm32_nav_bringup成功版) by extension 'ignore_ament_install'
[1.004s] Level 1:colcon.colcon_core.package_identification:_identify(stm32_nav_bringup成功版) by extensions ['colcon_pkg']
[1.004s] Level 1:colcon.colcon_core.package_identification:_identify(stm32_nav_bringup成功版) by extension 'colcon_pkg'
[1.004s] Level 1:colcon.colcon_core.package_identification:_identify(stm32_nav_bringup成功版) by extensions ['colcon_meta']
[1.004s] Level 1:colcon.colcon_core.package_identification:_identify(stm32_nav_bringup成功版) by extension 'colcon_meta'
[1.004s] Level 1:colcon.colcon_core.package_identification:_identify(stm32_nav_bringup成功版) by extensions ['ros']
[1.004s] Level 1:colcon.colcon_core.package_identification:_identify(stm32_nav_bringup成功版) by extension 'ros'
[1.007s] DEBUG:colcon.colcon_core.package_identification:Package 'stm32_nav_bringup成功版' with type 'ros.ament_cmake' and name 'stm32_nav_bringup'
[1.008s] Level 1:colcon.colcon_core.package_identification:_identify(stm32_nav_comm) by extensions ['ignore', 'ignore_ament_install']
[1.008s] Level 1:colcon.colcon_core.package_identification:_identify(stm32_nav_comm) by extension 'ignore'
[1.008s] Level 1:colcon.colcon_core.package_identification:_identify(stm32_nav_comm) by extension 'ignore_ament_install'
[1.008s] Level 1:colcon.colcon_core.package_identification:_identify(stm32_nav_comm) by extensions ['colcon_pkg']
[1.008s] Level 1:colcon.colcon_core.package_identification:_identify(stm32_nav_comm) by extension 'colcon_pkg'
[1.008s] Level 1:colcon.colcon_core.package_identification:_identify(stm32_nav_comm) by extensions ['colcon_meta']
[1.008s] Level 1:colcon.colcon_core.package_identification:_identify(stm32_nav_comm) by extension 'colcon_meta'
[1.008s] Level 1:colcon.colcon_core.package_identification:_identify(stm32_nav_comm) by extensions ['ros']
[1.008s] Level 1:colcon.colcon_core.package_identification:_identify(stm32_nav_comm) by extension 'ros'
[1.012s] DEBUG:colcon.colcon_core.package_identification:Package 'stm32_nav_comm' with type 'ros.ament_cmake' and name 'stm32_nav_comm'
[1.012s] Level 1:colcon.colcon_core.package_identification:_identify(yesense_ros2) by extensions ['ignore', 'ignore_ament_install']
[1.012s] Level 1:colcon.colcon_core.package_identification:_identify(yesense_ros2) by extension 'ignore'
[1.013s] Level 1:colcon.colcon_core.package_identification:_identify(yesense_ros2) by extension 'ignore_ament_install'
[1.013s] Level 1:colcon.colcon_core.package_identification:_identify(yesense_ros2) by extensions ['colcon_pkg']
[1.013s] Level 1:colcon.colcon_core.package_identification:_identify(yesense_ros2) by extension 'colcon_pkg'
[1.013s] Level 1:colcon.colcon_core.package_identification:_identify(yesense_ros2) by extensions ['colcon_meta']
[1.013s] Level 1:colcon.colcon_core.package_identification:_identify(yesense_ros2) by extension 'colcon_meta'
[1.013s] Level 1:colcon.colcon_core.package_identification:_identify(yesense_ros2) by extensions ['ros']
[1.013s] Level 1:colcon.colcon_core.package_identification:_identify(yesense_ros2) by extension 'ros'
[1.013s] Level 1:colcon.colcon_core.package_identification:_identify(yesense_ros2) by extensions ['cmake', 'python']
[1.013s] Level 1:colcon.colcon_core.package_identification:_identify(yesense_ros2) by extension 'cmake'
[1.014s] Level 1:colcon.colcon_core.package_identification:_identify(yesense_ros2) by extension 'python'
[1.014s] Level 1:colcon.colcon_core.package_identification:_identify(yesense_ros2) by extensions ['python_setup_py']
[1.014s] Level 1:colcon.colcon_core.package_identification:_identify(yesense_ros2) by extension 'python_setup_py'
[1.014s] Level 1:colcon.colcon_core.package_identification:_identify(yesense_ros2/yesense_interface) by extensions ['ignore', 'ignore_ament_install']
[1.014s] Level 1:colcon.colcon_core.package_identification:_identify(yesense_ros2/yesense_interface) by extension 'ignore'
[1.015s] Level 1:colcon.colcon_core.package_identification:_identify(yesense_ros2/yesense_interface) by extension 'ignore_ament_install'
[1.015s] Level 1:colcon.colcon_core.package_identification:_identify(yesense_ros2/yesense_interface) by extensions ['colcon_pkg']
[1.015s] Level 1:colcon.colcon_core.package_identification:_identify(yesense_ros2/yesense_interface) by extension 'colcon_pkg'
[1.015s] Level 1:colcon.colcon_core.package_identification:_identify(yesense_ros2/yesense_interface) by extensions ['colcon_meta']
[1.015s] Level 1:colcon.colcon_core.package_identification:_identify(yesense_ros2/yesense_interface) by extension 'colcon_meta'
[1.015s] Level 1:colcon.colcon_core.package_identification:_identify(yesense_ros2/yesense_interface) by extensions ['ros']
[1.015s] Level 1:colcon.colcon_core.package_identification:_identify(yesense_ros2/yesense_interface) by extension 'ros'
[1.017s] DEBUG:colcon.colcon_core.package_identification:Package 'yesense_ros2/yesense_interface' with type 'ros.ament_cmake' and name 'yesense_interface'
[1.017s] Level 1:colcon.colcon_core.package_identification:_identify(yesense_ros2/yesense_std_ros2) by extensions ['ignore', 'ignore_ament_install']
[1.017s] Level 1:colcon.colcon_core.package_identification:_identify(yesense_ros2/yesense_std_ros2) by extension 'ignore'
[1.018s] Level 1:colcon.colcon_core.package_identification:_identify(yesense_ros2/yesense_std_ros2) by extension 'ignore_ament_install'
[1.018s] Level 1:colcon.colcon_core.package_identification:_identify(yesense_ros2/yesense_std_ros2) by extensions ['colcon_pkg']
[1.018s] Level 1:colcon.colcon_core.package_identification:_identify(yesense_ros2/yesense_std_ros2) by extension 'colcon_pkg'
[1.018s] Level 1:colcon.colcon_core.package_identification:_identify(yesense_ros2/yesense_std_ros2) by extensions ['colcon_meta']
[1.018s] Level 1:colcon.colcon_core.package_identification:_identify(yesense_ros2/yesense_std_ros2) by extension 'colcon_meta'
[1.018s] Level 1:colcon.colcon_core.package_identification:_identify(yesense_ros2/yesense_std_ros2) by extensions ['ros']
[1.018s] Level 1:colcon.colcon_core.package_identification:_identify(yesense_ros2/yesense_std_ros2) by extension 'ros'
[1.021s] DEBUG:colcon.colcon_core.package_identification:Package 'yesense_ros2/yesense_std_ros2' with type 'ros.ament_cmake' and name 'yesense_std_ros2'
[1.022s] Level 1:colcon.colcon_core.package_discovery:discover_packages(recursive) using defaults
[1.022s] Level 1:colcon.colcon_core.package_discovery:discover_packages(ignore) discover
[1.022s] Level 1:colcon.colcon_core.package_discovery:discover_packages(ignore) using defaults
[1.022s] Level 1:colcon.colcon_core.package_discovery:discover_packages(path) discover
[1.022s] Level 1:colcon.colcon_core.package_discovery:discover_packages(path) using defaults
[1.082s] INFO:colcon.colcon_core.package_selection:Skipping not selected package 'imu_tf_broadcaster' in 'imu_tf_broadcaster'
[1.082s] INFO:colcon.colcon_core.package_selection:Skipping not selected package 'serial' in 'serial_ros2'
[1.082s] INFO:colcon.colcon_core.package_selection:Skipping not selected package 'yesense_interface' in 'yesense_ros2/yesense_interface'
[1.082s] INFO:colcon.colcon_core.package_selection:Skipping not selected package 'stm32_nav_bringup' in 'stm32_nav_bringup成功版'
[1.082s] INFO:colcon.colcon_core.package_selection:Skipping not selected package 'stm32_nav_comm' in 'stm32_nav_comm'
[1.082s] INFO:colcon.colcon_core.package_selection:Skipping not selected package 'yesense_std_ros2' in 'yesense_ros2/yesense_std_ros2'
[1.083s] Level 1:colcon.colcon_core.package_discovery:discover_packages(prefix_path) check parameters
[1.083s] Level 1:colcon.colcon_core.package_discovery:discover_packages(prefix_path) discover
[1.092s] DEBUG:colcon.colcon_installed_package_information.package_discovery:Found 271 installed packages in /opt/ros/humble
[1.114s] Level 1:colcon.colcon_core.package_discovery:discover_packages(prefix_path) using defaults
[1.218s] Level 5:colcon.colcon_core.verb:set package 'sllidar_ros2' build argument 'cmake_args' from command line to 'None'
[1.218s] Level 5:colcon.colcon_core.verb:set package 'sllidar_ros2' build argument 'cmake_target' from command line to 'None'
[1.218s] Level 5:colcon.colcon_core.verb:set package 'sllidar_ros2' build argument 'cmake_target_skip_unavailable' from command line to 'False'
[1.218s] Level 5:colcon.colcon_core.verb:set package 'sllidar_ros2' build argument 'cmake_clean_cache' from command line to 'False'
[1.218s] Level 5:colcon.colcon_core.verb:set package 'sllidar_ros2' build argument 'cmake_clean_first' from command line to 'False'
[1.218s] Level 5:colcon.colcon_core.verb:set package 'sllidar_ros2' build argument 'cmake_force_configure' from command line to 'False'
[1.218s] Level 5:colcon.colcon_core.verb:set package 'sllidar_ros2' build argument 'ament_cmake_args' from command line to 'None'
[1.219s] Level 5:colcon.colcon_core.verb:set package 'sllidar_ros2' build argument 'catkin_cmake_args' from command line to 'None'
[1.219s] Level 5:colcon.colcon_core.verb:set package 'sllidar_ros2' build argument 'catkin_skip_building_tests' from command line to 'False'
[1.219s] DEBUG:colcon.colcon_core.verb:Building package 'sllidar_ros2' with the following arguments: {'ament_cmake_args': None, 'build_base': '/home/ros/ros2_stm32_ws/src/build/sllidar_ros2', 'catkin_cmake_args': None, 'catkin_skip_building_tests': False, 'cmake_args': None, 'cmake_clean_cache': False, 'cmake_clean_first': False, 'cmake_force_configure': False, 'cmake_target': None, 'cmake_target_skip_unavailable': False, 'install_base': '/home/ros/ros2_stm32_ws/src/install/sllidar_ros2', 'merge_install': False, 'path': '/home/ros/ros2_stm32_ws/src/sllidar_ros2', 'symlink_install': False, 'test_result_base': None}
[1.219s] INFO:colcon.colcon_core.executor:Executing jobs using 'parallel' executor
[1.222s] DEBUG:colcon.colcon_parallel_executor.executor.parallel:run_until_complete
[1.222s] INFO:colcon.colcon_ros.task.ament_cmake.build:Building ROS package in '/home/ros/ros2_stm32_ws/src/sllidar_ros2' with build type 'ament_cmake'
[1.222s] INFO:colcon.colcon_cmake.task.cmake.build:Building CMake package in '/home/ros/ros2_stm32_ws/src/sllidar_ros2'
[1.232s] INFO:colcon.colcon_core.plugin_system:Skipping extension 'colcon_core.shell.bat': Not used on non-Windows systems
[1.233s] INFO:colcon.colcon_core.shell:Skip shell extension 'powershell' for command environment: Not usable outside of PowerShell
[1.233s] DEBUG:colcon.colcon_core.shell:Skip shell extension 'dsv' for command environment
[1.253s] DEBUG:colcon.colcon_core.event_handler.log_command:Invoking command in '/home/ros/ros2_stm32_ws/src/build/sllidar_ros2': CMAKE_PREFIX_PATH=/opt/ros/humble /usr/bin/cmake /home/ros/ros2_stm32_ws/src/sllidar_ros2 -DCMAKE_INSTALL_PREFIX=/home/ros/ros2_stm32_ws/src/install/sllidar_ros2
[5.086s] DEBUG:colcon.colcon_core.event_handler.log_command:Invoked command in '/home/ros/ros2_stm32_ws/src/build/sllidar_ros2' returned '0': CMAKE_PREFIX_PATH=/opt/ros/humble /usr/bin/cmake /home/ros/ros2_stm32_ws/src/sllidar_ros2 -DCMAKE_INSTALL_PREFIX=/home/ros/ros2_stm32_ws/src/install/sllidar_ros2
[5.089s] DEBUG:colcon.colcon_core.event_handler.log_command:Invoking command in '/home/ros/ros2_stm32_ws/src/build/sllidar_ros2': CMAKE_PREFIX_PATH=/opt/ros/humble /usr/bin/cmake --build /home/ros/ros2_stm32_ws/src/build/sllidar_ros2 -- -j4 -l4
[37.932s] DEBUG:colcon.colcon_core.event_handler.log_command:Invoked command in '/home/ros/ros2_stm32_ws/src/build/sllidar_ros2' returned '0': CMAKE_PREFIX_PATH=/opt/ros/humble /usr/bin/cmake --build /home/ros/ros2_stm32_ws/src/build/sllidar_ros2 -- -j4 -l4
[38.126s] DEBUG:colcon.colcon_core.event_handler.log_command:Invoking command in '/home/ros/ros2_stm32_ws/src/build/sllidar_ros2': CMAKE_PREFIX_PATH=/opt/ros/humble /usr/bin/cmake --install /home/ros/ros2_stm32_ws/src/build/sllidar_ros2
[38.188s] Level 1:colcon.colcon_core.environment:create_environment_scripts_only(sllidar_ros2)
[38.203s] DEBUG:colcon.colcon_core.event_handler.log_command:Invoked command in '/home/ros/ros2_stm32_ws/src/build/sllidar_ros2' returned '0': CMAKE_PREFIX_PATH=/opt/ros/humble /usr/bin/cmake --install /home/ros/ros2_stm32_ws/src/build/sllidar_ros2
[38.331s] Level 1:colcon.colcon_core.environment:checking '/home/ros/ros2_stm32_ws/src/install/sllidar_ros2' for CMake module files
[38.335s] Level 1:colcon.colcon_core.environment:checking '/home/ros/ros2_stm32_ws/src/install/sllidar_ros2' for CMake config files
[38.337s] Level 1:colcon.colcon_core.shell:create_environment_hook('sllidar_ros2', 'cmake_prefix_path')
[38.348s] INFO:colcon.colcon_core.shell:Creating environment hook '/home/ros/ros2_stm32_ws/src/install/sllidar_ros2/share/sllidar_ros2/hook/cmake_prefix_path.ps1'
[38.390s] INFO:colcon.colcon_core.shell:Creating environment descriptor '/home/ros/ros2_stm32_ws/src/install/sllidar_ros2/share/sllidar_ros2/hook/cmake_prefix_path.dsv'
[38.395s] INFO:colcon.colcon_core.shell:Creating environment hook '/home/ros/ros2_stm32_ws/src/install/sllidar_ros2/share/sllidar_ros2/hook/cmake_prefix_path.sh'
[38.405s] Level 1:colcon.colcon_core.environment:checking '/home/ros/ros2_stm32_ws/src/install/sllidar_ros2/lib'
[38.406s] Level 1:colcon.colcon_core.environment:checking '/home/ros/ros2_stm32_ws/src/install/sllidar_ros2/bin'
[38.406s] Level 1:colcon.colcon_core.environment:checking '/home/ros/ros2_stm32_ws/src/install/sllidar_ros2/lib/pkgconfig/sllidar_ros2.pc'
[38.424s] Level 1:colcon.colcon_core.environment:checking '/home/ros/ros2_stm32_ws/src/install/sllidar_ros2/lib/python3.10/site-packages'
[38.426s] Level 1:colcon.colcon_core.environment:checking '/home/ros/ros2_stm32_ws/src/install/sllidar_ros2/bin'
[38.428s] INFO:colcon.colcon_core.shell:Creating package script '/home/ros/ros2_stm32_ws/src/install/sllidar_ros2/share/sllidar_ros2/package.ps1'
[38.439s] INFO:colcon.colcon_core.shell:Creating package descriptor '/home/ros/ros2_stm32_ws/src/install/sllidar_ros2/share/sllidar_ros2/package.dsv'
[38.447s] INFO:colcon.colcon_core.shell:Creating package script '/home/ros/ros2_stm32_ws/src/install/sllidar_ros2/share/sllidar_ros2/package.sh'
[38.456s] INFO:colcon.colcon_core.shell:Creating package script '/home/ros/ros2_stm32_ws/src/install/sllidar_ros2/share/sllidar_ros2/package.bash'
[38.464s] INFO:colcon.colcon_core.shell:Creating package script '/home/ros/ros2_stm32_ws/src/install/sllidar_ros2/share/sllidar_ros2/package.zsh'
[38.479s] Level 1:colcon.colcon_core.environment:create_file_with_runtime_dependencies(/home/ros/ros2_stm32_ws/src/install/sllidar_ros2/share/colcon-core/packages/sllidar_ros2)
[38.508s] Level 1:colcon.colcon_core.environment:create_environment_scripts_only(sllidar_ros2)
[38.512s] Level 1:colcon.colcon_core.environment:checking '/home/ros/ros2_stm32_ws/src/install/sllidar_ros2' for CMake module files
[38.515s] Level 1:colcon.colcon_core.environment:checking '/home/ros/ros2_stm32_ws/src/install/sllidar_ros2' for CMake config files
[38.517s] Level 1:colcon.colcon_core.shell:create_environment_hook('sllidar_ros2', 'cmake_prefix_path')
[38.518s] INFO:colcon.colcon_core.shell:Creating environment hook '/home/ros/ros2_stm32_ws/src/install/sllidar_ros2/share/sllidar_ros2/hook/cmake_prefix_path.ps1'
[38.521s] INFO:colcon.colcon_core.shell:Creating environment descriptor '/home/ros/ros2_stm32_ws/src/install/sllidar_ros2/share/sllidar_ros2/hook/cmake_prefix_path.dsv'
[38.525s] INFO:colcon.colcon_core.shell:Creating environment hook '/home/ros/ros2_stm32_ws/src/install/sllidar_ros2/share/sllidar_ros2/hook/cmake_prefix_path.sh'
[38.530s] Level 1:colcon.colcon_core.environment:checking '/home/ros/ros2_stm32_ws/src/install/sllidar_ros2/lib'
[38.530s] Level 1:colcon.colcon_core.environment:checking '/home/ros/ros2_stm32_ws/src/install/sllidar_ros2/bin'
[38.531s] Level 1:colcon.colcon_core.environment:checking '/home/ros/ros2_stm32_ws/src/install/sllidar_ros2/lib/pkgconfig/sllidar_ros2.pc'
[38.532s] Level 1:colcon.colcon_core.environment:checking '/home/ros/ros2_stm32_ws/src/install/sllidar_ros2/lib/python3.10/site-packages'
[38.533s] Level 1:colcon.colcon_core.environment:checking '/home/ros/ros2_stm32_ws/src/install/sllidar_ros2/bin'
[38.574s] INFO:colcon.colcon_core.shell:Creating package script '/home/ros/ros2_stm32_ws/src/install/sllidar_ros2/share/sllidar_ros2/package.ps1'
[38.576s] INFO:colcon.colcon_core.shell:Creating package descriptor '/home/ros/ros2_stm32_ws/src/install/sllidar_ros2/share/sllidar_ros2/package.dsv'
[38.577s] INFO:colcon.colcon_core.shell:Creating package script '/home/ros/ros2_stm32_ws/src/install/sllidar_ros2/share/sllidar_ros2/package.sh'
[38.579s] INFO:colcon.colcon_core.shell:Creating package script '/home/ros/ros2_stm32_ws/src/install/sllidar_ros2/share/sllidar_ros2/package.bash'
[38.581s] INFO:colcon.colcon_core.shell:Creating package script '/home/ros/ros2_stm32_ws/src/install/sllidar_ros2/share/sllidar_ros2/package.zsh'
[38.583s] Level 1:colcon.colcon_core.environment:create_file_with_runtime_dependencies(/home/ros/ros2_stm32_ws/src/install/sllidar_ros2/share/colcon-core/packages/sllidar_ros2)
[38.590s] DEBUG:colcon.colcon_parallel_executor.executor.parallel:closing loop
[38.606s] DEBUG:colcon.colcon_parallel_executor.executor.parallel:loop closed
[38.615s] DEBUG:colcon.colcon_parallel_executor.executor.parallel:run_until_complete finished with '0'
[38.618s] DEBUG:colcon.colcon_core.event_reactor:joining thread
[38.808s] INFO:colcon.colcon_core.plugin_system:Skipping extension 'colcon_notification.desktop_notification.terminal_notifier': Not used on non-Darwin systems
[38.809s] INFO:colcon.colcon_core.plugin_system:Skipping extension 'colcon_notification.desktop_notification.win32': Not used on non-Windows systems
[38.809s] INFO:colcon.colcon_notification.desktop_notification:Sending desktop notification using 'notify2'
[39.381s] DEBUG:colcon.colcon_core.event_reactor:joined thread
[39.385s] INFO:colcon.colcon_core.shell:Creating prefix script '/home/ros/ros2_stm32_ws/src/install/local_setup.ps1'
[39.392s] INFO:colcon.colcon_core.shell:Creating prefix util module '/home/ros/ros2_stm32_ws/src/install/_local_setup_util_ps1.py'
[39.400s] INFO:colcon.colcon_core.shell:Creating prefix chain script '/home/ros/ros2_stm32_ws/src/install/setup.ps1'
[39.416s] INFO:colcon.colcon_core.shell:Creating prefix script '/home/ros/ros2_stm32_ws/src/install/local_setup.sh'
[39.420s] INFO:colcon.colcon_core.shell:Creating prefix util module '/home/ros/ros2_stm32_ws/src/install/_local_setup_util_sh.py'
[39.423s] INFO:colcon.colcon_core.shell:Creating prefix chain script '/home/ros/ros2_stm32_ws/src/install/setup.sh'
[39.428s] INFO:colcon.colcon_core.shell:Creating prefix script '/home/ros/ros2_stm32_ws/src/install/local_setup.bash'
[39.431s] INFO:colcon.colcon_core.shell:Creating prefix chain script '/home/ros/ros2_stm32_ws/src/install/setup.bash'
[39.436s] INFO:colcon.colcon_core.shell:Creating prefix script '/home/ros/ros2_stm32_ws/src/install/local_setup.zsh'
[39.439s] INFO:colcon.colcon_core.shell:Creating prefix chain script '/home/ros/ros2_stm32_ws/src/install/setup.zsh'
