[0.020s] Invoking command in '/home/qiu/Desktop/ros2_stm32_ws/build/stm32_nav_comm': AMENT_PREFIX_PATH=/home/qiu/Desktop/ros2_stm32_ws/install/serial:${AMENT_PREFIX_PATH} CMAKE_PREFIX_PATH=/home/qiu/Desktop/ros2_stm32_ws/install/serial:/opt/ros/humble LD_LIBRARY_PATH=/home/qiu/Desktop/ros2_stm32_ws/install/serial/lib:${LD_LIBRARY_PATH} /usr/bin/cmake --build /home/qiu/Desktop/ros2_stm32_ws/build/stm32_nav_comm -- -j16 -l16
[0.054s] [35m[1mConsolidate compiler generated dependencies of target stm32_comm_node[0m
[0.068s] [ 50%] [32mBuilding CXX object CMakeFiles/stm32_comm_node.dir/src/stm32_comm_node.cpp.o[0m
[5.814s] [100%] [32m[1mLinking CXX executable stm32_comm_node[0m
[6.101s] [100%] Built target stm32_comm_node
[6.111s] Invoked command in '/home/qiu/Desktop/ros2_stm32_ws/build/stm32_nav_comm' returned '0': AMENT_PREFIX_PATH=/home/qiu/Desktop/ros2_stm32_ws/install/serial:${AMENT_PREFIX_PATH} CMAKE_PREFIX_PATH=/home/qiu/Desktop/ros2_stm32_ws/install/serial:/opt/ros/humble LD_LIBRARY_PATH=/home/qiu/Desktop/ros2_stm32_ws/install/serial/lib:${LD_LIBRARY_PATH} /usr/bin/cmake --build /home/qiu/Desktop/ros2_stm32_ws/build/stm32_nav_comm -- -j16 -l16
[6.116s] Invoking command in '/home/qiu/Desktop/ros2_stm32_ws/build/stm32_nav_comm': AMENT_PREFIX_PATH=/home/qiu/Desktop/ros2_stm32_ws/install/serial:${AMENT_PREFIX_PATH} CMAKE_PREFIX_PATH=/home/qiu/Desktop/ros2_stm32_ws/install/serial:/opt/ros/humble LD_LIBRARY_PATH=/home/qiu/Desktop/ros2_stm32_ws/install/serial/lib:${LD_LIBRARY_PATH} /usr/bin/cmake --install /home/qiu/Desktop/ros2_stm32_ws/build/stm32_nav_comm
[6.122s] -- Install configuration: ""
[6.122s] -- Installing: /home/qiu/Desktop/ros2_stm32_ws/install/stm32_nav_comm/lib/stm32_nav_comm/stm32_comm_node
[6.126s] -- Set runtime path of "/home/qiu/Desktop/ros2_stm32_ws/install/stm32_nav_comm/lib/stm32_nav_comm/stm32_comm_node" to ""
[6.126s] -- Up-to-date: /home/qiu/Desktop/ros2_stm32_ws/install/stm32_nav_comm/include/
[6.126s] -- Up-to-date: /home/qiu/Desktop/ros2_stm32_ws/install/stm32_nav_comm/include//stm32_nav_comm
[6.126s] -- Up-to-date: /home/qiu/Desktop/ros2_stm32_ws/install/stm32_nav_comm/include//stm32_nav_comm/stm32_comm_node.h
[6.126s] -- Up-to-date: /home/qiu/Desktop/ros2_stm32_ws/install/stm32_nav_comm/share/stm32_nav_comm/launch
[6.126s] -- Up-to-date: /home/qiu/Desktop/ros2_stm32_ws/install/stm32_nav_comm/share/stm32_nav_comm/launch/stm32_comm.launch.py
[6.126s] -- Up-to-date: /home/qiu/Desktop/ros2_stm32_ws/install/stm32_nav_comm/share/ament_index/resource_index/package_run_dependencies/stm32_nav_comm
[6.126s] -- Up-to-date: /home/qiu/Desktop/ros2_stm32_ws/install/stm32_nav_comm/share/ament_index/resource_index/parent_prefix_path/stm32_nav_comm
[6.126s] -- Up-to-date: /home/qiu/Desktop/ros2_stm32_ws/install/stm32_nav_comm/share/stm32_nav_comm/environment/ament_prefix_path.sh
[6.126s] -- Up-to-date: /home/qiu/Desktop/ros2_stm32_ws/install/stm32_nav_comm/share/stm32_nav_comm/environment/ament_prefix_path.dsv
[6.127s] -- Up-to-date: /home/qiu/Desktop/ros2_stm32_ws/install/stm32_nav_comm/share/stm32_nav_comm/environment/path.sh
[6.127s] -- Up-to-date: /home/qiu/Desktop/ros2_stm32_ws/install/stm32_nav_comm/share/stm32_nav_comm/environment/path.dsv
[6.127s] -- Up-to-date: /home/qiu/Desktop/ros2_stm32_ws/install/stm32_nav_comm/share/stm32_nav_comm/local_setup.bash
[6.127s] -- Up-to-date: /home/qiu/Desktop/ros2_stm32_ws/install/stm32_nav_comm/share/stm32_nav_comm/local_setup.sh
[6.127s] -- Up-to-date: /home/qiu/Desktop/ros2_stm32_ws/install/stm32_nav_comm/share/stm32_nav_comm/local_setup.zsh
[6.127s] -- Up-to-date: /home/qiu/Desktop/ros2_stm32_ws/install/stm32_nav_comm/share/stm32_nav_comm/local_setup.dsv
[6.127s] -- Installing: /home/qiu/Desktop/ros2_stm32_ws/install/stm32_nav_comm/share/stm32_nav_comm/package.dsv
[6.127s] -- Up-to-date: /home/qiu/Desktop/ros2_stm32_ws/install/stm32_nav_comm/share/ament_index/resource_index/packages/stm32_nav_comm
[6.127s] -- Up-to-date: /home/qiu/Desktop/ros2_stm32_ws/install/stm32_nav_comm/share/stm32_nav_comm/cmake/stm32_nav_commConfig.cmake
[6.127s] -- Up-to-date: /home/qiu/Desktop/ros2_stm32_ws/install/stm32_nav_comm/share/stm32_nav_comm/cmake/stm32_nav_commConfig-version.cmake
[6.127s] -- Up-to-date: /home/qiu/Desktop/ros2_stm32_ws/install/stm32_nav_comm/share/stm32_nav_comm/package.xml
[6.129s] Invoked command in '/home/qiu/Desktop/ros2_stm32_ws/build/stm32_nav_comm' returned '0': AMENT_PREFIX_PATH=/home/qiu/Desktop/ros2_stm32_ws/install/serial:${AMENT_PREFIX_PATH} CMAKE_PREFIX_PATH=/home/qiu/Desktop/ros2_stm32_ws/install/serial:/opt/ros/humble LD_LIBRARY_PATH=/home/qiu/Desktop/ros2_stm32_ws/install/serial/lib:${LD_LIBRARY_PATH} /usr/bin/cmake --install /home/qiu/Desktop/ros2_stm32_ws/build/stm32_nav_comm
