[0.011s] Invoking command in '/home/qiu/Desktop/ros2_stm32_ws/build/yesense_std_ros2': AMENT_PREFIX_PATH=/home/qiu/Desktop/ros2_stm32_ws/install/yesense_interface:/home/qiu/Desktop/ros2_stm32_ws/install/serial:${AMENT_PREFIX_PATH} CMAKE_PREFIX_PATH=/home/qiu/Desktop/ros2_stm32_ws/install/yesense_interface:/home/qiu/Desktop/ros2_stm32_ws/install/serial:${CMAKE_PREFIX_PATH} LD_LIBRARY_PATH=/home/qiu/Desktop/ros2_stm32_ws/install/yesense_interface/lib:/home/qiu/Desktop/ros2_stm32_ws/install/serial/lib:${LD_LIBRARY_PATH} PYTHONPATH=/home/qiu/Desktop/ros2_stm32_ws/install/yesense_interface/local/lib/python3.10/dist-packages:${PYTHONPATH} /usr/bin/cmake --build /home/qiu/Desktop/ros2_stm32_ws/build/yesense_std_ros2 -- -j16 -l16
[0.049s] [35m[1mConsolidate compiler generated dependencies of target yesense_node_subscriber[0m
[0.049s] [35m[1mConsolidate compiler generated dependencies of target yesense_node_publisher[0m
[0.070s] [ 33%] Built target yesense_node_subscriber
[0.072s] [100%] Built target yesense_node_publisher
[0.087s] Invoked command in '/home/qiu/Desktop/ros2_stm32_ws/build/yesense_std_ros2' returned '0': AMENT_PREFIX_PATH=/home/qiu/Desktop/ros2_stm32_ws/install/yesense_interface:/home/qiu/Desktop/ros2_stm32_ws/install/serial:${AMENT_PREFIX_PATH} CMAKE_PREFIX_PATH=/home/qiu/Desktop/ros2_stm32_ws/install/yesense_interface:/home/qiu/Desktop/ros2_stm32_ws/install/serial:${CMAKE_PREFIX_PATH} LD_LIBRARY_PATH=/home/qiu/Desktop/ros2_stm32_ws/install/yesense_interface/lib:/home/qiu/Desktop/ros2_stm32_ws/install/serial/lib:${LD_LIBRARY_PATH} PYTHONPATH=/home/qiu/Desktop/ros2_stm32_ws/install/yesense_interface/local/lib/python3.10/dist-packages:${PYTHONPATH} /usr/bin/cmake --build /home/qiu/Desktop/ros2_stm32_ws/build/yesense_std_ros2 -- -j16 -l16
[0.087s] Invoking command in '/home/qiu/Desktop/ros2_stm32_ws/build/yesense_std_ros2': AMENT_PREFIX_PATH=/home/qiu/Desktop/ros2_stm32_ws/install/yesense_interface:/home/qiu/Desktop/ros2_stm32_ws/install/serial:${AMENT_PREFIX_PATH} CMAKE_PREFIX_PATH=/home/qiu/Desktop/ros2_stm32_ws/install/yesense_interface:/home/qiu/Desktop/ros2_stm32_ws/install/serial:${CMAKE_PREFIX_PATH} LD_LIBRARY_PATH=/home/qiu/Desktop/ros2_stm32_ws/install/yesense_interface/lib:/home/qiu/Desktop/ros2_stm32_ws/install/serial/lib:${LD_LIBRARY_PATH} PYTHONPATH=/home/qiu/Desktop/ros2_stm32_ws/install/yesense_interface/local/lib/python3.10/dist-packages:${PYTHONPATH} /usr/bin/cmake --install /home/qiu/Desktop/ros2_stm32_ws/build/yesense_std_ros2
[0.091s] -- Install configuration: ""
[0.092s] -- Up-to-date: /home/qiu/Desktop/ros2_stm32_ws/install/yesense_std_ros2/share/yesense_std_ros2/launch
[0.092s] -- Up-to-date: /home/qiu/Desktop/ros2_stm32_ws/install/yesense_std_ros2/share/yesense_std_ros2/launch/yesense_node.launch.py
[0.092s] -- Up-to-date: /home/qiu/Desktop/ros2_stm32_ws/install/yesense_std_ros2/share/yesense_std_ros2/config
[0.092s] -- Up-to-date: /home/qiu/Desktop/ros2_stm32_ws/install/yesense_std_ros2/share/yesense_std_ros2/config/yesense_config.yaml
[0.094s] -- Up-to-date: /home/qiu/Desktop/ros2_stm32_ws/install/yesense_std_ros2/lib/yesense_std_ros2/yesense_node_publisher
[0.094s] -- Up-to-date: /home/qiu/Desktop/ros2_stm32_ws/install/yesense_std_ros2/lib/yesense_std_ros2/yesense_node_subscriber
[0.094s] -- Up-to-date: /home/qiu/Desktop/ros2_stm32_ws/install/yesense_std_ros2/share/ament_index/resource_index/package_run_dependencies/yesense_std_ros2
[0.094s] -- Up-to-date: /home/qiu/Desktop/ros2_stm32_ws/install/yesense_std_ros2/share/ament_index/resource_index/parent_prefix_path/yesense_std_ros2
[0.094s] -- Up-to-date: /home/qiu/Desktop/ros2_stm32_ws/install/yesense_std_ros2/share/yesense_std_ros2/environment/ament_prefix_path.sh
[0.094s] -- Up-to-date: /home/qiu/Desktop/ros2_stm32_ws/install/yesense_std_ros2/share/yesense_std_ros2/environment/ament_prefix_path.dsv
[0.094s] -- Up-to-date: /home/qiu/Desktop/ros2_stm32_ws/install/yesense_std_ros2/share/yesense_std_ros2/environment/path.sh
[0.094s] -- Up-to-date: /home/qiu/Desktop/ros2_stm32_ws/install/yesense_std_ros2/share/yesense_std_ros2/environment/path.dsv
[0.094s] -- Up-to-date: /home/qiu/Desktop/ros2_stm32_ws/install/yesense_std_ros2/share/yesense_std_ros2/local_setup.bash
[0.094s] -- Up-to-date: /home/qiu/Desktop/ros2_stm32_ws/install/yesense_std_ros2/share/yesense_std_ros2/local_setup.sh
[0.094s] -- Up-to-date: /home/qiu/Desktop/ros2_stm32_ws/install/yesense_std_ros2/share/yesense_std_ros2/local_setup.zsh
[0.094s] -- Up-to-date: /home/qiu/Desktop/ros2_stm32_ws/install/yesense_std_ros2/share/yesense_std_ros2/local_setup.dsv
[0.094s] -- Installing: /home/qiu/Desktop/ros2_stm32_ws/install/yesense_std_ros2/share/yesense_std_ros2/package.dsv
[0.094s] -- Up-to-date: /home/qiu/Desktop/ros2_stm32_ws/install/yesense_std_ros2/share/ament_index/resource_index/packages/yesense_std_ros2
[0.094s] -- Up-to-date: /home/qiu/Desktop/ros2_stm32_ws/install/yesense_std_ros2/share/yesense_std_ros2/cmake/yesense_std_ros2Config.cmake
[0.094s] -- Up-to-date: /home/qiu/Desktop/ros2_stm32_ws/install/yesense_std_ros2/share/yesense_std_ros2/cmake/yesense_std_ros2Config-version.cmake
[0.094s] -- Up-to-date: /home/qiu/Desktop/ros2_stm32_ws/install/yesense_std_ros2/share/yesense_std_ros2/package.xml
[0.096s] Invoked command in '/home/qiu/Desktop/ros2_stm32_ws/build/yesense_std_ros2' returned '0': AMENT_PREFIX_PATH=/home/qiu/Desktop/ros2_stm32_ws/install/yesense_interface:/home/qiu/Desktop/ros2_stm32_ws/install/serial:${AMENT_PREFIX_PATH} CMAKE_PREFIX_PATH=/home/qiu/Desktop/ros2_stm32_ws/install/yesense_interface:/home/qiu/Desktop/ros2_stm32_ws/install/serial:${CMAKE_PREFIX_PATH} LD_LIBRARY_PATH=/home/qiu/Desktop/ros2_stm32_ws/install/yesense_interface/lib:/home/qiu/Desktop/ros2_stm32_ws/install/serial/lib:${LD_LIBRARY_PATH} PYTHONPATH=/home/qiu/Desktop/ros2_stm32_ws/install/yesense_interface/local/lib/python3.10/dist-packages:${PYTHONPATH} /usr/bin/cmake --install /home/qiu/Desktop/ros2_stm32_ws/build/yesense_std_ros2
