[0.509s] Invoking command in '/home/qiu/Desktop/ros2_stm32_ws/src/voice_module': PYTHONPATH=/home/qiu/Desktop/ros2_stm32_ws/build/voice_module/prefix_override:/usr/lib/python3/dist-packages/colcon_core/task/python/colcon_distutils_commands:/home/qiu/Desktop/ros2_stm32_ws/install/voice_module/lib/python3.10/site-packages:${PYTHONPATH} /usr/bin/python3 -W ignore:setup.py install is deprecated -W ignore:easy_install command is deprecated setup.py egg_info --egg-base ../../build/voice_module build --build-base /home/qiu/Desktop/ros2_stm32_ws/build/voice_module/build install --record /home/qiu/Desktop/ros2_stm32_ws/build/voice_module/install.log --single-version-externally-managed install_data
[0.644s] running egg_info
[0.645s] writing ../../build/voice_module/voice_module.egg-info/PKG-INFO
[0.645s] writing dependency_links to ../../build/voice_module/voice_module.egg-info/dependency_links.txt
[0.645s] writing entry points to ../../build/voice_module/voice_module.egg-info/entry_points.txt
[0.645s] writing requirements to ../../build/voice_module/voice_module.egg-info/requires.txt
[0.645s] writing top-level names to ../../build/voice_module/voice_module.egg-info/top_level.txt
[0.646s] reading manifest file '../../build/voice_module/voice_module.egg-info/SOURCES.txt'
[0.647s] writing manifest file '../../build/voice_module/voice_module.egg-info/SOURCES.txt'
[0.647s] running build
[0.647s] running build_py
[0.647s] copying voice_module/voice_module_node.py -> /home/qiu/Desktop/ros2_stm32_ws/build/voice_module/build/lib/voice_module
[0.648s] running install
[0.648s] running install_lib
[0.651s] copying /home/qiu/Desktop/ros2_stm32_ws/build/voice_module/build/lib/voice_module/voice_module_node.py -> /home/qiu/Desktop/ros2_stm32_ws/install/voice_module/lib/python3.10/site-packages/voice_module
[0.651s] byte-compiling /home/qiu/Desktop/ros2_stm32_ws/install/voice_module/lib/python3.10/site-packages/voice_module/voice_module_node.py to voice_module_node.cpython-310.pyc
[0.658s] running install_data
[0.658s] running install_egg_info
[0.659s] removing '/home/qiu/Desktop/ros2_stm32_ws/install/voice_module/lib/python3.10/site-packages/voice_module-0.0.0-py3.10.egg-info' (and everything under it)
[0.660s] Copying ../../build/voice_module/voice_module.egg-info to /home/qiu/Desktop/ros2_stm32_ws/install/voice_module/lib/python3.10/site-packages/voice_module-0.0.0-py3.10.egg-info
[0.660s] running install_scripts
[0.673s] Installing voice_module script to /home/qiu/Desktop/ros2_stm32_ws/install/voice_module/lib/voice_module
[0.674s] writing list of installed files to '/home/qiu/Desktop/ros2_stm32_ws/build/voice_module/install.log'
[0.698s] Invoked command in '/home/qiu/Desktop/ros2_stm32_ws/src/voice_module' returned '0': PYTHONPATH=/home/qiu/Desktop/ros2_stm32_ws/build/voice_module/prefix_override:/usr/lib/python3/dist-packages/colcon_core/task/python/colcon_distutils_commands:/home/qiu/Desktop/ros2_stm32_ws/install/voice_module/lib/python3.10/site-packages:${PYTHONPATH} /usr/bin/python3 -W ignore:setup.py install is deprecated -W ignore:easy_install command is deprecated setup.py egg_info --egg-base ../../build/voice_module build --build-base /home/qiu/Desktop/ros2_stm32_ws/build/voice_module/build install --record /home/qiu/Desktop/ros2_stm32_ws/build/voice_module/install.log --single-version-externally-managed install_data
