-- Install configuration: ""
-- Up-to-date: /home/qiu/Desktop/ros2_stm32_ws/install/stm32_nav_bringup/share/stm32_nav_bringup/launch
-- Up-to-date: /home/qiu/Desktop/ros2_stm32_ws/install/stm32_nav_bringup/share/stm32_nav_bringup/launch/nav_launch.py
-- Up-to-date: /home/qiu/Desktop/ros2_stm32_ws/install/stm32_nav_bringup/share/stm32_nav_bringup/launch/slam_launch.py
-- Up-to-date: /home/qiu/Desktop/ros2_stm32_ws/install/stm32_nav_bringup/share/stm32_nav_bringup/launch/sensors.launch.py
-- Up-to-date: /home/qiu/Desktop/ros2_stm32_ws/install/stm32_nav_bringup/share/stm32_nav_bringup/config
-- Up-to-date: /home/qiu/Desktop/ros2_stm32_ws/install/stm32_nav_bringup/share/stm32_nav_bringup/config/sllidar_s2.yaml
-- Up-to-date: /home/qiu/Desktop/ros2_stm32_ws/install/stm32_nav_bringup/share/stm32_nav_bringup/config/slam_toolbox_params.yaml
-- Up-to-date: /home/qiu/Desktop/ros2_stm32_ws/install/stm32_nav_bringup/share/stm32_nav_bringup/config/stm32_comm.yaml
-- Up-to-date: /home/qiu/Desktop/ros2_stm32_ws/install/stm32_nav_bringup/share/stm32_nav_bringup/config/nav2_params.yaml
-- Up-to-date: /home/qiu/Desktop/ros2_stm32_ws/install/stm32_nav_bringup/share/stm32_nav_bringup/config/imu_h30.yaml
-- Up-to-date: /home/qiu/Desktop/ros2_stm32_ws/install/stm32_nav_bringup/share/stm32_nav_bringup/rviz
-- Up-to-date: /home/qiu/Desktop/ros2_stm32_ws/install/stm32_nav_bringup/share/stm32_nav_bringup/rviz/slam.rviz
-- Up-to-date: /home/qiu/Desktop/ros2_stm32_ws/install/stm32_nav_bringup/share/ament_index/resource_index/package_run_dependencies/stm32_nav_bringup
-- Up-to-date: /home/qiu/Desktop/ros2_stm32_ws/install/stm32_nav_bringup/share/ament_index/resource_index/parent_prefix_path/stm32_nav_bringup
-- Up-to-date: /home/qiu/Desktop/ros2_stm32_ws/install/stm32_nav_bringup/share/stm32_nav_bringup/environment/ament_prefix_path.sh
-- Up-to-date: /home/qiu/Desktop/ros2_stm32_ws/install/stm32_nav_bringup/share/stm32_nav_bringup/environment/ament_prefix_path.dsv
-- Up-to-date: /home/qiu/Desktop/ros2_stm32_ws/install/stm32_nav_bringup/share/stm32_nav_bringup/environment/path.sh
-- Up-to-date: /home/qiu/Desktop/ros2_stm32_ws/install/stm32_nav_bringup/share/stm32_nav_bringup/environment/path.dsv
-- Up-to-date: /home/qiu/Desktop/ros2_stm32_ws/install/stm32_nav_bringup/share/stm32_nav_bringup/local_setup.bash
-- Up-to-date: /home/qiu/Desktop/ros2_stm32_ws/install/stm32_nav_bringup/share/stm32_nav_bringup/local_setup.sh
-- Up-to-date: /home/qiu/Desktop/ros2_stm32_ws/install/stm32_nav_bringup/share/stm32_nav_bringup/local_setup.zsh
-- Up-to-date: /home/qiu/Desktop/ros2_stm32_ws/install/stm32_nav_bringup/share/stm32_nav_bringup/local_setup.dsv
-- Up-to-date: /home/qiu/Desktop/ros2_stm32_ws/install/stm32_nav_bringup/share/stm32_nav_bringup/package.dsv
-- Up-to-date: /home/qiu/Desktop/ros2_stm32_ws/install/stm32_nav_bringup/share/ament_index/resource_index/packages/stm32_nav_bringup
-- Up-to-date: /home/qiu/Desktop/ros2_stm32_ws/install/stm32_nav_bringup/share/stm32_nav_bringup/cmake/stm32_nav_bringupConfig.cmake
-- Up-to-date: /home/qiu/Desktop/ros2_stm32_ws/install/stm32_nav_bringup/share/stm32_nav_bringup/cmake/stm32_nav_bringupConfig-version.cmake
-- Up-to-date: /home/qiu/Desktop/ros2_stm32_ws/install/stm32_nav_bringup/share/stm32_nav_bringup/package.xml
