[0.013s] Invoking command in '/home/qiu/Desktop/ros2_stm32_ws/build/stm32_nav_bringup': AMENT_PREFIX_PATH=/home/qiu/Desktop/ros2_stm32_ws/install/yesense_std_ros2:/home/qiu/Desktop/ros2_stm32_ws/install/stm32_nav_comm:/home/qiu/Desktop/ros2_stm32_ws/install/yesense_interface:/home/qiu/Desktop/ros2_stm32_ws/install/sllidar_ros2:/home/qiu/Desktop/ros2_stm32_ws/install/serial:${AMENT_PREFIX_PATH} CMAKE_PREFIX_PATH=/home/qiu/Desktop/ros2_stm32_ws/install/yesense_std_ros2:/home/qiu/Desktop/ros2_stm32_ws/install/stm32_nav_comm:/home/qiu/Desktop/ros2_stm32_ws/install/yesense_interface:/home/qiu/Desktop/ros2_stm32_ws/install/sllidar_ros2:/home/qiu/Desktop/ros2_stm32_ws/install/serial:${CMAKE_PREFIX_PATH} LD_LIBRARY_PATH=/home/qiu/Desktop/ros2_stm32_ws/install/yesense_interface/lib:/home/qiu/Desktop/ros2_stm32_ws/install/serial/lib:${LD_LIBRARY_PATH} PYTHONPATH=/home/qiu/Desktop/ros2_stm32_ws/install/yesense_interface/local/lib/python3.10/dist-packages:${PYTHONPATH} /usr/bin/cmake --build /home/qiu/Desktop/ros2_stm32_ws/build/stm32_nav_bringup -- -j16 -l16
[0.049s] Invoked command in '/home/qiu/Desktop/ros2_stm32_ws/build/stm32_nav_bringup' returned '0': AMENT_PREFIX_PATH=/home/qiu/Desktop/ros2_stm32_ws/install/yesense_std_ros2:/home/qiu/Desktop/ros2_stm32_ws/install/stm32_nav_comm:/home/qiu/Desktop/ros2_stm32_ws/install/yesense_interface:/home/qiu/Desktop/ros2_stm32_ws/install/sllidar_ros2:/home/qiu/Desktop/ros2_stm32_ws/install/serial:${AMENT_PREFIX_PATH} CMAKE_PREFIX_PATH=/home/qiu/Desktop/ros2_stm32_ws/install/yesense_std_ros2:/home/qiu/Desktop/ros2_stm32_ws/install/stm32_nav_comm:/home/qiu/Desktop/ros2_stm32_ws/install/yesense_interface:/home/qiu/Desktop/ros2_stm32_ws/install/sllidar_ros2:/home/qiu/Desktop/ros2_stm32_ws/install/serial:${CMAKE_PREFIX_PATH} LD_LIBRARY_PATH=/home/qiu/Desktop/ros2_stm32_ws/install/yesense_interface/lib:/home/qiu/Desktop/ros2_stm32_ws/install/serial/lib:${LD_LIBRARY_PATH} PYTHONPATH=/home/qiu/Desktop/ros2_stm32_ws/install/yesense_interface/local/lib/python3.10/dist-packages:${PYTHONPATH} /usr/bin/cmake --build /home/qiu/Desktop/ros2_stm32_ws/build/stm32_nav_bringup -- -j16 -l16
[0.050s] Invoking command in '/home/qiu/Desktop/ros2_stm32_ws/build/stm32_nav_bringup': AMENT_PREFIX_PATH=/home/qiu/Desktop/ros2_stm32_ws/install/yesense_std_ros2:/home/qiu/Desktop/ros2_stm32_ws/install/stm32_nav_comm:/home/qiu/Desktop/ros2_stm32_ws/install/yesense_interface:/home/qiu/Desktop/ros2_stm32_ws/install/sllidar_ros2:/home/qiu/Desktop/ros2_stm32_ws/install/serial:${AMENT_PREFIX_PATH} CMAKE_PREFIX_PATH=/home/qiu/Desktop/ros2_stm32_ws/install/yesense_std_ros2:/home/qiu/Desktop/ros2_stm32_ws/install/stm32_nav_comm:/home/qiu/Desktop/ros2_stm32_ws/install/yesense_interface:/home/qiu/Desktop/ros2_stm32_ws/install/sllidar_ros2:/home/qiu/Desktop/ros2_stm32_ws/install/serial:${CMAKE_PREFIX_PATH} LD_LIBRARY_PATH=/home/qiu/Desktop/ros2_stm32_ws/install/yesense_interface/lib:/home/qiu/Desktop/ros2_stm32_ws/install/serial/lib:${LD_LIBRARY_PATH} PYTHONPATH=/home/qiu/Desktop/ros2_stm32_ws/install/yesense_interface/local/lib/python3.10/dist-packages:${PYTHONPATH} /usr/bin/cmake --install /home/qiu/Desktop/ros2_stm32_ws/build/stm32_nav_bringup
[0.057s] -- Install configuration: ""
[0.057s] -- Up-to-date: /home/qiu/Desktop/ros2_stm32_ws/install/stm32_nav_bringup/share/stm32_nav_bringup/launch
[0.058s] -- Up-to-date: /home/qiu/Desktop/ros2_stm32_ws/install/stm32_nav_bringup/share/stm32_nav_bringup/launch/nav_launch.py
[0.058s] -- Up-to-date: /home/qiu/Desktop/ros2_stm32_ws/install/stm32_nav_bringup/share/stm32_nav_bringup/launch/slam_launch.py
[0.058s] -- Up-to-date: /home/qiu/Desktop/ros2_stm32_ws/install/stm32_nav_bringup/share/stm32_nav_bringup/launch/sensors.launch.py
[0.058s] -- Up-to-date: /home/qiu/Desktop/ros2_stm32_ws/install/stm32_nav_bringup/share/stm32_nav_bringup/config
[0.058s] -- Up-to-date: /home/qiu/Desktop/ros2_stm32_ws/install/stm32_nav_bringup/share/stm32_nav_bringup/config/sllidar_s2.yaml
[0.058s] -- Up-to-date: /home/qiu/Desktop/ros2_stm32_ws/install/stm32_nav_bringup/share/stm32_nav_bringup/config/slam_toolbox_params.yaml
[0.058s] -- Up-to-date: /home/qiu/Desktop/ros2_stm32_ws/install/stm32_nav_bringup/share/stm32_nav_bringup/config/stm32_comm.yaml
[0.058s] -- Up-to-date: /home/qiu/Desktop/ros2_stm32_ws/install/stm32_nav_bringup/share/stm32_nav_bringup/config/nav2_params.yaml
[0.058s] -- Up-to-date: /home/qiu/Desktop/ros2_stm32_ws/install/stm32_nav_bringup/share/stm32_nav_bringup/config/imu_h30.yaml
[0.058s] -- Up-to-date: /home/qiu/Desktop/ros2_stm32_ws/install/stm32_nav_bringup/share/stm32_nav_bringup/rviz
[0.058s] -- Up-to-date: /home/qiu/Desktop/ros2_stm32_ws/install/stm32_nav_bringup/share/stm32_nav_bringup/rviz/slam.rviz
[0.058s] -- Up-to-date: /home/qiu/Desktop/ros2_stm32_ws/install/stm32_nav_bringup/share/ament_index/resource_index/package_run_dependencies/stm32_nav_bringup
[0.058s] -- Up-to-date: /home/qiu/Desktop/ros2_stm32_ws/install/stm32_nav_bringup/share/ament_index/resource_index/parent_prefix_path/stm32_nav_bringup
[0.058s] -- Up-to-date: /home/qiu/Desktop/ros2_stm32_ws/install/stm32_nav_bringup/share/stm32_nav_bringup/environment/ament_prefix_path.sh
[0.059s] -- Up-to-date: /home/qiu/Desktop/ros2_stm32_ws/install/stm32_nav_bringup/share/stm32_nav_bringup/environment/ament_prefix_path.dsv
[0.059s] -- Up-to-date: /home/qiu/Desktop/ros2_stm32_ws/install/stm32_nav_bringup/share/stm32_nav_bringup/environment/path.sh
[0.059s] -- Up-to-date: /home/qiu/Desktop/ros2_stm32_ws/install/stm32_nav_bringup/share/stm32_nav_bringup/environment/path.dsv
[0.059s] -- Up-to-date: /home/qiu/Desktop/ros2_stm32_ws/install/stm32_nav_bringup/share/stm32_nav_bringup/local_setup.bash
[0.059s] -- Up-to-date: /home/qiu/Desktop/ros2_stm32_ws/install/stm32_nav_bringup/share/stm32_nav_bringup/local_setup.sh
[0.059s] -- Up-to-date: /home/qiu/Desktop/ros2_stm32_ws/install/stm32_nav_bringup/share/stm32_nav_bringup/local_setup.zsh
[0.060s] -- Up-to-date: /home/qiu/Desktop/ros2_stm32_ws/install/stm32_nav_bringup/share/stm32_nav_bringup/local_setup.dsv
[0.060s] -- Up-to-date: /home/qiu/Desktop/ros2_stm32_ws/install/stm32_nav_bringup/share/stm32_nav_bringup/package.dsv
[0.060s] -- Up-to-date: /home/qiu/Desktop/ros2_stm32_ws/install/stm32_nav_bringup/share/ament_index/resource_index/packages/stm32_nav_bringup
[0.060s] -- Up-to-date: /home/qiu/Desktop/ros2_stm32_ws/install/stm32_nav_bringup/share/stm32_nav_bringup/cmake/stm32_nav_bringupConfig.cmake
[0.060s] -- Up-to-date: /home/qiu/Desktop/ros2_stm32_ws/install/stm32_nav_bringup/share/stm32_nav_bringup/cmake/stm32_nav_bringupConfig-version.cmake
[0.060s] -- Up-to-date: /home/qiu/Desktop/ros2_stm32_ws/install/stm32_nav_bringup/share/stm32_nav_bringup/package.xml
[0.060s] Invoked command in '/home/qiu/Desktop/ros2_stm32_ws/build/stm32_nav_bringup' returned '0': AMENT_PREFIX_PATH=/home/qiu/Desktop/ros2_stm32_ws/install/yesense_std_ros2:/home/qiu/Desktop/ros2_stm32_ws/install/stm32_nav_comm:/home/qiu/Desktop/ros2_stm32_ws/install/yesense_interface:/home/qiu/Desktop/ros2_stm32_ws/install/sllidar_ros2:/home/qiu/Desktop/ros2_stm32_ws/install/serial:${AMENT_PREFIX_PATH} CMAKE_PREFIX_PATH=/home/qiu/Desktop/ros2_stm32_ws/install/yesense_std_ros2:/home/qiu/Desktop/ros2_stm32_ws/install/stm32_nav_comm:/home/qiu/Desktop/ros2_stm32_ws/install/yesense_interface:/home/qiu/Desktop/ros2_stm32_ws/install/sllidar_ros2:/home/qiu/Desktop/ros2_stm32_ws/install/serial:${CMAKE_PREFIX_PATH} LD_LIBRARY_PATH=/home/qiu/Desktop/ros2_stm32_ws/install/yesense_interface/lib:/home/qiu/Desktop/ros2_stm32_ws/install/serial/lib:${LD_LIBRARY_PATH} PYTHONPATH=/home/qiu/Desktop/ros2_stm32_ws/install/yesense_interface/local/lib/python3.10/dist-packages:${PYTHONPATH} /usr/bin/cmake --install /home/qiu/Desktop/ros2_stm32_ws/build/stm32_nav_bringup
