[0.010s] Invoking command in '/home/qiu/Desktop/ros2_stm32_ws/build/yesense_std_ros2': AMENT_PREFIX_PATH=/home/qiu/Desktop/ros2_stm32_ws/install/yesense_interface:/home/qiu/Desktop/ros2_stm32_ws/install/serial:${AMENT_PREFIX_PATH} CMAKE_PREFIX_PATH=/home/qiu/Desktop/ros2_stm32_ws/install/yesense_interface:/home/qiu/Desktop/ros2_stm32_ws/install/serial:/opt/ros/humble LD_LIBRARY_PATH=/home/qiu/Desktop/ros2_stm32_ws/install/yesense_interface/lib:/home/qiu/Desktop/ros2_stm32_ws/install/serial/lib:${LD_LIBRARY_PATH} PYTHONPATH=/home/qiu/Desktop/ros2_stm32_ws/install/yesense_interface/local/lib/python3.10/dist-packages:${PYTHONPATH} /usr/bin/cmake /home/qiu/Desktop/ros2_stm32_ws/src/yesense_ros2/yesense_std_ros2 -DCMAKE_INSTALL_PREFIX=/home/qiu/Desktop/ros2_stm32_ws/install/yesense_std_ros2
[0.054s] -- The C compiler identification is GNU 11.4.0
[0.097s] -- The CXX compiler identification is GNU 11.4.0
[0.102s] -- Detecting C compiler ABI info
[0.159s] -- Detecting C compiler ABI info - done
[0.163s] -- Check for working C compiler: /usr/bin/cc - skipped
[0.163s] -- Detecting C compile features
[0.163s] -- Detecting C compile features - done
[0.165s] -- Detecting CXX compiler ABI info
[0.230s] -- Detecting CXX compiler ABI info - done
[0.235s] -- Check for working CXX compiler: /usr/bin/c++ - skipped
[0.235s] -- Detecting CXX compile features
[0.235s] -- Detecting CXX compile features - done
[0.237s] -- Found ament_cmake: 1.3.14 (/opt/ros/humble/share/ament_cmake/cmake)
[0.321s] -- Found Python3: /usr/bin/python3 (found version "3.10.12") found components: Interpreter 
[0.386s] -- Found rclcpp: 16.0.19 (/opt/ros/humble/share/rclcpp/cmake)
[0.415s] -- Found rosidl_generator_c: 3.1.8 (/opt/ros/humble/share/rosidl_generator_c/cmake)
[0.419s] -- Found rosidl_adapter: 3.1.8 (/opt/ros/humble/share/rosidl_adapter/cmake)
[0.425s] -- Found rosidl_generator_cpp: 3.1.8 (/opt/ros/humble/share/rosidl_generator_cpp/cmake)
[0.435s] -- Using all available rosidl_typesupport_c: rosidl_typesupport_fastrtps_c;rosidl_typesupport_introspection_c
[0.446s] -- Using all available rosidl_typesupport_cpp: rosidl_typesupport_fastrtps_cpp;rosidl_typesupport_introspection_cpp
[0.475s] -- Found rmw_implementation_cmake: 6.1.2 (/opt/ros/humble/share/rmw_implementation_cmake/cmake)
[0.476s] -- Found rmw_fastrtps_cpp: 6.2.10 (/opt/ros/humble/share/rmw_fastrtps_cpp/cmake)
[0.554s] -- Found OpenSSL: /usr/lib/x86_64-linux-gnu/libcrypto.so (found version "3.0.2")  
[0.576s] -- Found FastRTPS: /opt/ros/humble/include  
[0.612s] -- Using RMW implementation 'rmw_fastrtps_cpp' as default
[0.619s] -- Looking for pthread.h
[0.685s] -- Looking for pthread.h - found
[0.686s] -- Performing Test CMAKE_HAVE_LIBC_PTHREAD
[0.750s] -- Performing Test CMAKE_HAVE_LIBC_PTHREAD - Success
[0.751s] -- Found Threads: TRUE  
[0.783s] -- Found sensor_msgs: 4.9.1 (/opt/ros/humble/share/sensor_msgs/cmake)
[0.801s] -- Found serial: 1.2.1 (/home/qiu/Desktop/ros2_stm32_ws/install/serial/share/serial/cmake)
[0.803s] -- Found nav_msgs: 4.9.1 (/opt/ros/humble/share/nav_msgs/cmake)
[0.815s] -- Found visualization_msgs: 4.9.1 (/opt/ros/humble/share/visualization_msgs/cmake)
[0.836s] -- Found rosidl_default_generators: 1.2.1 (/opt/ros/humble/share/rosidl_default_generators/cmake)
[0.843s] -- Found yesense_interface: 1.0.0 (/home/qiu/Desktop/ros2_stm32_ws/install/yesense_interface/share/yesense_interface/cmake)
[0.853s] -- Found ament_lint_auto: 0.12.15 (/opt/ros/humble/share/ament_lint_auto/cmake)
[0.923s] -- Added test 'copyright' to check source files copyright and LICENSE
[0.924s] -- Added test 'cppcheck' to perform static code analysis on C / C++ code
[0.924s] -- Configured cppcheck include dirs: /home/qiu/Desktop/ros2_stm32_ws/src/yesense_ros2/yesense_std_ros2/include;/home/qiu/Desktop/ros2_stm32_ws/src/yesense_ros2/yesense_std_ros2/src
[0.924s] -- Configured cppcheck exclude dirs and/or files: 
[0.925s] -- Added test 'cpplint' to check C / C++ code against the Google style
[0.925s] -- Configured cpplint exclude dirs and/or files: 
[0.926s] -- Added test 'flake8' to check Python code syntax and style conventions
[0.926s] -- Added test 'lint_cmake' to check CMake code style
[0.926s] -- Added test 'pep257' to check Python code against some of the docstring style conventions in PEP 257
[0.927s] -- Added test 'uncrustify' to check C / C++ code style
[0.927s] -- Configured uncrustify additional arguments: 
[0.927s] -- Added test 'xmllint' to check XML markup files
[0.928s] -- Configuring done
[0.941s] -- Generating done
[0.944s] -- Build files have been written to: /home/qiu/Desktop/ros2_stm32_ws/build/yesense_std_ros2
[0.960s] Invoked command in '/home/qiu/Desktop/ros2_stm32_ws/build/yesense_std_ros2' returned '0': AMENT_PREFIX_PATH=/home/qiu/Desktop/ros2_stm32_ws/install/yesense_interface:/home/qiu/Desktop/ros2_stm32_ws/install/serial:${AMENT_PREFIX_PATH} CMAKE_PREFIX_PATH=/home/qiu/Desktop/ros2_stm32_ws/install/yesense_interface:/home/qiu/Desktop/ros2_stm32_ws/install/serial:/opt/ros/humble LD_LIBRARY_PATH=/home/qiu/Desktop/ros2_stm32_ws/install/yesense_interface/lib:/home/qiu/Desktop/ros2_stm32_ws/install/serial/lib:${LD_LIBRARY_PATH} PYTHONPATH=/home/qiu/Desktop/ros2_stm32_ws/install/yesense_interface/local/lib/python3.10/dist-packages:${PYTHONPATH} /usr/bin/cmake /home/qiu/Desktop/ros2_stm32_ws/src/yesense_ros2/yesense_std_ros2 -DCMAKE_INSTALL_PREFIX=/home/qiu/Desktop/ros2_stm32_ws/install/yesense_std_ros2
[0.961s] Invoking command in '/home/qiu/Desktop/ros2_stm32_ws/build/yesense_std_ros2': AMENT_PREFIX_PATH=/home/qiu/Desktop/ros2_stm32_ws/install/yesense_interface:/home/qiu/Desktop/ros2_stm32_ws/install/serial:${AMENT_PREFIX_PATH} CMAKE_PREFIX_PATH=/home/qiu/Desktop/ros2_stm32_ws/install/yesense_interface:/home/qiu/Desktop/ros2_stm32_ws/install/serial:/opt/ros/humble LD_LIBRARY_PATH=/home/qiu/Desktop/ros2_stm32_ws/install/yesense_interface/lib:/home/qiu/Desktop/ros2_stm32_ws/install/serial/lib:${LD_LIBRARY_PATH} PYTHONPATH=/home/qiu/Desktop/ros2_stm32_ws/install/yesense_interface/local/lib/python3.10/dist-packages:${PYTHONPATH} /usr/bin/cmake --build /home/qiu/Desktop/ros2_stm32_ws/build/yesense_std_ros2 -- -j16 -l16
[1.010s] [ 33%] [32mBuilding CXX object CMakeFiles/yesense_node_subscriber.dir/src/yesense_node_subscriber_example.cpp.o[0m
[1.010s] [ 33%] [32mBuilding CXX object CMakeFiles/yesense_node_publisher.dir/src/yesense_node.cpp.o[0m
[1.011s] [ 50%] [32mBuilding CXX object CMakeFiles/yesense_node_publisher.dir/src/yesense_decoder.cpp.o[0m
[1.011s] [ 66%] [32mBuilding CXX object CMakeFiles/yesense_node_publisher.dir/src/yesense_std_out_decoder.cpp.o[0m
[2.697s] [01m[K/home/qiu/Desktop/ros2_stm32_ws/src/yesense_ros2/yesense_std_ros2/src/yesense_node.cpp:[m[K In member function ‘[01m[Kvoid YESENSE_Publisher::timer_callback()[m[K’:
[2.698s] [01m[K/home/qiu/Desktop/ros2_stm32_ws/src/yesense_ros2/yesense_std_ros2/src/yesense_node.cpp:248:32:[m[K [01;35m[Kwarning: [m[Kunused variable ‘[01m[Kavailable_bytes[m[K’ [[01;35m[K]8;;https://gcc.gnu.org/onlinedocs/gcc/Warning-Options.html#index-Wunused-variable-Wunused-variable]8;;[m[K]
[2.698s]   248 |                         size_t [01;35m[Kavailable_bytes[m[K = ser.available();
[2.698s]       |                                [01;35m[K^~~~~~~~~~~~~~~[m[K
[6.855s] [ 83%] [32m[1mLinking CXX executable yesense_node_publisher[0m
[7.142s] [ 83%] Built target yesense_node_publisher
[10.908s] [100%] [32m[1mLinking CXX executable yesense_node_subscriber[0m
[11.404s] [100%] Built target yesense_node_subscriber
[11.415s] Invoked command in '/home/qiu/Desktop/ros2_stm32_ws/build/yesense_std_ros2' returned '0': AMENT_PREFIX_PATH=/home/qiu/Desktop/ros2_stm32_ws/install/yesense_interface:/home/qiu/Desktop/ros2_stm32_ws/install/serial:${AMENT_PREFIX_PATH} CMAKE_PREFIX_PATH=/home/qiu/Desktop/ros2_stm32_ws/install/yesense_interface:/home/qiu/Desktop/ros2_stm32_ws/install/serial:/opt/ros/humble LD_LIBRARY_PATH=/home/qiu/Desktop/ros2_stm32_ws/install/yesense_interface/lib:/home/qiu/Desktop/ros2_stm32_ws/install/serial/lib:${LD_LIBRARY_PATH} PYTHONPATH=/home/qiu/Desktop/ros2_stm32_ws/install/yesense_interface/local/lib/python3.10/dist-packages:${PYTHONPATH} /usr/bin/cmake --build /home/qiu/Desktop/ros2_stm32_ws/build/yesense_std_ros2 -- -j16 -l16
[11.416s] Invoking command in '/home/qiu/Desktop/ros2_stm32_ws/build/yesense_std_ros2': AMENT_PREFIX_PATH=/home/qiu/Desktop/ros2_stm32_ws/install/yesense_interface:/home/qiu/Desktop/ros2_stm32_ws/install/serial:${AMENT_PREFIX_PATH} CMAKE_PREFIX_PATH=/home/qiu/Desktop/ros2_stm32_ws/install/yesense_interface:/home/qiu/Desktop/ros2_stm32_ws/install/serial:/opt/ros/humble LD_LIBRARY_PATH=/home/qiu/Desktop/ros2_stm32_ws/install/yesense_interface/lib:/home/qiu/Desktop/ros2_stm32_ws/install/serial/lib:${LD_LIBRARY_PATH} PYTHONPATH=/home/qiu/Desktop/ros2_stm32_ws/install/yesense_interface/local/lib/python3.10/dist-packages:${PYTHONPATH} /usr/bin/cmake --install /home/qiu/Desktop/ros2_stm32_ws/build/yesense_std_ros2
[11.422s] -- Install configuration: ""
[11.422s] -- Installing: /home/qiu/Desktop/ros2_stm32_ws/install/yesense_std_ros2/share/yesense_std_ros2/launch
[11.422s] -- Installing: /home/qiu/Desktop/ros2_stm32_ws/install/yesense_std_ros2/share/yesense_std_ros2/launch/yesense_node.launch.py
[11.423s] -- Installing: /home/qiu/Desktop/ros2_stm32_ws/install/yesense_std_ros2/share/yesense_std_ros2/config
[11.423s] -- Installing: /home/qiu/Desktop/ros2_stm32_ws/install/yesense_std_ros2/share/yesense_std_ros2/config/yesense_config.yaml
[11.423s] -- Installing: /home/qiu/Desktop/ros2_stm32_ws/install/yesense_std_ros2/lib/yesense_std_ros2/yesense_node_publisher
[11.426s] -- Set runtime path of "/home/qiu/Desktop/ros2_stm32_ws/install/yesense_std_ros2/lib/yesense_std_ros2/yesense_node_publisher" to ""
[11.426s] -- Installing: /home/qiu/Desktop/ros2_stm32_ws/install/yesense_std_ros2/lib/yesense_std_ros2/yesense_node_subscriber
[11.432s] -- Set runtime path of "/home/qiu/Desktop/ros2_stm32_ws/install/yesense_std_ros2/lib/yesense_std_ros2/yesense_node_subscriber" to ""
[11.432s] -- Installing: /home/qiu/Desktop/ros2_stm32_ws/install/yesense_std_ros2/share/ament_index/resource_index/package_run_dependencies/yesense_std_ros2
[11.432s] -- Installing: /home/qiu/Desktop/ros2_stm32_ws/install/yesense_std_ros2/share/ament_index/resource_index/parent_prefix_path/yesense_std_ros2
[11.432s] -- Installing: /home/qiu/Desktop/ros2_stm32_ws/install/yesense_std_ros2/share/yesense_std_ros2/environment/ament_prefix_path.sh
[11.433s] -- Installing: /home/qiu/Desktop/ros2_stm32_ws/install/yesense_std_ros2/share/yesense_std_ros2/environment/ament_prefix_path.dsv
[11.433s] -- Installing: /home/qiu/Desktop/ros2_stm32_ws/install/yesense_std_ros2/share/yesense_std_ros2/environment/path.sh
[11.433s] -- Installing: /home/qiu/Desktop/ros2_stm32_ws/install/yesense_std_ros2/share/yesense_std_ros2/environment/path.dsv
[11.433s] -- Installing: /home/qiu/Desktop/ros2_stm32_ws/install/yesense_std_ros2/share/yesense_std_ros2/local_setup.bash
[11.433s] -- Installing: /home/qiu/Desktop/ros2_stm32_ws/install/yesense_std_ros2/share/yesense_std_ros2/local_setup.sh
[11.433s] -- Installing: /home/qiu/Desktop/ros2_stm32_ws/install/yesense_std_ros2/share/yesense_std_ros2/local_setup.zsh
[11.433s] -- Installing: /home/qiu/Desktop/ros2_stm32_ws/install/yesense_std_ros2/share/yesense_std_ros2/local_setup.dsv
[11.433s] -- Installing: /home/qiu/Desktop/ros2_stm32_ws/install/yesense_std_ros2/share/yesense_std_ros2/package.dsv
[11.434s] -- Installing: /home/qiu/Desktop/ros2_stm32_ws/install/yesense_std_ros2/share/ament_index/resource_index/packages/yesense_std_ros2
[11.434s] -- Installing: /home/qiu/Desktop/ros2_stm32_ws/install/yesense_std_ros2/share/yesense_std_ros2/cmake/yesense_std_ros2Config.cmake
[11.434s] -- Installing: /home/qiu/Desktop/ros2_stm32_ws/install/yesense_std_ros2/share/yesense_std_ros2/cmake/yesense_std_ros2Config-version.cmake
[11.434s] -- Installing: /home/qiu/Desktop/ros2_stm32_ws/install/yesense_std_ros2/share/yesense_std_ros2/package.xml
[11.436s] Invoked command in '/home/qiu/Desktop/ros2_stm32_ws/build/yesense_std_ros2' returned '0': AMENT_PREFIX_PATH=/home/qiu/Desktop/ros2_stm32_ws/install/yesense_interface:/home/qiu/Desktop/ros2_stm32_ws/install/serial:${AMENT_PREFIX_PATH} CMAKE_PREFIX_PATH=/home/qiu/Desktop/ros2_stm32_ws/install/yesense_interface:/home/qiu/Desktop/ros2_stm32_ws/install/serial:/opt/ros/humble LD_LIBRARY_PATH=/home/qiu/Desktop/ros2_stm32_ws/install/yesense_interface/lib:/home/qiu/Desktop/ros2_stm32_ws/install/serial/lib:${LD_LIBRARY_PATH} PYTHONPATH=/home/qiu/Desktop/ros2_stm32_ws/install/yesense_interface/local/lib/python3.10/dist-packages:${PYTHONPATH} /usr/bin/cmake --install /home/qiu/Desktop/ros2_stm32_ws/build/yesense_std_ros2
