running egg_info
creating ../../build/voice_bridge/voice_bridge.egg-info
writing ../../build/voice_bridge/voice_bridge.egg-info/PKG-INFO
writing dependency_links to ../../build/voice_bridge/voice_bridge.egg-info/dependency_links.txt
writing entry points to ../../build/voice_bridge/voice_bridge.egg-info/entry_points.txt
writing requirements to ../../build/voice_bridge/voice_bridge.egg-info/requires.txt
writing top-level names to ../../build/voice_bridge/voice_bridge.egg-info/top_level.txt
writing manifest file '../../build/voice_bridge/voice_bridge.egg-info/SOURCES.txt'
reading manifest file '../../build/voice_bridge/voice_bridge.egg-info/SOURCES.txt'
writing manifest file '../../build/voice_bridge/voice_bridge.egg-info/SOURCES.txt'
running build
running build_py
creating /home/qiu/Desktop/ros2_stm32_ws/build/voice_bridge/build
creating /home/qiu/Desktop/ros2_stm32_ws/build/voice_bridge/build/lib
creating /home/qiu/Desktop/ros2_stm32_ws/build/voice_bridge/build/lib/voice_bridge
copying voice_bridge/__init__.py -> /home/qiu/Desktop/ros2_stm32_ws/build/voice_bridge/build/lib/voice_bridge
running install
running install_lib
creating /home/qiu/Desktop/ros2_stm32_ws/install/voice_bridge/lib/python3.10/site-packages/voice_bridge
copying /home/qiu/Desktop/ros2_stm32_ws/build/voice_bridge/build/lib/voice_bridge/__init__.py -> /home/qiu/Desktop/ros2_stm32_ws/install/voice_bridge/lib/python3.10/site-packages/voice_bridge
byte-compiling /home/qiu/Desktop/ros2_stm32_ws/install/voice_bridge/lib/python3.10/site-packages/voice_bridge/__init__.py to __init__.cpython-310.pyc
running install_data
creating /home/qiu/Desktop/ros2_stm32_ws/install/voice_bridge/share/ament_index
creating /home/qiu/Desktop/ros2_stm32_ws/install/voice_bridge/share/ament_index/resource_index
creating /home/qiu/Desktop/ros2_stm32_ws/install/voice_bridge/share/ament_index/resource_index/packages
copying resource/voice_bridge -> /home/qiu/Desktop/ros2_stm32_ws/install/voice_bridge/share/ament_index/resource_index/packages
copying package.xml -> /home/qiu/Desktop/ros2_stm32_ws/install/voice_bridge/share/voice_bridge
running install_egg_info
Copying ../../build/voice_bridge/voice_bridge.egg-info to /home/qiu/Desktop/ros2_stm32_ws/install/voice_bridge/lib/python3.10/site-packages/voice_bridge-0.0.0-py3.10.egg-info
running install_scripts
Installing voice_bridge script to /home/qiu/Desktop/ros2_stm32_ws/install/voice_bridge/lib/voice_bridge
writing list of installed files to '/home/qiu/Desktop/ros2_stm32_ws/build/voice_bridge/install.log'
