[0.525s] Invoking command in '/home/qiu/Desktop/ros2_stm32_ws/src/voice_bridge': PYTHONPATH=/home/qiu/Desktop/ros2_stm32_ws/build/voice_bridge/prefix_override:/usr/lib/python3/dist-packages/colcon_core/task/python/colcon_distutils_commands:/home/qiu/Desktop/ros2_stm32_ws/install/voice_bridge/lib/python3.10/site-packages:${PYTHONPATH} /usr/bin/python3 -W ignore:setup.py install is deprecated -W ignore:easy_install command is deprecated setup.py egg_info --egg-base ../../build/voice_bridge build --build-base /home/qiu/Desktop/ros2_stm32_ws/build/voice_bridge/build install --record /home/qiu/Desktop/ros2_stm32_ws/build/voice_bridge/install.log --single-version-externally-managed install_data
[0.643s] running egg_info
[0.643s] creating ../../build/voice_bridge/voice_bridge.egg-info
[0.644s] writing ../../build/voice_bridge/voice_bridge.egg-info/PKG-INFO
[0.644s] writing dependency_links to ../../build/voice_bridge/voice_bridge.egg-info/dependency_links.txt
[0.644s] writing entry points to ../../build/voice_bridge/voice_bridge.egg-info/entry_points.txt
[0.644s] writing requirements to ../../build/voice_bridge/voice_bridge.egg-info/requires.txt
[0.644s] writing top-level names to ../../build/voice_bridge/voice_bridge.egg-info/top_level.txt
[0.644s] writing manifest file '../../build/voice_bridge/voice_bridge.egg-info/SOURCES.txt'
[0.645s] reading manifest file '../../build/voice_bridge/voice_bridge.egg-info/SOURCES.txt'
[0.645s] writing manifest file '../../build/voice_bridge/voice_bridge.egg-info/SOURCES.txt'
[0.645s] running build
[0.645s] running build_py
[0.646s] creating /home/qiu/Desktop/ros2_stm32_ws/build/voice_bridge/build
[0.646s] creating /home/qiu/Desktop/ros2_stm32_ws/build/voice_bridge/build/lib
[0.646s] creating /home/qiu/Desktop/ros2_stm32_ws/build/voice_bridge/build/lib/voice_bridge
[0.646s] copying voice_bridge/__init__.py -> /home/qiu/Desktop/ros2_stm32_ws/build/voice_bridge/build/lib/voice_bridge
[0.646s] running install
[0.646s] running install_lib
[0.646s] creating /home/qiu/Desktop/ros2_stm32_ws/install/voice_bridge/lib/python3.10/site-packages/voice_bridge
[0.646s] copying /home/qiu/Desktop/ros2_stm32_ws/build/voice_bridge/build/lib/voice_bridge/__init__.py -> /home/qiu/Desktop/ros2_stm32_ws/install/voice_bridge/lib/python3.10/site-packages/voice_bridge
[0.647s] byte-compiling /home/qiu/Desktop/ros2_stm32_ws/install/voice_bridge/lib/python3.10/site-packages/voice_bridge/__init__.py to __init__.cpython-310.pyc
[0.647s] running install_data
[0.647s] creating /home/qiu/Desktop/ros2_stm32_ws/install/voice_bridge/share/ament_index
[0.647s] creating /home/qiu/Desktop/ros2_stm32_ws/install/voice_bridge/share/ament_index/resource_index
[0.647s] creating /home/qiu/Desktop/ros2_stm32_ws/install/voice_bridge/share/ament_index/resource_index/packages
[0.647s] copying resource/voice_bridge -> /home/qiu/Desktop/ros2_stm32_ws/install/voice_bridge/share/ament_index/resource_index/packages
[0.647s] copying package.xml -> /home/qiu/Desktop/ros2_stm32_ws/install/voice_bridge/share/voice_bridge
[0.647s] running install_egg_info
[0.648s] Copying ../../build/voice_bridge/voice_bridge.egg-info to /home/qiu/Desktop/ros2_stm32_ws/install/voice_bridge/lib/python3.10/site-packages/voice_bridge-0.0.0-py3.10.egg-info
[0.649s] running install_scripts
[0.661s] Installing voice_bridge script to /home/qiu/Desktop/ros2_stm32_ws/install/voice_bridge/lib/voice_bridge
[0.661s] writing list of installed files to '/home/qiu/Desktop/ros2_stm32_ws/build/voice_bridge/install.log'
[0.681s] Invoked command in '/home/qiu/Desktop/ros2_stm32_ws/src/voice_bridge' returned '0': PYTHONPATH=/home/qiu/Desktop/ros2_stm32_ws/build/voice_bridge/prefix_override:/usr/lib/python3/dist-packages/colcon_core/task/python/colcon_distutils_commands:/home/qiu/Desktop/ros2_stm32_ws/install/voice_bridge/lib/python3.10/site-packages:${PYTHONPATH} /usr/bin/python3 -W ignore:setup.py install is deprecated -W ignore:easy_install command is deprecated setup.py egg_info --egg-base ../../build/voice_bridge build --build-base /home/qiu/Desktop/ros2_stm32_ws/build/voice_bridge/build install --record /home/qiu/Desktop/ros2_stm32_ws/build/voice_bridge/install.log --single-version-externally-managed install_data
