[0.128s] DEBUG:colcon:Command line arguments: ['/usr/bin/colcon', 'build', '--packages-select', 'asr_bridge', '--symlink-install']
[0.128s] DEBUG:colcon:Parsed command line arguments: Namespace(log_base=None, log_level=None, verb_name='build', build_base='build', install_base='install', merge_install=False, symlink_install=True, test_result_base=None, continue_on_error=False, executor='parallel', parallel_workers=16, event_handlers=None, ignore_user_meta=False, metas=['./colcon.meta'], base_paths=['.'], packages_ignore=None, packages_ignore_regex=None, paths=None, packages_up_to=None, packages_up_to_regex=None, packages_above=None, packages_above_and_dependencies=None, packages_above_depth=None, packages_select_by_dep=None, packages_skip_by_dep=None, packages_skip_up_to=None, packages_select_build_failed=False, packages_skip_build_finished=False, packages_select_test_failures=False, packages_skip_test_passed=False, packages_select=['asr_bridge'], packages_skip=None, packages_select_regex=None, packages_skip_regex=None, packages_start=None, packages_end=None, allow_overriding=[], cmake_args=None, cmake_target=None, cmake_target_skip_unavailable=False, cmake_clean_cache=False, cmake_clean_first=False, cmake_force_configure=False, ament_cmake_args=None, catkin_cmake_args=None, catkin_skip_building_tests=False, verb_parser=<colcon_defaults.argument_parser.defaults.DefaultArgumentsDecorator object at 0x708c0ee6c130>, verb_extension=<colcon_core.verb.build.BuildVerb object at 0x708c0ee2b2b0>, main=<bound method BuildVerb.main of <colcon_core.verb.build.BuildVerb object at 0x708c0ee2b2b0>>)
[0.227s] Level 1:colcon.colcon_core.package_discovery:discover_packages(colcon_meta) check parameters
[0.227s] Level 1:colcon.colcon_core.package_discovery:discover_packages(recursive) check parameters
[0.227s] Level 1:colcon.colcon_core.package_discovery:discover_packages(ignore) check parameters
[0.227s] Level 1:colcon.colcon_core.package_discovery:discover_packages(path) check parameters
[0.227s] Level 1:colcon.colcon_core.package_discovery:discover_packages(colcon_meta) discover
[0.227s] Level 1:colcon.colcon_core.package_discovery:discover_packages(recursive) discover
[0.227s] INFO:colcon.colcon_core.package_discovery:Crawling recursively for packages in '/home/qiu/Desktop/ros2_stm32_ws'
[0.227s] Level 1:colcon.colcon_core.package_identification:_identify(.) by extensions ['ignore', 'ignore_ament_install']
[0.227s] Level 1:colcon.colcon_core.package_identification:_identify(.) by extension 'ignore'
[0.227s] Level 1:colcon.colcon_core.package_identification:_identify(.) by extension 'ignore_ament_install'
[0.227s] Level 1:colcon.colcon_core.package_identification:_identify(.) by extensions ['colcon_pkg']
[0.227s] Level 1:colcon.colcon_core.package_identification:_identify(.) by extension 'colcon_pkg'
[0.227s] Level 1:colcon.colcon_core.package_identification:_identify(.) by extensions ['colcon_meta']
[0.227s] Level 1:colcon.colcon_core.package_identification:_identify(.) by extension 'colcon_meta'
[0.227s] Level 1:colcon.colcon_core.package_identification:_identify(.) by extensions ['ros']
[0.227s] Level 1:colcon.colcon_core.package_identification:_identify(.) by extension 'ros'
[0.257s] Level 1:colcon.colcon_core.package_identification:_identify(.) by extensions ['cmake', 'python']
[0.257s] Level 1:colcon.colcon_core.package_identification:_identify(.) by extension 'cmake'
[0.257s] Level 1:colcon.colcon_core.package_identification:_identify(.) by extension 'python'
[0.257s] Level 1:colcon.colcon_core.package_identification:_identify(.) by extensions ['python_setup_py']
[0.257s] Level 1:colcon.colcon_core.package_identification:_identify(.) by extension 'python_setup_py'
[0.257s] Level 1:colcon.colcon_core.package_identification:_identify(ASR-PRO语音模块资料) by extensions ['ignore', 'ignore_ament_install']
[0.257s] Level 1:colcon.colcon_core.package_identification:_identify(ASR-PRO语音模块资料) by extension 'ignore'
[0.257s] Level 1:colcon.colcon_core.package_identification:_identify(ASR-PRO语音模块资料) by extension 'ignore_ament_install'
[0.257s] Level 1:colcon.colcon_core.package_identification:_identify(ASR-PRO语音模块资料) by extensions ['colcon_pkg']
[0.257s] Level 1:colcon.colcon_core.package_identification:_identify(ASR-PRO语音模块资料) by extension 'colcon_pkg'
[0.257s] Level 1:colcon.colcon_core.package_identification:_identify(ASR-PRO语音模块资料) by extensions ['colcon_meta']
[0.257s] Level 1:colcon.colcon_core.package_identification:_identify(ASR-PRO语音模块资料) by extension 'colcon_meta'
[0.257s] Level 1:colcon.colcon_core.package_identification:_identify(ASR-PRO语音模块资料) by extensions ['ros']
[0.257s] Level 1:colcon.colcon_core.package_identification:_identify(ASR-PRO语音模块资料) by extension 'ros'
[0.257s] Level 1:colcon.colcon_core.package_identification:_identify(ASR-PRO语音模块资料) by extensions ['cmake', 'python']
[0.257s] Level 1:colcon.colcon_core.package_identification:_identify(ASR-PRO语音模块资料) by extension 'cmake'
[0.257s] Level 1:colcon.colcon_core.package_identification:_identify(ASR-PRO语音模块资料) by extension 'python'
[0.257s] Level 1:colcon.colcon_core.package_identification:_identify(ASR-PRO语音模块资料) by extensions ['python_setup_py']
[0.257s] Level 1:colcon.colcon_core.package_identification:_identify(ASR-PRO语音模块资料) by extension 'python_setup_py'
[0.258s] Level 1:colcon.colcon_core.package_identification:_identify(ASR-PRO语音模块资料/ASR-PRO语音模块资料) by extensions ['ignore', 'ignore_ament_install']
[0.258s] Level 1:colcon.colcon_core.package_identification:_identify(ASR-PRO语音模块资料/ASR-PRO语音模块资料) by extension 'ignore'
[0.258s] Level 1:colcon.colcon_core.package_identification:_identify(ASR-PRO语音模块资料/ASR-PRO语音模块资料) by extension 'ignore_ament_install'
[0.258s] Level 1:colcon.colcon_core.package_identification:_identify(ASR-PRO语音模块资料/ASR-PRO语音模块资料) by extensions ['colcon_pkg']
[0.258s] Level 1:colcon.colcon_core.package_identification:_identify(ASR-PRO语音模块资料/ASR-PRO语音模块资料) by extension 'colcon_pkg'
[0.258s] Level 1:colcon.colcon_core.package_identification:_identify(ASR-PRO语音模块资料/ASR-PRO语音模块资料) by extensions ['colcon_meta']
[0.258s] Level 1:colcon.colcon_core.package_identification:_identify(ASR-PRO语音模块资料/ASR-PRO语音模块资料) by extension 'colcon_meta'
[0.258s] Level 1:colcon.colcon_core.package_identification:_identify(ASR-PRO语音模块资料/ASR-PRO语音模块资料) by extensions ['ros']
[0.258s] Level 1:colcon.colcon_core.package_identification:_identify(ASR-PRO语音模块资料/ASR-PRO语音模块资料) by extension 'ros'
[0.258s] Level 1:colcon.colcon_core.package_identification:_identify(ASR-PRO语音模块资料/ASR-PRO语音模块资料) by extensions ['cmake', 'python']
[0.258s] Level 1:colcon.colcon_core.package_identification:_identify(ASR-PRO语音模块资料/ASR-PRO语音模块资料) by extension 'cmake'
[0.258s] Level 1:colcon.colcon_core.package_identification:_identify(ASR-PRO语音模块资料/ASR-PRO语音模块资料) by extension 'python'
[0.258s] Level 1:colcon.colcon_core.package_identification:_identify(ASR-PRO语音模块资料/ASR-PRO语音模块资料) by extensions ['python_setup_py']
[0.258s] Level 1:colcon.colcon_core.package_identification:_identify(ASR-PRO语音模块资料/ASR-PRO语音模块资料) by extension 'python_setup_py'
[0.258s] Level 1:colcon.colcon_core.package_identification:_identify(ASR-PRO语音模块资料/ASR-PRO语音模块资料/语音控制音量（范围1-7）) by extensions ['ignore', 'ignore_ament_install']
[0.258s] Level 1:colcon.colcon_core.package_identification:_identify(ASR-PRO语音模块资料/ASR-PRO语音模块资料/语音控制音量（范围1-7）) by extension 'ignore'
[0.258s] Level 1:colcon.colcon_core.package_identification:_identify(ASR-PRO语音模块资料/ASR-PRO语音模块资料/语音控制音量（范围1-7）) by extension 'ignore_ament_install'
[0.258s] Level 1:colcon.colcon_core.package_identification:_identify(ASR-PRO语音模块资料/ASR-PRO语音模块资料/语音控制音量（范围1-7）) by extensions ['colcon_pkg']
[0.258s] Level 1:colcon.colcon_core.package_identification:_identify(ASR-PRO语音模块资料/ASR-PRO语音模块资料/语音控制音量（范围1-7）) by extension 'colcon_pkg'
[0.258s] Level 1:colcon.colcon_core.package_identification:_identify(ASR-PRO语音模块资料/ASR-PRO语音模块资料/语音控制音量（范围1-7）) by extensions ['colcon_meta']
[0.258s] Level 1:colcon.colcon_core.package_identification:_identify(ASR-PRO语音模块资料/ASR-PRO语音模块资料/语音控制音量（范围1-7）) by extension 'colcon_meta'
[0.258s] Level 1:colcon.colcon_core.package_identification:_identify(ASR-PRO语音模块资料/ASR-PRO语音模块资料/语音控制音量（范围1-7）) by extensions ['ros']
[0.258s] Level 1:colcon.colcon_core.package_identification:_identify(ASR-PRO语音模块资料/ASR-PRO语音模块资料/语音控制音量（范围1-7）) by extension 'ros'
[0.258s] Level 1:colcon.colcon_core.package_identification:_identify(ASR-PRO语音模块资料/ASR-PRO语音模块资料/语音控制音量（范围1-7）) by extensions ['cmake', 'python']
[0.258s] Level 1:colcon.colcon_core.package_identification:_identify(ASR-PRO语音模块资料/ASR-PRO语音模块资料/语音控制音量（范围1-7）) by extension 'cmake'
[0.258s] Level 1:colcon.colcon_core.package_identification:_identify(ASR-PRO语音模块资料/ASR-PRO语音模块资料/语音控制音量（范围1-7）) by extension 'python'
[0.258s] Level 1:colcon.colcon_core.package_identification:_identify(ASR-PRO语音模块资料/ASR-PRO语音模块资料/语音控制音量（范围1-7）) by extensions ['python_setup_py']
[0.258s] Level 1:colcon.colcon_core.package_identification:_identify(ASR-PRO语音模块资料/ASR-PRO语音模块资料/语音控制音量（范围1-7）) by extension 'python_setup_py'
[0.258s] Level 1:colcon.colcon_core.package_identification:_identify(ASR-PRO语音模块资料/ASR-PRO语音模块资料/语音控制音量（范围1-7）/语音控制音量) by extensions ['ignore', 'ignore_ament_install']
[0.258s] Level 1:colcon.colcon_core.package_identification:_identify(ASR-PRO语音模块资料/ASR-PRO语音模块资料/语音控制音量（范围1-7）/语音控制音量) by extension 'ignore'
[0.258s] Level 1:colcon.colcon_core.package_identification:_identify(ASR-PRO语音模块资料/ASR-PRO语音模块资料/语音控制音量（范围1-7）/语音控制音量) by extension 'ignore_ament_install'
[0.258s] Level 1:colcon.colcon_core.package_identification:_identify(ASR-PRO语音模块资料/ASR-PRO语音模块资料/语音控制音量（范围1-7）/语音控制音量) by extensions ['colcon_pkg']
[0.258s] Level 1:colcon.colcon_core.package_identification:_identify(ASR-PRO语音模块资料/ASR-PRO语音模块资料/语音控制音量（范围1-7）/语音控制音量) by extension 'colcon_pkg'
[0.258s] Level 1:colcon.colcon_core.package_identification:_identify(ASR-PRO语音模块资料/ASR-PRO语音模块资料/语音控制音量（范围1-7）/语音控制音量) by extensions ['colcon_meta']
[0.258s] Level 1:colcon.colcon_core.package_identification:_identify(ASR-PRO语音模块资料/ASR-PRO语音模块资料/语音控制音量（范围1-7）/语音控制音量) by extension 'colcon_meta'
[0.258s] Level 1:colcon.colcon_core.package_identification:_identify(ASR-PRO语音模块资料/ASR-PRO语音模块资料/语音控制音量（范围1-7）/语音控制音量) by extensions ['ros']
[0.258s] Level 1:colcon.colcon_core.package_identification:_identify(ASR-PRO语音模块资料/ASR-PRO语音模块资料/语音控制音量（范围1-7）/语音控制音量) by extension 'ros'
[0.258s] Level 1:colcon.colcon_core.package_identification:_identify(ASR-PRO语音模块资料/ASR-PRO语音模块资料/语音控制音量（范围1-7）/语音控制音量) by extensions ['cmake', 'python']
[0.258s] Level 1:colcon.colcon_core.package_identification:_identify(ASR-PRO语音模块资料/ASR-PRO语音模块资料/语音控制音量（范围1-7）/语音控制音量) by extension 'cmake'
[0.258s] Level 1:colcon.colcon_core.package_identification:_identify(ASR-PRO语音模块资料/ASR-PRO语音模块资料/语音控制音量（范围1-7）/语音控制音量) by extension 'python'
[0.258s] Level 1:colcon.colcon_core.package_identification:_identify(ASR-PRO语音模块资料/ASR-PRO语音模块资料/语音控制音量（范围1-7）/语音控制音量) by extensions ['python_setup_py']
[0.258s] Level 1:colcon.colcon_core.package_identification:_identify(ASR-PRO语音模块资料/ASR-PRO语音模块资料/语音控制音量（范围1-7）/语音控制音量) by extension 'python_setup_py'
[0.259s] Level 1:colcon.colcon_core.package_identification:_identify(ASR-PRO语音模块资料/ASR-PRO语音模块资料/语音控制音量（范围1-7）/语音控制音量/model) by extensions ['ignore', 'ignore_ament_install']
[0.259s] Level 1:colcon.colcon_core.package_identification:_identify(ASR-PRO语音模块资料/ASR-PRO语音模块资料/语音控制音量（范围1-7）/语音控制音量/model) by extension 'ignore'
[0.259s] Level 1:colcon.colcon_core.package_identification:_identify(ASR-PRO语音模块资料/ASR-PRO语音模块资料/语音控制音量（范围1-7）/语音控制音量/model) by extension 'ignore_ament_install'
[0.259s] Level 1:colcon.colcon_core.package_identification:_identify(ASR-PRO语音模块资料/ASR-PRO语音模块资料/语音控制音量（范围1-7）/语音控制音量/model) by extensions ['colcon_pkg']
[0.259s] Level 1:colcon.colcon_core.package_identification:_identify(ASR-PRO语音模块资料/ASR-PRO语音模块资料/语音控制音量（范围1-7）/语音控制音量/model) by extension 'colcon_pkg'
[0.259s] Level 1:colcon.colcon_core.package_identification:_identify(ASR-PRO语音模块资料/ASR-PRO语音模块资料/语音控制音量（范围1-7）/语音控制音量/model) by extensions ['colcon_meta']
[0.259s] Level 1:colcon.colcon_core.package_identification:_identify(ASR-PRO语音模块资料/ASR-PRO语音模块资料/语音控制音量（范围1-7）/语音控制音量/model) by extension 'colcon_meta'
[0.259s] Level 1:colcon.colcon_core.package_identification:_identify(ASR-PRO语音模块资料/ASR-PRO语音模块资料/语音控制音量（范围1-7）/语音控制音量/model) by extensions ['ros']
[0.259s] Level 1:colcon.colcon_core.package_identification:_identify(ASR-PRO语音模块资料/ASR-PRO语音模块资料/语音控制音量（范围1-7）/语音控制音量/model) by extension 'ros'
[0.259s] Level 1:colcon.colcon_core.package_identification:_identify(ASR-PRO语音模块资料/ASR-PRO语音模块资料/语音控制音量（范围1-7）/语音控制音量/model) by extensions ['cmake', 'python']
[0.259s] Level 1:colcon.colcon_core.package_identification:_identify(ASR-PRO语音模块资料/ASR-PRO语音模块资料/语音控制音量（范围1-7）/语音控制音量/model) by extension 'cmake'
[0.259s] Level 1:colcon.colcon_core.package_identification:_identify(ASR-PRO语音模块资料/ASR-PRO语音模块资料/语音控制音量（范围1-7）/语音控制音量/model) by extension 'python'
[0.259s] Level 1:colcon.colcon_core.package_identification:_identify(ASR-PRO语音模块资料/ASR-PRO语音模块资料/语音控制音量（范围1-7）/语音控制音量/model) by extensions ['python_setup_py']
[0.259s] Level 1:colcon.colcon_core.package_identification:_identify(ASR-PRO语音模块资料/ASR-PRO语音模块资料/语音控制音量（范围1-7）/语音控制音量/model) by extension 'python_setup_py'
[0.259s] Level 1:colcon.colcon_core.package_identification:_identify(ASR-PRO语音模块资料/ASR-PRO语音模块资料/语音控制音量（范围1-7）/语音控制音量/model/asr) by extensions ['ignore', 'ignore_ament_install']
[0.259s] Level 1:colcon.colcon_core.package_identification:_identify(ASR-PRO语音模块资料/ASR-PRO语音模块资料/语音控制音量（范围1-7）/语音控制音量/model/asr) by extension 'ignore'
[0.259s] Level 1:colcon.colcon_core.package_identification:_identify(ASR-PRO语音模块资料/ASR-PRO语音模块资料/语音控制音量（范围1-7）/语音控制音量/model/asr) by extension 'ignore_ament_install'
[0.259s] Level 1:colcon.colcon_core.package_identification:_identify(ASR-PRO语音模块资料/ASR-PRO语音模块资料/语音控制音量（范围1-7）/语音控制音量/model/asr) by extensions ['colcon_pkg']
[0.259s] Level 1:colcon.colcon_core.package_identification:_identify(ASR-PRO语音模块资料/ASR-PRO语音模块资料/语音控制音量（范围1-7）/语音控制音量/model/asr) by extension 'colcon_pkg'
[0.259s] Level 1:colcon.colcon_core.package_identification:_identify(ASR-PRO语音模块资料/ASR-PRO语音模块资料/语音控制音量（范围1-7）/语音控制音量/model/asr) by extensions ['colcon_meta']
[0.259s] Level 1:colcon.colcon_core.package_identification:_identify(ASR-PRO语音模块资料/ASR-PRO语音模块资料/语音控制音量（范围1-7）/语音控制音量/model/asr) by extension 'colcon_meta'
[0.259s] Level 1:colcon.colcon_core.package_identification:_identify(ASR-PRO语音模块资料/ASR-PRO语音模块资料/语音控制音量（范围1-7）/语音控制音量/model/asr) by extensions ['ros']
[0.259s] Level 1:colcon.colcon_core.package_identification:_identify(ASR-PRO语音模块资料/ASR-PRO语音模块资料/语音控制音量（范围1-7）/语音控制音量/model/asr) by extension 'ros'
[0.259s] Level 1:colcon.colcon_core.package_identification:_identify(ASR-PRO语音模块资料/ASR-PRO语音模块资料/语音控制音量（范围1-7）/语音控制音量/model/asr) by extensions ['cmake', 'python']
[0.259s] Level 1:colcon.colcon_core.package_identification:_identify(ASR-PRO语音模块资料/ASR-PRO语音模块资料/语音控制音量（范围1-7）/语音控制音量/model/asr) by extension 'cmake'
[0.259s] Level 1:colcon.colcon_core.package_identification:_identify(ASR-PRO语音模块资料/ASR-PRO语音模块资料/语音控制音量（范围1-7）/语音控制音量/model/asr) by extension 'python'
[0.259s] Level 1:colcon.colcon_core.package_identification:_identify(ASR-PRO语音模块资料/ASR-PRO语音模块资料/语音控制音量（范围1-7）/语音控制音量/model/asr) by extensions ['python_setup_py']
[0.259s] Level 1:colcon.colcon_core.package_identification:_identify(ASR-PRO语音模块资料/ASR-PRO语音模块资料/语音控制音量（范围1-7）/语音控制音量/model/asr) by extension 'python_setup_py'
[0.259s] Level 1:colcon.colcon_core.package_identification:_identify(ASR-PRO语音模块资料/ASR-PRO语音模块资料/语音控制音量（范围1-7）/语音控制音量/model/user_file) by extensions ['ignore', 'ignore_ament_install']
[0.259s] Level 1:colcon.colcon_core.package_identification:_identify(ASR-PRO语音模块资料/ASR-PRO语音模块资料/语音控制音量（范围1-7）/语音控制音量/model/user_file) by extension 'ignore'
[0.259s] Level 1:colcon.colcon_core.package_identification:_identify(ASR-PRO语音模块资料/ASR-PRO语音模块资料/语音控制音量（范围1-7）/语音控制音量/model/user_file) by extension 'ignore_ament_install'
[0.259s] Level 1:colcon.colcon_core.package_identification:_identify(ASR-PRO语音模块资料/ASR-PRO语音模块资料/语音控制音量（范围1-7）/语音控制音量/model/user_file) by extensions ['colcon_pkg']
[0.259s] Level 1:colcon.colcon_core.package_identification:_identify(ASR-PRO语音模块资料/ASR-PRO语音模块资料/语音控制音量（范围1-7）/语音控制音量/model/user_file) by extension 'colcon_pkg'
[0.259s] Level 1:colcon.colcon_core.package_identification:_identify(ASR-PRO语音模块资料/ASR-PRO语音模块资料/语音控制音量（范围1-7）/语音控制音量/model/user_file) by extensions ['colcon_meta']
[0.259s] Level 1:colcon.colcon_core.package_identification:_identify(ASR-PRO语音模块资料/ASR-PRO语音模块资料/语音控制音量（范围1-7）/语音控制音量/model/user_file) by extension 'colcon_meta'
[0.259s] Level 1:colcon.colcon_core.package_identification:_identify(ASR-PRO语音模块资料/ASR-PRO语音模块资料/语音控制音量（范围1-7）/语音控制音量/model/user_file) by extensions ['ros']
[0.259s] Level 1:colcon.colcon_core.package_identification:_identify(ASR-PRO语音模块资料/ASR-PRO语音模块资料/语音控制音量（范围1-7）/语音控制音量/model/user_file) by extension 'ros'
[0.259s] Level 1:colcon.colcon_core.package_identification:_identify(ASR-PRO语音模块资料/ASR-PRO语音模块资料/语音控制音量（范围1-7）/语音控制音量/model/user_file) by extensions ['cmake', 'python']
[0.259s] Level 1:colcon.colcon_core.package_identification:_identify(ASR-PRO语音模块资料/ASR-PRO语音模块资料/语音控制音量（范围1-7）/语音控制音量/model/user_file) by extension 'cmake'
[0.259s] Level 1:colcon.colcon_core.package_identification:_identify(ASR-PRO语音模块资料/ASR-PRO语音模块资料/语音控制音量（范围1-7）/语音控制音量/model/user_file) by extension 'python'
[0.259s] Level 1:colcon.colcon_core.package_identification:_identify(ASR-PRO语音模块资料/ASR-PRO语音模块资料/语音控制音量（范围1-7）/语音控制音量/model/user_file) by extensions ['python_setup_py']
[0.259s] Level 1:colcon.colcon_core.package_identification:_identify(ASR-PRO语音模块资料/ASR-PRO语音模块资料/语音控制音量（范围1-7）/语音控制音量/model/user_file) by extension 'python_setup_py'
[0.260s] Level 1:colcon.colcon_core.package_identification:_identify(ASR-PRO语音模块资料/ASR-PRO语音模块资料/语音控制音量（范围1-7）/语音控制音量/model/user_file/cmd_info) by extensions ['ignore', 'ignore_ament_install']
[0.260s] Level 1:colcon.colcon_core.package_identification:_identify(ASR-PRO语音模块资料/ASR-PRO语音模块资料/语音控制音量（范围1-7）/语音控制音量/model/user_file/cmd_info) by extension 'ignore'
[0.260s] Level 1:colcon.colcon_core.package_identification:_identify(ASR-PRO语音模块资料/ASR-PRO语音模块资料/语音控制音量（范围1-7）/语音控制音量/model/user_file/cmd_info) by extension 'ignore_ament_install'
[0.260s] Level 1:colcon.colcon_core.package_identification:_identify(ASR-PRO语音模块资料/ASR-PRO语音模块资料/语音控制音量（范围1-7）/语音控制音量/model/user_file/cmd_info) by extensions ['colcon_pkg']
[0.260s] Level 1:colcon.colcon_core.package_identification:_identify(ASR-PRO语音模块资料/ASR-PRO语音模块资料/语音控制音量（范围1-7）/语音控制音量/model/user_file/cmd_info) by extension 'colcon_pkg'
[0.260s] Level 1:colcon.colcon_core.package_identification:_identify(ASR-PRO语音模块资料/ASR-PRO语音模块资料/语音控制音量（范围1-7）/语音控制音量/model/user_file/cmd_info) by extensions ['colcon_meta']
[0.260s] Level 1:colcon.colcon_core.package_identification:_identify(ASR-PRO语音模块资料/ASR-PRO语音模块资料/语音控制音量（范围1-7）/语音控制音量/model/user_file/cmd_info) by extension 'colcon_meta'
[0.260s] Level 1:colcon.colcon_core.package_identification:_identify(ASR-PRO语音模块资料/ASR-PRO语音模块资料/语音控制音量（范围1-7）/语音控制音量/model/user_file/cmd_info) by extensions ['ros']
[0.260s] Level 1:colcon.colcon_core.package_identification:_identify(ASR-PRO语音模块资料/ASR-PRO语音模块资料/语音控制音量（范围1-7）/语音控制音量/model/user_file/cmd_info) by extension 'ros'
[0.260s] Level 1:colcon.colcon_core.package_identification:_identify(ASR-PRO语音模块资料/ASR-PRO语音模块资料/语音控制音量（范围1-7）/语音控制音量/model/user_file/cmd_info) by extensions ['cmake', 'python']
[0.260s] Level 1:colcon.colcon_core.package_identification:_identify(ASR-PRO语音模块资料/ASR-PRO语音模块资料/语音控制音量（范围1-7）/语音控制音量/model/user_file/cmd_info) by extension 'cmake'
[0.260s] Level 1:colcon.colcon_core.package_identification:_identify(ASR-PRO语音模块资料/ASR-PRO语音模块资料/语音控制音量（范围1-7）/语音控制音量/model/user_file/cmd_info) by extension 'python'
[0.260s] Level 1:colcon.colcon_core.package_identification:_identify(ASR-PRO语音模块资料/ASR-PRO语音模块资料/语音控制音量（范围1-7）/语音控制音量/model/user_file/cmd_info) by extensions ['python_setup_py']
[0.260s] Level 1:colcon.colcon_core.package_identification:_identify(ASR-PRO语音模块资料/ASR-PRO语音模块资料/语音控制音量（范围1-7）/语音控制音量/model/user_file/cmd_info) by extension 'python_setup_py'
[0.260s] Level 1:colcon.colcon_core.package_identification:_identify(ASR-PRO语音模块资料/ASR-PRO语音模块资料/语音控制音量（范围1-7）/语音控制音量/model/voice) by extensions ['ignore', 'ignore_ament_install']
[0.260s] Level 1:colcon.colcon_core.package_identification:_identify(ASR-PRO语音模块资料/ASR-PRO语音模块资料/语音控制音量（范围1-7）/语音控制音量/model/voice) by extension 'ignore'
[0.260s] Level 1:colcon.colcon_core.package_identification:_identify(ASR-PRO语音模块资料/ASR-PRO语音模块资料/语音控制音量（范围1-7）/语音控制音量/model/voice) by extension 'ignore_ament_install'
[0.260s] Level 1:colcon.colcon_core.package_identification:_identify(ASR-PRO语音模块资料/ASR-PRO语音模块资料/语音控制音量（范围1-7）/语音控制音量/model/voice) by extensions ['colcon_pkg']
[0.260s] Level 1:colcon.colcon_core.package_identification:_identify(ASR-PRO语音模块资料/ASR-PRO语音模块资料/语音控制音量（范围1-7）/语音控制音量/model/voice) by extension 'colcon_pkg'
[0.260s] Level 1:colcon.colcon_core.package_identification:_identify(ASR-PRO语音模块资料/ASR-PRO语音模块资料/语音控制音量（范围1-7）/语音控制音量/model/voice) by extensions ['colcon_meta']
[0.260s] Level 1:colcon.colcon_core.package_identification:_identify(ASR-PRO语音模块资料/ASR-PRO语音模块资料/语音控制音量（范围1-7）/语音控制音量/model/voice) by extension 'colcon_meta'
[0.260s] Level 1:colcon.colcon_core.package_identification:_identify(ASR-PRO语音模块资料/ASR-PRO语音模块资料/语音控制音量（范围1-7）/语音控制音量/model/voice) by extensions ['ros']
[0.260s] Level 1:colcon.colcon_core.package_identification:_identify(ASR-PRO语音模块资料/ASR-PRO语音模块资料/语音控制音量（范围1-7）/语音控制音量/model/voice) by extension 'ros'
[0.260s] Level 1:colcon.colcon_core.package_identification:_identify(ASR-PRO语音模块资料/ASR-PRO语音模块资料/语音控制音量（范围1-7）/语音控制音量/model/voice) by extensions ['cmake', 'python']
[0.260s] Level 1:colcon.colcon_core.package_identification:_identify(ASR-PRO语音模块资料/ASR-PRO语音模块资料/语音控制音量（范围1-7）/语音控制音量/model/voice) by extension 'cmake'
[0.260s] Level 1:colcon.colcon_core.package_identification:_identify(ASR-PRO语音模块资料/ASR-PRO语音模块资料/语音控制音量（范围1-7）/语音控制音量/model/voice) by extension 'python'
[0.260s] Level 1:colcon.colcon_core.package_identification:_identify(ASR-PRO语音模块资料/ASR-PRO语音模块资料/语音控制音量（范围1-7）/语音控制音量/model/voice) by extensions ['python_setup_py']
[0.260s] Level 1:colcon.colcon_core.package_identification:_identify(ASR-PRO语音模块资料/ASR-PRO语音模块资料/语音控制音量（范围1-7）/语音控制音量/model/voice) by extension 'python_setup_py'
[0.260s] Level 1:colcon.colcon_core.package_identification:_identify(ASR-PRO语音模块资料/ASR-PRO语音模块资料/语音控制音量（范围1-7）/语音控制音量/model/voice/mp3) by extensions ['ignore', 'ignore_ament_install']
[0.260s] Level 1:colcon.colcon_core.package_identification:_identify(ASR-PRO语音模块资料/ASR-PRO语音模块资料/语音控制音量（范围1-7）/语音控制音量/model/voice/mp3) by extension 'ignore'
[0.260s] Level 1:colcon.colcon_core.package_identification:_identify(ASR-PRO语音模块资料/ASR-PRO语音模块资料/语音控制音量（范围1-7）/语音控制音量/model/voice/mp3) by extension 'ignore_ament_install'
[0.260s] Level 1:colcon.colcon_core.package_identification:_identify(ASR-PRO语音模块资料/ASR-PRO语音模块资料/语音控制音量（范围1-7）/语音控制音量/model/voice/mp3) by extensions ['colcon_pkg']
[0.260s] Level 1:colcon.colcon_core.package_identification:_identify(ASR-PRO语音模块资料/ASR-PRO语音模块资料/语音控制音量（范围1-7）/语音控制音量/model/voice/mp3) by extension 'colcon_pkg'
[0.260s] Level 1:colcon.colcon_core.package_identification:_identify(ASR-PRO语音模块资料/ASR-PRO语音模块资料/语音控制音量（范围1-7）/语音控制音量/model/voice/mp3) by extensions ['colcon_meta']
[0.260s] Level 1:colcon.colcon_core.package_identification:_identify(ASR-PRO语音模块资料/ASR-PRO语音模块资料/语音控制音量（范围1-7）/语音控制音量/model/voice/mp3) by extension 'colcon_meta'
[0.260s] Level 1:colcon.colcon_core.package_identification:_identify(ASR-PRO语音模块资料/ASR-PRO语音模块资料/语音控制音量（范围1-7）/语音控制音量/model/voice/mp3) by extensions ['ros']
[0.260s] Level 1:colcon.colcon_core.package_identification:_identify(ASR-PRO语音模块资料/ASR-PRO语音模块资料/语音控制音量（范围1-7）/语音控制音量/model/voice/mp3) by extension 'ros'
[0.260s] Level 1:colcon.colcon_core.package_identification:_identify(ASR-PRO语音模块资料/ASR-PRO语音模块资料/语音控制音量（范围1-7）/语音控制音量/model/voice/mp3) by extensions ['cmake', 'python']
[0.260s] Level 1:colcon.colcon_core.package_identification:_identify(ASR-PRO语音模块资料/ASR-PRO语音模块资料/语音控制音量（范围1-7）/语音控制音量/model/voice/mp3) by extension 'cmake'
[0.260s] Level 1:colcon.colcon_core.package_identification:_identify(ASR-PRO语音模块资料/ASR-PRO语音模块资料/语音控制音量（范围1-7）/语音控制音量/model/voice/mp3) by extension 'python'
[0.260s] Level 1:colcon.colcon_core.package_identification:_identify(ASR-PRO语音模块资料/ASR-PRO语音模块资料/语音控制音量（范围1-7）/语音控制音量/model/voice/mp3) by extensions ['python_setup_py']
[0.261s] Level 1:colcon.colcon_core.package_identification:_identify(ASR-PRO语音模块资料/ASR-PRO语音模块资料/语音控制音量（范围1-7）/语音控制音量/model/voice/mp3) by extension 'python_setup_py'
[0.261s] Level 1:colcon.colcon_core.package_identification:_identify(ASR-PRO语音模块资料/灯带接线+例程+替换音频教程) by extensions ['ignore', 'ignore_ament_install']
[0.261s] Level 1:colcon.colcon_core.package_identification:_identify(ASR-PRO语音模块资料/灯带接线+例程+替换音频教程) by extension 'ignore'
[0.261s] Level 1:colcon.colcon_core.package_identification:_identify(ASR-PRO语音模块资料/灯带接线+例程+替换音频教程) by extension 'ignore_ament_install'
[0.261s] Level 1:colcon.colcon_core.package_identification:_identify(ASR-PRO语音模块资料/灯带接线+例程+替换音频教程) by extensions ['colcon_pkg']
[0.261s] Level 1:colcon.colcon_core.package_identification:_identify(ASR-PRO语音模块资料/灯带接线+例程+替换音频教程) by extension 'colcon_pkg'
[0.261s] Level 1:colcon.colcon_core.package_identification:_identify(ASR-PRO语音模块资料/灯带接线+例程+替换音频教程) by extensions ['colcon_meta']
[0.261s] Level 1:colcon.colcon_core.package_identification:_identify(ASR-PRO语音模块资料/灯带接线+例程+替换音频教程) by extension 'colcon_meta'
[0.261s] Level 1:colcon.colcon_core.package_identification:_identify(ASR-PRO语音模块资料/灯带接线+例程+替换音频教程) by extensions ['ros']
[0.261s] Level 1:colcon.colcon_core.package_identification:_identify(ASR-PRO语音模块资料/灯带接线+例程+替换音频教程) by extension 'ros'
[0.261s] Level 1:colcon.colcon_core.package_identification:_identify(ASR-PRO语音模块资料/灯带接线+例程+替换音频教程) by extensions ['cmake', 'python']
[0.261s] Level 1:colcon.colcon_core.package_identification:_identify(ASR-PRO语音模块资料/灯带接线+例程+替换音频教程) by extension 'cmake'
[0.261s] Level 1:colcon.colcon_core.package_identification:_identify(ASR-PRO语音模块资料/灯带接线+例程+替换音频教程) by extension 'python'
[0.261s] Level 1:colcon.colcon_core.package_identification:_identify(ASR-PRO语音模块资料/灯带接线+例程+替换音频教程) by extensions ['python_setup_py']
[0.261s] Level 1:colcon.colcon_core.package_identification:_identify(ASR-PRO语音模块资料/灯带接线+例程+替换音频教程) by extension 'python_setup_py'
[0.261s] Level 1:colcon.colcon_core.package_identification:_identify(ASR-PRO语音模块资料/软件) by extensions ['ignore', 'ignore_ament_install']
[0.261s] Level 1:colcon.colcon_core.package_identification:_identify(ASR-PRO语音模块资料/软件) by extension 'ignore'
[0.261s] Level 1:colcon.colcon_core.package_identification:_identify(ASR-PRO语音模块资料/软件) by extension 'ignore_ament_install'
[0.261s] Level 1:colcon.colcon_core.package_identification:_identify(ASR-PRO语音模块资料/软件) by extensions ['colcon_pkg']
[0.261s] Level 1:colcon.colcon_core.package_identification:_identify(ASR-PRO语音模块资料/软件) by extension 'colcon_pkg'
[0.261s] Level 1:colcon.colcon_core.package_identification:_identify(ASR-PRO语音模块资料/软件) by extensions ['colcon_meta']
[0.261s] Level 1:colcon.colcon_core.package_identification:_identify(ASR-PRO语音模块资料/软件) by extension 'colcon_meta'
[0.261s] Level 1:colcon.colcon_core.package_identification:_identify(ASR-PRO语音模块资料/软件) by extensions ['ros']
[0.261s] Level 1:colcon.colcon_core.package_identification:_identify(ASR-PRO语音模块资料/软件) by extension 'ros'
[0.261s] Level 1:colcon.colcon_core.package_identification:_identify(ASR-PRO语音模块资料/软件) by extensions ['cmake', 'python']
[0.261s] Level 1:colcon.colcon_core.package_identification:_identify(ASR-PRO语音模块资料/软件) by extension 'cmake'
[0.261s] Level 1:colcon.colcon_core.package_identification:_identify(ASR-PRO语音模块资料/软件) by extension 'python'
[0.261s] Level 1:colcon.colcon_core.package_identification:_identify(ASR-PRO语音模块资料/软件) by extensions ['python_setup_py']
[0.261s] Level 1:colcon.colcon_core.package_identification:_identify(ASR-PRO语音模块资料/软件) by extension 'python_setup_py'
[0.261s] Level 1:colcon.colcon_core.package_identification:_identify(build) by extensions ['ignore', 'ignore_ament_install']
[0.261s] Level 1:colcon.colcon_core.package_identification:_identify(build) by extension 'ignore'
[0.261s] Level 1:colcon.colcon_core.package_identification:_identify(build) ignored
[0.261s] Level 1:colcon.colcon_core.package_identification:_identify(install) by extensions ['ignore', 'ignore_ament_install']
[0.261s] Level 1:colcon.colcon_core.package_identification:_identify(install) by extension 'ignore'
[0.261s] Level 1:colcon.colcon_core.package_identification:_identify(install) ignored
[0.261s] Level 1:colcon.colcon_core.package_identification:_identify(log) by extensions ['ignore', 'ignore_ament_install']
[0.261s] Level 1:colcon.colcon_core.package_identification:_identify(log) by extension 'ignore'
[0.261s] Level 1:colcon.colcon_core.package_identification:_identify(log) ignored
[0.261s] Level 1:colcon.colcon_core.package_identification:_identify(src) by extensions ['ignore', 'ignore_ament_install']
[0.262s] Level 1:colcon.colcon_core.package_identification:_identify(src) by extension 'ignore'
[0.262s] Level 1:colcon.colcon_core.package_identification:_identify(src) by extension 'ignore_ament_install'
[0.262s] Level 1:colcon.colcon_core.package_identification:_identify(src) by extensions ['colcon_pkg']
[0.262s] Level 1:colcon.colcon_core.package_identification:_identify(src) by extension 'colcon_pkg'
[0.262s] Level 1:colcon.colcon_core.package_identification:_identify(src) by extensions ['colcon_meta']
[0.262s] Level 1:colcon.colcon_core.package_identification:_identify(src) by extension 'colcon_meta'
[0.262s] Level 1:colcon.colcon_core.package_identification:_identify(src) by extensions ['ros']
[0.262s] Level 1:colcon.colcon_core.package_identification:_identify(src) by extension 'ros'
[0.262s] Level 1:colcon.colcon_core.package_identification:_identify(src) by extensions ['cmake', 'python']
[0.262s] Level 1:colcon.colcon_core.package_identification:_identify(src) by extension 'cmake'
[0.262s] Level 1:colcon.colcon_core.package_identification:_identify(src) by extension 'python'
[0.262s] Level 1:colcon.colcon_core.package_identification:_identify(src) by extensions ['python_setup_py']
[0.262s] Level 1:colcon.colcon_core.package_identification:_identify(src) by extension 'python_setup_py'
[0.262s] Level 1:colcon.colcon_core.package_identification:_identify(src/asr_bridge) by extensions ['ignore', 'ignore_ament_install']
[0.262s] Level 1:colcon.colcon_core.package_identification:_identify(src/asr_bridge) by extension 'ignore'
[0.262s] Level 1:colcon.colcon_core.package_identification:_identify(src/asr_bridge) by extension 'ignore_ament_install'
[0.262s] Level 1:colcon.colcon_core.package_identification:_identify(src/asr_bridge) by extensions ['colcon_pkg']
[0.262s] Level 1:colcon.colcon_core.package_identification:_identify(src/asr_bridge) by extension 'colcon_pkg'
[0.262s] Level 1:colcon.colcon_core.package_identification:_identify(src/asr_bridge) by extensions ['colcon_meta']
[0.262s] Level 1:colcon.colcon_core.package_identification:_identify(src/asr_bridge) by extension 'colcon_meta'
[0.262s] Level 1:colcon.colcon_core.package_identification:_identify(src/asr_bridge) by extensions ['ros']
[0.262s] Level 1:colcon.colcon_core.package_identification:_identify(src/asr_bridge) by extension 'ros'
[0.264s] DEBUG:colcon.colcon_core.package_identification:Package 'src/asr_bridge' with type 'ros.ament_python' and name 'asr_bridge'
[0.264s] Level 1:colcon.colcon_core.package_identification:_identify(src/build) by extensions ['ignore', 'ignore_ament_install']
[0.264s] Level 1:colcon.colcon_core.package_identification:_identify(src/build) by extension 'ignore'
[0.264s] Level 1:colcon.colcon_core.package_identification:_identify(src/build) ignored
[0.265s] Level 1:colcon.colcon_core.package_identification:_identify(src/imu_tf_broadcaster) by extensions ['ignore', 'ignore_ament_install']
[0.265s] Level 1:colcon.colcon_core.package_identification:_identify(src/imu_tf_broadcaster) by extension 'ignore'
[0.265s] Level 1:colcon.colcon_core.package_identification:_identify(src/imu_tf_broadcaster) by extension 'ignore_ament_install'
[0.265s] Level 1:colcon.colcon_core.package_identification:_identify(src/imu_tf_broadcaster) by extensions ['colcon_pkg']
[0.265s] Level 1:colcon.colcon_core.package_identification:_identify(src/imu_tf_broadcaster) by extension 'colcon_pkg'
[0.265s] Level 1:colcon.colcon_core.package_identification:_identify(src/imu_tf_broadcaster) by extensions ['colcon_meta']
[0.265s] Level 1:colcon.colcon_core.package_identification:_identify(src/imu_tf_broadcaster) by extension 'colcon_meta'
[0.265s] Level 1:colcon.colcon_core.package_identification:_identify(src/imu_tf_broadcaster) by extensions ['ros']
[0.265s] Level 1:colcon.colcon_core.package_identification:_identify(src/imu_tf_broadcaster) by extension 'ros'
[0.265s] DEBUG:colcon.colcon_core.package_identification:Package 'src/imu_tf_broadcaster' with type 'ros.ament_python' and name 'imu_tf_broadcaster'
[0.265s] Level 1:colcon.colcon_core.package_identification:_identify(src/install) by extensions ['ignore', 'ignore_ament_install']
[0.265s] Level 1:colcon.colcon_core.package_identification:_identify(src/install) by extension 'ignore'
[0.265s] Level 1:colcon.colcon_core.package_identification:_identify(src/install) ignored
[0.265s] Level 1:colcon.colcon_core.package_identification:_identify(src/log) by extensions ['ignore', 'ignore_ament_install']
[0.265s] Level 1:colcon.colcon_core.package_identification:_identify(src/log) by extension 'ignore'
[0.265s] Level 1:colcon.colcon_core.package_identification:_identify(src/log) ignored
[0.265s] Level 1:colcon.colcon_core.package_identification:_identify(src/serial_ros2) by extensions ['ignore', 'ignore_ament_install']
[0.265s] Level 1:colcon.colcon_core.package_identification:_identify(src/serial_ros2) by extension 'ignore'
[0.266s] Level 1:colcon.colcon_core.package_identification:_identify(src/serial_ros2) by extension 'ignore_ament_install'
[0.266s] Level 1:colcon.colcon_core.package_identification:_identify(src/serial_ros2) by extensions ['colcon_pkg']
[0.266s] Level 1:colcon.colcon_core.package_identification:_identify(src/serial_ros2) by extension 'colcon_pkg'
[0.266s] Level 1:colcon.colcon_core.package_identification:_identify(src/serial_ros2) by extensions ['colcon_meta']
[0.266s] Level 1:colcon.colcon_core.package_identification:_identify(src/serial_ros2) by extension 'colcon_meta'
[0.266s] Level 1:colcon.colcon_core.package_identification:_identify(src/serial_ros2) by extensions ['ros']
[0.266s] Level 1:colcon.colcon_core.package_identification:_identify(src/serial_ros2) by extension 'ros'
[0.266s] DEBUG:colcon.colcon_core.package_identification:Package 'src/serial_ros2' with type 'ros.ament_cmake' and name 'serial'
[0.266s] Level 1:colcon.colcon_core.package_identification:_identify(src/sllidar_ros2) by extensions ['ignore', 'ignore_ament_install']
[0.266s] Level 1:colcon.colcon_core.package_identification:_identify(src/sllidar_ros2) by extension 'ignore'
[0.266s] Level 1:colcon.colcon_core.package_identification:_identify(src/sllidar_ros2) by extension 'ignore_ament_install'
[0.266s] Level 1:colcon.colcon_core.package_identification:_identify(src/sllidar_ros2) by extensions ['colcon_pkg']
[0.266s] Level 1:colcon.colcon_core.package_identification:_identify(src/sllidar_ros2) by extension 'colcon_pkg'
[0.266s] Level 1:colcon.colcon_core.package_identification:_identify(src/sllidar_ros2) by extensions ['colcon_meta']
[0.266s] Level 1:colcon.colcon_core.package_identification:_identify(src/sllidar_ros2) by extension 'colcon_meta'
[0.266s] Level 1:colcon.colcon_core.package_identification:_identify(src/sllidar_ros2) by extensions ['ros']
[0.266s] Level 1:colcon.colcon_core.package_identification:_identify(src/sllidar_ros2) by extension 'ros'
[0.267s] DEBUG:colcon.colcon_core.package_identification:Package 'src/sllidar_ros2' with type 'ros.ament_cmake' and name 'sllidar_ros2'
[0.267s] Level 1:colcon.colcon_core.package_identification:_identify(src/stm32_nav_bringup) by extensions ['ignore', 'ignore_ament_install']
[0.267s] Level 1:colcon.colcon_core.package_identification:_identify(src/stm32_nav_bringup) by extension 'ignore'
[0.267s] Level 1:colcon.colcon_core.package_identification:_identify(src/stm32_nav_bringup) by extension 'ignore_ament_install'
[0.267s] Level 1:colcon.colcon_core.package_identification:_identify(src/stm32_nav_bringup) by extensions ['colcon_pkg']
[0.267s] Level 1:colcon.colcon_core.package_identification:_identify(src/stm32_nav_bringup) by extension 'colcon_pkg'
[0.267s] Level 1:colcon.colcon_core.package_identification:_identify(src/stm32_nav_bringup) by extensions ['colcon_meta']
[0.267s] Level 1:colcon.colcon_core.package_identification:_identify(src/stm32_nav_bringup) by extension 'colcon_meta'
[0.267s] Level 1:colcon.colcon_core.package_identification:_identify(src/stm32_nav_bringup) by extensions ['ros']
[0.267s] Level 1:colcon.colcon_core.package_identification:_identify(src/stm32_nav_bringup) by extension 'ros'
[0.267s] DEBUG:colcon.colcon_core.package_identification:Package 'src/stm32_nav_bringup' with type 'ros.ament_cmake' and name 'stm32_nav_bringup'
[0.267s] Level 1:colcon.colcon_core.package_identification:_identify(src/stm32_nav_comm) by extensions ['ignore', 'ignore_ament_install']
[0.267s] Level 1:colcon.colcon_core.package_identification:_identify(src/stm32_nav_comm) by extension 'ignore'
[0.267s] Level 1:colcon.colcon_core.package_identification:_identify(src/stm32_nav_comm) by extension 'ignore_ament_install'
[0.267s] Level 1:colcon.colcon_core.package_identification:_identify(src/stm32_nav_comm) by extensions ['colcon_pkg']
[0.267s] Level 1:colcon.colcon_core.package_identification:_identify(src/stm32_nav_comm) by extension 'colcon_pkg'
[0.267s] Level 1:colcon.colcon_core.package_identification:_identify(src/stm32_nav_comm) by extensions ['colcon_meta']
[0.267s] Level 1:colcon.colcon_core.package_identification:_identify(src/stm32_nav_comm) by extension 'colcon_meta'
[0.267s] Level 1:colcon.colcon_core.package_identification:_identify(src/stm32_nav_comm) by extensions ['ros']
[0.267s] Level 1:colcon.colcon_core.package_identification:_identify(src/stm32_nav_comm) by extension 'ros'
[0.268s] DEBUG:colcon.colcon_core.package_identification:Package 'src/stm32_nav_comm' with type 'ros.ament_cmake' and name 'stm32_nav_comm'
[0.268s] Level 1:colcon.colcon_core.package_identification:_identify(src/voice_bridge) by extensions ['ignore', 'ignore_ament_install']
[0.268s] Level 1:colcon.colcon_core.package_identification:_identify(src/voice_bridge) by extension 'ignore'
[0.268s] Level 1:colcon.colcon_core.package_identification:_identify(src/voice_bridge) by extension 'ignore_ament_install'
[0.268s] Level 1:colcon.colcon_core.package_identification:_identify(src/voice_bridge) by extensions ['colcon_pkg']
[0.268s] Level 1:colcon.colcon_core.package_identification:_identify(src/voice_bridge) by extension 'colcon_pkg'
[0.268s] Level 1:colcon.colcon_core.package_identification:_identify(src/voice_bridge) by extensions ['colcon_meta']
[0.268s] Level 1:colcon.colcon_core.package_identification:_identify(src/voice_bridge) by extension 'colcon_meta'
[0.268s] Level 1:colcon.colcon_core.package_identification:_identify(src/voice_bridge) by extensions ['ros']
[0.268s] Level 1:colcon.colcon_core.package_identification:_identify(src/voice_bridge) by extension 'ros'
[0.269s] DEBUG:colcon.colcon_core.package_identification:Package 'src/voice_bridge' with type 'ros.ament_python' and name 'voice_bridge'
[0.269s] Level 1:colcon.colcon_core.package_identification:_identify(src/voice_module) by extensions ['ignore', 'ignore_ament_install']
[0.269s] Level 1:colcon.colcon_core.package_identification:_identify(src/voice_module) by extension 'ignore'
[0.269s] Level 1:colcon.colcon_core.package_identification:_identify(src/voice_module) by extension 'ignore_ament_install'
[0.269s] Level 1:colcon.colcon_core.package_identification:_identify(src/voice_module) by extensions ['colcon_pkg']
[0.269s] Level 1:colcon.colcon_core.package_identification:_identify(src/voice_module) by extension 'colcon_pkg'
[0.269s] Level 1:colcon.colcon_core.package_identification:_identify(src/voice_module) by extensions ['colcon_meta']
[0.269s] Level 1:colcon.colcon_core.package_identification:_identify(src/voice_module) by extension 'colcon_meta'
[0.269s] Level 1:colcon.colcon_core.package_identification:_identify(src/voice_module) by extensions ['ros']
[0.269s] Level 1:colcon.colcon_core.package_identification:_identify(src/voice_module) by extension 'ros'
[0.269s] DEBUG:colcon.colcon_core.package_identification:Package 'src/voice_module' with type 'ros.ament_python' and name 'voice_module'
[0.269s] Level 1:colcon.colcon_core.package_identification:_identify(src/yesense_ros2) by extensions ['ignore', 'ignore_ament_install']
[0.269s] Level 1:colcon.colcon_core.package_identification:_identify(src/yesense_ros2) by extension 'ignore'
[0.269s] Level 1:colcon.colcon_core.package_identification:_identify(src/yesense_ros2) by extension 'ignore_ament_install'
[0.269s] Level 1:colcon.colcon_core.package_identification:_identify(src/yesense_ros2) by extensions ['colcon_pkg']
[0.270s] Level 1:colcon.colcon_core.package_identification:_identify(src/yesense_ros2) by extension 'colcon_pkg'
[0.270s] Level 1:colcon.colcon_core.package_identification:_identify(src/yesense_ros2) by extensions ['colcon_meta']
[0.270s] Level 1:colcon.colcon_core.package_identification:_identify(src/yesense_ros2) by extension 'colcon_meta'
[0.270s] Level 1:colcon.colcon_core.package_identification:_identify(src/yesense_ros2) by extensions ['ros']
[0.270s] Level 1:colcon.colcon_core.package_identification:_identify(src/yesense_ros2) by extension 'ros'
[0.270s] Level 1:colcon.colcon_core.package_identification:_identify(src/yesense_ros2) by extensions ['cmake', 'python']
[0.270s] Level 1:colcon.colcon_core.package_identification:_identify(src/yesense_ros2) by extension 'cmake'
[0.270s] Level 1:colcon.colcon_core.package_identification:_identify(src/yesense_ros2) by extension 'python'
[0.270s] Level 1:colcon.colcon_core.package_identification:_identify(src/yesense_ros2) by extensions ['python_setup_py']
[0.270s] Level 1:colcon.colcon_core.package_identification:_identify(src/yesense_ros2) by extension 'python_setup_py'
[0.270s] Level 1:colcon.colcon_core.package_identification:_identify(src/yesense_ros2/yesense_interface) by extensions ['ignore', 'ignore_ament_install']
[0.270s] Level 1:colcon.colcon_core.package_identification:_identify(src/yesense_ros2/yesense_interface) by extension 'ignore'
[0.270s] Level 1:colcon.colcon_core.package_identification:_identify(src/yesense_ros2/yesense_interface) by extension 'ignore_ament_install'
[0.270s] Level 1:colcon.colcon_core.package_identification:_identify(src/yesense_ros2/yesense_interface) by extensions ['colcon_pkg']
[0.270s] Level 1:colcon.colcon_core.package_identification:_identify(src/yesense_ros2/yesense_interface) by extension 'colcon_pkg'
[0.270s] Level 1:colcon.colcon_core.package_identification:_identify(src/yesense_ros2/yesense_interface) by extensions ['colcon_meta']
[0.270s] Level 1:colcon.colcon_core.package_identification:_identify(src/yesense_ros2/yesense_interface) by extension 'colcon_meta'
[0.270s] Level 1:colcon.colcon_core.package_identification:_identify(src/yesense_ros2/yesense_interface) by extensions ['ros']
[0.270s] Level 1:colcon.colcon_core.package_identification:_identify(src/yesense_ros2/yesense_interface) by extension 'ros'
[0.270s] DEBUG:colcon.colcon_core.package_identification:Package 'src/yesense_ros2/yesense_interface' with type 'ros.ament_cmake' and name 'yesense_interface'
[0.270s] Level 1:colcon.colcon_core.package_identification:_identify(src/yesense_ros2/yesense_std_ros2) by extensions ['ignore', 'ignore_ament_install']
[0.270s] Level 1:colcon.colcon_core.package_identification:_identify(src/yesense_ros2/yesense_std_ros2) by extension 'ignore'
[0.270s] Level 1:colcon.colcon_core.package_identification:_identify(src/yesense_ros2/yesense_std_ros2) by extension 'ignore_ament_install'
[0.270s] Level 1:colcon.colcon_core.package_identification:_identify(src/yesense_ros2/yesense_std_ros2) by extensions ['colcon_pkg']
[0.270s] Level 1:colcon.colcon_core.package_identification:_identify(src/yesense_ros2/yesense_std_ros2) by extension 'colcon_pkg'
[0.270s] Level 1:colcon.colcon_core.package_identification:_identify(src/yesense_ros2/yesense_std_ros2) by extensions ['colcon_meta']
[0.270s] Level 1:colcon.colcon_core.package_identification:_identify(src/yesense_ros2/yesense_std_ros2) by extension 'colcon_meta'
[0.270s] Level 1:colcon.colcon_core.package_identification:_identify(src/yesense_ros2/yesense_std_ros2) by extensions ['ros']
[0.270s] Level 1:colcon.colcon_core.package_identification:_identify(src/yesense_ros2/yesense_std_ros2) by extension 'ros'
[0.271s] DEBUG:colcon.colcon_core.package_identification:Package 'src/yesense_ros2/yesense_std_ros2' with type 'ros.ament_cmake' and name 'yesense_std_ros2'
[0.271s] Level 1:colcon.colcon_core.package_discovery:discover_packages(recursive) using defaults
[0.271s] Level 1:colcon.colcon_core.package_discovery:discover_packages(ignore) discover
[0.271s] Level 1:colcon.colcon_core.package_discovery:discover_packages(ignore) using defaults
[0.271s] Level 1:colcon.colcon_core.package_discovery:discover_packages(path) discover
[0.271s] Level 1:colcon.colcon_core.package_discovery:discover_packages(path) using defaults
[0.285s] INFO:colcon.colcon_core.package_selection:Skipping not selected package 'imu_tf_broadcaster' in 'src/imu_tf_broadcaster'
[0.285s] INFO:colcon.colcon_core.package_selection:Skipping not selected package 'serial' in 'src/serial_ros2'
[0.285s] INFO:colcon.colcon_core.package_selection:Skipping not selected package 'sllidar_ros2' in 'src/sllidar_ros2'
[0.285s] INFO:colcon.colcon_core.package_selection:Skipping not selected package 'voice_bridge' in 'src/voice_bridge'
[0.285s] INFO:colcon.colcon_core.package_selection:Skipping not selected package 'voice_module' in 'src/voice_module'
[0.285s] INFO:colcon.colcon_core.package_selection:Skipping not selected package 'yesense_interface' in 'src/yesense_ros2/yesense_interface'
[0.285s] INFO:colcon.colcon_core.package_selection:Skipping not selected package 'stm32_nav_comm' in 'src/stm32_nav_comm'
[0.285s] INFO:colcon.colcon_core.package_selection:Skipping not selected package 'yesense_std_ros2' in 'src/yesense_ros2/yesense_std_ros2'
[0.285s] INFO:colcon.colcon_core.package_selection:Skipping not selected package 'stm32_nav_bringup' in 'src/stm32_nav_bringup'
[0.285s] Level 1:colcon.colcon_core.package_discovery:discover_packages(prefix_path) check parameters
[0.285s] Level 1:colcon.colcon_core.package_discovery:discover_packages(prefix_path) discover
[0.288s] DEBUG:colcon.colcon_installed_package_information.package_discovery:Found 387 installed packages in /opt/ros/humble
[0.289s] Level 1:colcon.colcon_core.package_discovery:discover_packages(prefix_path) using defaults
[0.315s] Level 5:colcon.colcon_core.verb:set package 'asr_bridge' build argument 'cmake_args' from command line to 'None'
[0.315s] Level 5:colcon.colcon_core.verb:set package 'asr_bridge' build argument 'cmake_target' from command line to 'None'
[0.315s] Level 5:colcon.colcon_core.verb:set package 'asr_bridge' build argument 'cmake_target_skip_unavailable' from command line to 'False'
[0.315s] Level 5:colcon.colcon_core.verb:set package 'asr_bridge' build argument 'cmake_clean_cache' from command line to 'False'
[0.315s] Level 5:colcon.colcon_core.verb:set package 'asr_bridge' build argument 'cmake_clean_first' from command line to 'False'
[0.315s] Level 5:colcon.colcon_core.verb:set package 'asr_bridge' build argument 'cmake_force_configure' from command line to 'False'
[0.315s] Level 5:colcon.colcon_core.verb:set package 'asr_bridge' build argument 'ament_cmake_args' from command line to 'None'
[0.315s] Level 5:colcon.colcon_core.verb:set package 'asr_bridge' build argument 'catkin_cmake_args' from command line to 'None'
[0.315s] Level 5:colcon.colcon_core.verb:set package 'asr_bridge' build argument 'catkin_skip_building_tests' from command line to 'False'
[0.315s] DEBUG:colcon.colcon_core.verb:Building package 'asr_bridge' with the following arguments: {'ament_cmake_args': None, 'build_base': '/home/qiu/Desktop/ros2_stm32_ws/build/asr_bridge', 'catkin_cmake_args': None, 'catkin_skip_building_tests': False, 'cmake_args': None, 'cmake_clean_cache': False, 'cmake_clean_first': False, 'cmake_force_configure': False, 'cmake_target': None, 'cmake_target_skip_unavailable': False, 'install_base': '/home/qiu/Desktop/ros2_stm32_ws/install/asr_bridge', 'merge_install': False, 'path': '/home/qiu/Desktop/ros2_stm32_ws/src/asr_bridge', 'symlink_install': True, 'test_result_base': None}
[0.315s] INFO:colcon.colcon_core.executor:Executing jobs using 'parallel' executor
[0.316s] DEBUG:colcon.colcon_parallel_executor.executor.parallel:run_until_complete
[0.316s] INFO:colcon.colcon_ros.task.ament_python.build:Building ROS package in '/home/qiu/Desktop/ros2_stm32_ws/src/asr_bridge' with build type 'ament_python'
[0.316s] Level 1:colcon.colcon_core.shell:create_environment_hook('asr_bridge', 'ament_prefix_path')
[0.319s] INFO:colcon.colcon_core.plugin_system:Skipping extension 'colcon_core.shell.bat': Not used on non-Windows systems
[0.319s] INFO:colcon.colcon_core.shell:Creating environment hook '/home/qiu/Desktop/ros2_stm32_ws/install/asr_bridge/share/asr_bridge/hook/ament_prefix_path.ps1'
[0.320s] INFO:colcon.colcon_core.shell:Creating environment descriptor '/home/qiu/Desktop/ros2_stm32_ws/install/asr_bridge/share/asr_bridge/hook/ament_prefix_path.dsv'
[0.321s] INFO:colcon.colcon_core.shell:Creating environment hook '/home/qiu/Desktop/ros2_stm32_ws/install/asr_bridge/share/asr_bridge/hook/ament_prefix_path.sh'
[0.321s] INFO:colcon.colcon_core.shell:Skip shell extension 'powershell' for command environment: Not usable outside of PowerShell
[0.321s] DEBUG:colcon.colcon_core.shell:Skip shell extension 'dsv' for command environment
[0.458s] INFO:colcon.colcon_core.task.python.build:Building Python package in '/home/qiu/Desktop/ros2_stm32_ws/src/asr_bridge'
[0.458s] INFO:colcon.colcon_core.shell:Skip shell extension 'powershell' for command environment: Not usable outside of PowerShell
[0.458s] DEBUG:colcon.colcon_core.shell:Skip shell extension 'dsv' for command environment
[0.709s] DEBUG:colcon.colcon_core.event_handler.log_command:Invoking command in '/home/qiu/Desktop/ros2_stm32_ws/build/asr_bridge': PYTHONPATH=/home/qiu/Desktop/ros2_stm32_ws/build/asr_bridge/prefix_override:/usr/lib/python3/dist-packages/colcon_core/task/python/colcon_distutils_commands:/home/qiu/Desktop/ros2_stm32_ws/install/asr_bridge/lib/python3.10/site-packages:${PYTHONPATH} /usr/bin/python3 -W ignore:setup.py install is deprecated -W ignore:easy_install command is deprecated setup.py develop --editable --build-directory /home/qiu/Desktop/ros2_stm32_ws/build/asr_bridge/build --no-deps symlink_data
[0.936s] Level 1:colcon.colcon_core.shell:create_environment_hook('asr_bridge', 'pythonpath_develop')
[0.936s] INFO:colcon.colcon_core.shell:Creating environment hook '/home/qiu/Desktop/ros2_stm32_ws/build/asr_bridge/share/asr_bridge/hook/pythonpath_develop.ps1'
[0.936s] DEBUG:colcon.colcon_core.event_handler.log_command:Invoked command in '/home/qiu/Desktop/ros2_stm32_ws/build/asr_bridge' returned '0': PYTHONPATH=/home/qiu/Desktop/ros2_stm32_ws/build/asr_bridge/prefix_override:/usr/lib/python3/dist-packages/colcon_core/task/python/colcon_distutils_commands:/home/qiu/Desktop/ros2_stm32_ws/install/asr_bridge/lib/python3.10/site-packages:${PYTHONPATH} /usr/bin/python3 -W ignore:setup.py install is deprecated -W ignore:easy_install command is deprecated setup.py develop --editable --build-directory /home/qiu/Desktop/ros2_stm32_ws/build/asr_bridge/build --no-deps symlink_data
[0.937s] INFO:colcon.colcon_core.shell:Creating environment descriptor '/home/qiu/Desktop/ros2_stm32_ws/build/asr_bridge/share/asr_bridge/hook/pythonpath_develop.dsv'
[0.937s] INFO:colcon.colcon_core.shell:Creating environment hook '/home/qiu/Desktop/ros2_stm32_ws/build/asr_bridge/share/asr_bridge/hook/pythonpath_develop.sh'
[0.941s] Level 1:colcon.colcon_core.environment:checking '/home/qiu/Desktop/ros2_stm32_ws/install/asr_bridge' for CMake module files
[0.941s] Level 1:colcon.colcon_core.environment:checking '/home/qiu/Desktop/ros2_stm32_ws/install/asr_bridge' for CMake config files
[0.941s] Level 1:colcon.colcon_core.environment:checking '/home/qiu/Desktop/ros2_stm32_ws/install/asr_bridge/lib'
[0.941s] Level 1:colcon.colcon_core.environment:checking '/home/qiu/Desktop/ros2_stm32_ws/install/asr_bridge/bin'
[0.941s] Level 1:colcon.colcon_core.environment:checking '/home/qiu/Desktop/ros2_stm32_ws/install/asr_bridge/lib/pkgconfig/asr_bridge.pc'
[0.941s] Level 1:colcon.colcon_core.environment:checking '/home/qiu/Desktop/ros2_stm32_ws/install/asr_bridge/lib/python3.10/site-packages'
[0.941s] Level 1:colcon.colcon_core.shell:create_environment_hook('asr_bridge', 'pythonpath')
[0.942s] INFO:colcon.colcon_core.shell:Creating environment hook '/home/qiu/Desktop/ros2_stm32_ws/install/asr_bridge/share/asr_bridge/hook/pythonpath.ps1'
[0.942s] INFO:colcon.colcon_core.shell:Creating environment descriptor '/home/qiu/Desktop/ros2_stm32_ws/install/asr_bridge/share/asr_bridge/hook/pythonpath.dsv'
[0.942s] INFO:colcon.colcon_core.shell:Creating environment hook '/home/qiu/Desktop/ros2_stm32_ws/install/asr_bridge/share/asr_bridge/hook/pythonpath.sh'
[0.942s] Level 1:colcon.colcon_core.environment:checking '/home/qiu/Desktop/ros2_stm32_ws/install/asr_bridge/bin'
[0.942s] Level 1:colcon.colcon_core.environment:create_environment_scripts_only(asr_bridge)
[0.942s] INFO:colcon.colcon_core.shell:Creating package script '/home/qiu/Desktop/ros2_stm32_ws/install/asr_bridge/share/asr_bridge/package.ps1'
[0.943s] INFO:colcon.colcon_core.shell:Creating package descriptor '/home/qiu/Desktop/ros2_stm32_ws/install/asr_bridge/share/asr_bridge/package.dsv'
[0.944s] INFO:colcon.colcon_core.shell:Creating package script '/home/qiu/Desktop/ros2_stm32_ws/install/asr_bridge/share/asr_bridge/package.sh'
[0.944s] INFO:colcon.colcon_core.shell:Creating package script '/home/qiu/Desktop/ros2_stm32_ws/install/asr_bridge/share/asr_bridge/package.bash'
[0.945s] INFO:colcon.colcon_core.shell:Creating package script '/home/qiu/Desktop/ros2_stm32_ws/install/asr_bridge/share/asr_bridge/package.zsh'
[0.945s] Level 1:colcon.colcon_core.environment:create_file_with_runtime_dependencies(/home/qiu/Desktop/ros2_stm32_ws/install/asr_bridge/share/colcon-core/packages/asr_bridge)
[0.945s] DEBUG:colcon.colcon_parallel_executor.executor.parallel:closing loop
[0.945s] DEBUG:colcon.colcon_parallel_executor.executor.parallel:loop closed
[0.945s] DEBUG:colcon.colcon_parallel_executor.executor.parallel:run_until_complete finished with '0'
[0.945s] DEBUG:colcon.colcon_core.event_reactor:joining thread
[0.949s] INFO:colcon.colcon_core.plugin_system:Skipping extension 'colcon_notification.desktop_notification.terminal_notifier': Not used on non-Darwin systems
[0.950s] INFO:colcon.colcon_core.plugin_system:Skipping extension 'colcon_notification.desktop_notification.win32': Not used on non-Windows systems
[0.950s] INFO:colcon.colcon_notification.desktop_notification:Sending desktop notification using 'notify2'
[0.959s] DEBUG:colcon.colcon_core.event_reactor:joined thread
[0.960s] INFO:colcon.colcon_core.shell:Creating prefix script '/home/qiu/Desktop/ros2_stm32_ws/install/local_setup.ps1'
[0.961s] INFO:colcon.colcon_core.shell:Creating prefix util module '/home/qiu/Desktop/ros2_stm32_ws/install/_local_setup_util_ps1.py'
[0.961s] INFO:colcon.colcon_core.shell:Creating prefix chain script '/home/qiu/Desktop/ros2_stm32_ws/install/setup.ps1'
[0.963s] INFO:colcon.colcon_core.shell:Creating prefix script '/home/qiu/Desktop/ros2_stm32_ws/install/local_setup.sh'
[0.963s] INFO:colcon.colcon_core.shell:Creating prefix util module '/home/qiu/Desktop/ros2_stm32_ws/install/_local_setup_util_sh.py'
[0.963s] INFO:colcon.colcon_core.shell:Creating prefix chain script '/home/qiu/Desktop/ros2_stm32_ws/install/setup.sh'
[0.964s] INFO:colcon.colcon_core.shell:Creating prefix script '/home/qiu/Desktop/ros2_stm32_ws/install/local_setup.bash'
[0.965s] INFO:colcon.colcon_core.shell:Creating prefix chain script '/home/qiu/Desktop/ros2_stm32_ws/install/setup.bash'
[0.965s] INFO:colcon.colcon_core.shell:Creating prefix script '/home/qiu/Desktop/ros2_stm32_ws/install/local_setup.zsh'
[0.966s] INFO:colcon.colcon_core.shell:Creating prefix chain script '/home/qiu/Desktop/ros2_stm32_ws/install/setup.zsh'
