[0.812s] Invoking command in '/home/qiu/Desktop/ros2_stm32_ws/src/imu_tf_broadcaster': PYTHONPATH=/home/qiu/Desktop/ros2_stm32_ws/build/imu_tf_broadcaster/prefix_override:/usr/lib/python3/dist-packages/colcon_core/task/python/colcon_distutils_commands:/home/qiu/Desktop/ros2_stm32_ws/install/imu_tf_broadcaster/lib/python3.10/site-packages:${PYTHONPATH} /usr/bin/python3 -W ignore:setup.py install is deprecated -W ignore:easy_install command is deprecated setup.py egg_info --egg-base ../../build/imu_tf_broadcaster build --build-base /home/qiu/Desktop/ros2_stm32_ws/build/imu_tf_broadcaster/build install --record /home/qiu/Desktop/ros2_stm32_ws/build/imu_tf_broadcaster/install.log --single-version-externally-managed install_data
[0.934s] running egg_info
[0.934s] writing ../../build/imu_tf_broadcaster/imu_tf_broadcaster.egg-info/PKG-INFO
[0.934s] writing dependency_links to ../../build/imu_tf_broadcaster/imu_tf_broadcaster.egg-info/dependency_links.txt
[0.934s] writing entry points to ../../build/imu_tf_broadcaster/imu_tf_broadcaster.egg-info/entry_points.txt
[0.934s] writing requirements to ../../build/imu_tf_broadcaster/imu_tf_broadcaster.egg-info/requires.txt
[0.934s] writing top-level names to ../../build/imu_tf_broadcaster/imu_tf_broadcaster.egg-info/top_level.txt
[0.936s] reading manifest file '../../build/imu_tf_broadcaster/imu_tf_broadcaster.egg-info/SOURCES.txt'
[0.936s] writing manifest file '../../build/imu_tf_broadcaster/imu_tf_broadcaster.egg-info/SOURCES.txt'
[0.936s] running build
[0.936s] running build_py
[0.937s] running install
[0.937s] running install_lib
[0.938s] running install_data
[0.938s] running install_egg_info
[0.939s] removing '/home/qiu/Desktop/ros2_stm32_ws/install/imu_tf_broadcaster/lib/python3.10/site-packages/imu_tf_broadcaster-0.0.0-py3.10.egg-info' (and everything under it)
[0.940s] Copying ../../build/imu_tf_broadcaster/imu_tf_broadcaster.egg-info to /home/qiu/Desktop/ros2_stm32_ws/install/imu_tf_broadcaster/lib/python3.10/site-packages/imu_tf_broadcaster-0.0.0-py3.10.egg-info
[0.940s] running install_scripts
[0.952s] Installing imu_tf_broadcaster script to /home/qiu/Desktop/ros2_stm32_ws/install/imu_tf_broadcaster/lib/imu_tf_broadcaster
[0.953s] writing list of installed files to '/home/qiu/Desktop/ros2_stm32_ws/build/imu_tf_broadcaster/install.log'
[0.975s] Invoked command in '/home/qiu/Desktop/ros2_stm32_ws/src/imu_tf_broadcaster' returned '0': PYTHONPATH=/home/qiu/Desktop/ros2_stm32_ws/build/imu_tf_broadcaster/prefix_override:/usr/lib/python3/dist-packages/colcon_core/task/python/colcon_distutils_commands:/home/qiu/Desktop/ros2_stm32_ws/install/imu_tf_broadcaster/lib/python3.10/site-packages:${PYTHONPATH} /usr/bin/python3 -W ignore:setup.py install is deprecated -W ignore:easy_install command is deprecated setup.py egg_info --egg-base ../../build/imu_tf_broadcaster build --build-base /home/qiu/Desktop/ros2_stm32_ws/build/imu_tf_broadcaster/build install --record /home/qiu/Desktop/ros2_stm32_ws/build/imu_tf_broadcaster/install.log --single-version-externally-managed install_data
