[0.505s] Invoking command in '/home/qiu/Desktop/ros2_stm32_ws/src/voice_bridge': PYTHONPATH=/home/qiu/Desktop/ros2_stm32_ws/build/voice_bridge/prefix_override:/usr/lib/python3/dist-packages/colcon_core/task/python/colcon_distutils_commands:/home/qiu/Desktop/ros2_stm32_ws/install/voice_bridge/lib/python3.10/site-packages:${PYTHONPATH} /usr/bin/python3 -W ignore:setup.py install is deprecated -W ignore:easy_install command is deprecated setup.py egg_info --egg-base ../../build/voice_bridge build --build-base /home/qiu/Desktop/ros2_stm32_ws/build/voice_bridge/build install --record /home/qiu/Desktop/ros2_stm32_ws/build/voice_bridge/install.log --single-version-externally-managed install_data
[0.636s] running egg_info
[0.636s] writing ../../build/voice_bridge/voice_bridge.egg-info/PKG-INFO
[0.636s] writing dependency_links to ../../build/voice_bridge/voice_bridge.egg-info/dependency_links.txt
[0.636s] writing entry points to ../../build/voice_bridge/voice_bridge.egg-info/entry_points.txt
[0.637s] writing requirements to ../../build/voice_bridge/voice_bridge.egg-info/requires.txt
[0.637s] writing top-level names to ../../build/voice_bridge/voice_bridge.egg-info/top_level.txt
[0.637s] reading manifest file '../../build/voice_bridge/voice_bridge.egg-info/SOURCES.txt'
[0.639s] writing manifest file '../../build/voice_bridge/voice_bridge.egg-info/SOURCES.txt'
[0.639s] running build
[0.639s] running build_py
[0.639s] copying voice_bridge/bridge_node.py -> /home/qiu/Desktop/ros2_stm32_ws/build/voice_bridge/build/lib/voice_bridge
[0.639s] running install
[0.640s] running install_lib
[0.640s] copying /home/qiu/Desktop/ros2_stm32_ws/build/voice_bridge/build/lib/voice_bridge/bridge_node.py -> /home/qiu/Desktop/ros2_stm32_ws/install/voice_bridge/lib/python3.10/site-packages/voice_bridge
[0.641s] byte-compiling /home/qiu/Desktop/ros2_stm32_ws/install/voice_bridge/lib/python3.10/site-packages/voice_bridge/bridge_node.py to bridge_node.cpython-310.pyc
[0.642s] running install_data
[0.642s] running install_egg_info
[0.644s] removing '/home/qiu/Desktop/ros2_stm32_ws/install/voice_bridge/lib/python3.10/site-packages/voice_bridge-0.0.0-py3.10.egg-info' (and everything under it)
[0.644s] Copying ../../build/voice_bridge/voice_bridge.egg-info to /home/qiu/Desktop/ros2_stm32_ws/install/voice_bridge/lib/python3.10/site-packages/voice_bridge-0.0.0-py3.10.egg-info
[0.645s] running install_scripts
[0.660s] Installing voice_bridge script to /home/qiu/Desktop/ros2_stm32_ws/install/voice_bridge/lib/voice_bridge
[0.660s] writing list of installed files to '/home/qiu/Desktop/ros2_stm32_ws/build/voice_bridge/install.log'
[0.687s] Invoked command in '/home/qiu/Desktop/ros2_stm32_ws/src/voice_bridge' returned '0': PYTHONPATH=/home/qiu/Desktop/ros2_stm32_ws/build/voice_bridge/prefix_override:/usr/lib/python3/dist-packages/colcon_core/task/python/colcon_distutils_commands:/home/qiu/Desktop/ros2_stm32_ws/install/voice_bridge/lib/python3.10/site-packages:${PYTHONPATH} /usr/bin/python3 -W ignore:setup.py install is deprecated -W ignore:easy_install command is deprecated setup.py egg_info --egg-base ../../build/voice_bridge build --build-base /home/qiu/Desktop/ros2_stm32_ws/build/voice_bridge/build install --record /home/qiu/Desktop/ros2_stm32_ws/build/voice_bridge/install.log --single-version-externally-managed install_data
