[35m[1mConsolidate compiler generated dependencies of target stm32_comm_node[0m
[ 50%] [32mBuilding CXX object CMakeFiles/stm32_comm_node.dir/src/stm32_comm_node.cpp.o[0m
[100%] [32m[1mLinking CXX executable stm32_comm_node[0m
[100%] Built target stm32_comm_node
-- Install configuration: ""
-- Installing: /home/qiu/Desktop/ros2_stm32_ws/install/stm32_nav_comm/lib/stm32_nav_comm/stm32_comm_node
-- Set runtime path of "/home/qiu/Desktop/ros2_stm32_ws/install/stm32_nav_comm/lib/stm32_nav_comm/stm32_comm_node" to ""
-- Up-to-date: /home/qiu/Desktop/ros2_stm32_ws/install/stm32_nav_comm/include/
-- Up-to-date: /home/qiu/Desktop/ros2_stm32_ws/install/stm32_nav_comm/include//stm32_nav_comm
-- Up-to-date: /home/qiu/Desktop/ros2_stm32_ws/install/stm32_nav_comm/include//stm32_nav_comm/stm32_comm_node.h
-- Up-to-date: /home/qiu/Desktop/ros2_stm32_ws/install/stm32_nav_comm/share/stm32_nav_comm/launch
-- Up-to-date: /home/qiu/Desktop/ros2_stm32_ws/install/stm32_nav_comm/share/stm32_nav_comm/launch/stm32_comm.launch.py
-- Up-to-date: /home/qiu/Desktop/ros2_stm32_ws/install/stm32_nav_comm/share/ament_index/resource_index/package_run_dependencies/stm32_nav_comm
-- Up-to-date: /home/qiu/Desktop/ros2_stm32_ws/install/stm32_nav_comm/share/ament_index/resource_index/parent_prefix_path/stm32_nav_comm
-- Up-to-date: /home/qiu/Desktop/ros2_stm32_ws/install/stm32_nav_comm/share/stm32_nav_comm/environment/ament_prefix_path.sh
-- Up-to-date: /home/qiu/Desktop/ros2_stm32_ws/install/stm32_nav_comm/share/stm32_nav_comm/environment/ament_prefix_path.dsv
-- Up-to-date: /home/qiu/Desktop/ros2_stm32_ws/install/stm32_nav_comm/share/stm32_nav_comm/environment/path.sh
-- Up-to-date: /home/qiu/Desktop/ros2_stm32_ws/install/stm32_nav_comm/share/stm32_nav_comm/environment/path.dsv
-- Up-to-date: /home/qiu/Desktop/ros2_stm32_ws/install/stm32_nav_comm/share/stm32_nav_comm/local_setup.bash
-- Up-to-date: /home/qiu/Desktop/ros2_stm32_ws/install/stm32_nav_comm/share/stm32_nav_comm/local_setup.sh
-- Up-to-date: /home/qiu/Desktop/ros2_stm32_ws/install/stm32_nav_comm/share/stm32_nav_comm/local_setup.zsh
-- Up-to-date: /home/qiu/Desktop/ros2_stm32_ws/install/stm32_nav_comm/share/stm32_nav_comm/local_setup.dsv
-- Installing: /home/qiu/Desktop/ros2_stm32_ws/install/stm32_nav_comm/share/stm32_nav_comm/package.dsv
-- Up-to-date: /home/qiu/Desktop/ros2_stm32_ws/install/stm32_nav_comm/share/ament_index/resource_index/packages/stm32_nav_comm
-- Up-to-date: /home/qiu/Desktop/ros2_stm32_ws/install/stm32_nav_comm/share/stm32_nav_comm/cmake/stm32_nav_commConfig.cmake
-- Up-to-date: /home/qiu/Desktop/ros2_stm32_ws/install/stm32_nav_comm/share/stm32_nav_comm/cmake/stm32_nav_commConfig-version.cmake
-- Up-to-date: /home/qiu/Desktop/ros2_stm32_ws/install/stm32_nav_comm/share/stm32_nav_comm/package.xml
