[0.017s] Invoking command in '/home/qiu/Desktop/ros2_stm32_ws/build/yesense_interface': /usr/bin/cmake --build /home/qiu/Desktop/ros2_stm32_ws/build/yesense_interface -- -j16 -l16
[0.070s] [35m[1mConsolidate compiler generated dependencies of target yesense_interface__rosidl_generator_c[0m
[0.073s] [  1%] Built target yesense_interface__rs
[0.073s] [  1%] Built target yesense_interface__cpp
[0.085s] [  1%] Built target ament_cmake_python_copy_yesense_interface
[0.088s] [35m[1mConsolidate compiler generated dependencies of target yesense_interface__rosidl_typesupport_cpp[0m
[0.088s] [35m[1mConsolidate compiler generated dependencies of target yesense_interface__rosidl_typesupport_fastrtps_cpp[0m
[0.089s] [35m[1mConsolidate compiler generated dependencies of target yesense_interface__rosidl_typesupport_introspection_cpp[0m
[0.092s] [ 13%] Built target yesense_interface__rosidl_generator_c
[0.108s] [35m[1mConsolidate compiler generated dependencies of target yesense_interface__rosidl_typesupport_c[0m
[0.108s] [35m[1mConsolidate compiler generated dependencies of target yesense_interface__rosidl_typesupport_introspection_c[0m
[0.108s] [35m[1mConsolidate compiler generated dependencies of target yesense_interface__rosidl_typesupport_fastrtps_c[0m
[0.122s] [ 25%] Built target yesense_interface__rosidl_typesupport_c
[0.124s] [ 57%] Built target yesense_interface__rosidl_typesupport_introspection_c
[0.124s] [ 58%] Built target yesense_interface__rosidl_typesupport_fastrtps_cpp
[0.124s] [ 61%] Built target yesense_interface__rosidl_typesupport_cpp
[0.125s] [ 73%] Built target yesense_interface__rosidl_typesupport_introspection_cpp
[0.140s] [ 85%] Built target yesense_interface__rosidl_typesupport_fastrtps_c
[0.158s] [ 85%] Built target yesense_interface
[0.176s] [ 86%] Built target yesense_interface__py
[0.191s] [35m[1mConsolidate compiler generated dependencies of target yesense_interface__rosidl_generator_py[0m
[0.232s] [ 97%] Built target yesense_interface__rosidl_generator_py
[0.239s] running egg_info
[0.239s] writing yesense_interface.egg-info/PKG-INFO
[0.240s] writing dependency_links to yesense_interface.egg-info/dependency_links.txt
[0.240s] writing top-level names to yesense_interface.egg-info/top_level.txt
[0.241s] [35m[1mConsolidate compiler generated dependencies of target yesense_interface__rosidl_typesupport_c__pyext[0m
[0.241s] [35m[1mConsolidate compiler generated dependencies of target yesense_interface__rosidl_typesupport_introspection_c__pyext[0m
[0.241s] [35m[1mConsolidate compiler generated dependencies of target yesense_interface__rosidl_typesupport_fastrtps_c__pyext[0m
[0.242s] reading manifest file 'yesense_interface.egg-info/SOURCES.txt'
[0.243s] writing manifest file 'yesense_interface.egg-info/SOURCES.txt'
[0.256s] [ 98%] Built target yesense_interface__rosidl_typesupport_c__pyext
[0.256s] [100%] Built target yesense_interface__rosidl_typesupport_introspection_c__pyext
[0.256s] [100%] Built target yesense_interface__rosidl_typesupport_fastrtps_c__pyext
[0.275s] [100%] Built target ament_cmake_python_build_yesense_interface_egg
[0.287s] Invoked command in '/home/qiu/Desktop/ros2_stm32_ws/build/yesense_interface' returned '0': /usr/bin/cmake --build /home/qiu/Desktop/ros2_stm32_ws/build/yesense_interface -- -j16 -l16
[0.289s] Invoking command in '/home/qiu/Desktop/ros2_stm32_ws/build/yesense_interface': /usr/bin/cmake --install /home/qiu/Desktop/ros2_stm32_ws/build/yesense_interface
[0.295s] -- Install configuration: ""
[0.295s] -- Up-to-date: /home/qiu/Desktop/ros2_stm32_ws/install/yesense_interface/share/ament_index/resource_index/rosidl_interfaces/yesense_interface
[0.295s] -- Up-to-date: /home/qiu/Desktop/ros2_stm32_ws/install/yesense_interface/include/yesense_interface/yesense_interface
[0.295s] -- Up-to-date: /home/qiu/Desktop/ros2_stm32_ws/install/yesense_interface/include/yesense_interface/yesense_interface/msg
[0.295s] -- Up-to-date: /home/qiu/Desktop/ros2_stm32_ws/install/yesense_interface/include/yesense_interface/yesense_interface/msg/pressure.h
[0.296s] -- Up-to-date: /home/qiu/Desktop/ros2_stm32_ws/install/yesense_interface/include/yesense_interface/yesense_interface/msg/euler_only.h
[0.296s] -- Up-to-date: /home/qiu/Desktop/ros2_stm32_ws/install/yesense_interface/include/yesense_interface/yesense_interface/msg/utc.h
[0.296s] -- Up-to-date: /home/qiu/Desktop/ros2_stm32_ws/install/yesense_interface/include/yesense_interface/yesense_interface/msg/detail
[0.296s] -- Up-to-date: /home/qiu/Desktop/ros2_stm32_ws/install/yesense_interface/include/yesense_interface/yesense_interface/msg/detail/quat__functions.c
[0.296s] -- Up-to-date: /home/qiu/Desktop/ros2_stm32_ws/install/yesense_interface/include/yesense_interface/yesense_interface/msg/detail/pos_only__struct.h
[0.296s] -- Up-to-date: /home/qiu/Desktop/ros2_stm32_ws/install/yesense_interface/include/yesense_interface/yesense_interface/msg/detail/nav_status__type_support.h
[0.296s] -- Up-to-date: /home/qiu/Desktop/ros2_stm32_ws/install/yesense_interface/include/yesense_interface/yesense_interface/msg/detail/gnss_pos__functions.c
[0.296s] -- Up-to-date: /home/qiu/Desktop/ros2_stm32_ws/install/yesense_interface/include/yesense_interface/yesense_interface/msg/detail/nav_all__functions.h
[0.296s] -- Up-to-date: /home/qiu/Desktop/ros2_stm32_ws/install/yesense_interface/include/yesense_interface/yesense_interface/msg/detail/pos_only__type_support.h
[0.296s] -- Up-to-date: /home/qiu/Desktop/ros2_stm32_ws/install/yesense_interface/include/yesense_interface/yesense_interface/msg/detail/nav_status__struct.h
[0.296s] -- Up-to-date: /home/qiu/Desktop/ros2_stm32_ws/install/yesense_interface/include/yesense_interface/yesense_interface/msg/detail/pressure__type_support.h
[0.296s] -- Up-to-date: /home/qiu/Desktop/ros2_stm32_ws/install/yesense_interface/include/yesense_interface/yesense_interface/msg/detail/nav_min__functions.h
[0.296s] -- Up-to-date: /home/qiu/Desktop/ros2_stm32_ws/install/yesense_interface/include/yesense_interface/yesense_interface/msg/detail/pressure__functions.c
[0.296s] -- Up-to-date: /home/qiu/Desktop/ros2_stm32_ws/install/yesense_interface/include/yesense_interface/yesense_interface/msg/detail/gnss_pos__struct.h
[0.296s] -- Up-to-date: /home/qiu/Desktop/ros2_stm32_ws/install/yesense_interface/include/yesense_interface/yesense_interface/msg/detail/gnss_pos__type_support.h
[0.296s] -- Up-to-date: /home/qiu/Desktop/ros2_stm32_ws/install/yesense_interface/include/yesense_interface/yesense_interface/msg/detail/utc__functions.c
[0.296s] -- Up-to-date: /home/qiu/Desktop/ros2_stm32_ws/install/yesense_interface/include/yesense_interface/yesense_interface/msg/detail/utc__struct.h
[0.296s] -- Up-to-date: /home/qiu/Desktop/ros2_stm32_ws/install/yesense_interface/include/yesense_interface/yesense_interface/msg/detail/attitude_all_data__type_support.h
[0.297s] -- Up-to-date: /home/qiu/Desktop/ros2_stm32_ws/install/yesense_interface/include/yesense_interface/yesense_interface/msg/detail/sample_timestamp__functions.c
[0.297s] -- Up-to-date: /home/qiu/Desktop/ros2_stm32_ws/install/yesense_interface/include/yesense_interface/yesense_interface/msg/detail/imu_data__functions.h
[0.297s] -- Up-to-date: /home/qiu/Desktop/ros2_stm32_ws/install/yesense_interface/include/yesense_interface/yesense_interface/msg/detail/tid__functions.c
[0.297s] -- Up-to-date: /home/qiu/Desktop/ros2_stm32_ws/install/yesense_interface/include/yesense_interface/yesense_interface/msg/detail/gnss_pos__functions.h
[0.297s] -- Up-to-date: /home/qiu/Desktop/ros2_stm32_ws/install/yesense_interface/include/yesense_interface/yesense_interface/msg/detail/pressure__functions.h
[0.297s] -- Up-to-date: /home/qiu/Desktop/ros2_stm32_ws/install/yesense_interface/include/yesense_interface/yesense_interface/msg/detail/attitude_all_data__functions.h
[0.297s] -- Up-to-date: /home/qiu/Desktop/ros2_stm32_ws/install/yesense_interface/include/yesense_interface/yesense_interface/msg/detail/imu_data__struct.h
[0.297s] -- Up-to-date: /home/qiu/Desktop/ros2_stm32_ws/install/yesense_interface/include/yesense_interface/yesense_interface/msg/detail/euler_angle__functions.h
[0.297s] -- Up-to-date: /home/qiu/Desktop/ros2_stm32_ws/install/yesense_interface/include/yesense_interface/yesense_interface/msg/detail/attitude_all_data__struct.h
[0.297s] -- Up-to-date: /home/qiu/Desktop/ros2_stm32_ws/install/yesense_interface/include/yesense_interface/yesense_interface/msg/detail/attitude_min_vru__type_support.h
[0.297s] -- Up-to-date: /home/qiu/Desktop/ros2_stm32_ws/install/yesense_interface/include/yesense_interface/yesense_interface/msg/detail/imu_data__type_support.h
[0.297s] -- Up-to-date: /home/qiu/Desktop/ros2_stm32_ws/install/yesense_interface/include/yesense_interface/yesense_interface/msg/detail/euler_only__type_support.h
[0.297s] -- Up-to-date: /home/qiu/Desktop/ros2_stm32_ws/install/yesense_interface/include/yesense_interface/yesense_interface/msg/detail/imu_data_ten_axis__functions.h
[0.297s] -- Up-to-date: /home/qiu/Desktop/ros2_stm32_ws/install/yesense_interface/include/yesense_interface/yesense_interface/msg/detail/nav_min__type_support.h
[0.297s] -- Up-to-date: /home/qiu/Desktop/ros2_stm32_ws/install/yesense_interface/include/yesense_interface/yesense_interface/msg/detail/attitude_min_ahrs__functions.h
[0.297s] -- Up-to-date: /home/qiu/Desktop/ros2_stm32_ws/install/yesense_interface/include/yesense_interface/yesense_interface/msg/detail/euler_only__struct.h
[0.297s] -- Up-to-date: /home/qiu/Desktop/ros2_stm32_ws/install/yesense_interface/include/yesense_interface/yesense_interface/msg/detail/nav_min__struct.h
[0.297s] -- Up-to-date: /home/qiu/Desktop/ros2_stm32_ws/install/yesense_interface/include/yesense_interface/yesense_interface/msg/detail/sensor_temp__functions.h
[0.297s] -- Up-to-date: /home/qiu/Desktop/ros2_stm32_ws/install/yesense_interface/include/yesense_interface/yesense_interface/msg/detail/euler_angle__functions.c
[0.297s] -- Up-to-date: /home/qiu/Desktop/ros2_stm32_ws/install/yesense_interface/include/yesense_interface/yesense_interface/msg/detail/euler_angle__struct.h
[0.297s] -- Up-to-date: /home/qiu/Desktop/ros2_stm32_ws/install/yesense_interface/include/yesense_interface/yesense_interface/msg/detail/utc__type_support.h
[0.297s] -- Up-to-date: /home/qiu/Desktop/ros2_stm32_ws/install/yesense_interface/include/yesense_interface/yesense_interface/msg/detail/attitude_min_ahrs__struct.h
[0.297s] -- Up-to-date: /home/qiu/Desktop/ros2_stm32_ws/install/yesense_interface/include/yesense_interface/yesense_interface/msg/detail/nav_min_utc__functions.h
[0.297s] -- Up-to-date: /home/qiu/Desktop/ros2_stm32_ws/install/yesense_interface/include/yesense_interface/yesense_interface/msg/detail/attitude_min_ahrs__functions.c
[0.297s] -- Up-to-date: /home/qiu/Desktop/ros2_stm32_ws/install/yesense_interface/include/yesense_interface/yesense_interface/msg/detail/attitude_all_data__functions.c
[0.297s] -- Up-to-date: /home/qiu/Desktop/ros2_stm32_ws/install/yesense_interface/include/yesense_interface/yesense_interface/msg/detail/nav_status__functions.h
[0.298s] -- Up-to-date: /home/qiu/Desktop/ros2_stm32_ws/install/yesense_interface/include/yesense_interface/yesense_interface/msg/detail/robot_lord__type_support.h
[0.298s] -- Up-to-date: /home/qiu/Desktop/ros2_stm32_ws/install/yesense_interface/include/yesense_interface/yesense_interface/msg/detail/robot_lord__functions.h
[0.298s] -- Up-to-date: /home/qiu/Desktop/ros2_stm32_ws/install/yesense_interface/include/yesense_interface/yesense_interface/msg/detail/nav_min_utc__functions.c
[0.298s] -- Up-to-date: /home/qiu/Desktop/ros2_stm32_ws/install/yesense_interface/include/yesense_interface/yesense_interface/msg/detail/quat__functions.h
[0.298s] -- Up-to-date: /home/qiu/Desktop/ros2_stm32_ws/install/yesense_interface/include/yesense_interface/yesense_interface/msg/detail/vel__functions.c
[0.298s] -- Up-to-date: /home/qiu/Desktop/ros2_stm32_ws/install/yesense_interface/include/yesense_interface/yesense_interface/msg/detail/robot_lord__struct.h
[0.298s] -- Up-to-date: /home/qiu/Desktop/ros2_stm32_ws/install/yesense_interface/include/yesense_interface/yesense_interface/msg/detail/three_axis__functions.h
[0.298s] -- Up-to-date: /home/qiu/Desktop/ros2_stm32_ws/install/yesense_interface/include/yesense_interface/yesense_interface/msg/detail/nav_status__functions.c
[0.298s] -- Up-to-date: /home/qiu/Desktop/ros2_stm32_ws/install/yesense_interface/include/yesense_interface/yesense_interface/msg/detail/vel__type_support.h
[0.298s] -- Up-to-date: /home/qiu/Desktop/ros2_stm32_ws/install/yesense_interface/include/yesense_interface/yesense_interface/msg/detail/euler_angle__type_support.h
[0.298s] -- Up-to-date: /home/qiu/Desktop/ros2_stm32_ws/install/yesense_interface/include/yesense_interface/yesense_interface/msg/detail/three_axis__type_support.h
[0.298s] -- Up-to-date: /home/qiu/Desktop/ros2_stm32_ws/install/yesense_interface/include/yesense_interface/yesense_interface/msg/detail/nav_min_utc__struct.h
[0.298s] -- Up-to-date: /home/qiu/Desktop/ros2_stm32_ws/install/yesense_interface/include/yesense_interface/yesense_interface/msg/detail/attitude_min_ahrs__type_support.h
[0.298s] -- Up-to-date: /home/qiu/Desktop/ros2_stm32_ws/install/yesense_interface/include/yesense_interface/yesense_interface/msg/detail/euler_only__functions.h
[0.298s] -- Up-to-date: /home/qiu/Desktop/ros2_stm32_ws/install/yesense_interface/include/yesense_interface/yesense_interface/msg/detail/three_axis__struct.h
[0.298s] -- Up-to-date: /home/qiu/Desktop/ros2_stm32_ws/install/yesense_interface/include/yesense_interface/yesense_interface/msg/detail/quat__type_support.h
[0.298s] -- Up-to-date: /home/qiu/Desktop/ros2_stm32_ws/install/yesense_interface/include/yesense_interface/yesense_interface/msg/detail/nav_all__functions.c
[0.298s] -- Up-to-date: /home/qiu/Desktop/ros2_stm32_ws/install/yesense_interface/include/yesense_interface/yesense_interface/msg/detail/sensor_temp__struct.h
[0.298s] -- Up-to-date: /home/qiu/Desktop/ros2_stm32_ws/install/yesense_interface/include/yesense_interface/yesense_interface/msg/detail/pos_only__functions.c
[0.298s] -- Up-to-date: /home/qiu/Desktop/ros2_stm32_ws/install/yesense_interface/include/yesense_interface/yesense_interface/msg/detail/sensor_temp__type_support.h
[0.298s] -- Up-to-date: /home/qiu/Desktop/ros2_stm32_ws/install/yesense_interface/include/yesense_interface/yesense_interface/msg/detail/sample_timestamp__type_support.h
[0.298s] -- Up-to-date: /home/qiu/Desktop/ros2_stm32_ws/install/yesense_interface/include/yesense_interface/yesense_interface/msg/detail/sample_timestamp__functions.h
[0.298s] -- Up-to-date: /home/qiu/Desktop/ros2_stm32_ws/install/yesense_interface/include/yesense_interface/yesense_interface/msg/detail/imu_data__functions.c
[0.298s] -- Up-to-date: /home/qiu/Desktop/ros2_stm32_ws/install/yesense_interface/include/yesense_interface/yesense_interface/msg/detail/utc__functions.h
[0.298s] -- Up-to-date: /home/qiu/Desktop/ros2_stm32_ws/install/yesense_interface/include/yesense_interface/yesense_interface/msg/detail/robot_lord__functions.c
[0.298s] -- Up-to-date: /home/qiu/Desktop/ros2_stm32_ws/install/yesense_interface/include/yesense_interface/yesense_interface/msg/detail/imu_data_ten_axis__type_support.h
[0.299s] -- Up-to-date: /home/qiu/Desktop/ros2_stm32_ws/install/yesense_interface/include/yesense_interface/yesense_interface/msg/detail/imu_data_ten_axis__struct.h
[0.299s] -- Up-to-date: /home/qiu/Desktop/ros2_stm32_ws/install/yesense_interface/include/yesense_interface/yesense_interface/msg/detail/nav_all__struct.h
[0.299s] -- Up-to-date: /home/qiu/Desktop/ros2_stm32_ws/install/yesense_interface/include/yesense_interface/yesense_interface/msg/detail/sensor_temp__functions.c
[0.299s] -- Up-to-date: /home/qiu/Desktop/ros2_stm32_ws/install/yesense_interface/include/yesense_interface/yesense_interface/msg/detail/attitude_min_vru__struct.h
[0.299s] -- Up-to-date: /home/qiu/Desktop/ros2_stm32_ws/install/yesense_interface/include/yesense_interface/yesense_interface/msg/detail/attitude_min_vru__functions.h
[0.299s] -- Up-to-date: /home/qiu/Desktop/ros2_stm32_ws/install/yesense_interface/include/yesense_interface/yesense_interface/msg/detail/tid__functions.h
[0.299s] -- Up-to-date: /home/qiu/Desktop/ros2_stm32_ws/install/yesense_interface/include/yesense_interface/yesense_interface/msg/detail/vel__struct.h
[0.299s] -- Up-to-date: /home/qiu/Desktop/ros2_stm32_ws/install/yesense_interface/include/yesense_interface/yesense_interface/msg/detail/euler_only__functions.c
[0.299s] -- Up-to-date: /home/qiu/Desktop/ros2_stm32_ws/install/yesense_interface/include/yesense_interface/yesense_interface/msg/detail/pressure__struct.h
[0.299s] -- Up-to-date: /home/qiu/Desktop/ros2_stm32_ws/install/yesense_interface/include/yesense_interface/yesense_interface/msg/detail/attitude_min_vru__functions.c
[0.299s] -- Up-to-date: /home/qiu/Desktop/ros2_stm32_ws/install/yesense_interface/include/yesense_interface/yesense_interface/msg/detail/nav_min__functions.c
[0.299s] -- Up-to-date: /home/qiu/Desktop/ros2_stm32_ws/install/yesense_interface/include/yesense_interface/yesense_interface/msg/detail/tid__type_support.h
[0.299s] -- Up-to-date: /home/qiu/Desktop/ros2_stm32_ws/install/yesense_interface/include/yesense_interface/yesense_interface/msg/detail/pos_only__functions.h
[0.299s] -- Up-to-date: /home/qiu/Desktop/ros2_stm32_ws/install/yesense_interface/include/yesense_interface/yesense_interface/msg/detail/sample_timestamp__struct.h
[0.299s] -- Up-to-date: /home/qiu/Desktop/ros2_stm32_ws/install/yesense_interface/include/yesense_interface/yesense_interface/msg/detail/nav_all__type_support.h
[0.299s] -- Up-to-date: /home/qiu/Desktop/ros2_stm32_ws/install/yesense_interface/include/yesense_interface/yesense_interface/msg/detail/vel__functions.h
[0.299s] -- Up-to-date: /home/qiu/Desktop/ros2_stm32_ws/install/yesense_interface/include/yesense_interface/yesense_interface/msg/detail/tid__struct.h
[0.299s] -- Up-to-date: /home/qiu/Desktop/ros2_stm32_ws/install/yesense_interface/include/yesense_interface/yesense_interface/msg/detail/nav_min_utc__type_support.h
[0.299s] -- Up-to-date: /home/qiu/Desktop/ros2_stm32_ws/install/yesense_interface/include/yesense_interface/yesense_interface/msg/detail/quat__struct.h
[0.299s] -- Up-to-date: /home/qiu/Desktop/ros2_stm32_ws/install/yesense_interface/include/yesense_interface/yesense_interface/msg/detail/three_axis__functions.c
[0.300s] -- Up-to-date: /home/qiu/Desktop/ros2_stm32_ws/install/yesense_interface/include/yesense_interface/yesense_interface/msg/detail/imu_data_ten_axis__functions.c
[0.300s] -- Up-to-date: /home/qiu/Desktop/ros2_stm32_ws/install/yesense_interface/include/yesense_interface/yesense_interface/msg/nav_min_utc.h
[0.300s] -- Up-to-date: /home/qiu/Desktop/ros2_stm32_ws/install/yesense_interface/include/yesense_interface/yesense_interface/msg/nav_all.h
[0.300s] -- Up-to-date: /home/qiu/Desktop/ros2_stm32_ws/install/yesense_interface/include/yesense_interface/yesense_interface/msg/vel.h
[0.300s] -- Up-to-date: /home/qiu/Desktop/ros2_stm32_ws/install/yesense_interface/include/yesense_interface/yesense_interface/msg/quat.h
[0.300s] -- Up-to-date: /home/qiu/Desktop/ros2_stm32_ws/install/yesense_interface/include/yesense_interface/yesense_interface/msg/imu_data.h
[0.300s] -- Up-to-date: /home/qiu/Desktop/ros2_stm32_ws/install/yesense_interface/include/yesense_interface/yesense_interface/msg/attitude_min_ahrs.h
[0.300s] -- Up-to-date: /home/qiu/Desktop/ros2_stm32_ws/install/yesense_interface/include/yesense_interface/yesense_interface/msg/rosidl_generator_c__visibility_control.h
[0.300s] -- Up-to-date: /home/qiu/Desktop/ros2_stm32_ws/install/yesense_interface/include/yesense_interface/yesense_interface/msg/tid.h
[0.300s] -- Up-to-date: /home/qiu/Desktop/ros2_stm32_ws/install/yesense_interface/include/yesense_interface/yesense_interface/msg/robot_lord.h
[0.300s] -- Up-to-date: /home/qiu/Desktop/ros2_stm32_ws/install/yesense_interface/include/yesense_interface/yesense_interface/msg/pos_only.h
[0.301s] -- Up-to-date: /home/qiu/Desktop/ros2_stm32_ws/install/yesense_interface/include/yesense_interface/yesense_interface/msg/nav_status.h
[0.301s] -- Up-to-date: /home/qiu/Desktop/ros2_stm32_ws/install/yesense_interface/include/yesense_interface/yesense_interface/msg/imu_data_ten_axis.h
[0.301s] -- Up-to-date: /home/qiu/Desktop/ros2_stm32_ws/install/yesense_interface/include/yesense_interface/yesense_interface/msg/attitude_min_vru.h
[0.301s] -- Up-to-date: /home/qiu/Desktop/ros2_stm32_ws/install/yesense_interface/include/yesense_interface/yesense_interface/msg/gnss_pos.h
[0.301s] -- Up-to-date: /home/qiu/Desktop/ros2_stm32_ws/install/yesense_interface/include/yesense_interface/yesense_interface/msg/euler_angle.h
[0.301s] -- Up-to-date: /home/qiu/Desktop/ros2_stm32_ws/install/yesense_interface/include/yesense_interface/yesense_interface/msg/attitude_all_data.h
[0.301s] -- Up-to-date: /home/qiu/Desktop/ros2_stm32_ws/install/yesense_interface/include/yesense_interface/yesense_interface/msg/nav_min.h
[0.301s] -- Up-to-date: /home/qiu/Desktop/ros2_stm32_ws/install/yesense_interface/include/yesense_interface/yesense_interface/msg/three_axis.h
[0.301s] -- Up-to-date: /home/qiu/Desktop/ros2_stm32_ws/install/yesense_interface/include/yesense_interface/yesense_interface/msg/sample_timestamp.h
[0.301s] -- Up-to-date: /home/qiu/Desktop/ros2_stm32_ws/install/yesense_interface/include/yesense_interface/yesense_interface/msg/sensor_temp.h
[0.301s] -- Up-to-date: /home/qiu/Desktop/ros2_stm32_ws/install/yesense_interface/share/yesense_interface/environment/library_path.sh
[0.301s] -- Up-to-date: /home/qiu/Desktop/ros2_stm32_ws/install/yesense_interface/share/yesense_interface/environment/library_path.dsv
[0.301s] -- Up-to-date: /home/qiu/Desktop/ros2_stm32_ws/install/yesense_interface/lib/libyesense_interface__rosidl_generator_c.so
[0.301s] -- Up-to-date: /home/qiu/Desktop/ros2_stm32_ws/install/yesense_interface/include/yesense_interface/yesense_interface
[0.301s] -- Up-to-date: /home/qiu/Desktop/ros2_stm32_ws/install/yesense_interface/include/yesense_interface/yesense_interface/msg
[0.301s] -- Up-to-date: /home/qiu/Desktop/ros2_stm32_ws/install/yesense_interface/include/yesense_interface/yesense_interface/msg/detail
[0.301s] -- Up-to-date: /home/qiu/Desktop/ros2_stm32_ws/install/yesense_interface/include/yesense_interface/yesense_interface/msg/detail/nav_min_utc__rosidl_typesupport_fastrtps_c.h
[0.301s] -- Up-to-date: /home/qiu/Desktop/ros2_stm32_ws/install/yesense_interface/include/yesense_interface/yesense_interface/msg/detail/imu_data__rosidl_typesupport_fastrtps_c.h
[0.301s] -- Up-to-date: /home/qiu/Desktop/ros2_stm32_ws/install/yesense_interface/include/yesense_interface/yesense_interface/msg/detail/sample_timestamp__rosidl_typesupport_fastrtps_c.h
[0.301s] -- Up-to-date: /home/qiu/Desktop/ros2_stm32_ws/install/yesense_interface/include/yesense_interface/yesense_interface/msg/detail/quat__rosidl_typesupport_fastrtps_c.h
[0.301s] -- Up-to-date: /home/qiu/Desktop/ros2_stm32_ws/install/yesense_interface/include/yesense_interface/yesense_interface/msg/detail/tid__rosidl_typesupport_fastrtps_c.h
[0.302s] -- Up-to-date: /home/qiu/Desktop/ros2_stm32_ws/install/yesense_interface/include/yesense_interface/yesense_interface/msg/detail/gnss_pos__rosidl_typesupport_fastrtps_c.h
[0.302s] -- Up-to-date: /home/qiu/Desktop/ros2_stm32_ws/install/yesense_interface/include/yesense_interface/yesense_interface/msg/detail/attitude_min_ahrs__rosidl_typesupport_fastrtps_c.h
[0.302s] -- Up-to-date: /home/qiu/Desktop/ros2_stm32_ws/install/yesense_interface/include/yesense_interface/yesense_interface/msg/detail/nav_min__rosidl_typesupport_fastrtps_c.h
[0.302s] -- Up-to-date: /home/qiu/Desktop/ros2_stm32_ws/install/yesense_interface/include/yesense_interface/yesense_interface/msg/detail/attitude_all_data__rosidl_typesupport_fastrtps_c.h
[0.302s] -- Up-to-date: /home/qiu/Desktop/ros2_stm32_ws/install/yesense_interface/include/yesense_interface/yesense_interface/msg/detail/pressure__rosidl_typesupport_fastrtps_c.h
[0.302s] -- Up-to-date: /home/qiu/Desktop/ros2_stm32_ws/install/yesense_interface/include/yesense_interface/yesense_interface/msg/detail/robot_lord__rosidl_typesupport_fastrtps_c.h
[0.302s] -- Up-to-date: /home/qiu/Desktop/ros2_stm32_ws/install/yesense_interface/include/yesense_interface/yesense_interface/msg/detail/attitude_min_vru__rosidl_typesupport_fastrtps_c.h
[0.302s] -- Up-to-date: /home/qiu/Desktop/ros2_stm32_ws/install/yesense_interface/include/yesense_interface/yesense_interface/msg/detail/three_axis__rosidl_typesupport_fastrtps_c.h
[0.302s] -- Up-to-date: /home/qiu/Desktop/ros2_stm32_ws/install/yesense_interface/include/yesense_interface/yesense_interface/msg/detail/nav_all__rosidl_typesupport_fastrtps_c.h
[0.302s] -- Up-to-date: /home/qiu/Desktop/ros2_stm32_ws/install/yesense_interface/include/yesense_interface/yesense_interface/msg/detail/pos_only__rosidl_typesupport_fastrtps_c.h
[0.302s] -- Up-to-date: /home/qiu/Desktop/ros2_stm32_ws/install/yesense_interface/include/yesense_interface/yesense_interface/msg/detail/vel__rosidl_typesupport_fastrtps_c.h
[0.302s] -- Up-to-date: /home/qiu/Desktop/ros2_stm32_ws/install/yesense_interface/include/yesense_interface/yesense_interface/msg/detail/euler_angle__rosidl_typesupport_fastrtps_c.h
[0.302s] -- Up-to-date: /home/qiu/Desktop/ros2_stm32_ws/install/yesense_interface/include/yesense_interface/yesense_interface/msg/detail/nav_status__rosidl_typesupport_fastrtps_c.h
[0.302s] -- Up-to-date: /home/qiu/Desktop/ros2_stm32_ws/install/yesense_interface/include/yesense_interface/yesense_interface/msg/detail/euler_only__rosidl_typesupport_fastrtps_c.h
[0.302s] -- Up-to-date: /home/qiu/Desktop/ros2_stm32_ws/install/yesense_interface/include/yesense_interface/yesense_interface/msg/detail/sensor_temp__rosidl_typesupport_fastrtps_c.h
[0.302s] -- Up-to-date: /home/qiu/Desktop/ros2_stm32_ws/install/yesense_interface/include/yesense_interface/yesense_interface/msg/detail/imu_data_ten_axis__rosidl_typesupport_fastrtps_c.h
[0.302s] -- Up-to-date: /home/qiu/Desktop/ros2_stm32_ws/install/yesense_interface/include/yesense_interface/yesense_interface/msg/detail/utc__rosidl_typesupport_fastrtps_c.h
[0.302s] -- Up-to-date: /home/qiu/Desktop/ros2_stm32_ws/install/yesense_interface/include/yesense_interface/yesense_interface/msg/rosidl_typesupport_fastrtps_c__visibility_control.h
[0.302s] -- Up-to-date: /home/qiu/Desktop/ros2_stm32_ws/install/yesense_interface/lib/libyesense_interface__rosidl_typesupport_fastrtps_c.so
[0.302s] -- Up-to-date: /home/qiu/Desktop/ros2_stm32_ws/install/yesense_interface/include/yesense_interface/yesense_interface
[0.302s] -- Up-to-date: /home/qiu/Desktop/ros2_stm32_ws/install/yesense_interface/include/yesense_interface/yesense_interface/msg
[0.302s] -- Up-to-date: /home/qiu/Desktop/ros2_stm32_ws/install/yesense_interface/include/yesense_interface/yesense_interface/msg/detail
[0.302s] -- Up-to-date: /home/qiu/Desktop/ros2_stm32_ws/install/yesense_interface/include/yesense_interface/yesense_interface/msg/detail/nav_all__rosidl_typesupport_introspection_c.h
[0.302s] -- Up-to-date: /home/qiu/Desktop/ros2_stm32_ws/install/yesense_interface/include/yesense_interface/yesense_interface/msg/detail/imu_data__type_support.c
[0.302s] -- Up-to-date: /home/qiu/Desktop/ros2_stm32_ws/install/yesense_interface/include/yesense_interface/yesense_interface/msg/detail/gnss_pos__type_support.c
[0.302s] -- Up-to-date: /home/qiu/Desktop/ros2_stm32_ws/install/yesense_interface/include/yesense_interface/yesense_interface/msg/detail/sensor_temp__rosidl_typesupport_introspection_c.h
[0.302s] -- Up-to-date: /home/qiu/Desktop/ros2_stm32_ws/install/yesense_interface/include/yesense_interface/yesense_interface/msg/detail/euler_angle__rosidl_typesupport_introspection_c.h
[0.302s] -- Up-to-date: /home/qiu/Desktop/ros2_stm32_ws/install/yesense_interface/include/yesense_interface/yesense_interface/msg/detail/sensor_temp__type_support.c
[0.302s] -- Up-to-date: /home/qiu/Desktop/ros2_stm32_ws/install/yesense_interface/include/yesense_interface/yesense_interface/msg/detail/attitude_min_vru__type_support.c
[0.303s] -- Up-to-date: /home/qiu/Desktop/ros2_stm32_ws/install/yesense_interface/include/yesense_interface/yesense_interface/msg/detail/attitude_min_ahrs__rosidl_typesupport_introspection_c.h
[0.303s] -- Up-to-date: /home/qiu/Desktop/ros2_stm32_ws/install/yesense_interface/include/yesense_interface/yesense_interface/msg/detail/robot_lord__type_support.c
[0.303s] -- Up-to-date: /home/qiu/Desktop/ros2_stm32_ws/install/yesense_interface/include/yesense_interface/yesense_interface/msg/detail/tid__type_support.c
[0.303s] -- Up-to-date: /home/qiu/Desktop/ros2_stm32_ws/install/yesense_interface/include/yesense_interface/yesense_interface/msg/detail/gnss_pos__rosidl_typesupport_introspection_c.h
[0.303s] -- Up-to-date: /home/qiu/Desktop/ros2_stm32_ws/install/yesense_interface/include/yesense_interface/yesense_interface/msg/detail/pressure__type_support.c
[0.303s] -- Up-to-date: /home/qiu/Desktop/ros2_stm32_ws/install/yesense_interface/include/yesense_interface/yesense_interface/msg/detail/imu_data_ten_axis__rosidl_typesupport_introspection_c.h
[0.303s] -- Up-to-date: /home/qiu/Desktop/ros2_stm32_ws/install/yesense_interface/include/yesense_interface/yesense_interface/msg/detail/three_axis__type_support.c
[0.303s] -- Up-to-date: /home/qiu/Desktop/ros2_stm32_ws/install/yesense_interface/include/yesense_interface/yesense_interface/msg/detail/quat__rosidl_typesupport_introspection_c.h
[0.303s] -- Up-to-date: /home/qiu/Desktop/ros2_stm32_ws/install/yesense_interface/include/yesense_interface/yesense_interface/msg/detail/tid__rosidl_typesupport_introspection_c.h
[0.303s] -- Up-to-date: /home/qiu/Desktop/ros2_stm32_ws/install/yesense_interface/include/yesense_interface/yesense_interface/msg/detail/attitude_all_data__type_support.c
[0.303s] -- Up-to-date: /home/qiu/Desktop/ros2_stm32_ws/install/yesense_interface/include/yesense_interface/yesense_interface/msg/detail/quat__type_support.c
[0.303s] -- Up-to-date: /home/qiu/Desktop/ros2_stm32_ws/install/yesense_interface/include/yesense_interface/yesense_interface/msg/detail/imu_data__rosidl_typesupport_introspection_c.h
[0.303s] -- Up-to-date: /home/qiu/Desktop/ros2_stm32_ws/install/yesense_interface/include/yesense_interface/yesense_interface/msg/detail/sample_timestamp__type_support.c
[0.303s] -- Up-to-date: /home/qiu/Desktop/ros2_stm32_ws/install/yesense_interface/include/yesense_interface/yesense_interface/msg/detail/nav_min__rosidl_typesupport_introspection_c.h
[0.303s] -- Up-to-date: /home/qiu/Desktop/ros2_stm32_ws/install/yesense_interface/include/yesense_interface/yesense_interface/msg/detail/nav_min_utc__type_support.c
[0.303s] -- Up-to-date: /home/qiu/Desktop/ros2_stm32_ws/install/yesense_interface/include/yesense_interface/yesense_interface/msg/detail/nav_min__type_support.c
[0.303s] -- Up-to-date: /home/qiu/Desktop/ros2_stm32_ws/install/yesense_interface/include/yesense_interface/yesense_interface/msg/detail/three_axis__rosidl_typesupport_introspection_c.h
[0.303s] -- Up-to-date: /home/qiu/Desktop/ros2_stm32_ws/install/yesense_interface/include/yesense_interface/yesense_interface/msg/detail/utc__rosidl_typesupport_introspection_c.h
[0.303s] -- Up-to-date: /home/qiu/Desktop/ros2_stm32_ws/install/yesense_interface/include/yesense_interface/yesense_interface/msg/detail/nav_status__rosidl_typesupport_introspection_c.h
[0.303s] -- Up-to-date: /home/qiu/Desktop/ros2_stm32_ws/install/yesense_interface/include/yesense_interface/yesense_interface/msg/detail/vel__rosidl_typesupport_introspection_c.h
[0.303s] -- Up-to-date: /home/qiu/Desktop/ros2_stm32_ws/install/yesense_interface/include/yesense_interface/yesense_interface/msg/detail/robot_lord__rosidl_typesupport_introspection_c.h
[0.303s] -- Up-to-date: /home/qiu/Desktop/ros2_stm32_ws/install/yesense_interface/include/yesense_interface/yesense_interface/msg/detail/euler_angle__type_support.c
[0.303s] -- Up-to-date: /home/qiu/Desktop/ros2_stm32_ws/install/yesense_interface/include/yesense_interface/yesense_interface/msg/detail/nav_status__type_support.c
[0.303s] -- Up-to-date: /home/qiu/Desktop/ros2_stm32_ws/install/yesense_interface/include/yesense_interface/yesense_interface/msg/detail/pos_only__type_support.c
[0.303s] -- Up-to-date: /home/qiu/Desktop/ros2_stm32_ws/install/yesense_interface/include/yesense_interface/yesense_interface/msg/detail/utc__type_support.c
[0.303s] -- Up-to-date: /home/qiu/Desktop/ros2_stm32_ws/install/yesense_interface/include/yesense_interface/yesense_interface/msg/detail/nav_all__type_support.c
[0.303s] -- Up-to-date: /home/qiu/Desktop/ros2_stm32_ws/install/yesense_interface/include/yesense_interface/yesense_interface/msg/detail/attitude_min_ahrs__type_support.c
[0.303s] -- Up-to-date: /home/qiu/Desktop/ros2_stm32_ws/install/yesense_interface/include/yesense_interface/yesense_interface/msg/detail/sample_timestamp__rosidl_typesupport_introspection_c.h
[0.303s] -- Up-to-date: /home/qiu/Desktop/ros2_stm32_ws/install/yesense_interface/include/yesense_interface/yesense_interface/msg/detail/euler_only__type_support.c
[0.304s] -- Up-to-date: /home/qiu/Desktop/ros2_stm32_ws/install/yesense_interface/include/yesense_interface/yesense_interface/msg/detail/pos_only__rosidl_typesupport_introspection_c.h
[0.304s] -- Up-to-date: /home/qiu/Desktop/ros2_stm32_ws/install/yesense_interface/include/yesense_interface/yesense_interface/msg/detail/pressure__rosidl_typesupport_introspection_c.h
[0.304s] -- Up-to-date: /home/qiu/Desktop/ros2_stm32_ws/install/yesense_interface/include/yesense_interface/yesense_interface/msg/detail/vel__type_support.c
[0.304s] -- Up-to-date: /home/qiu/Desktop/ros2_stm32_ws/install/yesense_interface/include/yesense_interface/yesense_interface/msg/detail/attitude_min_vru__rosidl_typesupport_introspection_c.h
[0.304s] -- Up-to-date: /home/qiu/Desktop/ros2_stm32_ws/install/yesense_interface/include/yesense_interface/yesense_interface/msg/detail/attitude_all_data__rosidl_typesupport_introspection_c.h
[0.304s] -- Up-to-date: /home/qiu/Desktop/ros2_stm32_ws/install/yesense_interface/include/yesense_interface/yesense_interface/msg/detail/nav_min_utc__rosidl_typesupport_introspection_c.h
[0.304s] -- Up-to-date: /home/qiu/Desktop/ros2_stm32_ws/install/yesense_interface/include/yesense_interface/yesense_interface/msg/detail/imu_data_ten_axis__type_support.c
[0.304s] -- Up-to-date: /home/qiu/Desktop/ros2_stm32_ws/install/yesense_interface/include/yesense_interface/yesense_interface/msg/detail/euler_only__rosidl_typesupport_introspection_c.h
[0.304s] -- Up-to-date: /home/qiu/Desktop/ros2_stm32_ws/install/yesense_interface/include/yesense_interface/yesense_interface/msg/rosidl_typesupport_introspection_c__visibility_control.h
[0.304s] -- Up-to-date: /home/qiu/Desktop/ros2_stm32_ws/install/yesense_interface/lib/libyesense_interface__rosidl_typesupport_introspection_c.so
[0.304s] -- Up-to-date: /home/qiu/Desktop/ros2_stm32_ws/install/yesense_interface/lib/libyesense_interface__rosidl_typesupport_c.so
[0.304s] -- Up-to-date: /home/qiu/Desktop/ros2_stm32_ws/install/yesense_interface/include/yesense_interface/yesense_interface
[0.304s] -- Up-to-date: /home/qiu/Desktop/ros2_stm32_ws/install/yesense_interface/include/yesense_interface/yesense_interface/msg
[0.304s] -- Up-to-date: /home/qiu/Desktop/ros2_stm32_ws/install/yesense_interface/include/yesense_interface/yesense_interface/msg/pos_only.hpp
[0.304s] -- Up-to-date: /home/qiu/Desktop/ros2_stm32_ws/install/yesense_interface/include/yesense_interface/yesense_interface/msg/detail
[0.304s] -- Up-to-date: /home/qiu/Desktop/ros2_stm32_ws/install/yesense_interface/include/yesense_interface/yesense_interface/msg/detail/nav_all__struct.hpp
[0.304s] -- Up-to-date: /home/qiu/Desktop/ros2_stm32_ws/install/yesense_interface/include/yesense_interface/yesense_interface/msg/detail/imu_data__builder.hpp
[0.304s] -- Up-to-date: /home/qiu/Desktop/ros2_stm32_ws/install/yesense_interface/include/yesense_interface/yesense_interface/msg/detail/attitude_min_ahrs__traits.hpp
[0.305s] -- Up-to-date: /home/qiu/Desktop/ros2_stm32_ws/install/yesense_interface/include/yesense_interface/yesense_interface/msg/detail/nav_status__struct.hpp
[0.305s] -- Up-to-date: /home/qiu/Desktop/ros2_stm32_ws/install/yesense_interface/include/yesense_interface/yesense_interface/msg/detail/vel__type_support.hpp
[0.305s] -- Up-to-date: /home/qiu/Desktop/ros2_stm32_ws/install/yesense_interface/include/yesense_interface/yesense_interface/msg/detail/euler_only__builder.hpp
[0.305s] -- Up-to-date: /home/qiu/Desktop/ros2_stm32_ws/install/yesense_interface/include/yesense_interface/yesense_interface/msg/detail/imu_data_ten_axis__builder.hpp
[0.305s] -- Up-to-date: /home/qiu/Desktop/ros2_stm32_ws/install/yesense_interface/include/yesense_interface/yesense_interface/msg/detail/euler_only__traits.hpp
[0.305s] -- Up-to-date: /home/qiu/Desktop/ros2_stm32_ws/install/yesense_interface/include/yesense_interface/yesense_interface/msg/detail/imu_data__type_support.hpp
[0.305s] -- Up-to-date: /home/qiu/Desktop/ros2_stm32_ws/install/yesense_interface/include/yesense_interface/yesense_interface/msg/detail/pressure__type_support.hpp
[0.305s] -- Up-to-date: /home/qiu/Desktop/ros2_stm32_ws/install/yesense_interface/include/yesense_interface/yesense_interface/msg/detail/imu_data_ten_axis__traits.hpp
[0.305s] -- Up-to-date: /home/qiu/Desktop/ros2_stm32_ws/install/yesense_interface/include/yesense_interface/yesense_interface/msg/detail/sensor_temp__traits.hpp
[0.305s] -- Up-to-date: /home/qiu/Desktop/ros2_stm32_ws/install/yesense_interface/include/yesense_interface/yesense_interface/msg/detail/pos_only__struct.hpp
[0.305s] -- Up-to-date: /home/qiu/Desktop/ros2_stm32_ws/install/yesense_interface/include/yesense_interface/yesense_interface/msg/detail/euler_angle__type_support.hpp
[0.305s] -- Up-to-date: /home/qiu/Desktop/ros2_stm32_ws/install/yesense_interface/include/yesense_interface/yesense_interface/msg/detail/gnss_pos__builder.hpp
[0.305s] -- Up-to-date: /home/qiu/Desktop/ros2_stm32_ws/install/yesense_interface/include/yesense_interface/yesense_interface/msg/detail/euler_angle__struct.hpp
[0.305s] -- Up-to-date: /home/qiu/Desktop/ros2_stm32_ws/install/yesense_interface/include/yesense_interface/yesense_interface/msg/detail/attitude_min_vru__traits.hpp
[0.305s] -- Up-to-date: /home/qiu/Desktop/ros2_stm32_ws/install/yesense_interface/include/yesense_interface/yesense_interface/msg/detail/euler_angle__traits.hpp
[0.306s] -- Up-to-date: /home/qiu/Desktop/ros2_stm32_ws/install/yesense_interface/include/yesense_interface/yesense_interface/msg/detail/attitude_all_data__traits.hpp
[0.306s] -- Up-to-date: /home/qiu/Desktop/ros2_stm32_ws/install/yesense_interface/include/yesense_interface/yesense_interface/msg/detail/robot_lord__type_support.hpp
[0.306s] -- Up-to-date: /home/qiu/Desktop/ros2_stm32_ws/install/yesense_interface/include/yesense_interface/yesense_interface/msg/detail/nav_all__traits.hpp
[0.306s] -- Up-to-date: /home/qiu/Desktop/ros2_stm32_ws/install/yesense_interface/include/yesense_interface/yesense_interface/msg/detail/sample_timestamp__type_support.hpp
[0.306s] -- Up-to-date: /home/qiu/Desktop/ros2_stm32_ws/install/yesense_interface/include/yesense_interface/yesense_interface/msg/detail/utc__struct.hpp
[0.306s] -- Up-to-date: /home/qiu/Desktop/ros2_stm32_ws/install/yesense_interface/include/yesense_interface/yesense_interface/msg/detail/euler_angle__builder.hpp
[0.306s] -- Up-to-date: /home/qiu/Desktop/ros2_stm32_ws/install/yesense_interface/include/yesense_interface/yesense_interface/msg/detail/attitude_all_data__builder.hpp
[0.306s] -- Up-to-date: /home/qiu/Desktop/ros2_stm32_ws/install/yesense_interface/include/yesense_interface/yesense_interface/msg/detail/attitude_min_vru__type_support.hpp
[0.306s] -- Up-to-date: /home/qiu/Desktop/ros2_stm32_ws/install/yesense_interface/include/yesense_interface/yesense_interface/msg/detail/attitude_all_data__type_support.hpp
[0.306s] -- Up-to-date: /home/qiu/Desktop/ros2_stm32_ws/install/yesense_interface/include/yesense_interface/yesense_interface/msg/detail/nav_status__type_support.hpp
[0.306s] -- Up-to-date: /home/qiu/Desktop/ros2_stm32_ws/install/yesense_interface/include/yesense_interface/yesense_interface/msg/detail/sample_timestamp__traits.hpp
[0.306s] -- Up-to-date: /home/qiu/Desktop/ros2_stm32_ws/install/yesense_interface/include/yesense_interface/yesense_interface/msg/detail/robot_lord__builder.hpp
[0.306s] -- Up-to-date: /home/qiu/Desktop/ros2_stm32_ws/install/yesense_interface/include/yesense_interface/yesense_interface/msg/detail/tid__builder.hpp
[0.306s] -- Up-to-date: /home/qiu/Desktop/ros2_stm32_ws/install/yesense_interface/include/yesense_interface/yesense_interface/msg/detail/sensor_temp__struct.hpp
[0.306s] -- Up-to-date: /home/qiu/Desktop/ros2_stm32_ws/install/yesense_interface/include/yesense_interface/yesense_interface/msg/detail/nav_status__traits.hpp
[0.306s] -- Up-to-date: /home/qiu/Desktop/ros2_stm32_ws/install/yesense_interface/include/yesense_interface/yesense_interface/msg/detail/attitude_min_vru__struct.hpp
[0.307s] -- Up-to-date: /home/qiu/Desktop/ros2_stm32_ws/install/yesense_interface/include/yesense_interface/yesense_interface/msg/detail/attitude_min_vru__builder.hpp
[0.307s] -- Up-to-date: /home/qiu/Desktop/ros2_stm32_ws/install/yesense_interface/include/yesense_interface/yesense_interface/msg/detail/gnss_pos__traits.hpp
[0.307s] -- Up-to-date: /home/qiu/Desktop/ros2_stm32_ws/install/yesense_interface/include/yesense_interface/yesense_interface/msg/detail/attitude_min_ahrs__struct.hpp
[0.307s] -- Up-to-date: /home/qiu/Desktop/ros2_stm32_ws/install/yesense_interface/include/yesense_interface/yesense_interface/msg/detail/nav_status__builder.hpp
[0.307s] -- Up-to-date: /home/qiu/Desktop/ros2_stm32_ws/install/yesense_interface/include/yesense_interface/yesense_interface/msg/detail/nav_min__type_support.hpp
[0.307s] -- Up-to-date: /home/qiu/Desktop/ros2_stm32_ws/install/yesense_interface/include/yesense_interface/yesense_interface/msg/detail/euler_only__struct.hpp
[0.307s] -- Up-to-date: /home/qiu/Desktop/ros2_stm32_ws/install/yesense_interface/include/yesense_interface/yesense_interface/msg/detail/imu_data__traits.hpp
[0.307s] -- Up-to-date: /home/qiu/Desktop/ros2_stm32_ws/install/yesense_interface/include/yesense_interface/yesense_interface/msg/detail/pressure__builder.hpp
[0.307s] -- Up-to-date: /home/qiu/Desktop/ros2_stm32_ws/install/yesense_interface/include/yesense_interface/yesense_interface/msg/detail/nav_min_utc__type_support.hpp
[0.307s] -- Up-to-date: /home/qiu/Desktop/ros2_stm32_ws/install/yesense_interface/include/yesense_interface/yesense_interface/msg/detail/quat__struct.hpp
[0.307s] -- Up-to-date: /home/qiu/Desktop/ros2_stm32_ws/install/yesense_interface/include/yesense_interface/yesense_interface/msg/detail/nav_min_utc__builder.hpp
[0.307s] -- Up-to-date: /home/qiu/Desktop/ros2_stm32_ws/install/yesense_interface/include/yesense_interface/yesense_interface/msg/detail/nav_min_utc__traits.hpp
[0.307s] -- Up-to-date: /home/qiu/Desktop/ros2_stm32_ws/install/yesense_interface/include/yesense_interface/yesense_interface/msg/detail/gnss_pos__type_support.hpp
[0.307s] -- Up-to-date: /home/qiu/Desktop/ros2_stm32_ws/install/yesense_interface/include/yesense_interface/yesense_interface/msg/detail/pos_only__traits.hpp
[0.307s] -- Up-to-date: /home/qiu/Desktop/ros2_stm32_ws/install/yesense_interface/include/yesense_interface/yesense_interface/msg/detail/vel__struct.hpp
[0.307s] -- Up-to-date: /home/qiu/Desktop/ros2_stm32_ws/install/yesense_interface/include/yesense_interface/yesense_interface/msg/detail/tid__traits.hpp
[0.307s] -- Up-to-date: /home/qiu/Desktop/ros2_stm32_ws/install/yesense_interface/include/yesense_interface/yesense_interface/msg/detail/imu_data_ten_axis__type_support.hpp
[0.307s] -- Up-to-date: /home/qiu/Desktop/ros2_stm32_ws/install/yesense_interface/include/yesense_interface/yesense_interface/msg/detail/utc__type_support.hpp
[0.307s] -- Up-to-date: /home/qiu/Desktop/ros2_stm32_ws/install/yesense_interface/include/yesense_interface/yesense_interface/msg/detail/attitude_min_ahrs__type_support.hpp
[0.308s] -- Up-to-date: /home/qiu/Desktop/ros2_stm32_ws/install/yesense_interface/include/yesense_interface/yesense_interface/msg/detail/attitude_all_data__struct.hpp
[0.308s] -- Up-to-date: /home/qiu/Desktop/ros2_stm32_ws/install/yesense_interface/include/yesense_interface/yesense_interface/msg/detail/robot_lord__traits.hpp
[0.308s] -- Up-to-date: /home/qiu/Desktop/ros2_stm32_ws/install/yesense_interface/include/yesense_interface/yesense_interface/msg/detail/robot_lord__struct.hpp
[0.308s] -- Up-to-date: /home/qiu/Desktop/ros2_stm32_ws/install/yesense_interface/include/yesense_interface/yesense_interface/msg/detail/vel__traits.hpp
[0.308s] -- Up-to-date: /home/qiu/Desktop/ros2_stm32_ws/install/yesense_interface/include/yesense_interface/yesense_interface/msg/detail/three_axis__traits.hpp
[0.308s] -- Up-to-date: /home/qiu/Desktop/ros2_stm32_ws/install/yesense_interface/include/yesense_interface/yesense_interface/msg/detail/nav_all__builder.hpp
[0.308s] -- Up-to-date: /home/qiu/Desktop/ros2_stm32_ws/install/yesense_interface/include/yesense_interface/yesense_interface/msg/detail/sample_timestamp__builder.hpp
[0.308s] -- Up-to-date: /home/qiu/Desktop/ros2_stm32_ws/install/yesense_interface/include/yesense_interface/yesense_interface/msg/detail/three_axis__builder.hpp
[0.308s] -- Up-to-date: /home/qiu/Desktop/ros2_stm32_ws/install/yesense_interface/include/yesense_interface/yesense_interface/msg/detail/nav_all__type_support.hpp
[0.308s] -- Up-to-date: /home/qiu/Desktop/ros2_stm32_ws/install/yesense_interface/include/yesense_interface/yesense_interface/msg/detail/sensor_temp__builder.hpp
[0.308s] -- Up-to-date: /home/qiu/Desktop/ros2_stm32_ws/install/yesense_interface/include/yesense_interface/yesense_interface/msg/detail/euler_only__type_support.hpp
[0.308s] -- Up-to-date: /home/qiu/Desktop/ros2_stm32_ws/install/yesense_interface/include/yesense_interface/yesense_interface/msg/detail/three_axis__type_support.hpp
[0.308s] -- Up-to-date: /home/qiu/Desktop/ros2_stm32_ws/install/yesense_interface/include/yesense_interface/yesense_interface/msg/detail/attitude_min_ahrs__builder.hpp
[0.308s] -- Up-to-date: /home/qiu/Desktop/ros2_stm32_ws/install/yesense_interface/include/yesense_interface/yesense_interface/msg/detail/gnss_pos__struct.hpp
[0.308s] -- Up-to-date: /home/qiu/Desktop/ros2_stm32_ws/install/yesense_interface/include/yesense_interface/yesense_interface/msg/detail/pos_only__type_support.hpp
[0.308s] -- Up-to-date: /home/qiu/Desktop/ros2_stm32_ws/install/yesense_interface/include/yesense_interface/yesense_interface/msg/detail/imu_data_ten_axis__struct.hpp
[0.309s] -- Up-to-date: /home/qiu/Desktop/ros2_stm32_ws/install/yesense_interface/include/yesense_interface/yesense_interface/msg/detail/nav_min__struct.hpp
[0.309s] -- Up-to-date: /home/qiu/Desktop/ros2_stm32_ws/install/yesense_interface/include/yesense_interface/yesense_interface/msg/detail/quat__traits.hpp
[0.309s] -- Up-to-date: /home/qiu/Desktop/ros2_stm32_ws/install/yesense_interface/include/yesense_interface/yesense_interface/msg/detail/tid__type_support.hpp
[0.309s] -- Up-to-date: /home/qiu/Desktop/ros2_stm32_ws/install/yesense_interface/include/yesense_interface/yesense_interface/msg/detail/pressure__traits.hpp
[0.309s] -- Up-to-date: /home/qiu/Desktop/ros2_stm32_ws/install/yesense_interface/include/yesense_interface/yesense_interface/msg/detail/sample_timestamp__struct.hpp
[0.309s] -- Up-to-date: /home/qiu/Desktop/ros2_stm32_ws/install/yesense_interface/include/yesense_interface/yesense_interface/msg/detail/nav_min__builder.hpp
[0.309s] -- Up-to-date: /home/qiu/Desktop/ros2_stm32_ws/install/yesense_interface/include/yesense_interface/yesense_interface/msg/detail/pos_only__builder.hpp
[0.309s] -- Up-to-date: /home/qiu/Desktop/ros2_stm32_ws/install/yesense_interface/include/yesense_interface/yesense_interface/msg/detail/utc__builder.hpp
[0.309s] -- Up-to-date: /home/qiu/Desktop/ros2_stm32_ws/install/yesense_interface/include/yesense_interface/yesense_interface/msg/detail/nav_min_utc__struct.hpp
[0.309s] -- Up-to-date: /home/qiu/Desktop/ros2_stm32_ws/install/yesense_interface/include/yesense_interface/yesense_interface/msg/detail/tid__struct.hpp
[0.309s] -- Up-to-date: /home/qiu/Desktop/ros2_stm32_ws/install/yesense_interface/include/yesense_interface/yesense_interface/msg/detail/three_axis__struct.hpp
[0.309s] -- Up-to-date: /home/qiu/Desktop/ros2_stm32_ws/install/yesense_interface/include/yesense_interface/yesense_interface/msg/detail/quat__type_support.hpp
[0.309s] -- Up-to-date: /home/qiu/Desktop/ros2_stm32_ws/install/yesense_interface/include/yesense_interface/yesense_interface/msg/detail/sensor_temp__type_support.hpp
[0.309s] -- Up-to-date: /home/qiu/Desktop/ros2_stm32_ws/install/yesense_interface/include/yesense_interface/yesense_interface/msg/detail/utc__traits.hpp
[0.309s] -- Up-to-date: /home/qiu/Desktop/ros2_stm32_ws/install/yesense_interface/include/yesense_interface/yesense_interface/msg/detail/nav_min__traits.hpp
[0.309s] -- Up-to-date: /home/qiu/Desktop/ros2_stm32_ws/install/yesense_interface/include/yesense_interface/yesense_interface/msg/detail/pressure__struct.hpp
[0.309s] -- Up-to-date: /home/qiu/Desktop/ros2_stm32_ws/install/yesense_interface/include/yesense_interface/yesense_interface/msg/detail/imu_data__struct.hpp
[0.309s] -- Up-to-date: /home/qiu/Desktop/ros2_stm32_ws/install/yesense_interface/include/yesense_interface/yesense_interface/msg/detail/quat__builder.hpp
[0.309s] -- Up-to-date: /home/qiu/Desktop/ros2_stm32_ws/install/yesense_interface/include/yesense_interface/yesense_interface/msg/detail/vel__builder.hpp
[0.309s] -- Up-to-date: /home/qiu/Desktop/ros2_stm32_ws/install/yesense_interface/include/yesense_interface/yesense_interface/msg/nav_min_utc.hpp
[0.310s] -- Up-to-date: /home/qiu/Desktop/ros2_stm32_ws/install/yesense_interface/include/yesense_interface/yesense_interface/msg/nav_status.hpp
[0.310s] -- Up-to-date: /home/qiu/Desktop/ros2_stm32_ws/install/yesense_interface/include/yesense_interface/yesense_interface/msg/euler_angle.hpp
[0.310s] -- Up-to-date: /home/qiu/Desktop/ros2_stm32_ws/install/yesense_interface/include/yesense_interface/yesense_interface/msg/nav_min.hpp
[0.310s] -- Up-to-date: /home/qiu/Desktop/ros2_stm32_ws/install/yesense_interface/include/yesense_interface/yesense_interface/msg/tid.hpp
[0.310s] -- Up-to-date: /home/qiu/Desktop/ros2_stm32_ws/install/yesense_interface/include/yesense_interface/yesense_interface/msg/quat.hpp
[0.310s] -- Up-to-date: /home/qiu/Desktop/ros2_stm32_ws/install/yesense_interface/include/yesense_interface/yesense_interface/msg/imu_data.hpp
[0.310s] -- Up-to-date: /home/qiu/Desktop/ros2_stm32_ws/install/yesense_interface/include/yesense_interface/yesense_interface/msg/robot_lord.hpp
[0.310s] -- Up-to-date: /home/qiu/Desktop/ros2_stm32_ws/install/yesense_interface/include/yesense_interface/yesense_interface/msg/sample_timestamp.hpp
[0.310s] -- Up-to-date: /home/qiu/Desktop/ros2_stm32_ws/install/yesense_interface/include/yesense_interface/yesense_interface/msg/rosidl_generator_cpp__visibility_control.hpp
[0.310s] -- Up-to-date: /home/qiu/Desktop/ros2_stm32_ws/install/yesense_interface/include/yesense_interface/yesense_interface/msg/euler_only.hpp
[0.310s] -- Up-to-date: /home/qiu/Desktop/ros2_stm32_ws/install/yesense_interface/include/yesense_interface/yesense_interface/msg/three_axis.hpp
[0.310s] -- Up-to-date: /home/qiu/Desktop/ros2_stm32_ws/install/yesense_interface/include/yesense_interface/yesense_interface/msg/utc.hpp
[0.310s] -- Up-to-date: /home/qiu/Desktop/ros2_stm32_ws/install/yesense_interface/include/yesense_interface/yesense_interface/msg/pressure.hpp
[0.310s] -- Up-to-date: /home/qiu/Desktop/ros2_stm32_ws/install/yesense_interface/include/yesense_interface/yesense_interface/msg/vel.hpp
[0.310s] -- Up-to-date: /home/qiu/Desktop/ros2_stm32_ws/install/yesense_interface/include/yesense_interface/yesense_interface/msg/gnss_pos.hpp
[0.310s] -- Up-to-date: /home/qiu/Desktop/ros2_stm32_ws/install/yesense_interface/include/yesense_interface/yesense_interface/msg/attitude_all_data.hpp
[0.310s] -- Up-to-date: /home/qiu/Desktop/ros2_stm32_ws/install/yesense_interface/include/yesense_interface/yesense_interface/msg/attitude_min_ahrs.hpp
[0.310s] -- Up-to-date: /home/qiu/Desktop/ros2_stm32_ws/install/yesense_interface/include/yesense_interface/yesense_interface/msg/sensor_temp.hpp
[0.310s] -- Up-to-date: /home/qiu/Desktop/ros2_stm32_ws/install/yesense_interface/include/yesense_interface/yesense_interface/msg/attitude_min_vru.hpp
[0.310s] -- Up-to-date: /home/qiu/Desktop/ros2_stm32_ws/install/yesense_interface/include/yesense_interface/yesense_interface/msg/nav_all.hpp
[0.310s] -- Up-to-date: /home/qiu/Desktop/ros2_stm32_ws/install/yesense_interface/include/yesense_interface/yesense_interface/msg/imu_data_ten_axis.hpp
[0.310s] -- Up-to-date: /home/qiu/Desktop/ros2_stm32_ws/install/yesense_interface/include/yesense_interface/yesense_interface
[0.310s] -- Up-to-date: /home/qiu/Desktop/ros2_stm32_ws/install/yesense_interface/include/yesense_interface/yesense_interface/msg
[0.310s] -- Up-to-date: /home/qiu/Desktop/ros2_stm32_ws/install/yesense_interface/include/yesense_interface/yesense_interface/msg/detail
[0.310s] -- Up-to-date: /home/qiu/Desktop/ros2_stm32_ws/install/yesense_interface/include/yesense_interface/yesense_interface/msg/detail/dds_fastrtps
[0.310s] -- Up-to-date: /home/qiu/Desktop/ros2_stm32_ws/install/yesense_interface/include/yesense_interface/yesense_interface/msg/detail/imu_data_ten_axis__rosidl_typesupport_fastrtps_cpp.hpp
[0.310s] -- Up-to-date: /home/qiu/Desktop/ros2_stm32_ws/install/yesense_interface/include/yesense_interface/yesense_interface/msg/detail/attitude_all_data__rosidl_typesupport_fastrtps_cpp.hpp
[0.310s] -- Up-to-date: /home/qiu/Desktop/ros2_stm32_ws/install/yesense_interface/include/yesense_interface/yesense_interface/msg/detail/vel__rosidl_typesupport_fastrtps_cpp.hpp
[0.311s] -- Up-to-date: /home/qiu/Desktop/ros2_stm32_ws/install/yesense_interface/include/yesense_interface/yesense_interface/msg/detail/euler_angle__rosidl_typesupport_fastrtps_cpp.hpp
[0.311s] -- Up-to-date: /home/qiu/Desktop/ros2_stm32_ws/install/yesense_interface/include/yesense_interface/yesense_interface/msg/detail/gnss_pos__rosidl_typesupport_fastrtps_cpp.hpp
[0.311s] -- Up-to-date: /home/qiu/Desktop/ros2_stm32_ws/install/yesense_interface/include/yesense_interface/yesense_interface/msg/detail/attitude_min_ahrs__rosidl_typesupport_fastrtps_cpp.hpp
[0.311s] -- Up-to-date: /home/qiu/Desktop/ros2_stm32_ws/install/yesense_interface/include/yesense_interface/yesense_interface/msg/detail/imu_data__rosidl_typesupport_fastrtps_cpp.hpp
[0.311s] -- Up-to-date: /home/qiu/Desktop/ros2_stm32_ws/install/yesense_interface/include/yesense_interface/yesense_interface/msg/detail/sample_timestamp__rosidl_typesupport_fastrtps_cpp.hpp
[0.311s] -- Up-to-date: /home/qiu/Desktop/ros2_stm32_ws/install/yesense_interface/include/yesense_interface/yesense_interface/msg/detail/nav_all__rosidl_typesupport_fastrtps_cpp.hpp
[0.311s] -- Up-to-date: /home/qiu/Desktop/ros2_stm32_ws/install/yesense_interface/include/yesense_interface/yesense_interface/msg/detail/euler_only__rosidl_typesupport_fastrtps_cpp.hpp
[0.311s] -- Up-to-date: /home/qiu/Desktop/ros2_stm32_ws/install/yesense_interface/include/yesense_interface/yesense_interface/msg/detail/quat__rosidl_typesupport_fastrtps_cpp.hpp
[0.311s] -- Up-to-date: /home/qiu/Desktop/ros2_stm32_ws/install/yesense_interface/include/yesense_interface/yesense_interface/msg/detail/robot_lord__rosidl_typesupport_fastrtps_cpp.hpp
[0.311s] -- Up-to-date: /home/qiu/Desktop/ros2_stm32_ws/install/yesense_interface/include/yesense_interface/yesense_interface/msg/detail/three_axis__rosidl_typesupport_fastrtps_cpp.hpp
[0.311s] -- Up-to-date: /home/qiu/Desktop/ros2_stm32_ws/install/yesense_interface/include/yesense_interface/yesense_interface/msg/detail/nav_min_utc__rosidl_typesupport_fastrtps_cpp.hpp
[0.311s] -- Up-to-date: /home/qiu/Desktop/ros2_stm32_ws/install/yesense_interface/include/yesense_interface/yesense_interface/msg/detail/pressure__rosidl_typesupport_fastrtps_cpp.hpp
[0.311s] -- Up-to-date: /home/qiu/Desktop/ros2_stm32_ws/install/yesense_interface/include/yesense_interface/yesense_interface/msg/detail/tid__rosidl_typesupport_fastrtps_cpp.hpp
[0.311s] -- Up-to-date: /home/qiu/Desktop/ros2_stm32_ws/install/yesense_interface/include/yesense_interface/yesense_interface/msg/detail/attitude_min_vru__rosidl_typesupport_fastrtps_cpp.hpp
[0.311s] -- Up-to-date: /home/qiu/Desktop/ros2_stm32_ws/install/yesense_interface/include/yesense_interface/yesense_interface/msg/detail/nav_min__rosidl_typesupport_fastrtps_cpp.hpp
[0.311s] -- Up-to-date: /home/qiu/Desktop/ros2_stm32_ws/install/yesense_interface/include/yesense_interface/yesense_interface/msg/detail/sensor_temp__rosidl_typesupport_fastrtps_cpp.hpp
[0.311s] -- Up-to-date: /home/qiu/Desktop/ros2_stm32_ws/install/yesense_interface/include/yesense_interface/yesense_interface/msg/detail/utc__rosidl_typesupport_fastrtps_cpp.hpp
[0.311s] -- Up-to-date: /home/qiu/Desktop/ros2_stm32_ws/install/yesense_interface/include/yesense_interface/yesense_interface/msg/detail/nav_status__rosidl_typesupport_fastrtps_cpp.hpp
[0.311s] -- Up-to-date: /home/qiu/Desktop/ros2_stm32_ws/install/yesense_interface/include/yesense_interface/yesense_interface/msg/detail/pos_only__rosidl_typesupport_fastrtps_cpp.hpp
[0.311s] -- Up-to-date: /home/qiu/Desktop/ros2_stm32_ws/install/yesense_interface/include/yesense_interface/yesense_interface/msg/rosidl_typesupport_fastrtps_cpp__visibility_control.h
[0.311s] -- Up-to-date: /home/qiu/Desktop/ros2_stm32_ws/install/yesense_interface/lib/libyesense_interface__rosidl_typesupport_fastrtps_cpp.so
[0.311s] -- Up-to-date: /home/qiu/Desktop/ros2_stm32_ws/install/yesense_interface/include/yesense_interface/yesense_interface
[0.311s] -- Up-to-date: /home/qiu/Desktop/ros2_stm32_ws/install/yesense_interface/include/yesense_interface/yesense_interface/msg
[0.311s] -- Up-to-date: /home/qiu/Desktop/ros2_stm32_ws/install/yesense_interface/include/yesense_interface/yesense_interface/msg/detail
[0.311s] -- Up-to-date: /home/qiu/Desktop/ros2_stm32_ws/install/yesense_interface/include/yesense_interface/yesense_interface/msg/detail/euler_angle__type_support.cpp
[0.311s] -- Up-to-date: /home/qiu/Desktop/ros2_stm32_ws/install/yesense_interface/include/yesense_interface/yesense_interface/msg/detail/imu_data__rosidl_typesupport_introspection_cpp.hpp
[0.312s] -- Up-to-date: /home/qiu/Desktop/ros2_stm32_ws/install/yesense_interface/include/yesense_interface/yesense_interface/msg/detail/euler_only__rosidl_typesupport_introspection_cpp.hpp
[0.312s] -- Up-to-date: /home/qiu/Desktop/ros2_stm32_ws/install/yesense_interface/include/yesense_interface/yesense_interface/msg/detail/sample_timestamp__rosidl_typesupport_introspection_cpp.hpp
[0.312s] -- Up-to-date: /home/qiu/Desktop/ros2_stm32_ws/install/yesense_interface/include/yesense_interface/yesense_interface/msg/detail/nav_min_utc__type_support.cpp
[0.312s] -- Up-to-date: /home/qiu/Desktop/ros2_stm32_ws/install/yesense_interface/include/yesense_interface/yesense_interface/msg/detail/attitude_min_vru__type_support.cpp
[0.312s] -- Up-to-date: /home/qiu/Desktop/ros2_stm32_ws/install/yesense_interface/include/yesense_interface/yesense_interface/msg/detail/utc__type_support.cpp
[0.312s] -- Up-to-date: /home/qiu/Desktop/ros2_stm32_ws/install/yesense_interface/include/yesense_interface/yesense_interface/msg/detail/quat__rosidl_typesupport_introspection_cpp.hpp
[0.312s] -- Up-to-date: /home/qiu/Desktop/ros2_stm32_ws/install/yesense_interface/include/yesense_interface/yesense_interface/msg/detail/sensor_temp__rosidl_typesupport_introspection_cpp.hpp
[0.312s] -- Up-to-date: /home/qiu/Desktop/ros2_stm32_ws/install/yesense_interface/include/yesense_interface/yesense_interface/msg/detail/nav_min_utc__rosidl_typesupport_introspection_cpp.hpp
[0.312s] -- Up-to-date: /home/qiu/Desktop/ros2_stm32_ws/install/yesense_interface/include/yesense_interface/yesense_interface/msg/detail/tid__rosidl_typesupport_introspection_cpp.hpp
[0.312s] -- Up-to-date: /home/qiu/Desktop/ros2_stm32_ws/install/yesense_interface/include/yesense_interface/yesense_interface/msg/detail/attitude_min_ahrs__rosidl_typesupport_introspection_cpp.hpp
[0.312s] -- Up-to-date: /home/qiu/Desktop/ros2_stm32_ws/install/yesense_interface/include/yesense_interface/yesense_interface/msg/detail/attitude_all_data__type_support.cpp
[0.312s] -- Up-to-date: /home/qiu/Desktop/ros2_stm32_ws/install/yesense_interface/include/yesense_interface/yesense_interface/msg/detail/robot_lord__rosidl_typesupport_introspection_cpp.hpp
[0.312s] -- Up-to-date: /home/qiu/Desktop/ros2_stm32_ws/install/yesense_interface/include/yesense_interface/yesense_interface/msg/detail/pressure__type_support.cpp
[0.312s] -- Up-to-date: /home/qiu/Desktop/ros2_stm32_ws/install/yesense_interface/include/yesense_interface/yesense_interface/msg/detail/robot_lord__type_support.cpp
[0.312s] -- Up-to-date: /home/qiu/Desktop/ros2_stm32_ws/install/yesense_interface/include/yesense_interface/yesense_interface/msg/detail/vel__type_support.cpp
[0.312s] -- Up-to-date: /home/qiu/Desktop/ros2_stm32_ws/install/yesense_interface/include/yesense_interface/yesense_interface/msg/detail/nav_status__rosidl_typesupport_introspection_cpp.hpp
[0.312s] -- Up-to-date: /home/qiu/Desktop/ros2_stm32_ws/install/yesense_interface/include/yesense_interface/yesense_interface/msg/detail/euler_angle__rosidl_typesupport_introspection_cpp.hpp
[0.312s] -- Up-to-date: /home/qiu/Desktop/ros2_stm32_ws/install/yesense_interface/include/yesense_interface/yesense_interface/msg/detail/sensor_temp__type_support.cpp
[0.312s] -- Up-to-date: /home/qiu/Desktop/ros2_stm32_ws/install/yesense_interface/include/yesense_interface/yesense_interface/msg/detail/nav_min__type_support.cpp
[0.312s] -- Up-to-date: /home/qiu/Desktop/ros2_stm32_ws/install/yesense_interface/include/yesense_interface/yesense_interface/msg/detail/imu_data__type_support.cpp
[0.312s] -- Up-to-date: /home/qiu/Desktop/ros2_stm32_ws/install/yesense_interface/include/yesense_interface/yesense_interface/msg/detail/imu_data_ten_axis__rosidl_typesupport_introspection_cpp.hpp
[0.312s] -- Up-to-date: /home/qiu/Desktop/ros2_stm32_ws/install/yesense_interface/include/yesense_interface/yesense_interface/msg/detail/utc__rosidl_typesupport_introspection_cpp.hpp
[0.313s] -- Up-to-date: /home/qiu/Desktop/ros2_stm32_ws/install/yesense_interface/include/yesense_interface/yesense_interface/msg/detail/nav_status__type_support.cpp
[0.313s] -- Up-to-date: /home/qiu/Desktop/ros2_stm32_ws/install/yesense_interface/include/yesense_interface/yesense_interface/msg/detail/nav_all__rosidl_typesupport_introspection_cpp.hpp
[0.313s] -- Up-to-date: /home/qiu/Desktop/ros2_stm32_ws/install/yesense_interface/include/yesense_interface/yesense_interface/msg/detail/vel__rosidl_typesupport_introspection_cpp.hpp
[0.313s] -- Up-to-date: /home/qiu/Desktop/ros2_stm32_ws/install/yesense_interface/include/yesense_interface/yesense_interface/msg/detail/nav_min__rosidl_typesupport_introspection_cpp.hpp
[0.313s] -- Up-to-date: /home/qiu/Desktop/ros2_stm32_ws/install/yesense_interface/include/yesense_interface/yesense_interface/msg/detail/pos_only__type_support.cpp
[0.313s] -- Up-to-date: /home/qiu/Desktop/ros2_stm32_ws/install/yesense_interface/include/yesense_interface/yesense_interface/msg/detail/attitude_min_ahrs__type_support.cpp
[0.313s] -- Up-to-date: /home/qiu/Desktop/ros2_stm32_ws/install/yesense_interface/include/yesense_interface/yesense_interface/msg/detail/pos_only__rosidl_typesupport_introspection_cpp.hpp
[0.313s] -- Up-to-date: /home/qiu/Desktop/ros2_stm32_ws/install/yesense_interface/include/yesense_interface/yesense_interface/msg/detail/euler_only__type_support.cpp
[0.313s] -- Up-to-date: /home/qiu/Desktop/ros2_stm32_ws/install/yesense_interface/include/yesense_interface/yesense_interface/msg/detail/attitude_min_vru__rosidl_typesupport_introspection_cpp.hpp
[0.313s] -- Up-to-date: /home/qiu/Desktop/ros2_stm32_ws/install/yesense_interface/include/yesense_interface/yesense_interface/msg/detail/sample_timestamp__type_support.cpp
[0.313s] -- Up-to-date: /home/qiu/Desktop/ros2_stm32_ws/install/yesense_interface/include/yesense_interface/yesense_interface/msg/detail/nav_all__type_support.cpp
[0.313s] -- Up-to-date: /home/qiu/Desktop/ros2_stm32_ws/install/yesense_interface/include/yesense_interface/yesense_interface/msg/detail/gnss_pos__type_support.cpp
[0.313s] -- Up-to-date: /home/qiu/Desktop/ros2_stm32_ws/install/yesense_interface/include/yesense_interface/yesense_interface/msg/detail/three_axis__rosidl_typesupport_introspection_cpp.hpp
[0.313s] -- Up-to-date: /home/qiu/Desktop/ros2_stm32_ws/install/yesense_interface/include/yesense_interface/yesense_interface/msg/detail/quat__type_support.cpp
[0.313s] -- Up-to-date: /home/qiu/Desktop/ros2_stm32_ws/install/yesense_interface/include/yesense_interface/yesense_interface/msg/detail/three_axis__type_support.cpp
[0.313s] -- Up-to-date: /home/qiu/Desktop/ros2_stm32_ws/install/yesense_interface/include/yesense_interface/yesense_interface/msg/detail/attitude_all_data__rosidl_typesupport_introspection_cpp.hpp
[0.313s] -- Up-to-date: /home/qiu/Desktop/ros2_stm32_ws/install/yesense_interface/include/yesense_interface/yesense_interface/msg/detail/pressure__rosidl_typesupport_introspection_cpp.hpp
[0.313s] -- Up-to-date: /home/qiu/Desktop/ros2_stm32_ws/install/yesense_interface/include/yesense_interface/yesense_interface/msg/detail/gnss_pos__rosidl_typesupport_introspection_cpp.hpp
[0.313s] -- Up-to-date: /home/qiu/Desktop/ros2_stm32_ws/install/yesense_interface/include/yesense_interface/yesense_interface/msg/detail/tid__type_support.cpp
[0.313s] -- Up-to-date: /home/qiu/Desktop/ros2_stm32_ws/install/yesense_interface/include/yesense_interface/yesense_interface/msg/detail/imu_data_ten_axis__type_support.cpp
[0.313s] -- Up-to-date: /home/qiu/Desktop/ros2_stm32_ws/install/yesense_interface/lib/libyesense_interface__rosidl_typesupport_introspection_cpp.so
[0.313s] -- Up-to-date: /home/qiu/Desktop/ros2_stm32_ws/install/yesense_interface/lib/libyesense_interface__rosidl_typesupport_cpp.so
[0.313s] -- Up-to-date: /home/qiu/Desktop/ros2_stm32_ws/install/yesense_interface/share/yesense_interface/environment/pythonpath.sh
[0.313s] -- Up-to-date: /home/qiu/Desktop/ros2_stm32_ws/install/yesense_interface/share/yesense_interface/environment/pythonpath.dsv
[0.313s] -- Up-to-date: /home/qiu/Desktop/ros2_stm32_ws/install/yesense_interface/local/lib/python3.10/dist-packages/yesense_interface-1.0.0-py3.10.egg-info
[0.313s] -- Installing: /home/qiu/Desktop/ros2_stm32_ws/install/yesense_interface/local/lib/python3.10/dist-packages/yesense_interface-1.0.0-py3.10.egg-info/top_level.txt
[0.313s] -- Installing: /home/qiu/Desktop/ros2_stm32_ws/install/yesense_interface/local/lib/python3.10/dist-packages/yesense_interface-1.0.0-py3.10.egg-info/SOURCES.txt
[0.313s] -- Installing: /home/qiu/Desktop/ros2_stm32_ws/install/yesense_interface/local/lib/python3.10/dist-packages/yesense_interface-1.0.0-py3.10.egg-info/PKG-INFO
[0.313s] -- Installing: /home/qiu/Desktop/ros2_stm32_ws/install/yesense_interface/local/lib/python3.10/dist-packages/yesense_interface-1.0.0-py3.10.egg-info/dependency_links.txt
[0.313s] -- Up-to-date: /home/qiu/Desktop/ros2_stm32_ws/install/yesense_interface/local/lib/python3.10/dist-packages/yesense_interface
[0.313s] -- Up-to-date: /home/qiu/Desktop/ros2_stm32_ws/install/yesense_interface/local/lib/python3.10/dist-packages/yesense_interface/msg
[0.314s] -- Up-to-date: /home/qiu/Desktop/ros2_stm32_ws/install/yesense_interface/local/lib/python3.10/dist-packages/yesense_interface/msg/_sensor_temp.py
[0.314s] -- Up-to-date: /home/qiu/Desktop/ros2_stm32_ws/install/yesense_interface/local/lib/python3.10/dist-packages/yesense_interface/msg/_pressure.py
[0.314s] -- Up-to-date: /home/qiu/Desktop/ros2_stm32_ws/install/yesense_interface/local/lib/python3.10/dist-packages/yesense_interface/msg/_euler_only.py
[0.314s] -- Up-to-date: /home/qiu/Desktop/ros2_stm32_ws/install/yesense_interface/local/lib/python3.10/dist-packages/yesense_interface/msg/_gnss_pos_s.c
[0.314s] -- Up-to-date: /home/qiu/Desktop/ros2_stm32_ws/install/yesense_interface/local/lib/python3.10/dist-packages/yesense_interface/msg/_sample_timestamp.py
[0.314s] -- Up-to-date: /home/qiu/Desktop/ros2_stm32_ws/install/yesense_interface/local/lib/python3.10/dist-packages/yesense_interface/msg/_tid.py
[0.314s] -- Up-to-date: /home/qiu/Desktop/ros2_stm32_ws/install/yesense_interface/local/lib/python3.10/dist-packages/yesense_interface/msg/_three_axis_s.c
[0.314s] -- Up-to-date: /home/qiu/Desktop/ros2_stm32_ws/install/yesense_interface/local/lib/python3.10/dist-packages/yesense_interface/msg/_pressure_s.c
[0.314s] -- Up-to-date: /home/qiu/Desktop/ros2_stm32_ws/install/yesense_interface/local/lib/python3.10/dist-packages/yesense_interface/msg/_nav_all.py
[0.314s] -- Up-to-date: /home/qiu/Desktop/ros2_stm32_ws/install/yesense_interface/local/lib/python3.10/dist-packages/yesense_interface/msg/_attitude_min_ahrs.py
[0.314s] -- Up-to-date: /home/qiu/Desktop/ros2_stm32_ws/install/yesense_interface/local/lib/python3.10/dist-packages/yesense_interface/msg/_imu_data_ten_axis_s.c
[0.314s] -- Up-to-date: /home/qiu/Desktop/ros2_stm32_ws/install/yesense_interface/local/lib/python3.10/dist-packages/yesense_interface/msg/_nav_min.py
[0.314s] -- Up-to-date: /home/qiu/Desktop/ros2_stm32_ws/install/yesense_interface/local/lib/python3.10/dist-packages/yesense_interface/msg/_utc.py
[0.314s] -- Up-to-date: /home/qiu/Desktop/ros2_stm32_ws/install/yesense_interface/local/lib/python3.10/dist-packages/yesense_interface/msg/_three_axis.py
[0.314s] -- Up-to-date: /home/qiu/Desktop/ros2_stm32_ws/install/yesense_interface/local/lib/python3.10/dist-packages/yesense_interface/msg/_euler_only_s.c
[0.314s] -- Up-to-date: /home/qiu/Desktop/ros2_stm32_ws/install/yesense_interface/local/lib/python3.10/dist-packages/yesense_interface/msg/_pos_only_s.c
[0.314s] -- Up-to-date: /home/qiu/Desktop/ros2_stm32_ws/install/yesense_interface/local/lib/python3.10/dist-packages/yesense_interface/msg/_nav_min_s.c
[0.314s] -- Up-to-date: /home/qiu/Desktop/ros2_stm32_ws/install/yesense_interface/local/lib/python3.10/dist-packages/yesense_interface/msg/_quat.py
[0.314s] -- Up-to-date: /home/qiu/Desktop/ros2_stm32_ws/install/yesense_interface/local/lib/python3.10/dist-packages/yesense_interface/msg/_euler_angle_s.c
[0.314s] -- Up-to-date: /home/qiu/Desktop/ros2_stm32_ws/install/yesense_interface/local/lib/python3.10/dist-packages/yesense_interface/msg/_nav_status_s.c
[0.314s] -- Up-to-date: /home/qiu/Desktop/ros2_stm32_ws/install/yesense_interface/local/lib/python3.10/dist-packages/yesense_interface/msg/_imu_data_ten_axis.py
[0.314s] -- Up-to-date: /home/qiu/Desktop/ros2_stm32_ws/install/yesense_interface/local/lib/python3.10/dist-packages/yesense_interface/msg/_imu_data_s.c
[0.314s] -- Up-to-date: /home/qiu/Desktop/ros2_stm32_ws/install/yesense_interface/local/lib/python3.10/dist-packages/yesense_interface/msg/_robot_lord_s.c
[0.314s] -- Up-to-date: /home/qiu/Desktop/ros2_stm32_ws/install/yesense_interface/local/lib/python3.10/dist-packages/yesense_interface/msg/_attitude_all_data.py
[0.314s] -- Up-to-date: /home/qiu/Desktop/ros2_stm32_ws/install/yesense_interface/local/lib/python3.10/dist-packages/yesense_interface/msg/_pos_only.py
[0.314s] -- Up-to-date: /home/qiu/Desktop/ros2_stm32_ws/install/yesense_interface/local/lib/python3.10/dist-packages/yesense_interface/msg/_euler_angle.py
[0.314s] -- Up-to-date: /home/qiu/Desktop/ros2_stm32_ws/install/yesense_interface/local/lib/python3.10/dist-packages/yesense_interface/msg/_nav_status.py
[0.314s] -- Up-to-date: /home/qiu/Desktop/ros2_stm32_ws/install/yesense_interface/local/lib/python3.10/dist-packages/yesense_interface/msg/_quat_s.c
[0.314s] -- Up-to-date: /home/qiu/Desktop/ros2_stm32_ws/install/yesense_interface/local/lib/python3.10/dist-packages/yesense_interface/msg/_attitude_min_vru.py
[0.314s] -- Up-to-date: /home/qiu/Desktop/ros2_stm32_ws/install/yesense_interface/local/lib/python3.10/dist-packages/yesense_interface/msg/_attitude_min_vru_s.c
[0.314s] -- Up-to-date: /home/qiu/Desktop/ros2_stm32_ws/install/yesense_interface/local/lib/python3.10/dist-packages/yesense_interface/msg/_attitude_all_data_s.c
[0.315s] -- Up-to-date: /home/qiu/Desktop/ros2_stm32_ws/install/yesense_interface/local/lib/python3.10/dist-packages/yesense_interface/msg/__init__.py
[0.315s] -- Up-to-date: /home/qiu/Desktop/ros2_stm32_ws/install/yesense_interface/local/lib/python3.10/dist-packages/yesense_interface/msg/_utc_s.c
[0.315s] -- Up-to-date: /home/qiu/Desktop/ros2_stm32_ws/install/yesense_interface/local/lib/python3.10/dist-packages/yesense_interface/msg/_sample_timestamp_s.c
[0.315s] -- Up-to-date: /home/qiu/Desktop/ros2_stm32_ws/install/yesense_interface/local/lib/python3.10/dist-packages/yesense_interface/msg/_gnss_pos.py
[0.315s] -- Up-to-date: /home/qiu/Desktop/ros2_stm32_ws/install/yesense_interface/local/lib/python3.10/dist-packages/yesense_interface/msg/_tid_s.c
[0.315s] -- Up-to-date: /home/qiu/Desktop/ros2_stm32_ws/install/yesense_interface/local/lib/python3.10/dist-packages/yesense_interface/msg/_nav_all_s.c
[0.315s] -- Up-to-date: /home/qiu/Desktop/ros2_stm32_ws/install/yesense_interface/local/lib/python3.10/dist-packages/yesense_interface/msg/_nav_min_utc.py
[0.315s] -- Up-to-date: /home/qiu/Desktop/ros2_stm32_ws/install/yesense_interface/local/lib/python3.10/dist-packages/yesense_interface/msg/_nav_min_utc_s.c
[0.315s] -- Up-to-date: /home/qiu/Desktop/ros2_stm32_ws/install/yesense_interface/local/lib/python3.10/dist-packages/yesense_interface/msg/_vel.py
[0.315s] -- Up-to-date: /home/qiu/Desktop/ros2_stm32_ws/install/yesense_interface/local/lib/python3.10/dist-packages/yesense_interface/msg/_imu_data.py
[0.315s] -- Up-to-date: /home/qiu/Desktop/ros2_stm32_ws/install/yesense_interface/local/lib/python3.10/dist-packages/yesense_interface/msg/_robot_lord.py
[0.315s] -- Up-to-date: /home/qiu/Desktop/ros2_stm32_ws/install/yesense_interface/local/lib/python3.10/dist-packages/yesense_interface/msg/_vel_s.c
[0.315s] -- Up-to-date: /home/qiu/Desktop/ros2_stm32_ws/install/yesense_interface/local/lib/python3.10/dist-packages/yesense_interface/msg/_attitude_min_ahrs_s.c
[0.315s] -- Up-to-date: /home/qiu/Desktop/ros2_stm32_ws/install/yesense_interface/local/lib/python3.10/dist-packages/yesense_interface/msg/_sensor_temp_s.c
[0.315s] -- Up-to-date: /home/qiu/Desktop/ros2_stm32_ws/install/yesense_interface/local/lib/python3.10/dist-packages/yesense_interface/yesense_interface_s__rosidl_typesupport_fastrtps_c.cpython-310-x86_64-linux-gnu.so
[0.315s] -- Up-to-date: /home/qiu/Desktop/ros2_stm32_ws/install/yesense_interface/local/lib/python3.10/dist-packages/yesense_interface/_yesense_interface_s.ep.rosidl_typesupport_introspection_c.c
[0.315s] -- Up-to-date: /home/qiu/Desktop/ros2_stm32_ws/install/yesense_interface/local/lib/python3.10/dist-packages/yesense_interface/_yesense_interface_s.ep.rosidl_typesupport_fastrtps_c.c
[0.315s] -- Up-to-date: /home/qiu/Desktop/ros2_stm32_ws/install/yesense_interface/local/lib/python3.10/dist-packages/yesense_interface/libyesense_interface__rosidl_generator_py.so
[0.315s] -- Up-to-date: /home/qiu/Desktop/ros2_stm32_ws/install/yesense_interface/local/lib/python3.10/dist-packages/yesense_interface/yesense_interface_s__rosidl_typesupport_introspection_c.cpython-310-x86_64-linux-gnu.so
[0.315s] -- Up-to-date: /home/qiu/Desktop/ros2_stm32_ws/install/yesense_interface/local/lib/python3.10/dist-packages/yesense_interface/_yesense_interface_s.ep.rosidl_typesupport_c.c
[0.315s] -- Up-to-date: /home/qiu/Desktop/ros2_stm32_ws/install/yesense_interface/local/lib/python3.10/dist-packages/yesense_interface/__init__.py
[0.315s] -- Up-to-date: /home/qiu/Desktop/ros2_stm32_ws/install/yesense_interface/local/lib/python3.10/dist-packages/yesense_interface/yesense_interface_s__rosidl_typesupport_c.cpython-310-x86_64-linux-gnu.so
[0.335s] Listing '/home/qiu/Desktop/ros2_stm32_ws/install/yesense_interface/local/lib/python3.10/dist-packages/yesense_interface'...
[0.335s] Listing '/home/qiu/Desktop/ros2_stm32_ws/install/yesense_interface/local/lib/python3.10/dist-packages/yesense_interface/msg'...
[0.339s] -- Up-to-date: /home/qiu/Desktop/ros2_stm32_ws/install/yesense_interface/local/lib/python3.10/dist-packages/yesense_interface/yesense_interface_s__rosidl_typesupport_fastrtps_c.cpython-310-x86_64-linux-gnu.so
[0.340s] -- Up-to-date: /home/qiu/Desktop/ros2_stm32_ws/install/yesense_interface/local/lib/python3.10/dist-packages/yesense_interface/yesense_interface_s__rosidl_typesupport_introspection_c.cpython-310-x86_64-linux-gnu.so
[0.340s] -- Up-to-date: /home/qiu/Desktop/ros2_stm32_ws/install/yesense_interface/local/lib/python3.10/dist-packages/yesense_interface/yesense_interface_s__rosidl_typesupport_c.cpython-310-x86_64-linux-gnu.so
[0.341s] -- Up-to-date: /home/qiu/Desktop/ros2_stm32_ws/install/yesense_interface/lib/libyesense_interface__rosidl_generator_py.so
[0.341s] -- Up-to-date: /home/qiu/Desktop/ros2_stm32_ws/install/yesense_interface/share/ament_index/resource_index/rust_packages/yesense_interface
[0.341s] -- Up-to-date: /home/qiu/Desktop/ros2_stm32_ws/install/yesense_interface/share/yesense_interface/rust
[0.341s] -- Up-to-date: /home/qiu/Desktop/ros2_stm32_ws/install/yesense_interface/share/yesense_interface/rust/src
[0.342s] -- Up-to-date: /home/qiu/Desktop/ros2_stm32_ws/install/yesense_interface/share/yesense_interface/rust/src/msg
[0.342s] -- Up-to-date: /home/qiu/Desktop/ros2_stm32_ws/install/yesense_interface/share/yesense_interface/rust/src/msg/rmw.rs
[0.342s] -- Up-to-date: /home/qiu/Desktop/ros2_stm32_ws/install/yesense_interface/share/yesense_interface/rust/src/lib.rs
[0.342s] -- Up-to-date: /home/qiu/Desktop/ros2_stm32_ws/install/yesense_interface/share/yesense_interface/rust/src/msg.rs
[0.342s] -- Up-to-date: /home/qiu/Desktop/ros2_stm32_ws/install/yesense_interface/share/yesense_interface/rust/build.rs
[0.342s] -- Up-to-date: /home/qiu/Desktop/ros2_stm32_ws/install/yesense_interface/share/yesense_interface/rust/Cargo.toml
[0.342s] -- Up-to-date: /home/qiu/Desktop/ros2_stm32_ws/install/yesense_interface/share/yesense_interface/msg/Tid.idl
[0.342s] -- Up-to-date: /home/qiu/Desktop/ros2_stm32_ws/install/yesense_interface/share/yesense_interface/msg/ThreeAxis.idl
[0.342s] -- Up-to-date: /home/qiu/Desktop/ros2_stm32_ws/install/yesense_interface/share/yesense_interface/msg/SensorTemp.idl
[0.342s] -- Up-to-date: /home/qiu/Desktop/ros2_stm32_ws/install/yesense_interface/share/yesense_interface/msg/Pressure.idl
[0.342s] -- Up-to-date: /home/qiu/Desktop/ros2_stm32_ws/install/yesense_interface/share/yesense_interface/msg/EulerAngle.idl
[0.342s] -- Up-to-date: /home/qiu/Desktop/ros2_stm32_ws/install/yesense_interface/share/yesense_interface/msg/Quat.idl
[0.343s] -- Up-to-date: /home/qiu/Desktop/ros2_stm32_ws/install/yesense_interface/share/yesense_interface/msg/GnssPos.idl
[0.343s] -- Up-to-date: /home/qiu/Desktop/ros2_stm32_ws/install/yesense_interface/share/yesense_interface/msg/NavStatus.idl
[0.343s] -- Up-to-date: /home/qiu/Desktop/ros2_stm32_ws/install/yesense_interface/share/yesense_interface/msg/Vel.idl
[0.343s] -- Up-to-date: /home/qiu/Desktop/ros2_stm32_ws/install/yesense_interface/share/yesense_interface/msg/Utc.idl
[0.343s] -- Up-to-date: /home/qiu/Desktop/ros2_stm32_ws/install/yesense_interface/share/yesense_interface/msg/SampleTimestamp.idl
[0.343s] -- Up-to-date: /home/qiu/Desktop/ros2_stm32_ws/install/yesense_interface/share/yesense_interface/msg/ImuData.idl
[0.343s] -- Up-to-date: /home/qiu/Desktop/ros2_stm32_ws/install/yesense_interface/share/yesense_interface/msg/ImuDataTenAxis.idl
[0.343s] -- Up-to-date: /home/qiu/Desktop/ros2_stm32_ws/install/yesense_interface/share/yesense_interface/msg/EulerOnly.idl
[0.343s] -- Up-to-date: /home/qiu/Desktop/ros2_stm32_ws/install/yesense_interface/share/yesense_interface/msg/RobotLord.idl
[0.343s] -- Up-to-date: /home/qiu/Desktop/ros2_stm32_ws/install/yesense_interface/share/yesense_interface/msg/AttitudeMinVru.idl
[0.343s] -- Up-to-date: /home/qiu/Desktop/ros2_stm32_ws/install/yesense_interface/share/yesense_interface/msg/AttitudeMinAhrs.idl
[0.343s] -- Up-to-date: /home/qiu/Desktop/ros2_stm32_ws/install/yesense_interface/share/yesense_interface/msg/AttitudeAllData.idl
[0.343s] -- Up-to-date: /home/qiu/Desktop/ros2_stm32_ws/install/yesense_interface/share/yesense_interface/msg/PosOnly.idl
[0.343s] -- Up-to-date: /home/qiu/Desktop/ros2_stm32_ws/install/yesense_interface/share/yesense_interface/msg/NavMin.idl
[0.343s] -- Up-to-date: /home/qiu/Desktop/ros2_stm32_ws/install/yesense_interface/share/yesense_interface/msg/NavMinUtc.idl
[0.343s] -- Up-to-date: /home/qiu/Desktop/ros2_stm32_ws/install/yesense_interface/share/yesense_interface/msg/NavAll.idl
[0.343s] -- Up-to-date: /home/qiu/Desktop/ros2_stm32_ws/install/yesense_interface/share/yesense_interface/msg/Tid.msg
[0.344s] -- Up-to-date: /home/qiu/Desktop/ros2_stm32_ws/install/yesense_interface/share/yesense_interface/msg/ThreeAxis.msg
[0.344s] -- Up-to-date: /home/qiu/Desktop/ros2_stm32_ws/install/yesense_interface/share/yesense_interface/msg/SensorTemp.msg
[0.344s] -- Up-to-date: /home/qiu/Desktop/ros2_stm32_ws/install/yesense_interface/share/yesense_interface/msg/Pressure.msg
[0.344s] -- Up-to-date: /home/qiu/Desktop/ros2_stm32_ws/install/yesense_interface/share/yesense_interface/msg/EulerAngle.msg
[0.344s] -- Up-to-date: /home/qiu/Desktop/ros2_stm32_ws/install/yesense_interface/share/yesense_interface/msg/Quat.msg
[0.344s] -- Up-to-date: /home/qiu/Desktop/ros2_stm32_ws/install/yesense_interface/share/yesense_interface/msg/GnssPos.msg
[0.344s] -- Up-to-date: /home/qiu/Desktop/ros2_stm32_ws/install/yesense_interface/share/yesense_interface/msg/NavStatus.msg
[0.344s] -- Up-to-date: /home/qiu/Desktop/ros2_stm32_ws/install/yesense_interface/share/yesense_interface/msg/Vel.msg
[0.344s] -- Up-to-date: /home/qiu/Desktop/ros2_stm32_ws/install/yesense_interface/share/yesense_interface/msg/Utc.msg
[0.344s] -- Up-to-date: /home/qiu/Desktop/ros2_stm32_ws/install/yesense_interface/share/yesense_interface/msg/SampleTimestamp.msg
[0.344s] -- Up-to-date: /home/qiu/Desktop/ros2_stm32_ws/install/yesense_interface/share/yesense_interface/msg/ImuData.msg
[0.344s] -- Up-to-date: /home/qiu/Desktop/ros2_stm32_ws/install/yesense_interface/share/yesense_interface/msg/ImuDataTenAxis.msg
[0.344s] -- Up-to-date: /home/qiu/Desktop/ros2_stm32_ws/install/yesense_interface/share/yesense_interface/msg/EulerOnly.msg
[0.344s] -- Up-to-date: /home/qiu/Desktop/ros2_stm32_ws/install/yesense_interface/share/yesense_interface/msg/RobotLord.msg
[0.344s] -- Up-to-date: /home/qiu/Desktop/ros2_stm32_ws/install/yesense_interface/share/yesense_interface/msg/AttitudeMinVru.msg
[0.344s] -- Up-to-date: /home/qiu/Desktop/ros2_stm32_ws/install/yesense_interface/share/yesense_interface/msg/AttitudeMinAhrs.msg
[0.344s] -- Up-to-date: /home/qiu/Desktop/ros2_stm32_ws/install/yesense_interface/share/yesense_interface/msg/AttitudeAllData.msg
[0.345s] -- Up-to-date: /home/qiu/Desktop/ros2_stm32_ws/install/yesense_interface/share/yesense_interface/msg/PosOnly.msg
[0.345s] -- Up-to-date: /home/qiu/Desktop/ros2_stm32_ws/install/yesense_interface/share/yesense_interface/msg/NavMin.msg
[0.345s] -- Up-to-date: /home/qiu/Desktop/ros2_stm32_ws/install/yesense_interface/share/yesense_interface/msg/NavMinUtc.msg
[0.345s] -- Up-to-date: /home/qiu/Desktop/ros2_stm32_ws/install/yesense_interface/share/yesense_interface/msg/NavAll.msg
[0.345s] -- Up-to-date: /home/qiu/Desktop/ros2_stm32_ws/install/yesense_interface/share/ament_index/resource_index/package_run_dependencies/yesense_interface
[0.345s] -- Up-to-date: /home/qiu/Desktop/ros2_stm32_ws/install/yesense_interface/share/ament_index/resource_index/parent_prefix_path/yesense_interface
[0.345s] -- Up-to-date: /home/qiu/Desktop/ros2_stm32_ws/install/yesense_interface/share/yesense_interface/environment/ament_prefix_path.sh
[0.345s] -- Up-to-date: /home/qiu/Desktop/ros2_stm32_ws/install/yesense_interface/share/yesense_interface/environment/ament_prefix_path.dsv
[0.345s] -- Up-to-date: /home/qiu/Desktop/ros2_stm32_ws/install/yesense_interface/share/yesense_interface/environment/path.sh
[0.345s] -- Up-to-date: /home/qiu/Desktop/ros2_stm32_ws/install/yesense_interface/share/yesense_interface/environment/path.dsv
[0.345s] -- Up-to-date: /home/qiu/Desktop/ros2_stm32_ws/install/yesense_interface/share/yesense_interface/local_setup.bash
[0.345s] -- Up-to-date: /home/qiu/Desktop/ros2_stm32_ws/install/yesense_interface/share/yesense_interface/local_setup.sh
[0.345s] -- Up-to-date: /home/qiu/Desktop/ros2_stm32_ws/install/yesense_interface/share/yesense_interface/local_setup.zsh
[0.345s] -- Up-to-date: /home/qiu/Desktop/ros2_stm32_ws/install/yesense_interface/share/yesense_interface/local_setup.dsv
[0.345s] -- Installing: /home/qiu/Desktop/ros2_stm32_ws/install/yesense_interface/share/yesense_interface/package.dsv
[0.346s] -- Up-to-date: /home/qiu/Desktop/ros2_stm32_ws/install/yesense_interface/share/ament_index/resource_index/packages/yesense_interface
[0.346s] -- Up-to-date: /home/qiu/Desktop/ros2_stm32_ws/install/yesense_interface/share/yesense_interface/cmake/export_yesense_interface__rosidl_generator_cExport.cmake
[0.346s] -- Up-to-date: /home/qiu/Desktop/ros2_stm32_ws/install/yesense_interface/share/yesense_interface/cmake/export_yesense_interface__rosidl_generator_cExport-noconfig.cmake
[0.347s] -- Up-to-date: /home/qiu/Desktop/ros2_stm32_ws/install/yesense_interface/share/yesense_interface/cmake/export_yesense_interface__rosidl_typesupport_fastrtps_cExport.cmake
[0.347s] -- Up-to-date: /home/qiu/Desktop/ros2_stm32_ws/install/yesense_interface/share/yesense_interface/cmake/export_yesense_interface__rosidl_typesupport_fastrtps_cExport-noconfig.cmake
[0.347s] -- Up-to-date: /home/qiu/Desktop/ros2_stm32_ws/install/yesense_interface/share/yesense_interface/cmake/yesense_interface__rosidl_typesupport_introspection_cExport.cmake
[0.347s] -- Up-to-date: /home/qiu/Desktop/ros2_stm32_ws/install/yesense_interface/share/yesense_interface/cmake/yesense_interface__rosidl_typesupport_introspection_cExport-noconfig.cmake
[0.347s] -- Up-to-date: /home/qiu/Desktop/ros2_stm32_ws/install/yesense_interface/share/yesense_interface/cmake/yesense_interface__rosidl_typesupport_cExport.cmake
[0.347s] -- Up-to-date: /home/qiu/Desktop/ros2_stm32_ws/install/yesense_interface/share/yesense_interface/cmake/yesense_interface__rosidl_typesupport_cExport-noconfig.cmake
[0.347s] -- Up-to-date: /home/qiu/Desktop/ros2_stm32_ws/install/yesense_interface/share/yesense_interface/cmake/export_yesense_interface__rosidl_generator_cppExport.cmake
[0.347s] -- Up-to-date: /home/qiu/Desktop/ros2_stm32_ws/install/yesense_interface/share/yesense_interface/cmake/export_yesense_interface__rosidl_typesupport_fastrtps_cppExport.cmake
[0.348s] -- Up-to-date: /home/qiu/Desktop/ros2_stm32_ws/install/yesense_interface/share/yesense_interface/cmake/export_yesense_interface__rosidl_typesupport_fastrtps_cppExport-noconfig.cmake
[0.348s] -- Up-to-date: /home/qiu/Desktop/ros2_stm32_ws/install/yesense_interface/share/yesense_interface/cmake/yesense_interface__rosidl_typesupport_introspection_cppExport.cmake
[0.348s] -- Up-to-date: /home/qiu/Desktop/ros2_stm32_ws/install/yesense_interface/share/yesense_interface/cmake/yesense_interface__rosidl_typesupport_introspection_cppExport-noconfig.cmake
[0.348s] -- Up-to-date: /home/qiu/Desktop/ros2_stm32_ws/install/yesense_interface/share/yesense_interface/cmake/yesense_interface__rosidl_typesupport_cppExport.cmake
[0.348s] -- Up-to-date: /home/qiu/Desktop/ros2_stm32_ws/install/yesense_interface/share/yesense_interface/cmake/yesense_interface__rosidl_typesupport_cppExport-noconfig.cmake
[0.348s] -- Up-to-date: /home/qiu/Desktop/ros2_stm32_ws/install/yesense_interface/share/yesense_interface/cmake/export_yesense_interface__rosidl_generator_pyExport.cmake
[0.349s] -- Up-to-date: /home/qiu/Desktop/ros2_stm32_ws/install/yesense_interface/share/yesense_interface/cmake/export_yesense_interface__rosidl_generator_pyExport-noconfig.cmake
[0.349s] -- Up-to-date: /home/qiu/Desktop/ros2_stm32_ws/install/yesense_interface/share/yesense_interface/cmake/rosidl_cmake-extras.cmake
[0.349s] -- Up-to-date: /home/qiu/Desktop/ros2_stm32_ws/install/yesense_interface/share/yesense_interface/cmake/ament_cmake_export_include_directories-extras.cmake
[0.349s] -- Up-to-date: /home/qiu/Desktop/ros2_stm32_ws/install/yesense_interface/share/yesense_interface/cmake/ament_cmake_export_libraries-extras.cmake
[0.349s] -- Up-to-date: /home/qiu/Desktop/ros2_stm32_ws/install/yesense_interface/share/yesense_interface/cmake/ament_cmake_export_targets-extras.cmake
[0.349s] -- Up-to-date: /home/qiu/Desktop/ros2_stm32_ws/install/yesense_interface/share/yesense_interface/cmake/rosidl_cmake_export_typesupport_targets-extras.cmake
[0.349s] -- Up-to-date: /home/qiu/Desktop/ros2_stm32_ws/install/yesense_interface/share/yesense_interface/cmake/ament_cmake_export_dependencies-extras.cmake
[0.349s] -- Up-to-date: /home/qiu/Desktop/ros2_stm32_ws/install/yesense_interface/share/yesense_interface/cmake/rosidl_cmake_export_typesupport_libraries-extras.cmake
[0.349s] -- Up-to-date: /home/qiu/Desktop/ros2_stm32_ws/install/yesense_interface/share/yesense_interface/cmake/yesense_interfaceConfig.cmake
[0.349s] -- Up-to-date: /home/qiu/Desktop/ros2_stm32_ws/install/yesense_interface/share/yesense_interface/cmake/yesense_interfaceConfig-version.cmake
[0.349s] -- Up-to-date: /home/qiu/Desktop/ros2_stm32_ws/install/yesense_interface/share/yesense_interface/package.xml
[0.353s] Invoked command in '/home/qiu/Desktop/ros2_stm32_ws/build/yesense_interface' returned '0': /usr/bin/cmake --install /home/qiu/Desktop/ros2_stm32_ws/build/yesense_interface
