[0.024s] Invoking command in '/home/qiu/Desktop/ros2_stm32_ws/build/serial': CMAKE_PREFIX_PATH=/opt/ros/humble /usr/bin/cmake --build /home/qiu/Desktop/ros2_stm32_ws/build/serial -- -j16 -l16
[0.440s] [100%] Built target serial
[0.443s] Invoked command in '/home/qiu/Desktop/ros2_stm32_ws/build/serial' returned '0': CMAKE_PREFIX_PATH=/opt/ros/humble /usr/bin/cmake --build /home/qiu/Desktop/ros2_stm32_ws/build/serial -- -j16 -l16
[0.453s] Invoking command in '/home/qiu/Desktop/ros2_stm32_ws/build/serial': CMAKE_PREFIX_PATH=/opt/ros/humble /usr/bin/cmake --install /home/qiu/Desktop/ros2_stm32_ws/build/serial
[0.590s] -- Install configuration: ""
[0.591s] -- Up-to-date: /home/qiu/Desktop/ros2_stm32_ws/install/serial/lib/libserial.a
[0.591s] -- Up-to-date: /home/qiu/Desktop/ros2_stm32_ws/install/serial/share/serial/environment/library_path.sh
[0.591s] -- Up-to-date: /home/qiu/Desktop/ros2_stm32_ws/install/serial/share/serial/environment/library_path.dsv
[0.591s] -- Up-to-date: /home/qiu/Desktop/ros2_stm32_ws/install/serial/include/serial
[0.591s] -- Up-to-date: /home/qiu/Desktop/ros2_stm32_ws/install/serial/include/serial/v8stdint.h
[0.592s] -- Up-to-date: /home/qiu/Desktop/ros2_stm32_ws/install/serial/include/serial/serial.h
[0.592s] -- Up-to-date: /home/qiu/Desktop/ros2_stm32_ws/install/serial/include/serial/impl
[0.592s] -- Up-to-date: /home/qiu/Desktop/ros2_stm32_ws/install/serial/include/serial/impl/win.h
[0.592s] -- Up-to-date: /home/qiu/Desktop/ros2_stm32_ws/install/serial/include/serial/impl/unix.h
[0.592s] -- Up-to-date: /home/qiu/Desktop/ros2_stm32_ws/install/serial/share/ament_index/resource_index/package_run_dependencies/serial
[0.592s] -- Up-to-date: /home/qiu/Desktop/ros2_stm32_ws/install/serial/share/ament_index/resource_index/parent_prefix_path/serial
[0.592s] -- Up-to-date: /home/qiu/Desktop/ros2_stm32_ws/install/serial/share/serial/environment/ament_prefix_path.sh
[0.592s] -- Up-to-date: /home/qiu/Desktop/ros2_stm32_ws/install/serial/share/serial/environment/ament_prefix_path.dsv
[0.592s] -- Up-to-date: /home/qiu/Desktop/ros2_stm32_ws/install/serial/share/serial/environment/path.sh
[0.592s] -- Up-to-date: /home/qiu/Desktop/ros2_stm32_ws/install/serial/share/serial/environment/path.dsv
[0.592s] -- Up-to-date: /home/qiu/Desktop/ros2_stm32_ws/install/serial/share/serial/local_setup.bash
[0.592s] -- Up-to-date: /home/qiu/Desktop/ros2_stm32_ws/install/serial/share/serial/local_setup.sh
[0.592s] -- Up-to-date: /home/qiu/Desktop/ros2_stm32_ws/install/serial/share/serial/local_setup.zsh
[0.592s] -- Up-to-date: /home/qiu/Desktop/ros2_stm32_ws/install/serial/share/serial/local_setup.dsv
[0.592s] -- Installing: /home/qiu/Desktop/ros2_stm32_ws/install/serial/share/serial/package.dsv
[0.592s] -- Up-to-date: /home/qiu/Desktop/ros2_stm32_ws/install/serial/share/ament_index/resource_index/packages/serial
[0.592s] -- Up-to-date: /home/qiu/Desktop/ros2_stm32_ws/install/serial/share/serial/cmake/ament_cmake_export_include_directories-extras.cmake
[0.593s] -- Up-to-date: /home/qiu/Desktop/ros2_stm32_ws/install/serial/share/serial/cmake/ament_cmake_export_libraries-extras.cmake
[0.593s] -- Up-to-date: /home/qiu/Desktop/ros2_stm32_ws/install/serial/share/serial/cmake/ament_cmake_export_dependencies-extras.cmake
[0.593s] -- Up-to-date: /home/qiu/Desktop/ros2_stm32_ws/install/serial/share/serial/cmake/serialConfig.cmake
[0.593s] -- Up-to-date: /home/qiu/Desktop/ros2_stm32_ws/install/serial/share/serial/cmake/serialConfig-version.cmake
[0.593s] -- Up-to-date: /home/qiu/Desktop/ros2_stm32_ws/install/serial/share/serial/package.xml
[0.610s] Invoked command in '/home/qiu/Desktop/ros2_stm32_ws/build/serial' returned '0': CMAKE_PREFIX_PATH=/opt/ros/humble /usr/bin/cmake --install /home/qiu/Desktop/ros2_stm32_ws/build/serial
