[0.010s] Invoking command in '/home/qiu/Desktop/ros2_stm32_ws/build/stm32_nav_bringup': AMENT_PREFIX_PATH=/home/qiu/Desktop/ros2_stm32_ws/install/yesense_std_ros2:/home/qiu/Desktop/ros2_stm32_ws/install/stm32_nav_comm:/home/qiu/Desktop/ros2_stm32_ws/install/yesense_interface:/home/qiu/Desktop/ros2_stm32_ws/install/sllidar_ros2:/home/qiu/Desktop/ros2_stm32_ws/install/serial:${AMENT_PREFIX_PATH} CMAKE_PREFIX_PATH=/home/qiu/Desktop/ros2_stm32_ws/install/yesense_std_ros2:/home/qiu/Desktop/ros2_stm32_ws/install/stm32_nav_comm:/home/qiu/Desktop/ros2_stm32_ws/install/yesense_interface:/home/qiu/Desktop/ros2_stm32_ws/install/sllidar_ros2:/home/qiu/Desktop/ros2_stm32_ws/install/serial:/opt/ros/humble LD_LIBRARY_PATH=/home/qiu/Desktop/ros2_stm32_ws/install/yesense_interface/lib:/home/qiu/Desktop/ros2_stm32_ws/install/serial/lib:${LD_LIBRARY_PATH} PYTHONPATH=/home/qiu/Desktop/ros2_stm32_ws/install/yesense_interface/local/lib/python3.10/dist-packages:${PYTHONPATH} /usr/bin/cmake /home/qiu/Desktop/ros2_stm32_ws/src/stm32_nav_bringup -DCMAKE_INSTALL_PREFIX=/home/qiu/Desktop/ros2_stm32_ws/install/stm32_nav_bringup
[0.056s] -- The C compiler identification is GNU 11.4.0
[0.096s] -- The CXX compiler identification is GNU 11.4.0
[0.100s] -- Detecting C compiler ABI info
[0.153s] -- Detecting C compiler ABI info - done
[0.156s] -- Check for working C compiler: /usr/bin/cc - skipped
[0.157s] -- Detecting C compile features
[0.157s] -- Detecting C compile features - done
[0.159s] -- Detecting CXX compiler ABI info
[0.222s] -- Detecting CXX compiler ABI info - done
[0.227s] -- Check for working CXX compiler: /usr/bin/c++ - skipped
[0.228s] -- Detecting CXX compile features
[0.228s] -- Detecting CXX compile features - done
[0.231s] -- Found ament_cmake: 1.3.14 (/opt/ros/humble/share/ament_cmake/cmake)
[0.321s] -- Found Python3: /usr/bin/python3 (found version "3.10.12") found components: Interpreter 
[0.436s] -- Configuring done
[0.438s] -- Generating done
[0.439s] -- Build files have been written to: /home/qiu/Desktop/ros2_stm32_ws/build/stm32_nav_bringup
[0.442s] Invoked command in '/home/qiu/Desktop/ros2_stm32_ws/build/stm32_nav_bringup' returned '0': AMENT_PREFIX_PATH=/home/qiu/Desktop/ros2_stm32_ws/install/yesense_std_ros2:/home/qiu/Desktop/ros2_stm32_ws/install/stm32_nav_comm:/home/qiu/Desktop/ros2_stm32_ws/install/yesense_interface:/home/qiu/Desktop/ros2_stm32_ws/install/sllidar_ros2:/home/qiu/Desktop/ros2_stm32_ws/install/serial:${AMENT_PREFIX_PATH} CMAKE_PREFIX_PATH=/home/qiu/Desktop/ros2_stm32_ws/install/yesense_std_ros2:/home/qiu/Desktop/ros2_stm32_ws/install/stm32_nav_comm:/home/qiu/Desktop/ros2_stm32_ws/install/yesense_interface:/home/qiu/Desktop/ros2_stm32_ws/install/sllidar_ros2:/home/qiu/Desktop/ros2_stm32_ws/install/serial:/opt/ros/humble LD_LIBRARY_PATH=/home/qiu/Desktop/ros2_stm32_ws/install/yesense_interface/lib:/home/qiu/Desktop/ros2_stm32_ws/install/serial/lib:${LD_LIBRARY_PATH} PYTHONPATH=/home/qiu/Desktop/ros2_stm32_ws/install/yesense_interface/local/lib/python3.10/dist-packages:${PYTHONPATH} /usr/bin/cmake /home/qiu/Desktop/ros2_stm32_ws/src/stm32_nav_bringup -DCMAKE_INSTALL_PREFIX=/home/qiu/Desktop/ros2_stm32_ws/install/stm32_nav_bringup
[0.444s] Invoking command in '/home/qiu/Desktop/ros2_stm32_ws/build/stm32_nav_bringup': AMENT_PREFIX_PATH=/home/qiu/Desktop/ros2_stm32_ws/install/yesense_std_ros2:/home/qiu/Desktop/ros2_stm32_ws/install/stm32_nav_comm:/home/qiu/Desktop/ros2_stm32_ws/install/yesense_interface:/home/qiu/Desktop/ros2_stm32_ws/install/sllidar_ros2:/home/qiu/Desktop/ros2_stm32_ws/install/serial:${AMENT_PREFIX_PATH} CMAKE_PREFIX_PATH=/home/qiu/Desktop/ros2_stm32_ws/install/yesense_std_ros2:/home/qiu/Desktop/ros2_stm32_ws/install/stm32_nav_comm:/home/qiu/Desktop/ros2_stm32_ws/install/yesense_interface:/home/qiu/Desktop/ros2_stm32_ws/install/sllidar_ros2:/home/qiu/Desktop/ros2_stm32_ws/install/serial:/opt/ros/humble LD_LIBRARY_PATH=/home/qiu/Desktop/ros2_stm32_ws/install/yesense_interface/lib:/home/qiu/Desktop/ros2_stm32_ws/install/serial/lib:${LD_LIBRARY_PATH} PYTHONPATH=/home/qiu/Desktop/ros2_stm32_ws/install/yesense_interface/local/lib/python3.10/dist-packages:${PYTHONPATH} /usr/bin/cmake --build /home/qiu/Desktop/ros2_stm32_ws/build/stm32_nav_bringup -- -j16 -l16
[0.474s] Invoked command in '/home/qiu/Desktop/ros2_stm32_ws/build/stm32_nav_bringup' returned '0': AMENT_PREFIX_PATH=/home/qiu/Desktop/ros2_stm32_ws/install/yesense_std_ros2:/home/qiu/Desktop/ros2_stm32_ws/install/stm32_nav_comm:/home/qiu/Desktop/ros2_stm32_ws/install/yesense_interface:/home/qiu/Desktop/ros2_stm32_ws/install/sllidar_ros2:/home/qiu/Desktop/ros2_stm32_ws/install/serial:${AMENT_PREFIX_PATH} CMAKE_PREFIX_PATH=/home/qiu/Desktop/ros2_stm32_ws/install/yesense_std_ros2:/home/qiu/Desktop/ros2_stm32_ws/install/stm32_nav_comm:/home/qiu/Desktop/ros2_stm32_ws/install/yesense_interface:/home/qiu/Desktop/ros2_stm32_ws/install/sllidar_ros2:/home/qiu/Desktop/ros2_stm32_ws/install/serial:/opt/ros/humble LD_LIBRARY_PATH=/home/qiu/Desktop/ros2_stm32_ws/install/yesense_interface/lib:/home/qiu/Desktop/ros2_stm32_ws/install/serial/lib:${LD_LIBRARY_PATH} PYTHONPATH=/home/qiu/Desktop/ros2_stm32_ws/install/yesense_interface/local/lib/python3.10/dist-packages:${PYTHONPATH} /usr/bin/cmake --build /home/qiu/Desktop/ros2_stm32_ws/build/stm32_nav_bringup -- -j16 -l16
[0.475s] Invoking command in '/home/qiu/Desktop/ros2_stm32_ws/build/stm32_nav_bringup': AMENT_PREFIX_PATH=/home/qiu/Desktop/ros2_stm32_ws/install/yesense_std_ros2:/home/qiu/Desktop/ros2_stm32_ws/install/stm32_nav_comm:/home/qiu/Desktop/ros2_stm32_ws/install/yesense_interface:/home/qiu/Desktop/ros2_stm32_ws/install/sllidar_ros2:/home/qiu/Desktop/ros2_stm32_ws/install/serial:${AMENT_PREFIX_PATH} CMAKE_PREFIX_PATH=/home/qiu/Desktop/ros2_stm32_ws/install/yesense_std_ros2:/home/qiu/Desktop/ros2_stm32_ws/install/stm32_nav_comm:/home/qiu/Desktop/ros2_stm32_ws/install/yesense_interface:/home/qiu/Desktop/ros2_stm32_ws/install/sllidar_ros2:/home/qiu/Desktop/ros2_stm32_ws/install/serial:/opt/ros/humble LD_LIBRARY_PATH=/home/qiu/Desktop/ros2_stm32_ws/install/yesense_interface/lib:/home/qiu/Desktop/ros2_stm32_ws/install/serial/lib:${LD_LIBRARY_PATH} PYTHONPATH=/home/qiu/Desktop/ros2_stm32_ws/install/yesense_interface/local/lib/python3.10/dist-packages:${PYTHONPATH} /usr/bin/cmake --install /home/qiu/Desktop/ros2_stm32_ws/build/stm32_nav_bringup
[0.480s] -- Install configuration: ""
[0.480s] -- Installing: /home/qiu/Desktop/ros2_stm32_ws/install/stm32_nav_bringup/share/stm32_nav_bringup/launch
[0.481s] -- Installing: /home/qiu/Desktop/ros2_stm32_ws/install/stm32_nav_bringup/share/stm32_nav_bringup/launch/nav_launch.py
[0.481s] -- Installing: /home/qiu/Desktop/ros2_stm32_ws/install/stm32_nav_bringup/share/stm32_nav_bringup/launch/slam_launch.py
[0.481s] -- Installing: /home/qiu/Desktop/ros2_stm32_ws/install/stm32_nav_bringup/share/stm32_nav_bringup/launch/sensors.launch.py
[0.481s] -- Installing: /home/qiu/Desktop/ros2_stm32_ws/install/stm32_nav_bringup/share/stm32_nav_bringup/config
[0.481s] -- Installing: /home/qiu/Desktop/ros2_stm32_ws/install/stm32_nav_bringup/share/stm32_nav_bringup/config/sllidar_s2.yaml
[0.481s] -- Installing: /home/qiu/Desktop/ros2_stm32_ws/install/stm32_nav_bringup/share/stm32_nav_bringup/config/slam_toolbox_params.yaml
[0.481s] -- Installing: /home/qiu/Desktop/ros2_stm32_ws/install/stm32_nav_bringup/share/stm32_nav_bringup/config/stm32_comm.yaml
[0.481s] -- Installing: /home/qiu/Desktop/ros2_stm32_ws/install/stm32_nav_bringup/share/stm32_nav_bringup/config/nav2_params.yaml
[0.481s] -- Installing: /home/qiu/Desktop/ros2_stm32_ws/install/stm32_nav_bringup/share/stm32_nav_bringup/config/imu_h30.yaml
[0.481s] -- Installing: /home/qiu/Desktop/ros2_stm32_ws/install/stm32_nav_bringup/share/stm32_nav_bringup/rviz
[0.481s] -- Installing: /home/qiu/Desktop/ros2_stm32_ws/install/stm32_nav_bringup/share/stm32_nav_bringup/rviz/slam.rviz
[0.481s] -- Installing: /home/qiu/Desktop/ros2_stm32_ws/install/stm32_nav_bringup/share/ament_index/resource_index/package_run_dependencies/stm32_nav_bringup
[0.481s] -- Installing: /home/qiu/Desktop/ros2_stm32_ws/install/stm32_nav_bringup/share/ament_index/resource_index/parent_prefix_path/stm32_nav_bringup
[0.482s] -- Installing: /home/qiu/Desktop/ros2_stm32_ws/install/stm32_nav_bringup/share/stm32_nav_bringup/environment/ament_prefix_path.sh
[0.482s] -- Installing: /home/qiu/Desktop/ros2_stm32_ws/install/stm32_nav_bringup/share/stm32_nav_bringup/environment/ament_prefix_path.dsv
[0.482s] -- Installing: /home/qiu/Desktop/ros2_stm32_ws/install/stm32_nav_bringup/share/stm32_nav_bringup/environment/path.sh
[0.482s] -- Installing: /home/qiu/Desktop/ros2_stm32_ws/install/stm32_nav_bringup/share/stm32_nav_bringup/environment/path.dsv
[0.482s] -- Installing: /home/qiu/Desktop/ros2_stm32_ws/install/stm32_nav_bringup/share/stm32_nav_bringup/local_setup.bash
[0.482s] -- Installing: /home/qiu/Desktop/ros2_stm32_ws/install/stm32_nav_bringup/share/stm32_nav_bringup/local_setup.sh
[0.482s] -- Installing: /home/qiu/Desktop/ros2_stm32_ws/install/stm32_nav_bringup/share/stm32_nav_bringup/local_setup.zsh
[0.482s] -- Installing: /home/qiu/Desktop/ros2_stm32_ws/install/stm32_nav_bringup/share/stm32_nav_bringup/local_setup.dsv
[0.482s] -- Installing: /home/qiu/Desktop/ros2_stm32_ws/install/stm32_nav_bringup/share/stm32_nav_bringup/package.dsv
[0.482s] -- Installing: /home/qiu/Desktop/ros2_stm32_ws/install/stm32_nav_bringup/share/ament_index/resource_index/packages/stm32_nav_bringup
[0.482s] -- Installing: /home/qiu/Desktop/ros2_stm32_ws/install/stm32_nav_bringup/share/stm32_nav_bringup/cmake/stm32_nav_bringupConfig.cmake
[0.482s] -- Installing: /home/qiu/Desktop/ros2_stm32_ws/install/stm32_nav_bringup/share/stm32_nav_bringup/cmake/stm32_nav_bringupConfig-version.cmake
[0.483s] -- Installing: /home/qiu/Desktop/ros2_stm32_ws/install/stm32_nav_bringup/share/stm32_nav_bringup/package.xml
[0.484s] Invoked command in '/home/qiu/Desktop/ros2_stm32_ws/build/stm32_nav_bringup' returned '0': AMENT_PREFIX_PATH=/home/qiu/Desktop/ros2_stm32_ws/install/yesense_std_ros2:/home/qiu/Desktop/ros2_stm32_ws/install/stm32_nav_comm:/home/qiu/Desktop/ros2_stm32_ws/install/yesense_interface:/home/qiu/Desktop/ros2_stm32_ws/install/sllidar_ros2:/home/qiu/Desktop/ros2_stm32_ws/install/serial:${AMENT_PREFIX_PATH} CMAKE_PREFIX_PATH=/home/qiu/Desktop/ros2_stm32_ws/install/yesense_std_ros2:/home/qiu/Desktop/ros2_stm32_ws/install/stm32_nav_comm:/home/qiu/Desktop/ros2_stm32_ws/install/yesense_interface:/home/qiu/Desktop/ros2_stm32_ws/install/sllidar_ros2:/home/qiu/Desktop/ros2_stm32_ws/install/serial:/opt/ros/humble LD_LIBRARY_PATH=/home/qiu/Desktop/ros2_stm32_ws/install/yesense_interface/lib:/home/qiu/Desktop/ros2_stm32_ws/install/serial/lib:${LD_LIBRARY_PATH} PYTHONPATH=/home/qiu/Desktop/ros2_stm32_ws/install/yesense_interface/local/lib/python3.10/dist-packages:${PYTHONPATH} /usr/bin/cmake --install /home/qiu/Desktop/ros2_stm32_ws/build/stm32_nav_bringup
