running egg_info
creating ../../build/imu_tf_broadcaster/imu_tf_broadcaster.egg-info
writing ../../build/imu_tf_broadcaster/imu_tf_broadcaster.egg-info/PKG-INFO
writing dependency_links to ../../build/imu_tf_broadcaster/imu_tf_broadcaster.egg-info/dependency_links.txt
writing entry points to ../../build/imu_tf_broadcaster/imu_tf_broadcaster.egg-info/entry_points.txt
writing requirements to ../../build/imu_tf_broadcaster/imu_tf_broadcaster.egg-info/requires.txt
writing top-level names to ../../build/imu_tf_broadcaster/imu_tf_broadcaster.egg-info/top_level.txt
writing manifest file '../../build/imu_tf_broadcaster/imu_tf_broadcaster.egg-info/SOURCES.txt'
reading manifest file '../../build/imu_tf_broadcaster/imu_tf_broadcaster.egg-info/SOURCES.txt'
writing manifest file '../../build/imu_tf_broadcaster/imu_tf_broadcaster.egg-info/SOURCES.txt'
running build
running build_py
creating /home/qiu/Desktop/ros2_stm32_ws/build/imu_tf_broadcaster/build
creating /home/qiu/Desktop/ros2_stm32_ws/build/imu_tf_broadcaster/build/lib
creating /home/qiu/Desktop/ros2_stm32_ws/build/imu_tf_broadcaster/build/lib/imu_tf_broadcaster
copying imu_tf_broadcaster/imu_tf_broadcaster.py -> /home/qiu/Desktop/ros2_stm32_ws/build/imu_tf_broadcaster/build/lib/imu_tf_broadcaster
copying imu_tf_broadcaster/__init__.py -> /home/qiu/Desktop/ros2_stm32_ws/build/imu_tf_broadcaster/build/lib/imu_tf_broadcaster
running install
running install_lib
creating /home/qiu/Desktop/ros2_stm32_ws/install/imu_tf_broadcaster/lib/python3.10/site-packages/imu_tf_broadcaster
copying /home/qiu/Desktop/ros2_stm32_ws/build/imu_tf_broadcaster/build/lib/imu_tf_broadcaster/imu_tf_broadcaster.py -> /home/qiu/Desktop/ros2_stm32_ws/install/imu_tf_broadcaster/lib/python3.10/site-packages/imu_tf_broadcaster
copying /home/qiu/Desktop/ros2_stm32_ws/build/imu_tf_broadcaster/build/lib/imu_tf_broadcaster/__init__.py -> /home/qiu/Desktop/ros2_stm32_ws/install/imu_tf_broadcaster/lib/python3.10/site-packages/imu_tf_broadcaster
byte-compiling /home/qiu/Desktop/ros2_stm32_ws/install/imu_tf_broadcaster/lib/python3.10/site-packages/imu_tf_broadcaster/imu_tf_broadcaster.py to imu_tf_broadcaster.cpython-310.pyc
byte-compiling /home/qiu/Desktop/ros2_stm32_ws/install/imu_tf_broadcaster/lib/python3.10/site-packages/imu_tf_broadcaster/__init__.py to __init__.cpython-310.pyc
running install_data
creating /home/qiu/Desktop/ros2_stm32_ws/install/imu_tf_broadcaster/share/ament_index
creating /home/qiu/Desktop/ros2_stm32_ws/install/imu_tf_broadcaster/share/ament_index/resource_index
creating /home/qiu/Desktop/ros2_stm32_ws/install/imu_tf_broadcaster/share/ament_index/resource_index/packages
copying resource/imu_tf_broadcaster -> /home/qiu/Desktop/ros2_stm32_ws/install/imu_tf_broadcaster/share/ament_index/resource_index/packages
copying package.xml -> /home/qiu/Desktop/ros2_stm32_ws/install/imu_tf_broadcaster/share/imu_tf_broadcaster
creating /home/qiu/Desktop/ros2_stm32_ws/install/imu_tf_broadcaster/share/imu_tf_broadcaster/launch
copying launch/imu_tf_broadcaster.launch.py -> /home/qiu/Desktop/ros2_stm32_ws/install/imu_tf_broadcaster/share/imu_tf_broadcaster/launch
running install_egg_info
Copying ../../build/imu_tf_broadcaster/imu_tf_broadcaster.egg-info to /home/qiu/Desktop/ros2_stm32_ws/install/imu_tf_broadcaster/lib/python3.10/site-packages/imu_tf_broadcaster-0.0.0-py3.10.egg-info
running install_scripts
Installing imu_tf_broadcaster script to /home/qiu/Desktop/ros2_stm32_ws/install/imu_tf_broadcaster/lib/imu_tf_broadcaster
writing list of installed files to '/home/qiu/Desktop/ros2_stm32_ws/build/imu_tf_broadcaster/install.log'
