[0.341s] Invoking command in '/home/qiu/Desktop/ros2_stm32_ws/src/imu_tf_broadcaster': PYTHONPATH=/home/qiu/Desktop/ros2_stm32_ws/build/imu_tf_broadcaster/prefix_override:/usr/lib/python3/dist-packages/colcon_core/task/python/colcon_distutils_commands:/home/qiu/Desktop/ros2_stm32_ws/install/imu_tf_broadcaster/lib/python3.10/site-packages:${PYTHONPATH} /usr/bin/python3 -W ignore:setup.py install is deprecated -W ignore:easy_install command is deprecated setup.py egg_info --egg-base ../../build/imu_tf_broadcaster build --build-base /home/qiu/Desktop/ros2_stm32_ws/build/imu_tf_broadcaster/build install --record /home/qiu/Desktop/ros2_stm32_ws/build/imu_tf_broadcaster/install.log --single-version-externally-managed install_data
[0.461s] running egg_info
[0.461s] creating ../../build/imu_tf_broadcaster/imu_tf_broadcaster.egg-info
[0.461s] writing ../../build/imu_tf_broadcaster/imu_tf_broadcaster.egg-info/PKG-INFO
[0.461s] writing dependency_links to ../../build/imu_tf_broadcaster/imu_tf_broadcaster.egg-info/dependency_links.txt
[0.462s] writing entry points to ../../build/imu_tf_broadcaster/imu_tf_broadcaster.egg-info/entry_points.txt
[0.462s] writing requirements to ../../build/imu_tf_broadcaster/imu_tf_broadcaster.egg-info/requires.txt
[0.462s] writing top-level names to ../../build/imu_tf_broadcaster/imu_tf_broadcaster.egg-info/top_level.txt
[0.462s] writing manifest file '../../build/imu_tf_broadcaster/imu_tf_broadcaster.egg-info/SOURCES.txt'
[0.463s] reading manifest file '../../build/imu_tf_broadcaster/imu_tf_broadcaster.egg-info/SOURCES.txt'
[0.463s] writing manifest file '../../build/imu_tf_broadcaster/imu_tf_broadcaster.egg-info/SOURCES.txt'
[0.463s] running build
[0.463s] running build_py
[0.463s] creating /home/qiu/Desktop/ros2_stm32_ws/build/imu_tf_broadcaster/build
[0.463s] creating /home/qiu/Desktop/ros2_stm32_ws/build/imu_tf_broadcaster/build/lib
[0.463s] creating /home/qiu/Desktop/ros2_stm32_ws/build/imu_tf_broadcaster/build/lib/imu_tf_broadcaster
[0.463s] copying imu_tf_broadcaster/imu_tf_broadcaster.py -> /home/qiu/Desktop/ros2_stm32_ws/build/imu_tf_broadcaster/build/lib/imu_tf_broadcaster
[0.463s] copying imu_tf_broadcaster/__init__.py -> /home/qiu/Desktop/ros2_stm32_ws/build/imu_tf_broadcaster/build/lib/imu_tf_broadcaster
[0.464s] running install
[0.464s] running install_lib
[0.464s] creating /home/qiu/Desktop/ros2_stm32_ws/install/imu_tf_broadcaster/lib/python3.10/site-packages/imu_tf_broadcaster
[0.464s] copying /home/qiu/Desktop/ros2_stm32_ws/build/imu_tf_broadcaster/build/lib/imu_tf_broadcaster/imu_tf_broadcaster.py -> /home/qiu/Desktop/ros2_stm32_ws/install/imu_tf_broadcaster/lib/python3.10/site-packages/imu_tf_broadcaster
[0.464s] copying /home/qiu/Desktop/ros2_stm32_ws/build/imu_tf_broadcaster/build/lib/imu_tf_broadcaster/__init__.py -> /home/qiu/Desktop/ros2_stm32_ws/install/imu_tf_broadcaster/lib/python3.10/site-packages/imu_tf_broadcaster
[0.465s] byte-compiling /home/qiu/Desktop/ros2_stm32_ws/install/imu_tf_broadcaster/lib/python3.10/site-packages/imu_tf_broadcaster/imu_tf_broadcaster.py to imu_tf_broadcaster.cpython-310.pyc
[0.465s] byte-compiling /home/qiu/Desktop/ros2_stm32_ws/install/imu_tf_broadcaster/lib/python3.10/site-packages/imu_tf_broadcaster/__init__.py to __init__.cpython-310.pyc
[0.465s] running install_data
[0.465s] creating /home/qiu/Desktop/ros2_stm32_ws/install/imu_tf_broadcaster/share/ament_index
[0.465s] creating /home/qiu/Desktop/ros2_stm32_ws/install/imu_tf_broadcaster/share/ament_index/resource_index
[0.465s] creating /home/qiu/Desktop/ros2_stm32_ws/install/imu_tf_broadcaster/share/ament_index/resource_index/packages
[0.465s] copying resource/imu_tf_broadcaster -> /home/qiu/Desktop/ros2_stm32_ws/install/imu_tf_broadcaster/share/ament_index/resource_index/packages
[0.465s] copying package.xml -> /home/qiu/Desktop/ros2_stm32_ws/install/imu_tf_broadcaster/share/imu_tf_broadcaster
[0.465s] creating /home/qiu/Desktop/ros2_stm32_ws/install/imu_tf_broadcaster/share/imu_tf_broadcaster/launch
[0.465s] copying launch/imu_tf_broadcaster.launch.py -> /home/qiu/Desktop/ros2_stm32_ws/install/imu_tf_broadcaster/share/imu_tf_broadcaster/launch
[0.465s] running install_egg_info
[0.466s] Copying ../../build/imu_tf_broadcaster/imu_tf_broadcaster.egg-info to /home/qiu/Desktop/ros2_stm32_ws/install/imu_tf_broadcaster/lib/python3.10/site-packages/imu_tf_broadcaster-0.0.0-py3.10.egg-info
[0.467s] running install_scripts
[0.479s] Installing imu_tf_broadcaster script to /home/qiu/Desktop/ros2_stm32_ws/install/imu_tf_broadcaster/lib/imu_tf_broadcaster
[0.479s] writing list of installed files to '/home/qiu/Desktop/ros2_stm32_ws/build/imu_tf_broadcaster/install.log'
[0.496s] Invoked command in '/home/qiu/Desktop/ros2_stm32_ws/src/imu_tf_broadcaster' returned '0': PYTHONPATH=/home/qiu/Desktop/ros2_stm32_ws/build/imu_tf_broadcaster/prefix_override:/usr/lib/python3/dist-packages/colcon_core/task/python/colcon_distutils_commands:/home/qiu/Desktop/ros2_stm32_ws/install/imu_tf_broadcaster/lib/python3.10/site-packages:${PYTHONPATH} /usr/bin/python3 -W ignore:setup.py install is deprecated -W ignore:easy_install command is deprecated setup.py egg_info --egg-base ../../build/imu_tf_broadcaster build --build-base /home/qiu/Desktop/ros2_stm32_ws/build/imu_tf_broadcaster/build install --record /home/qiu/Desktop/ros2_stm32_ws/build/imu_tf_broadcaster/install.log --single-version-externally-managed install_data
