[0.020s] Invoking command in '/home/qiu/Desktop/ros2_stm32_ws/build/serial': /usr/bin/cmake --build /home/qiu/Desktop/ros2_stm32_ws/build/serial -- -j16 -l16
[0.071s] [35m[1mConsolidate compiler generated dependencies of target serial[0m
[0.086s] [100%] Built target serial
[0.210s] Invoked command in '/home/qiu/Desktop/ros2_stm32_ws/build/serial' returned '0': /usr/bin/cmake --build /home/qiu/Desktop/ros2_stm32_ws/build/serial -- -j16 -l16
[0.212s] Invoking command in '/home/qiu/Desktop/ros2_stm32_ws/build/serial': /usr/bin/cmake --install /home/qiu/Desktop/ros2_stm32_ws/build/serial
[0.224s] -- Install configuration: ""
[0.224s] -- Up-to-date: /home/qiu/Desktop/ros2_stm32_ws/install/serial/lib/libserial.a
[0.224s] -- Up-to-date: /home/qiu/Desktop/ros2_stm32_ws/install/serial/share/serial/environment/library_path.sh
[0.224s] -- Up-to-date: /home/qiu/Desktop/ros2_stm32_ws/install/serial/share/serial/environment/library_path.dsv
[0.224s] -- Up-to-date: /home/qiu/Desktop/ros2_stm32_ws/install/serial/include/serial
[0.224s] -- Up-to-date: /home/qiu/Desktop/ros2_stm32_ws/install/serial/include/serial/v8stdint.h
[0.225s] -- Up-to-date: /home/qiu/Desktop/ros2_stm32_ws/install/serial/include/serial/serial.h
[0.225s] -- Up-to-date: /home/qiu/Desktop/ros2_stm32_ws/install/serial/include/serial/impl
[0.225s] -- Up-to-date: /home/qiu/Desktop/ros2_stm32_ws/install/serial/include/serial/impl/win.h
[0.225s] -- Up-to-date: /home/qiu/Desktop/ros2_stm32_ws/install/serial/include/serial/impl/unix.h
[0.225s] -- Up-to-date: /home/qiu/Desktop/ros2_stm32_ws/install/serial/share/ament_index/resource_index/package_run_dependencies/serial
[0.225s] -- Up-to-date: /home/qiu/Desktop/ros2_stm32_ws/install/serial/share/ament_index/resource_index/parent_prefix_path/serial
[0.225s] -- Up-to-date: /home/qiu/Desktop/ros2_stm32_ws/install/serial/share/serial/environment/ament_prefix_path.sh
[0.225s] -- Up-to-date: /home/qiu/Desktop/ros2_stm32_ws/install/serial/share/serial/environment/ament_prefix_path.dsv
[0.225s] -- Up-to-date: /home/qiu/Desktop/ros2_stm32_ws/install/serial/share/serial/environment/path.sh
[0.225s] -- Up-to-date: /home/qiu/Desktop/ros2_stm32_ws/install/serial/share/serial/environment/path.dsv
[0.225s] -- Up-to-date: /home/qiu/Desktop/ros2_stm32_ws/install/serial/share/serial/local_setup.bash
[0.226s] -- Up-to-date: /home/qiu/Desktop/ros2_stm32_ws/install/serial/share/serial/local_setup.sh
[0.226s] -- Up-to-date: /home/qiu/Desktop/ros2_stm32_ws/install/serial/share/serial/local_setup.zsh
[0.226s] -- Up-to-date: /home/qiu/Desktop/ros2_stm32_ws/install/serial/share/serial/local_setup.dsv
[0.226s] -- Up-to-date: /home/qiu/Desktop/ros2_stm32_ws/install/serial/share/serial/package.dsv
[0.226s] -- Up-to-date: /home/qiu/Desktop/ros2_stm32_ws/install/serial/share/ament_index/resource_index/packages/serial
[0.226s] -- Up-to-date: /home/qiu/Desktop/ros2_stm32_ws/install/serial/share/serial/cmake/ament_cmake_export_include_directories-extras.cmake
[0.226s] -- Up-to-date: /home/qiu/Desktop/ros2_stm32_ws/install/serial/share/serial/cmake/ament_cmake_export_libraries-extras.cmake
[0.226s] -- Up-to-date: /home/qiu/Desktop/ros2_stm32_ws/install/serial/share/serial/cmake/ament_cmake_export_dependencies-extras.cmake
[0.226s] -- Up-to-date: /home/qiu/Desktop/ros2_stm32_ws/install/serial/share/serial/cmake/serialConfig.cmake
[0.226s] -- Up-to-date: /home/qiu/Desktop/ros2_stm32_ws/install/serial/share/serial/cmake/serialConfig-version.cmake
[0.226s] -- Up-to-date: /home/qiu/Desktop/ros2_stm32_ws/install/serial/share/serial/package.xml
[0.236s] Invoked command in '/home/qiu/Desktop/ros2_stm32_ws/build/serial' returned '0': /usr/bin/cmake --install /home/qiu/Desktop/ros2_stm32_ws/build/serial
