-- The C compiler identification is GNU 11.4.0
-- The CXX compiler identification is GNU 11.4.0
-- Detecting C compiler ABI info
-- Detecting C compiler ABI info - done
-- Check for working C compiler: /usr/bin/cc - skipped
-- Detecting C compile features
-- Detecting C compile features - done
-- Detecting CXX compiler ABI info
-- Detecting CXX compiler ABI info - done
-- Check for working CXX compiler: /usr/bin/c++ - skipped
-- Detecting CXX compile features
-- Detecting CXX compile features - done
-- Found ament_cmake: 1.3.14 (/opt/ros/humble/share/ament_cmake/cmake)
-- Found Python3: /usr/bin/python3 (found version "3.10.12") found components: Interpreter 
-- Found rclcpp: 16.0.19 (/opt/ros/humble/share/rclcpp/cmake)
-- Found rosidl_generator_c: 3.1.8 (/opt/ros/humble/share/rosidl_generator_c/cmake)
-- Found rosidl_adapter: 3.1.8 (/opt/ros/humble/share/rosidl_adapter/cmake)
-- Found rosidl_generator_cpp: 3.1.8 (/opt/ros/humble/share/rosidl_generator_cpp/cmake)
-- Using all available rosidl_typesupport_c: rosidl_typesupport_fastrtps_c;rosidl_typesupport_introspection_c
-- Using all available rosidl_typesupport_cpp: rosidl_typesupport_fastrtps_cpp;rosidl_typesupport_introspection_cpp
-- Found rmw_implementation_cmake: 6.1.2 (/opt/ros/humble/share/rmw_implementation_cmake/cmake)
-- Found rmw_fastrtps_cpp: 6.2.10 (/opt/ros/humble/share/rmw_fastrtps_cpp/cmake)
-- Found OpenSSL: /usr/lib/x86_64-linux-gnu/libcrypto.so (found version "3.0.2")  
-- Found FastRTPS: /opt/ros/humble/include  
-- Using RMW implementation 'rmw_fastrtps_cpp' as default
-- Looking for pthread.h
-- Looking for pthread.h - found
-- Performing Test CMAKE_HAVE_LIBC_PTHREAD
-- Performing Test CMAKE_HAVE_LIBC_PTHREAD - Success
-- Found Threads: TRUE  
-- Found geometry_msgs: 4.9.1 (/opt/ros/humble/share/geometry_msgs/cmake)
-- Found nav_msgs: 4.9.1 (/opt/ros/humble/share/nav_msgs/cmake)
-- Found tf2: 0.25.20 (/opt/ros/humble/share/tf2/cmake)
-- Found tf2_ros: 0.25.20 (/opt/ros/humble/share/tf2_ros/cmake)
-- Found serial: 1.2.1 (/home/qiu/Desktop/ros2_stm32_ws/install/serial/share/serial/cmake)
-- Configuring done
-- Generating done
-- Build files have been written to: /home/qiu/Desktop/ros2_stm32_ws/build/stm32_nav_comm
[ 50%] [32mBuilding CXX object CMakeFiles/stm32_comm_node.dir/src/stm32_comm_node.cpp.o[0m
[100%] [32m[1mLinking CXX executable stm32_comm_node[0m
[100%] Built target stm32_comm_node
-- Install configuration: ""
-- Installing: /home/qiu/Desktop/ros2_stm32_ws/install/stm32_nav_comm/lib/stm32_nav_comm/stm32_comm_node
-- Set runtime path of "/home/qiu/Desktop/ros2_stm32_ws/install/stm32_nav_comm/lib/stm32_nav_comm/stm32_comm_node" to ""
-- Installing: /home/qiu/Desktop/ros2_stm32_ws/install/stm32_nav_comm/include/
-- Installing: /home/qiu/Desktop/ros2_stm32_ws/install/stm32_nav_comm/include//stm32_nav_comm
-- Installing: /home/qiu/Desktop/ros2_stm32_ws/install/stm32_nav_comm/include//stm32_nav_comm/stm32_comm_node.h
-- Installing: /home/qiu/Desktop/ros2_stm32_ws/install/stm32_nav_comm/share/stm32_nav_comm/launch
-- Installing: /home/qiu/Desktop/ros2_stm32_ws/install/stm32_nav_comm/share/stm32_nav_comm/launch/stm32_comm.launch.py
-- Installing: /home/qiu/Desktop/ros2_stm32_ws/install/stm32_nav_comm/share/ament_index/resource_index/package_run_dependencies/stm32_nav_comm
-- Installing: /home/qiu/Desktop/ros2_stm32_ws/install/stm32_nav_comm/share/ament_index/resource_index/parent_prefix_path/stm32_nav_comm
-- Installing: /home/qiu/Desktop/ros2_stm32_ws/install/stm32_nav_comm/share/stm32_nav_comm/environment/ament_prefix_path.sh
-- Installing: /home/qiu/Desktop/ros2_stm32_ws/install/stm32_nav_comm/share/stm32_nav_comm/environment/ament_prefix_path.dsv
-- Installing: /home/qiu/Desktop/ros2_stm32_ws/install/stm32_nav_comm/share/stm32_nav_comm/environment/path.sh
-- Installing: /home/qiu/Desktop/ros2_stm32_ws/install/stm32_nav_comm/share/stm32_nav_comm/environment/path.dsv
-- Installing: /home/qiu/Desktop/ros2_stm32_ws/install/stm32_nav_comm/share/stm32_nav_comm/local_setup.bash
-- Installing: /home/qiu/Desktop/ros2_stm32_ws/install/stm32_nav_comm/share/stm32_nav_comm/local_setup.sh
-- Installing: /home/qiu/Desktop/ros2_stm32_ws/install/stm32_nav_comm/share/stm32_nav_comm/local_setup.zsh
-- Installing: /home/qiu/Desktop/ros2_stm32_ws/install/stm32_nav_comm/share/stm32_nav_comm/local_setup.dsv
-- Installing: /home/qiu/Desktop/ros2_stm32_ws/install/stm32_nav_comm/share/stm32_nav_comm/package.dsv
-- Installing: /home/qiu/Desktop/ros2_stm32_ws/install/stm32_nav_comm/share/ament_index/resource_index/packages/stm32_nav_comm
-- Installing: /home/qiu/Desktop/ros2_stm32_ws/install/stm32_nav_comm/share/stm32_nav_comm/cmake/stm32_nav_commConfig.cmake
-- Installing: /home/qiu/Desktop/ros2_stm32_ws/install/stm32_nav_comm/share/stm32_nav_comm/cmake/stm32_nav_commConfig-version.cmake
-- Installing: /home/qiu/Desktop/ros2_stm32_ws/install/stm32_nav_comm/share/stm32_nav_comm/package.xml
