[0.020s] Invoking command in '/home/qiu/Desktop/ros2_stm32_ws/build/stm32_nav_comm': AMENT_PREFIX_PATH=/home/qiu/Desktop/ros2_stm32_ws/install/serial:${AMENT_PREFIX_PATH} CMAKE_PREFIX_PATH=/home/qiu/Desktop/ros2_stm32_ws/install/serial:/opt/ros/humble LD_LIBRARY_PATH=/home/qiu/Desktop/ros2_stm32_ws/install/serial/lib:${LD_LIBRARY_PATH} /usr/bin/cmake /home/qiu/Desktop/ros2_stm32_ws/src/stm32_nav_comm -DCMAKE_INSTALL_PREFIX=/home/qiu/Desktop/ros2_stm32_ws/install/stm32_nav_comm
[0.127s] -- The C compiler identification is GNU 11.4.0
[0.251s] -- The CXX compiler identification is GNU 11.4.0
[0.271s] -- Detecting C compiler ABI info
[0.392s] -- Detecting C compiler ABI info - done
[0.398s] -- Check for working C compiler: /usr/bin/cc - skipped
[0.398s] -- Detecting C compile features
[0.399s] -- Detecting C compile features - done
[0.402s] -- Detecting CXX compiler ABI info
[0.502s] -- Detecting CXX compiler ABI info - done
[0.509s] -- Check for working CXX compiler: /usr/bin/c++ - skipped
[0.510s] -- Detecting CXX compile features
[0.511s] -- Detecting CXX compile features - done
[0.513s] -- Found ament_cmake: 1.3.14 (/opt/ros/humble/share/ament_cmake/cmake)
[0.642s] -- Found Python3: /usr/bin/python3 (found version "3.10.12") found components: Interpreter 
[0.729s] -- Found rclcpp: 16.0.19 (/opt/ros/humble/share/rclcpp/cmake)
[0.758s] -- Found rosidl_generator_c: 3.1.8 (/opt/ros/humble/share/rosidl_generator_c/cmake)
[0.762s] -- Found rosidl_adapter: 3.1.8 (/opt/ros/humble/share/rosidl_adapter/cmake)
[0.770s] -- Found rosidl_generator_cpp: 3.1.8 (/opt/ros/humble/share/rosidl_generator_cpp/cmake)
[0.777s] -- Using all available rosidl_typesupport_c: rosidl_typesupport_fastrtps_c;rosidl_typesupport_introspection_c
[0.788s] -- Using all available rosidl_typesupport_cpp: rosidl_typesupport_fastrtps_cpp;rosidl_typesupport_introspection_cpp
[0.817s] -- Found rmw_implementation_cmake: 6.1.2 (/opt/ros/humble/share/rmw_implementation_cmake/cmake)
[0.819s] -- Found rmw_fastrtps_cpp: 6.2.10 (/opt/ros/humble/share/rmw_fastrtps_cpp/cmake)
[0.897s] -- Found OpenSSL: /usr/lib/x86_64-linux-gnu/libcrypto.so (found version "3.0.2")  
[0.918s] -- Found FastRTPS: /opt/ros/humble/include  
[0.952s] -- Using RMW implementation 'rmw_fastrtps_cpp' as default
[0.958s] -- Looking for pthread.h
[1.018s] -- Looking for pthread.h - found
[1.019s] -- Performing Test CMAKE_HAVE_LIBC_PTHREAD
[1.078s] -- Performing Test CMAKE_HAVE_LIBC_PTHREAD - Success
[1.079s] -- Found Threads: TRUE  
[1.111s] -- Found geometry_msgs: 4.9.1 (/opt/ros/humble/share/geometry_msgs/cmake)
[1.120s] -- Found nav_msgs: 4.9.1 (/opt/ros/humble/share/nav_msgs/cmake)
[1.134s] -- Found tf2: 0.25.20 (/opt/ros/humble/share/tf2/cmake)
[1.144s] -- Found tf2_ros: 0.25.20 (/opt/ros/humble/share/tf2_ros/cmake)
[1.217s] -- Found serial: 1.2.1 (/home/qiu/Desktop/ros2_stm32_ws/install/serial/share/serial/cmake)
[1.287s] -- Configuring done
[1.299s] -- Generating done
[1.303s] -- Build files have been written to: /home/qiu/Desktop/ros2_stm32_ws/build/stm32_nav_comm
[1.317s] Invoked command in '/home/qiu/Desktop/ros2_stm32_ws/build/stm32_nav_comm' returned '0': AMENT_PREFIX_PATH=/home/qiu/Desktop/ros2_stm32_ws/install/serial:${AMENT_PREFIX_PATH} CMAKE_PREFIX_PATH=/home/qiu/Desktop/ros2_stm32_ws/install/serial:/opt/ros/humble LD_LIBRARY_PATH=/home/qiu/Desktop/ros2_stm32_ws/install/serial/lib:${LD_LIBRARY_PATH} /usr/bin/cmake /home/qiu/Desktop/ros2_stm32_ws/src/stm32_nav_comm -DCMAKE_INSTALL_PREFIX=/home/qiu/Desktop/ros2_stm32_ws/install/stm32_nav_comm
[1.319s] Invoking command in '/home/qiu/Desktop/ros2_stm32_ws/build/stm32_nav_comm': AMENT_PREFIX_PATH=/home/qiu/Desktop/ros2_stm32_ws/install/serial:${AMENT_PREFIX_PATH} CMAKE_PREFIX_PATH=/home/qiu/Desktop/ros2_stm32_ws/install/serial:/opt/ros/humble LD_LIBRARY_PATH=/home/qiu/Desktop/ros2_stm32_ws/install/serial/lib:${LD_LIBRARY_PATH} /usr/bin/cmake --build /home/qiu/Desktop/ros2_stm32_ws/build/stm32_nav_comm -- -j16 -l16
[1.367s] [ 50%] [32mBuilding CXX object CMakeFiles/stm32_comm_node.dir/src/stm32_comm_node.cpp.o[0m
[8.682s] [100%] [32m[1mLinking CXX executable stm32_comm_node[0m
[9.017s] [100%] Built target stm32_comm_node
[9.028s] Invoked command in '/home/qiu/Desktop/ros2_stm32_ws/build/stm32_nav_comm' returned '0': AMENT_PREFIX_PATH=/home/qiu/Desktop/ros2_stm32_ws/install/serial:${AMENT_PREFIX_PATH} CMAKE_PREFIX_PATH=/home/qiu/Desktop/ros2_stm32_ws/install/serial:/opt/ros/humble LD_LIBRARY_PATH=/home/qiu/Desktop/ros2_stm32_ws/install/serial/lib:${LD_LIBRARY_PATH} /usr/bin/cmake --build /home/qiu/Desktop/ros2_stm32_ws/build/stm32_nav_comm -- -j16 -l16
[9.029s] Invoking command in '/home/qiu/Desktop/ros2_stm32_ws/build/stm32_nav_comm': AMENT_PREFIX_PATH=/home/qiu/Desktop/ros2_stm32_ws/install/serial:${AMENT_PREFIX_PATH} CMAKE_PREFIX_PATH=/home/qiu/Desktop/ros2_stm32_ws/install/serial:/opt/ros/humble LD_LIBRARY_PATH=/home/qiu/Desktop/ros2_stm32_ws/install/serial/lib:${LD_LIBRARY_PATH} /usr/bin/cmake --install /home/qiu/Desktop/ros2_stm32_ws/build/stm32_nav_comm
[9.035s] -- Install configuration: ""
[9.035s] -- Installing: /home/qiu/Desktop/ros2_stm32_ws/install/stm32_nav_comm/lib/stm32_nav_comm/stm32_comm_node
[9.038s] -- Set runtime path of "/home/qiu/Desktop/ros2_stm32_ws/install/stm32_nav_comm/lib/stm32_nav_comm/stm32_comm_node" to ""
[9.038s] -- Installing: /home/qiu/Desktop/ros2_stm32_ws/install/stm32_nav_comm/include/
[9.038s] -- Installing: /home/qiu/Desktop/ros2_stm32_ws/install/stm32_nav_comm/include//stm32_nav_comm
[9.038s] -- Installing: /home/qiu/Desktop/ros2_stm32_ws/install/stm32_nav_comm/include//stm32_nav_comm/stm32_comm_node.h
[9.038s] -- Installing: /home/qiu/Desktop/ros2_stm32_ws/install/stm32_nav_comm/share/stm32_nav_comm/launch
[9.038s] -- Installing: /home/qiu/Desktop/ros2_stm32_ws/install/stm32_nav_comm/share/stm32_nav_comm/launch/stm32_comm.launch.py
[9.038s] -- Installing: /home/qiu/Desktop/ros2_stm32_ws/install/stm32_nav_comm/share/ament_index/resource_index/package_run_dependencies/stm32_nav_comm
[9.038s] -- Installing: /home/qiu/Desktop/ros2_stm32_ws/install/stm32_nav_comm/share/ament_index/resource_index/parent_prefix_path/stm32_nav_comm
[9.038s] -- Installing: /home/qiu/Desktop/ros2_stm32_ws/install/stm32_nav_comm/share/stm32_nav_comm/environment/ament_prefix_path.sh
[9.038s] -- Installing: /home/qiu/Desktop/ros2_stm32_ws/install/stm32_nav_comm/share/stm32_nav_comm/environment/ament_prefix_path.dsv
[9.039s] -- Installing: /home/qiu/Desktop/ros2_stm32_ws/install/stm32_nav_comm/share/stm32_nav_comm/environment/path.sh
[9.039s] -- Installing: /home/qiu/Desktop/ros2_stm32_ws/install/stm32_nav_comm/share/stm32_nav_comm/environment/path.dsv
[9.039s] -- Installing: /home/qiu/Desktop/ros2_stm32_ws/install/stm32_nav_comm/share/stm32_nav_comm/local_setup.bash
[9.039s] -- Installing: /home/qiu/Desktop/ros2_stm32_ws/install/stm32_nav_comm/share/stm32_nav_comm/local_setup.sh
[9.039s] -- Installing: /home/qiu/Desktop/ros2_stm32_ws/install/stm32_nav_comm/share/stm32_nav_comm/local_setup.zsh
[9.039s] -- Installing: /home/qiu/Desktop/ros2_stm32_ws/install/stm32_nav_comm/share/stm32_nav_comm/local_setup.dsv
[9.039s] -- Installing: /home/qiu/Desktop/ros2_stm32_ws/install/stm32_nav_comm/share/stm32_nav_comm/package.dsv
[9.039s] -- Installing: /home/qiu/Desktop/ros2_stm32_ws/install/stm32_nav_comm/share/ament_index/resource_index/packages/stm32_nav_comm
[9.039s] -- Installing: /home/qiu/Desktop/ros2_stm32_ws/install/stm32_nav_comm/share/stm32_nav_comm/cmake/stm32_nav_commConfig.cmake
[9.039s] -- Installing: /home/qiu/Desktop/ros2_stm32_ws/install/stm32_nav_comm/share/stm32_nav_comm/cmake/stm32_nav_commConfig-version.cmake
[9.039s] -- Installing: /home/qiu/Desktop/ros2_stm32_ws/install/stm32_nav_comm/share/stm32_nav_comm/package.xml
[9.042s] Invoked command in '/home/qiu/Desktop/ros2_stm32_ws/build/stm32_nav_comm' returned '0': AMENT_PREFIX_PATH=/home/qiu/Desktop/ros2_stm32_ws/install/serial:${AMENT_PREFIX_PATH} CMAKE_PREFIX_PATH=/home/qiu/Desktop/ros2_stm32_ws/install/serial:/opt/ros/humble LD_LIBRARY_PATH=/home/qiu/Desktop/ros2_stm32_ws/install/serial/lib:${LD_LIBRARY_PATH} /usr/bin/cmake --install /home/qiu/Desktop/ros2_stm32_ws/build/stm32_nav_comm
