running develop
Removing /home/qiu/Desktop/ros2_stm32_ws/install/asr_bridge/lib/python3.10/site-packages/asr-bridge.egg-link (link to .)
running egg_info
writing ../../build/asr_bridge/asr_bridge.egg-info/PKG-INFO
writing dependency_links to ../../build/asr_bridge/asr_bridge.egg-info/dependency_links.txt
writing entry points to ../../build/asr_bridge/asr_bridge.egg-info/entry_points.txt
writing requirements to ../../build/asr_bridge/asr_bridge.egg-info/requires.txt
writing top-level names to ../../build/asr_bridge/asr_bridge.egg-info/top_level.txt
reading manifest file '../../build/asr_bridge/asr_bridge.egg-info/SOURCES.txt'
writing manifest file '../../build/asr_bridge/asr_bridge.egg-info/SOURCES.txt'
running build
running build_py
creating /home/qiu/Desktop/ros2_stm32_ws/build/asr_bridge/build
creating /home/qiu/Desktop/ros2_stm32_ws/build/asr_bridge/build/lib
creating /home/qiu/Desktop/ros2_stm32_ws/build/asr_bridge/build/lib/asr_bridge
copying asr_bridge/asr_bridge_node.py -> /home/qiu/Desktop/ros2_stm32_ws/build/asr_bridge/build/lib/asr_bridge
copying asr_bridge/__init__.py -> /home/qiu/Desktop/ros2_stm32_ws/build/asr_bridge/build/lib/asr_bridge
running install
running install_lib
creating /home/qiu/Desktop/ros2_stm32_ws/install/asr_bridge/lib/python3.10/site-packages/asr_bridge
copying /home/qiu/Desktop/ros2_stm32_ws/build/asr_bridge/build/lib/asr_bridge/asr_bridge_node.py -> /home/qiu/Desktop/ros2_stm32_ws/install/asr_bridge/lib/python3.10/site-packages/asr_bridge
copying /home/qiu/Desktop/ros2_stm32_ws/build/asr_bridge/build/lib/asr_bridge/__init__.py -> /home/qiu/Desktop/ros2_stm32_ws/install/asr_bridge/lib/python3.10/site-packages/asr_bridge
byte-compiling /home/qiu/Desktop/ros2_stm32_ws/install/asr_bridge/lib/python3.10/site-packages/asr_bridge/asr_bridge_node.py to asr_bridge_node.cpython-310.pyc
byte-compiling /home/qiu/Desktop/ros2_stm32_ws/install/asr_bridge/lib/python3.10/site-packages/asr_bridge/__init__.py to __init__.cpython-310.pyc
running install_data
copying resource/asr_bridge -> /home/qiu/Desktop/ros2_stm32_ws/install/asr_bridge/share/ament_index/resource_index/packages
copying package.xml -> /home/qiu/Desktop/ros2_stm32_ws/install/asr_bridge/share/asr_bridge
copying config/commands.yaml -> /home/qiu/Desktop/ros2_stm32_ws/install/asr_bridge/share/asr_bridge/config
copying launch/asr_bridge.launch.py -> /home/qiu/Desktop/ros2_stm32_ws/install/asr_bridge/share/asr_bridge/launch
running install_egg_info
Copying ../../build/asr_bridge/asr_bridge.egg-info to /home/qiu/Desktop/ros2_stm32_ws/install/asr_bridge/lib/python3.10/site-packages/asr_bridge-0.0.0-py3.10.egg-info
running install_scripts
Installing asr_bridge script to /home/qiu/Desktop/ros2_stm32_ws/install/asr_bridge/lib/asr_bridge
writing list of installed files to '/home/qiu/Desktop/ros2_stm32_ws/build/asr_bridge/install.log'
