[0.816s] Invoking command in '/home/qiu/Desktop/ros2_stm32_ws/build/asr_bridge': PYTHONPATH=/home/qiu/Desktop/ros2_stm32_ws/build/asr_bridge/prefix_override:/usr/lib/python3/dist-packages/colcon_core/task/python/colcon_distutils_commands:/home/qiu/Desktop/ros2_stm32_ws/install/asr_bridge/lib/python3.10/site-packages:${PYTHONPATH} /usr/bin/python3 -W ignore:setup.py install is deprecated -W ignore:easy_install command is deprecated setup.py develop --uninstall --editable --build-directory /home/qiu/Desktop/ros2_stm32_ws/build/asr_bridge/build
[0.949s] running develop
[1.030s] Removing /home/qiu/Desktop/ros2_stm32_ws/install/asr_bridge/lib/python3.10/site-packages/asr-bridge.egg-link (link to .)
[1.050s] Invoked command in '/home/qiu/Desktop/ros2_stm32_ws/build/asr_bridge' returned '0': PYTHONPATH=/home/qiu/Desktop/ros2_stm32_ws/build/asr_bridge/prefix_override:/usr/lib/python3/dist-packages/colcon_core/task/python/colcon_distutils_commands:/home/qiu/Desktop/ros2_stm32_ws/install/asr_bridge/lib/python3.10/site-packages:${PYTHONPATH} /usr/bin/python3 -W ignore:setup.py install is deprecated -W ignore:easy_install command is deprecated setup.py develop --uninstall --editable --build-directory /home/qiu/Desktop/ros2_stm32_ws/build/asr_bridge/build
[1.051s] Invoking command in '/home/qiu/Desktop/ros2_stm32_ws/src/asr_bridge': PYTHONPATH=/home/qiu/Desktop/ros2_stm32_ws/build/asr_bridge/prefix_override:/usr/lib/python3/dist-packages/colcon_core/task/python/colcon_distutils_commands:/home/qiu/Desktop/ros2_stm32_ws/install/asr_bridge/lib/python3.10/site-packages:${PYTHONPATH} /usr/bin/python3 -W ignore:setup.py install is deprecated -W ignore:easy_install command is deprecated setup.py egg_info --egg-base ../../build/asr_bridge build --build-base /home/qiu/Desktop/ros2_stm32_ws/build/asr_bridge/build install --record /home/qiu/Desktop/ros2_stm32_ws/build/asr_bridge/install.log --single-version-externally-managed install_data --force
[1.174s] running egg_info
[1.174s] writing ../../build/asr_bridge/asr_bridge.egg-info/PKG-INFO
[1.174s] writing dependency_links to ../../build/asr_bridge/asr_bridge.egg-info/dependency_links.txt
[1.174s] writing entry points to ../../build/asr_bridge/asr_bridge.egg-info/entry_points.txt
[1.174s] writing requirements to ../../build/asr_bridge/asr_bridge.egg-info/requires.txt
[1.174s] writing top-level names to ../../build/asr_bridge/asr_bridge.egg-info/top_level.txt
[1.175s] reading manifest file '../../build/asr_bridge/asr_bridge.egg-info/SOURCES.txt'
[1.176s] writing manifest file '../../build/asr_bridge/asr_bridge.egg-info/SOURCES.txt'
[1.176s] running build
[1.176s] running build_py
[1.177s] creating /home/qiu/Desktop/ros2_stm32_ws/build/asr_bridge/build
[1.177s] creating /home/qiu/Desktop/ros2_stm32_ws/build/asr_bridge/build/lib
[1.177s] creating /home/qiu/Desktop/ros2_stm32_ws/build/asr_bridge/build/lib/asr_bridge
[1.177s] copying asr_bridge/asr_bridge_node.py -> /home/qiu/Desktop/ros2_stm32_ws/build/asr_bridge/build/lib/asr_bridge
[1.177s] copying asr_bridge/__init__.py -> /home/qiu/Desktop/ros2_stm32_ws/build/asr_bridge/build/lib/asr_bridge
[1.177s] running install
[1.177s] running install_lib
[1.177s] creating /home/qiu/Desktop/ros2_stm32_ws/install/asr_bridge/lib/python3.10/site-packages/asr_bridge
[1.177s] copying /home/qiu/Desktop/ros2_stm32_ws/build/asr_bridge/build/lib/asr_bridge/asr_bridge_node.py -> /home/qiu/Desktop/ros2_stm32_ws/install/asr_bridge/lib/python3.10/site-packages/asr_bridge
[1.177s] copying /home/qiu/Desktop/ros2_stm32_ws/build/asr_bridge/build/lib/asr_bridge/__init__.py -> /home/qiu/Desktop/ros2_stm32_ws/install/asr_bridge/lib/python3.10/site-packages/asr_bridge
[1.178s] byte-compiling /home/qiu/Desktop/ros2_stm32_ws/install/asr_bridge/lib/python3.10/site-packages/asr_bridge/asr_bridge_node.py to asr_bridge_node.cpython-310.pyc
[1.179s] byte-compiling /home/qiu/Desktop/ros2_stm32_ws/install/asr_bridge/lib/python3.10/site-packages/asr_bridge/__init__.py to __init__.cpython-310.pyc
[1.179s] running install_data
[1.179s] copying resource/asr_bridge -> /home/qiu/Desktop/ros2_stm32_ws/install/asr_bridge/share/ament_index/resource_index/packages
[1.180s] copying package.xml -> /home/qiu/Desktop/ros2_stm32_ws/install/asr_bridge/share/asr_bridge
[1.180s] copying config/commands.yaml -> /home/qiu/Desktop/ros2_stm32_ws/install/asr_bridge/share/asr_bridge/config
[1.181s] copying launch/asr_bridge.launch.py -> /home/qiu/Desktop/ros2_stm32_ws/install/asr_bridge/share/asr_bridge/launch
[1.181s] running install_egg_info
[1.183s] Copying ../../build/asr_bridge/asr_bridge.egg-info to /home/qiu/Desktop/ros2_stm32_ws/install/asr_bridge/lib/python3.10/site-packages/asr_bridge-0.0.0-py3.10.egg-info
[1.184s] running install_scripts
[1.195s] Installing asr_bridge script to /home/qiu/Desktop/ros2_stm32_ws/install/asr_bridge/lib/asr_bridge
[1.195s] writing list of installed files to '/home/qiu/Desktop/ros2_stm32_ws/build/asr_bridge/install.log'
[1.212s] Invoked command in '/home/qiu/Desktop/ros2_stm32_ws/src/asr_bridge' returned '0': PYTHONPATH=/home/qiu/Desktop/ros2_stm32_ws/build/asr_bridge/prefix_override:/usr/lib/python3/dist-packages/colcon_core/task/python/colcon_distutils_commands:/home/qiu/Desktop/ros2_stm32_ws/install/asr_bridge/lib/python3.10/site-packages:${PYTHONPATH} /usr/bin/python3 -W ignore:setup.py install is deprecated -W ignore:easy_install command is deprecated setup.py egg_info --egg-base ../../build/asr_bridge build --build-base /home/qiu/Desktop/ros2_stm32_ws/build/asr_bridge/build install --record /home/qiu/Desktop/ros2_stm32_ws/build/asr_bridge/install.log --single-version-externally-managed install_data --force
